[precondition:cluster_secrets_ready:preconditionUnits[0] 'cluster_secrets_ready':probe] $ /bin/sh -c 'set -e; kubectl -n ${BENCH_NS_SOURCE} get secret rabbitmq-blue-erlang-cookie >/dev/null; kubectl -n ${BENCH_NS_TARGET} get secret rabbitmq-green-erlang-cookie >/dev/null; kubectl -n ${BENCH_NS_SOURCE} get secret rabbitmq-blue-admin >/dev/null; kubectl -n ${BENCH_NS_TARGET} get secret rabbitmq-green-admin >/dev/null'
Error from server (NotFound): secrets "rabbitmq-blue-erlang-cookie" not found

[precondition:cluster_secrets_ready:preconditionUnits[0] 'cluster_secrets_ready':apply] $ /bin/sh -c 'kubectl -n ${BENCH_NS_SOURCE} create secret generic rabbitmq-blue-erlang-cookie --from-literal=cookie=supersecretcookie --dry-run=client -o yaml | kubectl apply -f -'
secret/rabbitmq-blue-erlang-cookie created

[precondition:cluster_secrets_ready:preconditionUnits[0] 'cluster_secrets_ready':apply] $ /bin/sh -c 'kubectl -n ${BENCH_NS_TARGET} create secret generic rabbitmq-green-erlang-cookie --from-literal=cookie=supersecretcookie --dry-run=client -o yaml | kubectl apply -f -'
secret/rabbitmq-green-erlang-cookie created

[precondition:cluster_secrets_ready:preconditionUnits[0] 'cluster_secrets_ready':apply] $ /bin/sh -c 'kubectl -n ${BENCH_NS_SOURCE} create secret generic rabbitmq-blue-admin --from-literal=username=admin --from-literal=password=adminpass --dry-run=client -o yaml | kubectl apply -f -'
secret/rabbitmq-blue-admin created

[precondition:cluster_secrets_ready:preconditionUnits[0] 'cluster_secrets_ready':apply] $ /bin/sh -c 'kubectl -n ${BENCH_NS_TARGET} create secret generic rabbitmq-green-admin --from-literal=username=admin --from-literal=password=adminpass --dry-run=client -o yaml | kubectl apply -f -'
secret/rabbitmq-green-admin created

[precondition:cluster_secrets_ready:preconditionUnits[0] 'cluster_secrets_ready':apply] $ /bin/sh -c 'kubectl -n ${BENCH_NS_SOURCE} create secret generic rabbitmq-blue-app --from-literal=username=app --from-literal=password=apppass --dry-run=client -o yaml | kubectl apply -f -'
secret/rabbitmq-blue-app created

[precondition:cluster_secrets_ready:preconditionUnits[0] 'cluster_secrets_ready':apply] $ /bin/sh -c 'kubectl -n ${BENCH_NS_TARGET} create secret generic rabbitmq-green-app --from-literal=username=app --from-literal=password=apppass --dry-run=client -o yaml | kubectl apply -f -'
secret/rabbitmq-green-app created

[precondition:cluster_secrets_ready:preconditionUnits[0] 'cluster_secrets_ready':verify] $ /bin/sh -c 'set -e; kubectl -n ${BENCH_NS_SOURCE} get secret rabbitmq-blue-erlang-cookie >/dev/null; kubectl -n ${BENCH_NS_TARGET} get secret rabbitmq-green-erlang-cookie >/dev/null'

[precondition:rbac_source_ready:preconditionUnits[1] 'rbac_source_ready':probe] $ /bin/sh -c 'kubectl -n ${BENCH_NS_SOURCE} get sa rabbitmq >/dev/null'
Error from server (NotFound): serviceaccounts "rabbitmq" not found

[precondition:rbac_source_ready:preconditionUnits[1] 'rbac_source_ready':apply] $ envsubst '$BENCH_NAMESPACE $BENCH_NS_SOURCE $BENCH_NS_TARGET $BENCH_PARAM_CLUSTER_PREFIX $BENCH_PARAM_BLUE_CLUSTER_PREFIX $BENCH_PARAM_GREEN_CLUSTER_PREFIX $BENCH_PARAM_FROM_VERSION' < cases/rabbitmq/blue_green_migration/resource/rbac-source.yaml | kubectl -n ${BENCH_NS_SOURCE} apply -f -
serviceaccount/rabbitmq created
role.rbac.authorization.k8s.io/rabbitmq-peer-discovery created
rolebinding.rbac.authorization.k8s.io/rabbitmq-peer-discovery created

[precondition:rbac_source_ready:preconditionUnits[1] 'rbac_source_ready':verify] $ kubectl -n ${BENCH_NS_SOURCE} get sa rabbitmq
NAME       SECRETS   AGE
rabbitmq   0         2s

[precondition:rbac_target_ready:preconditionUnits[2] 'rbac_target_ready':probe] $ /bin/sh -c 'kubectl -n ${BENCH_NS_TARGET} get sa rabbitmq >/dev/null'
Error from server (NotFound): serviceaccounts "rabbitmq" not found

[precondition:rbac_target_ready:preconditionUnits[2] 'rbac_target_ready':apply] $ envsubst '$BENCH_NAMESPACE $BENCH_NS_SOURCE $BENCH_NS_TARGET $BENCH_PARAM_CLUSTER_PREFIX $BENCH_PARAM_BLUE_CLUSTER_PREFIX $BENCH_PARAM_GREEN_CLUSTER_PREFIX $BENCH_PARAM_FROM_VERSION' < cases/rabbitmq/blue_green_migration/resource/rbac-target.yaml | kubectl -n ${BENCH_NS_TARGET} apply -f -
serviceaccount/rabbitmq created
role.rbac.authorization.k8s.io/rabbitmq-peer-discovery created
rolebinding.rbac.authorization.k8s.io/rabbitmq-peer-discovery created

[precondition:rbac_target_ready:preconditionUnits[2] 'rbac_target_ready':verify] $ kubectl -n ${BENCH_NS_TARGET} get sa rabbitmq
NAME       SECRETS   AGE
rabbitmq   0         2s

[precondition:configmaps_ready:preconditionUnits[3] 'configmaps_ready':probe] $ /bin/sh -c 'set -e; kubectl -n ${BENCH_NS_SOURCE} get configmap rabbitmq-blue-config >/dev/null; kubectl -n ${BENCH_NS_TARGET} get configmap rabbitmq-green-config >/dev/null'
Error from server (NotFound): configmaps "rabbitmq-blue-config" not found

[precondition:configmaps_ready:preconditionUnits[3] 'configmaps_ready':apply] $ envsubst '$BENCH_NAMESPACE $BENCH_NS_SOURCE $BENCH_NS_TARGET $BENCH_PARAM_CLUSTER_PREFIX $BENCH_PARAM_BLUE_CLUSTER_PREFIX $BENCH_PARAM_GREEN_CLUSTER_PREFIX $BENCH_PARAM_FROM_VERSION' < cases/rabbitmq/blue_green_migration/resource/configmap-source.yaml | kubectl -n ${BENCH_NS_SOURCE} apply -f -
configmap/rabbitmq-blue-config created

[precondition:configmaps_ready:preconditionUnits[3] 'configmaps_ready':apply] $ envsubst '$BENCH_NAMESPACE $BENCH_NS_SOURCE $BENCH_NS_TARGET $BENCH_PARAM_CLUSTER_PREFIX $BENCH_PARAM_BLUE_CLUSTER_PREFIX $BENCH_PARAM_GREEN_CLUSTER_PREFIX $BENCH_PARAM_FROM_VERSION' < cases/rabbitmq/blue_green_migration/resource/configmap-target.yaml | kubectl -n ${BENCH_NS_TARGET} apply -f -
configmap/rabbitmq-green-config created

[precondition:configmaps_ready:preconditionUnits[3] 'configmaps_ready':verify] $ /bin/sh -c 'set -e; kubectl -n ${BENCH_NS_SOURCE} get configmap rabbitmq-blue-config >/dev/null; kubectl -n ${BENCH_NS_TARGET} get configmap rabbitmq-green-config >/dev/null'

[precondition:services_ready:preconditionUnits[4] 'services_ready':probe] $ /bin/sh -c 'set -e; kubectl -n ${BENCH_NS_SOURCE} get svc rabbitmq-blue >/dev/null; kubectl -n ${BENCH_NS_TARGET} get svc rabbitmq-green >/dev/null'
Error from server (NotFound): services "rabbitmq-blue" not found

[precondition:services_ready:preconditionUnits[4] 'services_ready':apply] $ envsubst '$BENCH_NAMESPACE $BENCH_NS_SOURCE $BENCH_NS_TARGET $BENCH_PARAM_CLUSTER_PREFIX $BENCH_PARAM_BLUE_CLUSTER_PREFIX $BENCH_PARAM_GREEN_CLUSTER_PREFIX $BENCH_PARAM_FROM_VERSION' < cases/rabbitmq/blue_green_migration/resource/services-source.yaml | kubectl -n ${BENCH_NS_SOURCE} apply -f -
service/rabbitmq-blue-headless created
service/rabbitmq-blue created

[precondition:services_ready:preconditionUnits[4] 'services_ready':apply] $ envsubst '$BENCH_NAMESPACE $BENCH_NS_SOURCE $BENCH_NS_TARGET $BENCH_PARAM_CLUSTER_PREFIX $BENCH_PARAM_BLUE_CLUSTER_PREFIX $BENCH_PARAM_GREEN_CLUSTER_PREFIX $BENCH_PARAM_FROM_VERSION' < cases/rabbitmq/blue_green_migration/resource/services-target.yaml | kubectl -n ${BENCH_NS_TARGET} apply -f -
service/rabbitmq-green-headless created
service/rabbitmq-green created

[precondition:services_ready:preconditionUnits[4] 'services_ready':verify] $ /bin/sh -c 'set -e; kubectl -n ${BENCH_NS_SOURCE} get svc rabbitmq-blue >/dev/null; kubectl -n ${BENCH_NS_TARGET} get svc rabbitmq-green >/dev/null'

[precondition:rabbitmq_blue_ready:preconditionUnits[5] 'rabbitmq_blue_ready':probe] $ /bin/sh -c 'set -e; [ "$(kubectl -n ${BENCH_NS_SOURCE} get sts rabbitmq-blue -o jsonpath="{.status.readyReplicas}")" = "3" ]'
Error from server (NotFound): statefulsets.apps "rabbitmq-blue" not found

[precondition:rabbitmq_blue_ready:preconditionUnits[5] 'rabbitmq_blue_ready':apply] $ kubectl -n ${BENCH_NS_SOURCE} delete statefulset rabbitmq-blue --cascade=orphan --ignore-not-found=true

[precondition:rabbitmq_blue_ready:preconditionUnits[5] 'rabbitmq_blue_ready':apply] $ envsubst '$BENCH_NAMESPACE $BENCH_NS_SOURCE $BENCH_NS_TARGET $BENCH_PARAM_CLUSTER_PREFIX $BENCH_PARAM_BLUE_CLUSTER_PREFIX $BENCH_PARAM_GREEN_CLUSTER_PREFIX $BENCH_PARAM_FROM_VERSION' < cases/rabbitmq/blue_green_migration/resource/statefulset-source.yaml | kubectl -n ${BENCH_NS_SOURCE} apply -f -
statefulset.apps/rabbitmq-blue created

[precondition:rabbitmq_blue_ready:preconditionUnits[5] 'rabbitmq_blue_ready':apply] $ kubectl -n ${BENCH_NS_SOURCE} rollout status statefulset/rabbitmq-blue --timeout=600s
Waiting for 3 pods to be ready...
Waiting for 3 pods to be ready...
Waiting for 2 pods to be ready...
Waiting for 2 pods to be ready...
Waiting for 1 pods to be ready...
Waiting for 1 pods to be ready...
partitioned roll out complete: 3 new pods have been updated...

[precondition:rabbitmq_blue_ready:preconditionUnits[5] 'rabbitmq_blue_ready':verify] $ /bin/sh -c 'set -e; [ "$(kubectl -n ${BENCH_NS_SOURCE} get sts rabbitmq-blue -o jsonpath="{.status.readyReplicas}")" = "3" ]'

[precondition:rabbitmq_green_ready:preconditionUnits[6] 'rabbitmq_green_ready':probe] $ /bin/sh -c 'set -e; [ "$(kubectl -n ${BENCH_NS_TARGET} get sts rabbitmq-green -o jsonpath="{.status.readyReplicas}")" = "3" ]'
Error from server (NotFound): statefulsets.apps "rabbitmq-green" not found

[precondition:rabbitmq_green_ready:preconditionUnits[6] 'rabbitmq_green_ready':apply] $ kubectl -n ${BENCH_NS_TARGET} delete statefulset rabbitmq-green --cascade=orphan --ignore-not-found=true

[precondition:rabbitmq_green_ready:preconditionUnits[6] 'rabbitmq_green_ready':apply] $ envsubst '$BENCH_NAMESPACE $BENCH_NS_SOURCE $BENCH_NS_TARGET $BENCH_PARAM_CLUSTER_PREFIX $BENCH_PARAM_BLUE_CLUSTER_PREFIX $BENCH_PARAM_GREEN_CLUSTER_PREFIX $BENCH_PARAM_FROM_VERSION' < cases/rabbitmq/blue_green_migration/resource/statefulset-target.yaml | kubectl -n ${BENCH_NS_TARGET} apply -f -
statefulset.apps/rabbitmq-green created

[precondition:rabbitmq_green_ready:preconditionUnits[6] 'rabbitmq_green_ready':apply] $ kubectl -n ${BENCH_NS_TARGET} rollout status statefulset/rabbitmq-green --timeout=600s
Waiting for 3 pods to be ready...
Waiting for 2 pods to be ready...
Waiting for 2 pods to be ready...
Waiting for 1 pods to be ready...
Waiting for 1 pods to be ready...
partitioned roll out complete: 3 new pods have been updated...

[precondition:rabbitmq_green_ready:preconditionUnits[6] 'rabbitmq_green_ready':verify] $ /bin/sh -c 'set -e; [ "$(kubectl -n ${BENCH_NS_TARGET} get sts rabbitmq-green -o jsonpath="{.status.readyReplicas}")" = "3" ]'

[precondition:cluster_setup_jobs_completed:preconditionUnits[7] 'cluster_setup_jobs_completed':probe] $ python3 cases/rabbitmq/blue_green_migration/setup_precondition_check.py --source-namespace ${BENCH_NS_SOURCE} --target-namespace ${BENCH_NS_TARGET} --bootstrap-only
setup-precondition-check: failed
 - source: app-queue missing from /app
 - target: app-queue missing from /app

[precondition:cluster_setup_jobs_completed:preconditionUnits[7] 'cluster_setup_jobs_completed':apply] $ kubectl -n ${BENCH_NS_SOURCE} delete job rabbitmq-blue-setup --ignore-not-found=true

[precondition:cluster_setup_jobs_completed:preconditionUnits[7] 'cluster_setup_jobs_completed':apply] $ kubectl -n ${BENCH_NS_TARGET} delete job rabbitmq-green-setup --ignore-not-found=true

[precondition:cluster_setup_jobs_completed:preconditionUnits[7] 'cluster_setup_jobs_completed':apply] $ envsubst '$BENCH_NAMESPACE $BENCH_NS_SOURCE $BENCH_NS_TARGET $BENCH_PARAM_CLUSTER_PREFIX $BENCH_PARAM_BLUE_CLUSTER_PREFIX $BENCH_PARAM_GREEN_CLUSTER_PREFIX $BENCH_PARAM_FROM_VERSION' < cases/rabbitmq/blue_green_migration/resource/setup-job-source.yaml | kubectl -n ${BENCH_NS_SOURCE} apply -f -
job.batch/rabbitmq-blue-setup created

[precondition:cluster_setup_jobs_completed:preconditionUnits[7] 'cluster_setup_jobs_completed':apply] $ envsubst '$BENCH_NAMESPACE $BENCH_NS_SOURCE $BENCH_NS_TARGET $BENCH_PARAM_CLUSTER_PREFIX $BENCH_PARAM_BLUE_CLUSTER_PREFIX $BENCH_PARAM_GREEN_CLUSTER_PREFIX $BENCH_PARAM_FROM_VERSION' < cases/rabbitmq/blue_green_migration/resource/setup-job-target.yaml | kubectl -n ${BENCH_NS_TARGET} apply -f -
job.batch/rabbitmq-green-setup created

[precondition:cluster_setup_jobs_completed:preconditionUnits[7] 'cluster_setup_jobs_completed':apply] $ kubectl -n ${BENCH_NS_SOURCE} wait --for=condition=complete job/${BENCH_PARAM_BLUE_CLUSTER_PREFIX}-setup --timeout=150s
job.batch/rabbitmq-blue-setup condition met

[precondition:cluster_setup_jobs_completed:preconditionUnits[7] 'cluster_setup_jobs_completed':apply] $ kubectl -n ${BENCH_NS_TARGET} wait --for=condition=complete job/${BENCH_PARAM_GREEN_CLUSTER_PREFIX}-setup --timeout=150s
job.batch/rabbitmq-green-setup condition met

[precondition:cluster_setup_jobs_completed:preconditionUnits[7] 'cluster_setup_jobs_completed':verify] $ python3 cases/rabbitmq/blue_green_migration/setup_precondition_check.py --source-namespace ${BENCH_NS_SOURCE} --target-namespace ${BENCH_NS_TARGET} --bootstrap-only
setup-precondition-check: ok

[precondition:seed_data_ready:preconditionUnits[8] 'seed_data_ready':probe] $ python3 cases/rabbitmq/blue_green_migration/setup_precondition_check.py --source-namespace ${BENCH_NS_SOURCE} --target-namespace ${BENCH_NS_TARGET} --seed-only
setup-precondition-check: failed
 - source: migration-seed configmap missing: Command '['kubectl', '-n', 'karma-rabbitmq-blue-green-migration-2-558edeee-source', 'get', 'configmap', 'migration-seed', '-o', 'json']' returned non-zero exit status 1.
 - target: migration-seed configmap missing: Command '['kubectl', '-n', 'karma-rabbitmq-blue-green-migration-2-558edeee-target', 'get', 'configmap', 'migration-seed', '-o', 'json']' returned non-zero exit status 1.
 - source: app-queue has fewer than 1 message(s)

[precondition:seed_data_ready:preconditionUnits[8] 'seed_data_ready':apply] $ kubectl -n ${BENCH_NS_SOURCE} apply -f cases/rabbitmq/blue_green_migration/resource/seed-configmap.yaml
configmap/migration-seed created

[precondition:seed_data_ready:preconditionUnits[8] 'seed_data_ready':apply] $ kubectl -n ${BENCH_NS_TARGET} apply -f cases/rabbitmq/blue_green_migration/resource/seed-configmap.yaml
configmap/migration-seed created

[precondition:seed_data_ready:preconditionUnits[8] 'seed_data_ready':apply] $ kubectl -n ${BENCH_NS_SOURCE} delete job ${BENCH_PARAM_BLUE_CLUSTER_PREFIX}-seed --ignore-not-found

[precondition:seed_data_ready:preconditionUnits[8] 'seed_data_ready':apply] $ envsubst '$BENCH_PARAM_BLUE_CLUSTER_PREFIX' < cases/rabbitmq/blue_green_migration/resource/seed-job.yaml | kubectl -n ${BENCH_NS_SOURCE} apply -f -
job.batch/rabbitmq-blue-seed created

[precondition:seed_data_ready:preconditionUnits[8] 'seed_data_ready':apply] $ kubectl -n ${BENCH_NS_SOURCE} wait --for=condition=complete job/${BENCH_PARAM_BLUE_CLUSTER_PREFIX}-seed --timeout=150s
job.batch/rabbitmq-blue-seed condition met

[precondition:seed_data_ready:preconditionUnits[8] 'seed_data_ready':verify] $ python3 cases/rabbitmq/blue_green_migration/setup_precondition_check.py --source-namespace ${BENCH_NS_SOURCE} --target-namespace ${BENCH_NS_TARGET} --seed-only
setup-precondition-check: ok

[precondition:curl_test_ready:preconditionUnits[9] 'curl_test_ready':probe] $ kubectl -n ${BENCH_NS_TARGET} wait --for=condition=ready pod -l app=curl-test --timeout=3s
error: no matching resources found

[precondition:curl_test_ready:preconditionUnits[9] 'curl_test_ready':apply] $ envsubst '$BENCH_NAMESPACE $BENCH_NS_SOURCE $BENCH_NS_TARGET $BENCH_PARAM_CLUSTER_PREFIX $BENCH_PARAM_BLUE_CLUSTER_PREFIX $BENCH_PARAM_GREEN_CLUSTER_PREFIX $BENCH_PARAM_FROM_VERSION' < cases/rabbitmq/blue_green_migration/resource/curl-test.yaml | kubectl -n ${BENCH_NS_TARGET} apply -f -
pod/curl-test created

[precondition:curl_test_ready:preconditionUnits[9] 'curl_test_ready':apply] $ kubectl -n ${BENCH_NS_TARGET} wait --for=condition=ready pod -l app=curl-test --timeout=300s
pod/curl-test condition met

[precondition:curl_test_ready:preconditionUnits[9] 'curl_test_ready':verify] $ kubectl -n ${BENCH_NS_TARGET} wait --for=condition=ready pod -l app=curl-test --timeout=3s
pod/curl-test condition met

