[precondition:es_env_ready:preconditionUnits[0] 'es_env_ready':probe] $ kubectl -n elasticsearch get pods 2>/dev/null | grep -c Running
0

[precondition:es_env_ready:preconditionUnits[0] 'es_env_ready':apply] $ /bin/sh -c 'kubectl delete namespace elasticsearch --ignore-not-found=true --wait=false; kubectl wait --for=delete namespace/elasticsearch --timeout=400s || true'

[precondition:es_env_ready:preconditionUnits[0] 'es_env_ready':apply] $ kubectl create namespace elasticsearch
namespace/elasticsearch created

[precondition:es_env_ready:preconditionUnits[0] 'es_env_ready':apply] $ /bin/sh -c 'kubectl -n elasticsearch get pod file-realm-gen >/dev/null 2>&1 || kubectl -n elasticsearch apply -f cases/elasticsearch/file-realm-user-roles-merge/resource/file-realm-gen.yaml'
pod/file-realm-gen created

[precondition:es_env_ready:preconditionUnits[0] 'es_env_ready':apply] $ /bin/sh -c 'kubectl -n elasticsearch get pod openssl-toolbox >/dev/null 2>&1 || kubectl -n elasticsearch apply -f cases/elasticsearch/file-realm-user-roles-merge/resource/openssl-toolbox.yaml'
pod/openssl-toolbox created

[precondition:es_env_ready:preconditionUnits[0] 'es_env_ready':apply] $ kubectl -n elasticsearch wait --for=condition=ready pod/file-realm-gen --timeout=300s
pod/file-realm-gen condition met

[precondition:es_env_ready:preconditionUnits[0] 'es_env_ready':apply] $ kubectl -n elasticsearch wait --for=condition=ready pod/openssl-toolbox --timeout=300s
pod/openssl-toolbox condition met

[precondition:es_env_ready:preconditionUnits[0] 'es_env_ready':apply] $ /bin/sh -c '
set -e
TMP_DIR=$(mktemp -d)
kubectl -n elasticsearch exec openssl-toolbox -- /bin/sh -c '\''
set -e
mkdir -p /tmp/certs
cat > /tmp/certs/openssl.cnf <<EOF
distinguished_name=req_distinguished_name
req_extensions=v3_req
prompt=no
[req_distinguished_name]
CN=es-http
[v3_req]
keyUsage=critical,digitalSignature,keyEncipherment
extendedKeyUsage=serverAuth,clientAuth
subjectAltName=@alt_names
[alt_names]
DNS.1=localhost
DNS.2=es-http
DNS.3=es-http.elasticsearch
DNS.4=es-http.elasticsearch.svc
DNS.5=es-http.elasticsearch.svc.cluster.local
DNS.6=es-cluster
DNS.7=es-cluster.elasticsearch
DNS.8=es-cluster.elasticsearch.svc
DNS.9=es-cluster.elasticsearch.svc.cluster.local
DNS.10=es-cluster-0
DNS.11=es-cluster-1
DNS.12=es-cluster-2
DNS.13=es-cluster-0.es-cluster.elasticsearch.svc.cluster.local
DNS.14=es-cluster-1.es-cluster.elasticsearch.svc.cluster.local
DNS.15=es-cluster-2.es-cluster.elasticsearch.svc.cluster.local
EOF
openssl genrsa -out /tmp/certs/ca.key 2048
openssl req -x509 -new -nodes -key /tmp/certs/ca.key -sha256 -days 365 -subj "/CN=es-ca" -out /tmp/certs/ca.crt
openssl genrsa -out /tmp/certs/server.key 2048
openssl req -new -key /tmp/certs/server.key -out /tmp/certs/server.csr -config /tmp/certs/openssl.cnf
openssl x509 -req -in /tmp/certs/server.csr -CA /tmp/certs/ca.crt -CAkey /tmp/certs/ca.key -CAcreateserial -out /tmp/certs/server.crt -days 365 -extensions v3_req -extfile /tmp/certs/openssl.cnf
'\''
kubectl -n elasticsearch cp openssl-toolbox:/tmp/certs "${TMP_DIR}/certs"
kubectl -n elasticsearch create secret generic es-http-tls --from-file=tls.crt="${TMP_DIR}/certs/server.crt" --from-file=tls.key="${TMP_DIR}/certs/server.key" --from-file=ca.crt="${TMP_DIR}/certs/ca.crt" --dry-run=client -o yaml | kubectl apply -f -
'

tar: removing leading '/' from member names
secret/es-http-tls created
Certificate request self-signature ok
subject=CN = es-http

[precondition:es_env_ready:preconditionUnits[0] 'es_env_ready':apply] $ /bin/sh -c '
set -e
TMP_DIR=$(mktemp -d)
kubectl -n elasticsearch exec file-realm-gen -- /bin/sh -c '\''
set -e
mkdir -p /tmp/ops /tmp/report
: > /tmp/ops/users
: > /tmp/ops/users_roles
: > /tmp/report/users
: > /tmp/report/users_roles
ES_PATH_CONF=/tmp/ops /usr/share/elasticsearch/bin/elasticsearch-users useradd ops-user -p opspass -r superuser
ES_PATH_CONF=/tmp/report /usr/share/elasticsearch/bin/elasticsearch-users useradd report-user -p reportpass -r viewer
: > /tmp/ops/roles.yml
: > /tmp/report/roles.yml
'\''
kubectl -n elasticsearch cp file-realm-gen:/tmp/ops "${TMP_DIR}/ops"
kubectl -n elasticsearch cp file-realm-gen:/tmp/report "${TMP_DIR}/report"
kubectl -n elasticsearch create secret generic es-file-realm-aggregate --from-file=users="${TMP_DIR}/ops/users" --from-file=users_roles="${TMP_DIR}/ops/users_roles" --from-file=roles.yml="${TMP_DIR}/ops/roles.yml" --dry-run=client -o yaml | kubectl apply -f -
kubectl -n elasticsearch create secret generic user-provided-file-realm --from-file=users="${TMP_DIR}/report/users" --from-file=users_roles="${TMP_DIR}/report/users_roles" --from-file=roles.yml="${TMP_DIR}/report/roles.yml" --dry-run=client -o yaml | kubectl apply -f -
'

tar: Removing leading `/' from member names
tar: Removing leading `/' from member names
secret/es-file-realm-aggregate created
secret/user-provided-file-realm created

[precondition:es_env_ready:preconditionUnits[0] 'es_env_ready':apply] $ kubectl -n elasticsearch apply -f cases/elasticsearch/file-realm-user-roles-merge/resource/
configmap/es-config created
pod/curl-test created
pod/file-realm-gen unchanged
pod/openssl-toolbox unchanged
service/es-cluster created
service/es-http created
statefulset.apps/es-cluster created

[precondition:es_env_ready:preconditionUnits[0] 'es_env_ready':apply] $ kubectl -n elasticsearch wait --for=condition=ready pod -l app=es-cluster --timeout=600s
pod/es-cluster-0 condition met
pod/es-cluster-1 condition met
pod/es-cluster-2 condition met

[precondition:es_env_ready:preconditionUnits[0] 'es_env_ready':apply] $ kubectl -n elasticsearch wait --for=condition=ready pod/curl-test --timeout=300s
pod/curl-test condition met

[precondition:es_env_ready:preconditionUnits[0] 'es_env_ready':apply] $ /bin/sh -c '
for i in $(seq 1 30); do
  kubectl -n elasticsearch exec curl-test -- curl -s -k -u ops-user:opspass --max-time 5 "https://es-http.elasticsearch.svc:9200/_cluster/health?wait_for_status=yellow&timeout=5s" | grep -q status && exit 0
  sleep 2
done
exit 1
'

command terminated with exit code 28

[precondition:es_env_ready:preconditionUnits[0] 'es_env_ready':apply] $ /bin/sh -c '
kubectl -n elasticsearch exec curl-test -- curl -s -k -u ops-user:opspass -XPUT https://es-http.elasticsearch.svc:9200/app-data -H "Content-Type: application/json" -d "{\"settings\":{\"number_of_shards\":1,\"number_of_replicas\":1}}"
kubectl -n elasticsearch exec curl-test -- curl -s -k -u ops-user:opspass -XPOST https://es-http.elasticsearch.svc:9200/app-data/_doc -H "Content-Type: application/json" -d "{\"msg\":\"seed\"}"
'

{"error":{"root_cause":[{"type":"process_cluster_event_timeout_exception","reason":"failed to process cluster event (create-index [app-data], cause [api]) within 30s"}],"type":"process_cluster_event_timeout_exception","reason":"failed to process cluster event (create-index [app-data], cause [api]) within 30s"},"status":503}{"_index":"app-data","_type":"_doc","_id":"TPDn_p4Bo3tuwcKXZvZv","_version":1,"result":"created","_shards":{"total":2,"successful":1,"failed":0},"_seq_no":0,"_primary_term":1}
[precondition:es_env_ready:preconditionUnits[0] 'es_env_ready':verify] $ kubectl -n elasticsearch get pods 2>/dev/null | grep -c Running
6

[precondition:file_realm_secrets_fixture:preconditionUnits[1] 'file_realm_secrets_fixture':probe] $ kubectl -n elasticsearch get secret es-file-realm-aggregate
NAME                      TYPE     DATA   AGE
es-file-realm-aggregate   Opaque   3      2m38s

