[judge] run spark-long-runtime-ops-marathon-adversary-20260710_000112-1e47
[judge] scoring 12 stage(s); 12 passed the oracle -- grading each against the rubric
[judge]   grading stage_01 against the rubric...
[judge]     - validity: 95%
[judge]     - path_sensibility: 90%
[judge]     - tool_reasonability: 100%
[judge]     - simplicity: 100%
[judge]   rubric stage_01 -> 0.958
[judge]   grading stage_02 against the rubric...
[judge]     - validity: 100%
[judge]     - path_sensibility: 100%
[judge]     - tool_reasonability: 100%
[judge]     - simplicity: 100%
[judge]   rubric stage_02 -> 1.0
[judge]   grading stage_03 against the rubric...
[judge]     - validity: 95%
[judge]     - path_sensibility: 100%
[judge]     - tool_reasonability: 100%
[judge]     - simplicity: 100%
[judge]   rubric stage_03 -> 0.982
[judge]   grading stage_04 against the rubric...
[judge]     - validity: 100%
[judge]     - path_sensibility: 100%
[judge]     - tool_reasonability: 100%
[judge]     - simplicity: 100%
[judge]   rubric stage_04 -> 1.0
[judge]   grading stage_05 against the rubric...
[judge]     - validity: 100%
[judge]     - path_sensibility: 100%
[judge]     - tool_reasonability: 100%
[judge]     - simplicity: 100%
[judge]   rubric stage_05 -> 1.0
[judge]   grading stage_06 against the rubric...
[judge]     - validity: 85%
[judge]     - path_sensibility: 60%
[judge]     - tool_reasonability: 85%
[judge]     - simplicity: 90%
[judge]   rubric stage_06 -> 0.798
[judge]   grading stage_07 against the rubric...
[judge]     - validity: 65%
[judge]     - path_sensibility: 85%
[judge]     - tool_reasonability: 90%
[judge]     - simplicity: 90%
[judge]   rubric stage_07 -> 0.8
[judge]   grading stage_08 against the rubric...
[judge]     - validity: 100%
[judge]     - path_sensibility: 100%
[judge]     - tool_reasonability: 100%
[judge]     - simplicity: 100%
[judge]   rubric stage_08 -> 1.0
[judge]   grading stage_09 against the rubric...
[judge]     - validity: 100%
[judge]     - path_sensibility: 100%
[judge]     - tool_reasonability: 100%
[judge]     - simplicity: 100%
[judge]   rubric stage_09 -> 1.0
[judge]   grading stage_10 against the rubric...
[judge]     - validity: 100%
[judge]     - path_sensibility: 100%
[judge]     - tool_reasonability: 100%
[judge]     - simplicity: 100%
[judge]   rubric stage_10 -> 1.0
[judge]   grading stage_11 against the rubric...
[judge]     - validity: 100%
[judge]     - path_sensibility: 100%
[judge]     - tool_reasonability: 100%
[judge]     - simplicity: 100%
[judge]   rubric stage_11 -> 1.0
[judge]   grading stage_12 against the rubric...
[judge]     - validity: 100%
[judge]     - path_sensibility: 100%
[judge]     - tool_reasonability: 100%
[judge]     - simplicity: 100%
[judge]   rubric stage_12 -> 1.0
[judge] 12/12 stages passed -> base score 96.2 (rubric-scored)
[judge] regression sweep clean -> 96.2
