[precondition:mongo_env_ready:preconditionUnits[0] 'mongo_env_ready':probe] $ kubectl -n mongodb get pod mongo-rs-0 2>/dev/null | grep -c Running
0

[precondition:mongo_env_ready:preconditionUnits[0] 'mongo_env_ready':apply] $ /bin/sh -c 'kubectl delete namespace mongodb --ignore-not-found=true; kubectl wait --for=delete namespace/mongodb --timeout=120s || true'

[precondition:mongo_env_ready:preconditionUnits[0] 'mongo_env_ready':apply] $ kubectl create namespace mongodb
namespace/mongodb created

[precondition:mongo_env_ready:preconditionUnits[0] 'mongo_env_ready':apply] $ kubectl -n mongodb apply -f resources/mongodb/tls-setup/resource/services.yaml
service/mongo created

[precondition:mongo_env_ready:preconditionUnits[0] 'mongo_env_ready':apply] $ kubectl -n mongodb apply -f resources/mongodb/tls-setup/resource/statefulset.yaml
statefulset.apps/mongo-rs created

[precondition:mongo_env_ready:preconditionUnits[0] 'mongo_env_ready':apply] $ /bin/sh -c 'for i in $(seq 1 60); do ready=$(kubectl -n mongodb get sts mongo-rs -o jsonpath='\''{.status.readyReplicas}'\'' 2>/dev/null); if [ "${ready:-0}" -ge 3 ]; then exit 0; fi; sleep 5; done; exit 1'


[precondition:mongo_env_ready:preconditionUnits[0] 'mongo_env_ready':apply] $ /bin/sh -c 'kubectl -n mongodb exec mongo-rs-0 -- mongosh --quiet --eval '\''rs.initiate({_id:"rs0",members:[{_id:0,host:"mongo-rs-0.mongo.mongodb.svc.cluster.local:27017"},{_id:1,host:"mongo-rs-1.mongo.mongodb.svc.cluster.local:27017"},{_id:2,host:"mongo-rs-2.mongo.mongodb.svc.cluster.local:27017"}]})'\'''

{ ok: 1 }

[precondition:mongo_env_ready:preconditionUnits[0] 'mongo_env_ready':apply] $ /bin/sh -c 'for i in $(seq 1 20); do kubectl -n mongodb exec mongo-rs-0 -- mongosh --quiet --eval '\''db.hello().isWritablePrimary'\'' | grep true && exit 0; sleep 3; done; exit 1'

true

[precondition:mongo_env_ready:preconditionUnits[0] 'mongo_env_ready':apply] $ kubectl -n mongodb exec mongo-rs-0 -- mongosh --quiet --eval 'db.getSiblingDB("app").test.insertMany([{x:1},{x:2},{x:3}], {writeConcern:{w:1}});'
{
  acknowledged: true,
  insertedIds: {
    '0': ObjectId('6a2d0aa529d21ad51ed1a7bb'),
    '1': ObjectId('6a2d0aa529d21ad51ed1a7bc'),
    '2': ObjectId('6a2d0aa529d21ad51ed1a7bd')
  }
}

[precondition:mongo_env_ready:preconditionUnits[0] 'mongo_env_ready':apply] $ kubectl -n mongodb apply -f resources/mongodb/tls-setup/resource/openssl-toolbox.yaml
pod/openssl-toolbox created

[precondition:mongo_env_ready:preconditionUnits[0] 'mongo_env_ready':apply] $ kubectl -n mongodb wait --for=condition=ready pod openssl-toolbox --timeout=300s
pod/openssl-toolbox condition met

[precondition:mongo_env_ready:preconditionUnits[0] 'mongo_env_ready':verify] $ kubectl -n mongodb get pods 2>/dev/null | grep -c Running
4

