[precondition:mongo_env_ready:preconditionUnits[0] 'mongo_env_ready':probe] $ kubectl -n mongodb get pod mongo-rs-0 2>/dev/null | grep -c Running
0

[precondition:mongo_env_ready:preconditionUnits[0] 'mongo_env_ready':apply] $ /bin/sh -c 'kubectl delete namespace mongodb --ignore-not-found=true; kubectl wait --for=delete namespace/mongodb --timeout=120s || true; kubectl delete namespace monitoring --ignore-not-found=true; kubectl wait --for=delete namespace/monitoring --timeout=120s || true'

[precondition:mongo_env_ready:preconditionUnits[0] 'mongo_env_ready':apply] $ kubectl create namespace monitoring
namespace/monitoring created

[precondition:mongo_env_ready:preconditionUnits[0] 'mongo_env_ready':apply] $ kubectl create namespace mongodb
namespace/mongodb created

[precondition:mongo_env_ready:preconditionUnits[0] 'mongo_env_ready':apply] $ kubectl -n mongodb apply -f cases/mongodb/monitoring-integration/resource/services.yaml
service/mongo created

[precondition:mongo_env_ready:preconditionUnits[0] 'mongo_env_ready':apply] $ kubectl -n mongodb apply -f cases/mongodb/monitoring-integration/resource/statefulset.yaml
statefulset.apps/mongo-rs created

[precondition:mongo_env_ready:preconditionUnits[0] 'mongo_env_ready':apply] $ /bin/sh -c 'for i in $(seq 1 60); do ready=$(kubectl -n mongodb get sts mongo-rs -o jsonpath='\''{.status.readyReplicas}'\'' 2>/dev/null); if [ "${ready:-0}" -ge 3 ]; then exit 0; fi; sleep 5; done; exit 1'


[precondition:mongo_env_ready:preconditionUnits[0] 'mongo_env_ready':apply] $ /bin/sh -c 'for i in $(seq 1 30); do kubectl -n mongodb exec mongo-rs-0 -- mongosh --quiet --eval '\''db.runCommand({ping:1}).ok'\'' 2>/dev/null | grep -q 1 && exit 0; sleep 3; done; exit 1'


[precondition:mongo_env_ready:preconditionUnits[0] 'mongo_env_ready':apply] $ /bin/sh -c 'kubectl -n mongodb exec mongo-rs-0 -- mongosh --quiet --eval '\''rs.initiate({_id:"rs0",members:[{_id:0,host:"mongo-rs-0.mongo.mongodb.svc.cluster.local:27017"},{_id:1,host:"mongo-rs-1.mongo.mongodb.svc.cluster.local:27017"},{_id:2,host:"mongo-rs-2.mongo.mongodb.svc.cluster.local:27017"}]})'\'''

{ ok: 1 }

[precondition:mongo_env_ready:preconditionUnits[0] 'mongo_env_ready':apply] $ /bin/sh -c 'for i in $(seq 1 20); do kubectl -n mongodb exec mongo-rs-0 -- mongosh --quiet --eval '\''db.hello().isWritablePrimary'\'' | grep true && exit 0; sleep 3; done; exit 1'

true

[precondition:mongo_env_ready:preconditionUnits[0] 'mongo_env_ready':apply] $ kubectl -n monitoring apply -f cases/mongodb/monitoring-integration/resource/prometheus-rbac.yaml
serviceaccount/prometheus created
clusterrole.rbac.authorization.k8s.io/prometheus unchanged
clusterrolebinding.rbac.authorization.k8s.io/prometheus unchanged

[precondition:mongo_env_ready:preconditionUnits[0] 'mongo_env_ready':apply] $ kubectl -n monitoring apply -f cases/mongodb/monitoring-integration/resource/prometheus-config.yaml
configmap/prometheus-config created

[precondition:mongo_env_ready:preconditionUnits[0] 'mongo_env_ready':apply] $ kubectl -n monitoring apply -f cases/mongodb/monitoring-integration/resource/prometheus-deployment.yaml
deployment.apps/prometheus created

[precondition:mongo_env_ready:preconditionUnits[0] 'mongo_env_ready':apply] $ kubectl -n monitoring apply -f cases/mongodb/monitoring-integration/resource/prometheus-service.yaml
service/prometheus created

[precondition:mongo_env_ready:preconditionUnits[0] 'mongo_env_ready':apply] $ kubectl -n monitoring wait --for=condition=ready pod -l app=prometheus --timeout=300s
pod/prometheus-564864467d-ptwr4 condition met

[precondition:mongo_env_ready:preconditionUnits[0] 'mongo_env_ready':apply] $ /bin/sh -c 'kubectl -n mongodb get pod curl-test >/dev/null 2>&1 || kubectl -n mongodb apply -f cases/mongodb/monitoring-integration/resource/curl-test.yaml'
pod/curl-test created

[precondition:mongo_env_ready:preconditionUnits[0] 'mongo_env_ready':apply] $ kubectl -n mongodb wait --for=condition=ready pod curl-test --timeout=300s
pod/curl-test condition met

[precondition:mongo_env_ready:preconditionUnits[0] 'mongo_env_ready':verify] $ kubectl -n mongodb get pods 2>/dev/null | grep -c Running
4

[precondition:prometheus_stack_fixture:preconditionUnits[1] 'prometheus_stack_fixture':probe] $ kubectl -n monitoring get pod -l app=prometheus 2>/dev/null | grep -c Running
1

