[precondition:spark_env_ready:preconditionUnits[0] 'spark_env_ready':probe] $ kubectl -n spark-skew get pods 2>/dev/null | grep -c Running
0

[precondition:spark_env_ready:preconditionUnits[0] 'spark_env_ready':apply] $ kubectl delete namespace spark-skew --ignore-not-found=true --wait=false

[precondition:spark_env_ready:preconditionUnits[0] 'spark_env_ready':apply] $ /bin/sh -c 'kubectl wait --for=delete namespace/spark-skew --timeout=300s 2>/dev/null || true'

[precondition:spark_env_ready:preconditionUnits[0] 'spark_env_ready':apply] $ kubectl apply -f cases/spark/spark_data_skew/resource/namespace.yaml
namespace/spark-skew created

[precondition:spark_env_ready:preconditionUnits[0] 'spark_env_ready':apply] $ kubectl apply -f cases/spark/spark_data_skew/resource/rbac.yaml
serviceaccount/spark created
role.rbac.authorization.k8s.io/spark-role created
rolebinding.rbac.authorization.k8s.io/spark-role-binding created

[precondition:spark_env_ready:preconditionUnits[0] 'spark_env_ready':apply] $ kubectl apply -f cases/spark/spark_data_skew/resource/scripts-configmap.yaml
configmap/skew-scripts created

[precondition:spark_env_ready:preconditionUnits[0] 'spark_env_ready':apply] $ kubectl apply -f cases/spark/spark_data_skew/resource/spark-cluster.yaml
service/spark-master created
deployment.apps/spark-master created
deployment.apps/spark-worker created

[precondition:spark_env_ready:preconditionUnits[0] 'spark_env_ready':apply] $ kubectl apply -f cases/spark/spark_data_skew/resource/skew-job.yaml
job.batch/spark-skew-baseline created

[precondition:spark_env_ready:preconditionUnits[0] 'spark_env_ready':verify] $ kubectl -n spark-skew get pods 2>/dev/null | grep -c Running
0

[precondition:spark_env_ready:preconditionUnits[0] 'spark_env_ready':verify] $ kubectl -n spark-skew get pods 2>/dev/null | grep -c Running
0

[precondition:spark_env_ready:preconditionUnits[0] 'spark_env_ready':verify] $ kubectl -n spark-skew get pods 2>/dev/null | grep -c Running
0

[precondition:spark_env_ready:preconditionUnits[0] 'spark_env_ready':verify] $ kubectl -n spark-skew get pods 2>/dev/null | grep -c Running
1

