[precondition:mongo_env_ready:preconditionUnits[0] 'mongo_env_ready':probe] $ kubectl -n mongodb get pod mongodb-replica-0 2>/dev/null | grep -c Running
1

[precondition:admin_user_fixture:preconditionUnits[1] 'admin_user_fixture':probe] $ /bin/sh -c '
t=""; for cca in /etc/tls/ca.crt /etc/mongo-ca/ca.crt; do kubectl -n mongodb exec mongodb-replica-0 -- ls $cca >/dev/null 2>&1 && { t="--tls --tlsAllowInvalidHostnames --tlsAllowInvalidCertificates --tlsCAFile $cca"; break; }; done
pw=$(kubectl -n mongodb get secret admin-user-password -o jsonpath="{.data.password}" 2>/dev/null | base64 -d 2>/dev/null)
[ -n "$pw" ] || exit 1
kubectl -n mongodb exec mongodb-replica-0 -- mongosh --quiet $t "mongodb://admin-user:$pw@localhost:27017/admin" --eval "db.runCommand({ping:1}).ok" 2>/dev/null | grep -q 1
'


[precondition:reporting_user_fixture:preconditionUnits[2] 'reporting_user_fixture':probe] $ /bin/sh -c 't=""; for cca in /etc/tls/ca.crt /etc/mongo-ca/ca.crt; do kubectl -n mongodb exec mongodb-replica-0 -- ls $cca >/dev/null 2>&1 && { t="--tls --tlsAllowInvalidHostnames --tlsAllowInvalidCertificates --tlsCAFile $cca"; break; }; done; kubectl -n mongodb get secret reporting-user-password >/dev/null 2>&1 || exit 1; pw=$(kubectl -n mongodb get secret admin-user-password -o jsonpath="{.data.password}" 2>/dev/null | base64 -d 2>/dev/null); pw=${pw:-admin123password}; P=""; for _pi in $(seq 1 30); do P=$(kubectl -n mongodb exec mongodb-replica-0 -- mongosh --quiet $t "mongodb://admin-user:$pw@localhost:27017/admin?directConnection=true" --eval '\''rs.hello().primary'\'' 2>/dev/null | cut -d. -f1); [ -n "$P" ] && break; sleep 2; done; P=${P:-mongodb-replica-0}; kubectl -n mongodb exec "$P" -- mongosh --quiet $t "mongodb://admin-user:$pw@localhost:27017/admin" --eval '\''db.getSiblingDB("admin").getUser("reporting-user")?quit(0):quit(1)'\'' >/dev/null 2>&1'


[precondition:reporting_user_fixture:preconditionUnits[2] 'reporting_user_fixture':apply] $ kubectl -n mongodb apply -f cases/mongodb/custom-roles/resource/secrets.yaml
secret/admin-user-password configured
secret/reporting-user-password created
secret/mongo-keyfile configured

[precondition:reporting_user_fixture:preconditionUnits[2] 'reporting_user_fixture':apply] $ /bin/sh -c 'pw=$(kubectl -n mongodb get secret admin-user-password -o jsonpath="{.data.password}" 2>/dev/null | base64 -d 2>/dev/null); pw=${pw:-admin123password}; P=""; for _pi in $(seq 1 30); do P=$(kubectl -n mongodb exec mongodb-replica-0 -- mongosh --quiet "mongodb://admin-user:$pw@localhost:27017/admin?directConnection=true" --eval '\''rs.hello().primary'\'' 2>/dev/null | cut -d. -f1); [ -n "$P" ] && break; sleep 2; done; P=${P:-mongodb-replica-0}; kubectl -n mongodb exec "$P" -- mongosh --quiet "mongodb://admin-user:$pw@localhost:27017/admin" --eval '\''var a=db.getSiblingDB("appdb"); if(!a.getRole("rawRead")){a.createRole({role:"rawRead",privileges:[{resource:{db:"appdb",collection:"raw"},actions:["find"]}],roles:[]});} if(!db.getSiblingDB("admin").getUser("reporting-user")){db.getSiblingDB("admin").createUser({user:"reporting-user",pwd:"reporting123password",roles:[{role:"rawRead",db:"appdb"}]});} if(a.reports.countDocuments({})<3){a.reports.insertMany([{x:1},{x:2},{x:3}],{writeConcern:{w:1}});} if(a.raw.countDocuments({})<2){a.raw.insertMany([{x:10},{x:11}],{writeConcern:{w:1}});}'\'' 2>&1 || true'

{
  acknowledged: true,
  insertedIds: {
    '0': ObjectId("6a3ba395c195d0a93c00a2df"),
    '1': ObjectId("6a3ba395c195d0a93c00a2e0")
  }
}

[precondition:reporting_user_fixture:preconditionUnits[2] 'reporting_user_fixture':verify] $ /bin/sh -c 'kubectl -n mongodb get secret reporting-user-password >/dev/null 2>&1; true'


