[precondition:nginx_env_ready:preconditionUnits[0] 'nginx_env_ready':probe] $ kubectl -n demo wait --for=condition=ready pod/curl-test --timeout=5s
Error from server (NotFound): namespaces "demo" not found

[precondition:nginx_env_ready:preconditionUnits[0] 'nginx_env_ready':apply] $ /bin/sh -c 'kubectl delete namespace ingress-nginx --ignore-not-found=true; kubectl delete namespace demo --ignore-not-found=true; kubectl wait --for=delete namespace/ingress-nginx --timeout=120s || true; kubectl wait --for=delete namespace/demo --timeout=120s || true'

[precondition:nginx_env_ready:preconditionUnits[0] 'nginx_env_ready':apply] $ kubectl create namespace ingress-nginx
namespace/ingress-nginx created

[precondition:nginx_env_ready:preconditionUnits[0] 'nginx_env_ready':apply] $ kubectl apply -f cases/nginx-ingress/rate_limit_replica_hard/resource/deploy.yaml
namespace/ingress-nginx configured
serviceaccount/ingress-nginx created
serviceaccount/ingress-nginx-admission created
role.rbac.authorization.k8s.io/ingress-nginx created
role.rbac.authorization.k8s.io/ingress-nginx-admission created
clusterrole.rbac.authorization.k8s.io/ingress-nginx unchanged
clusterrole.rbac.authorization.k8s.io/ingress-nginx-admission unchanged
rolebinding.rbac.authorization.k8s.io/ingress-nginx created
rolebinding.rbac.authorization.k8s.io/ingress-nginx-admission created
clusterrolebinding.rbac.authorization.k8s.io/ingress-nginx unchanged
clusterrolebinding.rbac.authorization.k8s.io/ingress-nginx-admission unchanged
configmap/ingress-nginx-controller created
service/ingress-nginx-controller created
service/ingress-nginx-controller-admission created
deployment.apps/ingress-nginx-controller created
job.batch/ingress-nginx-admission-create created
job.batch/ingress-nginx-admission-patch created
ingressclass.networking.k8s.io/nginx created
validatingwebhookconfiguration.admissionregistration.k8s.io/ingress-nginx-admission created
Warning: resource namespaces/ingress-nginx is missing the kubectl.kubernetes.io/last-applied-configuration annotation which is required by kubectl apply. kubectl apply should only be used on resources created declaratively by either kubectl create --save-config or kubectl apply. The missing annotation will be patched automatically.

[precondition:nginx_env_ready:preconditionUnits[0] 'nginx_env_ready':apply] $ kubectl -n ingress-nginx rollout status deploy/ingress-nginx-controller --timeout=120s
deployment "ingress-nginx-controller" successfully rolled out

[precondition:nginx_env_ready:preconditionUnits[0] 'nginx_env_ready':apply] $ kubectl -n ingress-nginx scale deploy/ingress-nginx-controller --replicas=3
deployment.apps/ingress-nginx-controller scaled

[precondition:nginx_env_ready:preconditionUnits[0] 'nginx_env_ready':apply] $ kubectl -n ingress-nginx rollout status deploy/ingress-nginx-controller --timeout=300s
Waiting for deployment "ingress-nginx-controller" rollout to finish: 1 of 3 updated replicas are available...
Waiting for deployment "ingress-nginx-controller" rollout to finish: 2 of 3 updated replicas are available...
deployment "ingress-nginx-controller" successfully rolled out

[precondition:nginx_env_ready:preconditionUnits[0] 'nginx_env_ready':apply] $ kubectl create namespace demo
namespace/demo created

[precondition:nginx_env_ready:preconditionUnits[0] 'nginx_env_ready':apply] $ kubectl -n demo apply -f cases/nginx-ingress/rate_limit_replica_hard/resource/rate-echo.yaml
deployment.apps/rate-echo created
service/rate-echo created

[precondition:nginx_env_ready:preconditionUnits[0] 'nginx_env_ready':apply] $ kubectl -n demo rollout status deploy/rate-echo --timeout=60s
deployment "rate-echo" successfully rolled out

[precondition:nginx_env_ready:preconditionUnits[0] 'nginx_env_ready':apply] $ kubectl -n demo apply -f cases/nginx-ingress/rate_limit_replica_hard/resource/ingress-api.yaml
ingress.networking.k8s.io/rate-api created

[precondition:nginx_env_ready:preconditionUnits[0] 'nginx_env_ready':apply] $ kubectl -n demo apply -f cases/nginx-ingress/rate_limit_replica_hard/resource/ingress-health.yaml
ingress.networking.k8s.io/rate-health created

[precondition:nginx_env_ready:preconditionUnits[0] 'nginx_env_ready':apply] $ /bin/sh -c 'kubectl -n demo get pod curl-test >/dev/null 2>&1 || kubectl -n demo apply -f cases/nginx-ingress/rate_limit_replica_hard/resource/curl-test.yaml'
pod/curl-test created

[precondition:nginx_env_ready:preconditionUnits[0] 'nginx_env_ready':apply] $ kubectl -n demo wait --for=condition=Ready pod/curl-test --timeout=180s
pod/curl-test condition met

[precondition:nginx_env_ready:preconditionUnits[0] 'nginx_env_ready':verify] $ kubectl -n demo wait --for=condition=ready pod/curl-test --timeout=5s
pod/curl-test condition met

[precondition:rate_limit_scenario_fixture:preconditionUnits[1] 'rate_limit_scenario_fixture':probe] $ kubectl -n demo get deploy rate-echo
NAME        READY   UP-TO-DATE   AVAILABLE   AGE
rate-echo   1/1     1            1           9s

