[precondition:es_env_ready:preconditionUnits[0] 'es_env_ready':probe] $ kubectl -n elasticsearch get pods 2>/dev/null | grep -c Running
0

[precondition:es_env_ready:preconditionUnits[0] 'es_env_ready':apply] $ /bin/sh -c 'kubectl delete namespace elasticsearch --ignore-not-found=true --wait=false; kubectl wait --for=delete namespace/elasticsearch --timeout=400s || true'

[precondition:es_env_ready:preconditionUnits[0] 'es_env_ready':apply] $ kubectl create namespace elasticsearch
namespace/elasticsearch created

[precondition:es_env_ready:preconditionUnits[0] 'es_env_ready':apply] $ kubectl -n elasticsearch apply -f cases/elasticsearch/full-restart-upgrade-ha-hard/resource/
configmap/es-config created
pod/curl-test created
service/es-cluster created
service/es-http created
statefulset.apps/es-cluster created

[precondition:es_env_ready:preconditionUnits[0] 'es_env_ready':apply] $ kubectl -n elasticsearch wait --for=condition=ready pod -l app=es-cluster --timeout=900s
pod/es-cluster-0 condition met
pod/es-cluster-1 condition met
pod/es-cluster-2 condition met

[precondition:es_env_ready:preconditionUnits[0] 'es_env_ready':apply] $ kubectl -n elasticsearch wait --for=condition=ready pod/curl-test --timeout=300s
pod/curl-test condition met

[precondition:es_env_ready:preconditionUnits[0] 'es_env_ready':apply] $ /bin/sh -c 'for i in $(seq 1 90); do kubectl -n elasticsearch exec curl-test -- curl -s --max-time 5 "http://es-http.elasticsearch.svc:9200/_cluster/health?wait_for_status=yellow&timeout=5s" | grep -q "\"status\"" && exit 0; sleep 2; done; exit 1'
command terminated with exit code 28
command terminated with exit code 28
command terminated with exit code 28
command terminated with exit code 28
command terminated with exit code 28

[precondition:es_env_ready:preconditionUnits[0] 'es_env_ready':apply] $ /bin/sh -c 'kubectl -n elasticsearch exec curl-test -- curl -s -X PUT http://es-http.elasticsearch.svc:9200/app-data >/dev/null; kubectl -n elasticsearch exec curl-test -- curl -s -X POST http://es-http.elasticsearch.svc:9200/app-data/_doc -H "Content-Type: application/json" -d "{\"x\":1}" >/dev/null; kubectl -n elasticsearch exec curl-test -- curl -s -X POST http://es-http.elasticsearch.svc:9200/app-data/_doc -H "Content-Type: application/json" -d "{\"x\":2}" >/dev/null; kubectl -n elasticsearch exec curl-test -- curl -s -X POST http://es-http.elasticsearch.svc:9200/app-data/_doc -H "Content-Type: application/json" -d "{\"x\":3}" >/dev/null; kubectl -n elasticsearch exec curl-test -- curl -s -X POST http://es-http.elasticsearch.svc:9200/app-data/_refresh >/dev/null'

[precondition:es_env_ready:preconditionUnits[0] 'es_env_ready':apply] $ /bin/sh -c 'kubectl -n elasticsearch create configmap es-seed --from-literal=index=app-data --from-literal=expected_count=3 --dry-run=client -o yaml | kubectl apply -f -'
configmap/es-seed created

[precondition:es_env_ready:preconditionUnits[0] 'es_env_ready':verify] $ kubectl -n elasticsearch get pods 2>/dev/null | grep -c Running
4

[precondition:seed_index_baseline:preconditionUnits[1] 'seed_index_baseline':probe] $ kubectl -n elasticsearch get configmap es-seed
NAME      DATA   AGE
es-seed   2      2s

