[precondition:mongo_env_ready:preconditionUnits[0] 'mongo_env_ready':probe] $ kubectl -n mongodb get pod mongodb-replica-0 2>/dev/null | grep -c Running
1

[precondition:admin_user_fixture:preconditionUnits[1] 'admin_user_fixture':probe] $ /bin/sh -c '
t=""; for cca in /etc/tls/ca.crt /etc/mongo-ca/ca.crt; do kubectl -n mongodb exec mongodb-replica-0 -- ls $cca >/dev/null 2>&1 && { t="--tls --tlsAllowInvalidHostnames --tlsAllowInvalidCertificates --tlsCAFile $cca"; break; }; done
pw=$(kubectl -n mongodb get secret admin-user-password -o jsonpath="{.data.password}" 2>/dev/null | base64 -d 2>/dev/null)
[ -n "$pw" ] || exit 1
kubectl -n mongodb exec mongodb-replica-0 -- mongosh --quiet $t "mongodb://admin-user:$pw@localhost:27017/admin" --eval "db.runCommand({ping:1}).ok" 2>/dev/null | grep -q 1
'


[precondition:mongo_seed_fixture:preconditionUnits[2] 'mongo_seed_fixture':probe] $ /bin/sh -c 't=""; for cca in /etc/tls/ca.crt /etc/mongo-ca/ca.crt; do kubectl -n mongodb exec mongodb-replica-0 -- ls $cca >/dev/null 2>&1 && { t="--tls --tlsAllowInvalidHostnames --tlsAllowInvalidCertificates --tlsCAFile $cca"; break; }; done; pw=$(kubectl -n mongodb get secret admin-user-password -o jsonpath="{.data.password}" 2>/dev/null | base64 -d 2>/dev/null); pw=${pw:-admin123password}; n=$(P=""; for _pi in $(seq 1 30); do P=$(kubectl -n mongodb exec mongodb-replica-0 -- mongosh --quiet $t "mongodb://admin-user:$pw@localhost:27017/admin?directConnection=true" --eval '\''rs.hello().primary'\'' 2>/dev/null | cut -d. -f1); [ -n "$P" ] && break; sleep 2; done; P=${P:-mongodb-replica-0}; kubectl -n mongodb exec "$P" -- mongosh --quiet $t "mongodb://admin-user:$pw@localhost:27017/admin" --eval '\''db.getSiblingDB("appdb").testdata.countDocuments({})'\'' 2>/dev/null | tr -dc 0-9); [ "${n:-0}" -ge 3 ] && echo ok | grep -c ok'


[precondition:mongo_seed_fixture:preconditionUnits[2] 'mongo_seed_fixture':apply] $ /bin/sh -c 'pw=$(kubectl -n mongodb get secret admin-user-password -o jsonpath="{.data.password}" 2>/dev/null | base64 -d 2>/dev/null); pw=${pw:-admin123password}; P=""; for _pi in $(seq 1 30); do P=$(kubectl -n mongodb exec mongodb-replica-0 -- mongosh --quiet "mongodb://admin-user:$pw@localhost:27017/admin?directConnection=true" --eval '\''rs.hello().primary'\'' 2>/dev/null | cut -d. -f1); [ -n "$P" ] && break; sleep 2; done; P=${P:-mongodb-replica-0}; kubectl -n mongodb exec "$P" -- mongosh --quiet "mongodb://admin-user:$pw@localhost:27017/admin" --eval '\''var c=db.getSiblingDB("appdb").testdata; var need=3-c.countDocuments({}); var docs=[]; for(var i=0;i<need;i++){docs.push({seed:"fixture",ts:new Date()});} if(docs.length>0){c.insertMany(docs,{writeConcern:{w:1}});}'\'''

{
  acknowledged: true,
  insertedIds: {
    '0': ObjectId("6a3bc9114a7d1aabc3453e6e"),
    '1': ObjectId("6a3bc9114a7d1aabc3453e6f"),
    '2': ObjectId("6a3bc9114a7d1aabc3453e70")
  }
}

[precondition:mongo_seed_fixture:preconditionUnits[2] 'mongo_seed_fixture':verify] $ /bin/sh -c 't=""; for cca in /etc/tls/ca.crt /etc/mongo-ca/ca.crt; do kubectl -n mongodb exec mongodb-replica-0 -- ls $cca >/dev/null 2>&1 && { t="--tls --tlsAllowInvalidHostnames --tlsAllowInvalidCertificates --tlsCAFile $cca"; break; }; done; pw=$(kubectl -n mongodb get secret admin-user-password -o jsonpath="{.data.password}" 2>/dev/null | base64 -d 2>/dev/null); pw=${pw:-admin123password}; n=$(P=""; for _pi in $(seq 1 30); do P=$(kubectl -n mongodb exec mongodb-replica-0 -- mongosh --quiet $t "mongodb://admin-user:$pw@localhost:27017/admin?directConnection=true" --eval '\''rs.hello().primary'\'' 2>/dev/null | cut -d. -f1); [ -n "$P" ] && break; sleep 2; done; P=${P:-mongodb-replica-0}; kubectl -n mongodb exec "$P" -- mongosh --quiet $t "mongodb://admin-user:$pw@localhost:27017/admin" --eval '\''db.getSiblingDB("appdb").testdata.countDocuments({})'\'' 2>/dev/null | tr -dc 0-9); [ "${n:-0}" -ge 3 ]'


[precondition:reporting_user_fixture:preconditionUnits[3] 'reporting_user_fixture':probe] $ /bin/sh -c 't=""; for cca in /etc/tls/ca.crt /etc/mongo-ca/ca.crt; do kubectl -n mongodb exec mongodb-replica-0 -- ls $cca >/dev/null 2>&1 && { t="--tls --tlsAllowInvalidHostnames --tlsAllowInvalidCertificates --tlsCAFile $cca"; break; }; done; rp=$(kubectl -n mongodb get secret reporting-user-password -o jsonpath="{.data.password}" 2>/dev/null | base64 -d 2>/dev/null); [ -n "$rp" ] || exit 1; ap=$(kubectl -n mongodb get secret admin-user-password -o jsonpath="{.data.password}" 2>/dev/null | base64 -d 2>/dev/null); ap=${ap:-admin123password}; P=""; for _pi in $(seq 1 30); do P=$(kubectl -n mongodb exec mongodb-replica-0 -- mongosh --quiet $t "mongodb://admin-user:$ap@localhost:27017/admin?directConnection=true" --eval '\''rs.hello().primary'\'' 2>/dev/null | cut -d. -f1); [ -n "$P" ] && break; sleep 2; done; P=${P:-mongodb-replica-0}; kubectl -n mongodb exec "$P" -- mongosh --quiet $t "mongodb://reporting-user:$rp@localhost:27017/appdb?authSource=admin&directConnection=true" --eval '\''db.testdata.findOne({})'\'' >/dev/null 2>&1'


[precondition:reporting_user_fixture:preconditionUnits[3] 'reporting_user_fixture':apply] $ kubectl -n mongodb apply -f cases/mongodb/password-rotation/resource/secrets.yaml
secret/admin-user-password configured
secret/app-user-password configured
secret/app-user-password-old created
secret/app-user-password-next created
secret/reporting-user-password configured
secret/mongo-keyfile configured

[precondition:reporting_user_fixture:preconditionUnits[3] 'reporting_user_fixture':apply] $ /bin/sh -c 'pw=$(kubectl -n mongodb get secret admin-user-password -o jsonpath="{.data.password}" 2>/dev/null | base64 -d 2>/dev/null); pw=${pw:-admin123password}; P=""; for _pi in $(seq 1 30); do P=$(kubectl -n mongodb exec mongodb-replica-0 -- mongosh --quiet "mongodb://admin-user:$pw@localhost:27017/admin?directConnection=true" --eval '\''rs.hello().primary'\'' 2>/dev/null | cut -d. -f1); [ -n "$P" ] && break; sleep 2; done; P=${P:-mongodb-replica-0}; kubectl -n mongodb exec "$P" -- mongosh --quiet "mongodb://admin-user:$pw@localhost:27017/admin" --eval '\''var adb=db.getSiblingDB("admin"); if(!adb.getUser("reporting-user")){adb.createUser({user:"reporting-user",pwd:"reporting123password",roles:[{role:"read",db:"appdb"}]});} else {adb.grantRolesToUser("reporting-user",[{role:"read",db:"appdb"}]);}'\'' 2>&1 || true'

{
  ok: 1,
  '$clusterTime': {
    clusterTime: Timestamp({ t: 1782303015, i: 1 }),
    signature: {
      hash: Binary(Buffer.from("3d7ab5c7e14acbf9bd51c11f9c516e87cdd3a9c0", "hex"), 0),
      keyId: Long("7654913975368286210")
    }
  },
  operationTime: Timestamp({ t: 1782303015, i: 1 })
}

[precondition:reporting_user_fixture:preconditionUnits[3] 'reporting_user_fixture':verify] $ /bin/sh -c 'kubectl -n mongodb get secret reporting-user-password >/dev/null 2>&1; true'


[precondition:app_rotation_secrets_fixture:preconditionUnits[4] 'app_rotation_secrets_fixture':probe] $ kubectl -n mongodb get secret app-user-password-old
NAME                    TYPE     DATA   AGE
app-user-password-old   Opaque   1      9s

