[judge] run mongodb-config-probe-customization-20260710_013238-6bf8
[judge] scoring 3 stage(s); 3 passed the oracle -- grading each against the rubric
[judge]   grading stage_01 against the rubric...
[judge]     - validity: 100%
[judge]     - path_sensibility: 90%
[judge]     - tool_reasonability: 100%
[judge]     - simplicity: 100%
[judge]   rubric stage_01 -> 0.975
[judge]   grading stage_02 against the rubric...
[judge]     - validity: 100%
[judge]     - path_sensibility: 90%
[judge]     - tool_reasonability: 100%
[judge]     - simplicity: 100%
[judge]   rubric stage_02 -> 0.975
[judge]   grading stage_03 against the rubric...
[judge]     - validity: 90%
[judge]     - path_sensibility: 75%
[judge]     - tool_reasonability: 90%
[judge]     - simplicity: 90%
[judge]   rubric stage_03 -> 0.862
[judge] 3/3 stages passed -> base score 93.7 (rubric-scored)
[judge] regression sweep clean -> 93.7
