[precondition:es_env_ready:preconditionUnits[0] 'es_env_ready':probe] $ kubectl -n elasticsearch get pods 2>/dev/null | grep -c Running
0

[precondition:es_env_ready:preconditionUnits[0] 'es_env_ready':apply] $ /bin/sh -c 'kubectl delete namespace elasticsearch --ignore-not-found=true; kubectl wait --for=delete namespace/elasticsearch --timeout=120s || true'

[precondition:es_env_ready:preconditionUnits[0] 'es_env_ready':apply] $ kubectl create namespace elasticsearch
namespace/elasticsearch created

[precondition:es_env_ready:preconditionUnits[0] 'es_env_ready':apply] $ kubectl -n elasticsearch apply -f resources/elasticsearch/rotate-http-certs/resource/openssl-toolbox.yaml
pod/openssl-toolbox created

[precondition:es_env_ready:preconditionUnits[0] 'es_env_ready':apply] $ kubectl -n elasticsearch wait --for=condition=ready pod openssl-toolbox --timeout=300s
pod/openssl-toolbox condition met

[precondition:es_env_ready:preconditionUnits[0] 'es_env_ready':apply] $ /bin/sh -c '
set -e
TMP_DIR=$(mktemp -d)
kubectl -n elasticsearch exec openssl-toolbox -- /bin/sh -c '\''
set -e
mkdir -p /tmp/certs
cat > /tmp/certs/openssl.cnf <<EOF
distinguished_name=req_distinguished_name
req_extensions=v3_req
prompt=no
[req_distinguished_name]
CN=es-http
[v3_req]
keyUsage=critical,digitalSignature,keyEncipherment
extendedKeyUsage=serverAuth,clientAuth
subjectAltName=@alt_names
[alt_names]
DNS.1=localhost
DNS.2=es-http
DNS.3=es-http.elasticsearch
DNS.4=es-http.elasticsearch.svc
DNS.5=es-http.elasticsearch.svc.cluster.local
DNS.6=es-cluster
DNS.7=es-cluster.elasticsearch
DNS.8=es-cluster.elasticsearch.svc
DNS.9=es-cluster.elasticsearch.svc.cluster.local
DNS.10=es-cluster-0.es-cluster.elasticsearch.svc.cluster.local
DNS.11=es-cluster-1.es-cluster.elasticsearch.svc.cluster.local
DNS.12=es-cluster-2.es-cluster.elasticsearch.svc.cluster.local
EOF
openssl genrsa -out /tmp/certs/ca.key 2048
openssl req -x509 -new -nodes -key /tmp/certs/ca.key -sha256 -days 2 -subj "/CN=es-http-ca" -out /tmp/certs/ca.crt
openssl genrsa -out /tmp/certs/tls.key 2048
openssl req -new -key /tmp/certs/tls.key -out /tmp/certs/tls.csr -config /tmp/certs/openssl.cnf
openssl x509 -req -in /tmp/certs/tls.csr -CA /tmp/certs/ca.crt -CAkey /tmp/certs/ca.key -CAcreateserial -out /tmp/certs/tls.crt -days 2 -extensions v3_req -extfile /tmp/certs/openssl.cnf
'\''
kubectl -n elasticsearch cp openssl-toolbox:/tmp/certs "${TMP_DIR}/certs"
kubectl -n elasticsearch create secret generic es-http-tls --from-file=tls.crt="${TMP_DIR}/certs/tls.crt" --from-file=tls.key="${TMP_DIR}/certs/tls.key" --from-file=ca.crt="${TMP_DIR}/certs/ca.crt" --dry-run=client -o yaml | kubectl apply -f -
kubectl -n elasticsearch create configmap es-http-ca --from-file=ca.crt="${TMP_DIR}/certs/ca.crt" --dry-run=client -o yaml | kubectl apply -f -
CA_FP=$(openssl x509 -noout -fingerprint -sha256 -in "${TMP_DIR}/certs/ca.crt" | cut -d= -f2)
LEAF_FP=$(openssl x509 -noout -fingerprint -sha256 -in "${TMP_DIR}/certs/tls.crt" | cut -d= -f2)
kubectl -n elasticsearch create configmap es-http-old --from-file=ca.crt="${TMP_DIR}/certs/ca.crt" --from-literal=ca_fingerprint_sha256="${CA_FP}" --from-literal=leaf_fingerprint_sha256="${LEAF_FP}" --dry-run=client -o yaml | kubectl apply -f -
'

tar: removing leading '/' from member names
secret/es-http-tls created
configmap/es-http-ca created
configmap/es-http-old created
Certificate request self-signature ok
subject=CN=es-http

[precondition:es_env_ready:preconditionUnits[0] 'es_env_ready':apply] $ kubectl -n elasticsearch apply -f resources/elasticsearch/rotate-http-certs/resource/configmap.yaml
configmap/es-config created

[precondition:es_env_ready:preconditionUnits[0] 'es_env_ready':apply] $ kubectl -n elasticsearch apply -f resources/elasticsearch/rotate-http-certs/resource/services.yaml
service/es-cluster created
service/es-http created

[precondition:es_env_ready:preconditionUnits[0] 'es_env_ready':apply] $ kubectl -n elasticsearch apply -f resources/elasticsearch/rotate-http-certs/resource/statefulset.yaml
statefulset.apps/es-cluster created

[precondition:es_env_ready:preconditionUnits[0] 'es_env_ready':apply] $ kubectl -n elasticsearch apply -f resources/elasticsearch/rotate-http-certs/resource/curl-test.yaml
pod/curl-test created

[precondition:es_env_ready:preconditionUnits[0] 'es_env_ready':apply] $ kubectl -n elasticsearch wait --for=condition=ready pod -l app=es-cluster --timeout=600s
pod/es-cluster-0 condition met
pod/es-cluster-1 condition met
pod/es-cluster-2 condition met

[precondition:es_env_ready:preconditionUnits[0] 'es_env_ready':apply] $ kubectl -n elasticsearch wait --for=condition=ready pod curl-test --timeout=300s
pod/curl-test condition met

[precondition:es_env_ready:preconditionUnits[0] 'es_env_ready':apply] $ /bin/sh -c '
for i in $(seq 1 30); do
  code=$(kubectl -n elasticsearch exec curl-test -- curl -s --max-time 5 --cacert /etc/es-http-ca/ca.crt -u elastic:elasticpass -o /dev/null -w "%{http_code}" "https://es-http.elasticsearch.svc:9200/_cluster/health?wait_for_status=yellow&timeout=5s" 2>/dev/null || true)
  if [ "${code}" = "200" ]; then exit 0; fi
  sleep 2
done
exit 1
'


[precondition:es_env_ready:preconditionUnits[0] 'es_env_ready':verify] $ kubectl -n elasticsearch get pods 2>/dev/null | grep -c Running
5

