[judge] run cockroachdb-cert-rotation-20260709_225216-07a0
[judge] scoring 3 stage(s); 3 passed the oracle -- grading each against the rubric
[judge]   grading stage_01 against the rubric...
[judge]     - validity: 75%
[judge]     - path_sensibility: 40%
[judge]     - tool_reasonability: 55%
[judge]     - simplicity: 75%
[judge]   rubric stage_01 -> 0.623
[judge]   grading stage_02 against the rubric...
[judge]     - validity: 100%
[judge]     - path_sensibility: 100%
[judge]     - tool_reasonability: 100%
[judge]     - simplicity: 100%
[judge]   rubric stage_02 -> 1.0
[judge]   grading stage_03 against the rubric...
[judge]     - validity: 95%
[judge]     - path_sensibility: 100%
[judge]     - tool_reasonability: 100%
[judge]     - simplicity: 100%
[judge]   rubric stage_03 -> 0.982
[judge] 3/3 stages passed -> base score 86.8 (rubric-scored)
[judge] regression sweep clean -> 86.8
