[precondition:ray_env_ready:preconditionUnits[0] 'ray_env_ready':probe] $ kubectl -n ray get pods 2>/dev/null | grep -c Running
0

[precondition:ray_env_ready:preconditionUnits[0] 'ray_env_ready':apply] $ /bin/sh -c 'kubectl delete namespace ray --ignore-not-found=true --wait=false; kubectl wait --for=delete namespace/ray --timeout=300s 2>/dev/null || true'

[precondition:ray_env_ready:preconditionUnits[0] 'ray_env_ready':apply] $ kubectl create namespace ray
namespace/ray created

[precondition:ray_env_ready:preconditionUnits[0] 'ray_env_ready':apply] $ kubectl -n ray apply -f cases/ray/scale_workers/resource/ray-head-service.yaml
service/ray-head created

[precondition:ray_env_ready:preconditionUnits[0] 'ray_env_ready':apply] $ kubectl -n ray apply -f cases/ray/scale_workers/resource/ray-head.yaml
deployment.apps/ray-head created

[precondition:ray_env_ready:preconditionUnits[0] 'ray_env_ready':apply] $ kubectl -n ray rollout status deploy/ray-head --timeout=600s
Waiting for deployment "ray-head" rollout to finish: 0 of 1 updated replicas are available...
deployment "ray-head" successfully rolled out

[precondition:ray_env_ready:preconditionUnits[0] 'ray_env_ready':apply] $ kubectl -n ray apply -f cases/ray/scale_workers/resource/ray-worker.yaml
deployment.apps/ray-worker created

[precondition:ray_env_ready:preconditionUnits[0] 'ray_env_ready':apply] $ kubectl -n ray rollout status deploy/ray-worker --timeout=600s
Waiting for deployment "ray-worker" rollout to finish: 0 of 1 updated replicas are available...
deployment "ray-worker" successfully rolled out

[precondition:ray_env_ready:preconditionUnits[0] 'ray_env_ready':apply] $ /bin/sh -c 'kubectl -n ray get pod ray-client >/dev/null 2>&1 || kubectl -n ray apply -f cases/ray/scale_workers/resource/ray-client.yaml'
pod/ray-client created

[precondition:ray_env_ready:preconditionUnits[0] 'ray_env_ready':apply] $ kubectl -n ray wait --for=condition=Ready pod/ray-client --timeout=600s
pod/ray-client condition met

[precondition:ray_env_ready:preconditionUnits[0] 'ray_env_ready':apply] $ kubectl -n ray exec ray-client -- ray start --address=ray-head:6379
2026-06-25 05:28:11,958	INFO scripts.py:926 -- [37mLocal node IP[39m: [1m10.244.0.49[22m
2026-06-25 05:28:13,512	SUCC scripts.py:939 -- [32m--------------------[39m
2026-06-25 05:28:13,513	SUCC scripts.py:940 -- [32mRay runtime started.[39m
2026-06-25 05:28:13,513	SUCC scripts.py:941 -- [32m--------------------[39m
2026-06-25 05:28:13,513	INFO scripts.py:943 -- To terminate the Ray runtime, run
2026-06-25 05:28:13,513	INFO scripts.py:944 -- [1m  ray stop[22m
2026-06-25 05:28:12,441	WARNING services.py:1996 -- WARNING: The object store is using /tmp instead of /dev/shm because /dev/shm has only 67108864 bytes available. This will harm performance! You may be able to free up space by deleting files in /dev/shm. If you are inside a Docker container, you can increase /dev/shm size by passing '--shm-size=10.24gb' to 'docker run' (or add it to the run_options list in a Ray cluster config). Make sure to set this to more than 30% of available RAM.
[2026-06-25 05:28:12,507 W 14 14] global_state_accessor.cc:465: Some processes that the driver needs to connect to have not registered with GCS, so retrying. Have you run 'ray start' on this node?

[precondition:ray_env_ready:preconditionUnits[0] 'ray_env_ready':verify] $ kubectl -n ray get pods 2>/dev/null | grep -c Running
3

