[precondition:ray_env_ready:preconditionUnits[0] 'ray_env_ready':probe] $ kubectl -n ray get pods 2>/dev/null | grep -c Running
0

[precondition:ray_env_ready:preconditionUnits[0] 'ray_env_ready':apply] $ kubectl create namespace ray
namespace/ray created

[precondition:ray_env_ready:preconditionUnits[0] 'ray_env_ready':apply] $ kubectl -n ray apply -f cases/ray/upgrade_version/resource/ray-head-service.yaml
service/ray-head created

[precondition:ray_env_ready:preconditionUnits[0] 'ray_env_ready':apply] $ kubectl -n ray apply -f cases/ray/upgrade_version/resource/ray-head.yaml
deployment.apps/ray-head created

[precondition:ray_env_ready:preconditionUnits[0] 'ray_env_ready':apply] $ kubectl -n ray rollout status deploy/ray-head --timeout=120s
deployment "ray-head" successfully rolled out

[precondition:ray_env_ready:preconditionUnits[0] 'ray_env_ready':apply] $ kubectl -n ray apply -f cases/ray/upgrade_version/resource/ray-worker.yaml
deployment.apps/ray-worker created

[precondition:ray_env_ready:preconditionUnits[0] 'ray_env_ready':apply] $ kubectl -n ray rollout status deploy/ray-worker --timeout=120s
deployment "ray-worker" successfully rolled out

[precondition:ray_env_ready:preconditionUnits[0] 'ray_env_ready':apply] $ kubectl -n ray apply -f cases/ray/upgrade_version/resource/ray-client.yaml
pod/ray-client created

[precondition:ray_env_ready:preconditionUnits[0] 'ray_env_ready':apply] $ kubectl -n ray wait --for=condition=Ready pod/ray-client --timeout=60s
pod/ray-client condition met

[precondition:ray_env_ready:preconditionUnits[0] 'ray_env_ready':verify] $ kubectl -n ray get pods 2>/dev/null | grep -c Running
4

