[judge] run ray-recovery-upgrade-dashboard-adversary-20260710_001452-31df
[judge] scoring 5 stage(s); 5 passed the oracle -- grading each against the rubric
[judge]   grading stage_01 against the rubric...
[judge]     - validity: 30%
[judge]     - path_sensibility: 60%
[judge]     - tool_reasonability: 40%
[judge]     - simplicity: 40%
[judge]   rubric stage_01 -> 0.415
[judge]   grading stage_02 against the rubric...
[judge]     - validity: 100%
[judge]     - path_sensibility: 100%
[judge]     - tool_reasonability: 100%
[judge]     - simplicity: 100%
[judge]   rubric stage_02 -> 1.0
[judge]   grading stage_03 against the rubric...
[judge]     - validity: 100%
[judge]     - path_sensibility: 100%
[judge]     - tool_reasonability: 100%
[judge]     - simplicity: 100%
[judge]   rubric stage_03 -> 1.0
[judge]   grading stage_04 against the rubric...
[judge]     - validity: 90%
[judge]     - path_sensibility: 85%
[judge]     - tool_reasonability: 100%
[judge]     - simplicity: 100%
[judge]   rubric stage_04 -> 0.928
[judge]   grading stage_05 against the rubric...
[judge]     - validity: 60%
[judge]     - path_sensibility: 60%
[judge]     - tool_reasonability: 65%
[judge]     - simplicity: 75%
[judge]   rubric stage_05 -> 0.64
[judge] 5/5 stages passed -> base score 79.7 (rubric-scored)
[judge] regression sweep clean -> 79.7
