[precondition:rabbitmq_secrets_ready:preconditionUnits[0] 'rabbitmq_secrets_ready':probe] $ /bin/sh -c 'set -e; kubectl -n ${BENCH_NAMESPACE} get secret rabbitmq-erlang-cookie >/dev/null; kubectl -n ${BENCH_NAMESPACE} get secret rabbitmq-admin >/dev/null'

[precondition:rbac_ready:preconditionUnits[1] 'rbac_ready':probe] $ kubectl -n ${BENCH_NAMESPACE} get sa rabbitmq
NAME       AGE
rabbitmq   7m16s

[precondition:infra_ready:preconditionUnits[2] 'infra_ready':probe] $ /bin/sh -c 'set -e; kubectl -n ${BENCH_NAMESPACE} get svc rabbitmq >/dev/null; kubectl -n ${BENCH_NAMESPACE} get svc prometheus >/dev/null'
Error from server (NotFound): services "prometheus" not found

[precondition:infra_ready:preconditionUnits[2] 'infra_ready':apply] $ envsubst '$BENCH_NAMESPACE $BENCH_NS_SOURCE $BENCH_NS_TARGET $BENCH_PARAM_CLUSTER_PREFIX $BENCH_PARAM_BLUE_CLUSTER_PREFIX $BENCH_PARAM_GREEN_CLUSTER_PREFIX $BENCH_PARAM_FROM_VERSION' < cases/rabbitmq/manual_monitoring/resource/configmap.yaml | kubectl -n ${BENCH_NAMESPACE} apply -f -
configmap/rabbitmq-config configured

[precondition:infra_ready:preconditionUnits[2] 'infra_ready':apply] $ envsubst '$BENCH_NAMESPACE $BENCH_NS_SOURCE $BENCH_NS_TARGET $BENCH_PARAM_CLUSTER_PREFIX $BENCH_PARAM_BLUE_CLUSTER_PREFIX $BENCH_PARAM_GREEN_CLUSTER_PREFIX $BENCH_PARAM_FROM_VERSION' < cases/rabbitmq/manual_monitoring/resource/services.yaml | kubectl -n ${BENCH_NAMESPACE} apply -f -
service/rabbitmq-headless configured
service/rabbitmq configured
service/prometheus created

[precondition:infra_ready:preconditionUnits[2] 'infra_ready':apply] $ envsubst '$BENCH_NAMESPACE $BENCH_NS_SOURCE $BENCH_NS_TARGET $BENCH_PARAM_CLUSTER_PREFIX $BENCH_PARAM_BLUE_CLUSTER_PREFIX $BENCH_PARAM_GREEN_CLUSTER_PREFIX $BENCH_PARAM_FROM_VERSION' < cases/rabbitmq/manual_monitoring/resource/prometheus.yaml | kubectl -n ${BENCH_NAMESPACE} apply -f -
configmap/prometheus-config created
deployment.apps/prometheus created

[precondition:infra_ready:preconditionUnits[2] 'infra_ready':verify] $ /bin/sh -c 'set -e; kubectl -n ${BENCH_NAMESPACE} get svc rabbitmq >/dev/null; kubectl -n ${BENCH_NAMESPACE} get svc prometheus >/dev/null'

[precondition:rabbitmq_cluster_ready:preconditionUnits[3] 'rabbitmq_cluster_ready':probe] $ /bin/sh -c 'set -e; [ "$(kubectl -n ${BENCH_NAMESPACE} get sts rabbitmq -o jsonpath="{.status.readyReplicas}")" = "3" ]'

[precondition:curl_test_ready:preconditionUnits[4] 'curl_test_ready':probe] $ kubectl -n ${BENCH_NAMESPACE} wait --for=condition=ready pod -l app=curl-test --timeout=3s
pod/curl-test condition met

[precondition:prometheus_plugin_ready:preconditionUnits[5] 'prometheus_plugin_ready':probe] $ /bin/sh -c 'set -e; pods=$(kubectl -n ${BENCH_NAMESPACE} get pods -l app=${BENCH_PARAM_CLUSTER_PREFIX} -o jsonpath="{.items[*].metadata.name}"); [ -n "$pods" ]; for p in $pods; do kubectl -n ${BENCH_NAMESPACE} exec $p -- rabbitmqctl eval "application:which_applications()." 2>/dev/null | grep -q rabbitmq_prometheus; done'

[precondition:prometheus_plugin_ready:preconditionUnits[5] 'prometheus_plugin_ready':apply] $ /bin/sh -c 'pods=$(kubectl -n ${BENCH_NAMESPACE} get pods -l app=${BENCH_PARAM_CLUSTER_PREFIX} -o jsonpath="{.items[*].metadata.name}"); for p in $pods; do kubectl -n ${BENCH_NAMESPACE} exec $p -- rabbitmqctl eval "application:ensure_all_started(rabbitmq_prometheus)." || true; done'
{ok,[accept,prometheus,rabbitmq_prometheus]}
{ok,[accept,prometheus,rabbitmq_prometheus]}
{ok,[accept,prometheus,rabbitmq_prometheus]}

[precondition:prometheus_plugin_ready:preconditionUnits[5] 'prometheus_plugin_ready':verify] $ /bin/sh -c 'set -e; pods=$(kubectl -n ${BENCH_NAMESPACE} get pods -l app=${BENCH_PARAM_CLUSTER_PREFIX} -o jsonpath="{.items[*].metadata.name}"); [ -n "$pods" ]; for p in $pods; do kubectl -n ${BENCH_NAMESPACE} exec $p -- rabbitmqctl eval "application:which_applications()." 2>/dev/null | grep -q rabbitmq_prometheus; done'

[precondition:monitoring_baseline_ready:preconditionUnits[6] 'monitoring_baseline_ready':probe] $ python3 cases/rabbitmq/manual_monitoring/setup_precondition_check.py --namespace ${BENCH_NAMESPACE} --min-ready 3
setup-precondition-check: ok

