[precondition:es_env_ready:preconditionUnits[0] 'es_env_ready':probe] $ kubectl -n elasticsearch get pods 2>/dev/null | grep -c Running
5

[precondition:es_ingress_infra:preconditionUnits[1] 'es_ingress_infra':probe] $ kubectl -n ingress-nginx get deploy ingress-nginx-controller
Error from server (NotFound): namespaces "ingress-nginx" not found

[precondition:es_ingress_infra:preconditionUnits[1] 'es_ingress_infra':apply] $ /bin/sh -c 'kubectl create namespace ingress-nginx --dry-run=client -o yaml | kubectl apply -f -'
namespace/ingress-nginx created

[precondition:es_ingress_infra:preconditionUnits[1] 'es_ingress_infra':apply] $ /bin/sh -c 'kubectl apply -f https://raw.githubusercontent.com/kubernetes/ingress-nginx/controller-v1.10.1/deploy/static/provider/kind/deploy.yaml || true'
namespace/ingress-nginx configured
serviceaccount/ingress-nginx created
serviceaccount/ingress-nginx-admission created
role.rbac.authorization.k8s.io/ingress-nginx created
role.rbac.authorization.k8s.io/ingress-nginx-admission created
clusterrole.rbac.authorization.k8s.io/ingress-nginx configured
clusterrole.rbac.authorization.k8s.io/ingress-nginx-admission configured
rolebinding.rbac.authorization.k8s.io/ingress-nginx created
rolebinding.rbac.authorization.k8s.io/ingress-nginx-admission created
clusterrolebinding.rbac.authorization.k8s.io/ingress-nginx configured
clusterrolebinding.rbac.authorization.k8s.io/ingress-nginx-admission configured
configmap/ingress-nginx-controller created
service/ingress-nginx-controller created
service/ingress-nginx-controller-admission created
deployment.apps/ingress-nginx-controller created
job.batch/ingress-nginx-admission-create created
job.batch/ingress-nginx-admission-patch created
ingressclass.networking.k8s.io/nginx configured
validatingwebhookconfiguration.admissionregistration.k8s.io/ingress-nginx-admission configured

[precondition:es_ingress_infra:preconditionUnits[1] 'es_ingress_infra':apply] $ /bin/sh -c 'kubectl -n ingress-nginx rollout status deploy/ingress-nginx-controller --timeout=120s || true'
Waiting for deployment "ingress-nginx-controller" rollout to finish: 0 of 1 updated replicas are available...
error: timed out waiting for the condition

[precondition:es_ingress_infra:preconditionUnits[1] 'es_ingress_infra':apply] $ /bin/sh -c 'kubectl -n ingress-nginx patch deployment ingress-nginx-controller --type=json -p "[{\"op\":\"add\",\"path\":\"/spec/template/spec/containers/0/args/-\",\"value\":\"--watch-ingress-without-class=false\"}]" || true'
deployment.apps/ingress-nginx-controller patched

[precondition:es_ingress_infra:preconditionUnits[1] 'es_ingress_infra':apply] $ /bin/sh -c 'kubectl -n ingress-nginx rollout status deploy/ingress-nginx-controller --timeout=120s || true'
Waiting for deployment "ingress-nginx-controller" rollout to finish: 0 of 1 updated replicas are available...
error: timed out waiting for the condition

[precondition:es_ingress_infra:preconditionUnits[1] 'es_ingress_infra':apply] $ /bin/sh -c 'kubectl -n elasticsearch get pod curl-test >/dev/null 2>&1 || kubectl -n elasticsearch apply -f cases/elasticsearch/secure-http-ingress/resource/curl-test.yaml'

[precondition:es_ingress_infra:preconditionUnits[1] 'es_ingress_infra':apply] $ /bin/sh -c 'kubectl -n elasticsearch wait --for=condition=Ready pod/curl-test --timeout=120s || true'
pod/curl-test condition met

[precondition:es_ingress_infra:preconditionUnits[1] 'es_ingress_infra':verify] $ /bin/sh -c 'kubectl -n ingress-nginx get deploy ingress-nginx-controller >/dev/null 2>&1; true'

