[precondition:es_env_ready:preconditionUnits[0] 'es_env_ready':probe] $ kubectl -n elasticsearch get pods 2>/dev/null | grep -c Running
0

[precondition:es_env_ready:preconditionUnits[0] 'es_env_ready':apply] $ /bin/sh -c 'kubectl delete namespace elasticsearch --ignore-not-found=true; kubectl wait --for=delete namespace/elasticsearch --timeout=120s || true'

[precondition:es_env_ready:preconditionUnits[0] 'es_env_ready':apply] $ kubectl create namespace elasticsearch
namespace/elasticsearch created

[precondition:es_env_ready:preconditionUnits[0] 'es_env_ready':apply] $ kubectl -n elasticsearch apply -f cases/elasticsearch/deploy-core-cluster/resource/
pod/curl-test created
pod/openssl-toolbox created

[precondition:es_env_ready:preconditionUnits[0] 'es_env_ready':apply] $ kubectl -n elasticsearch wait --for=condition=ready pod/curl-test --timeout=300s
pod/curl-test condition met

[precondition:es_env_ready:preconditionUnits[0] 'es_env_ready':apply] $ kubectl -n elasticsearch wait --for=condition=ready pod/openssl-toolbox --timeout=300s
pod/openssl-toolbox condition met

[precondition:es_env_ready:preconditionUnits[0] 'es_env_ready':apply] $ /bin/sh -c 'TMP_DIR=$(mktemp -d); kubectl -n elasticsearch exec openssl-toolbox -- /bin/sh -c "set -e; mkdir -p /tmp/certs; cat > /tmp/certs/openssl.cnf <<EOF
distinguished_name=req_distinguished_name
req_extensions=v3_req
prompt=no
[req_distinguished_name]
CN=es-http
[v3_req]
keyUsage=critical,digitalSignature,keyEncipherment
extendedKeyUsage=serverAuth,clientAuth
subjectAltName=@alt_names
[alt_names]
DNS.1=localhost
DNS.2=*.elasticsearch.svc
DNS.3=*.elasticsearch.svc.cluster.local
EOF
openssl genrsa -out /tmp/certs/ca.key 2048; openssl req -x509 -new -nodes -key /tmp/certs/ca.key -sha256 -days 365 -subj /CN=es-ca -out /tmp/certs/ca.crt; openssl genrsa -out /tmp/certs/server.key 2048; openssl req -new -key /tmp/certs/server.key -out /tmp/certs/server.csr -config /tmp/certs/openssl.cnf; openssl x509 -req -in /tmp/certs/server.csr -CA /tmp/certs/ca.crt -CAkey /tmp/certs/ca.key -CAcreateserial -out /tmp/certs/server.crt -days 365 -extensions v3_req -extfile /tmp/certs/openssl.cnf"; kubectl -n elasticsearch cp openssl-toolbox:/tmp/certs ${TMP_DIR}/certs; kubectl -n elasticsearch create secret generic es-http-tls --from-file=tls.crt=${TMP_DIR}/certs/server.crt --from-file=tls.key=${TMP_DIR}/certs/server.key --from-file=ca.crt=${TMP_DIR}/certs/ca.crt --dry-run=client -o yaml | kubectl apply -f -'
tar: removing leading '/' from member names
secret/es-http-tls created
Certificate request self-signature ok
subject=CN=es-http

[precondition:es_env_ready:preconditionUnits[0] 'es_env_ready':apply] $ /bin/sh -c 'kubectl -n elasticsearch create secret generic elastic-password --from-literal=password=elasticpass --dry-run=client -o yaml | kubectl apply -f -'
secret/elastic-password created

[precondition:es_env_ready:preconditionUnits[0] 'es_env_ready':verify] $ kubectl -n elasticsearch get pods 2>/dev/null | grep -c Running
2

