[precondition:ray_env_ready:preconditionUnits[0] 'ray_env_ready':probe] $ kubectl -n ray get pods 2>/dev/null | grep -c Running
4

[precondition:old_image_baseline_ready:preconditionUnits[1] 'old_image_baseline_ready':probe] $ /bin/sh -c 'h=$(kubectl -n ray get deploy ray-head -o jsonpath="{.spec.template.spec.containers[0].image}" 2>/dev/null); w=$(kubectl -n ray get deploy ray-worker -o jsonpath="{.spec.template.spec.containers[0].image}" 2>/dev/null); [ -n "$h" ] && [ "$h" = "rayproject/ray:2.8.0" ] && [ "$w" = "rayproject/ray:2.8.0" ]'

[precondition:old_image_baseline_ready:preconditionUnits[1] 'old_image_baseline_ready':apply] $ kubectl -n ray set image deploy/ray-head '*=rayproject/ray:2.8.0'
deployment.apps/ray-head image updated

[precondition:old_image_baseline_ready:preconditionUnits[1] 'old_image_baseline_ready':apply] $ kubectl -n ray set image deploy/ray-worker '*=rayproject/ray:2.8.0'
deployment.apps/ray-worker image updated

[precondition:old_image_baseline_ready:preconditionUnits[1] 'old_image_baseline_ready':apply] $ /bin/sh -c 'kubectl -n ray delete pod -l app.kubernetes.io/component=head --ignore-not-found=true --wait=false || true; kubectl -n ray delete pod -l app.kubernetes.io/component=worker --ignore-not-found=true --wait=false || true'
pod "ray-head-595fd9879b-7q6kn" deleted
pod "ray-head-dbd4cd475-6w76p" deleted
pod "ray-worker-758c9dc76b-5lh66" deleted
pod "ray-worker-77879bc975-2gfqf" deleted
pod "ray-worker-77879bc975-lcgt5" deleted

[precondition:old_image_baseline_ready:preconditionUnits[1] 'old_image_baseline_ready':apply] $ kubectl -n ray rollout status deploy/ray-head --timeout=300s || true
Waiting for deployment "ray-head" rollout to finish: 1 old replicas are pending termination...
Waiting for deployment "ray-head" rollout to finish: 1 old replicas are pending termination...
Waiting for deployment "ray-head" rollout to finish: 1 old replicas are pending termination...
deployment "ray-head" successfully rolled out

[precondition:old_image_baseline_ready:preconditionUnits[1] 'old_image_baseline_ready':apply] $ kubectl -n ray rollout status deploy/ray-worker --timeout=300s || true
Waiting for deployment "ray-worker" rollout to finish: 1 out of 2 new replicas have been updated...
Waiting for deployment "ray-worker" rollout to finish: 1 out of 2 new replicas have been updated...
Waiting for deployment "ray-worker" rollout to finish: 1 old replicas are pending termination...
Waiting for deployment "ray-worker" rollout to finish: 1 old replicas are pending termination...
deployment "ray-worker" successfully rolled out

[precondition:old_image_baseline_ready:preconditionUnits[1] 'old_image_baseline_ready':verify] $ /bin/sh -c 'imgs=$(kubectl -n ray get pods -l "app.kubernetes.io/component in (head,worker)" --field-selector=status.phase=Running -o jsonpath="{.items[*].spec.containers[0].image}"); [ -n "$imgs" ] || exit 1; for i in $imgs; do [ "$i" = "rayproject/ray:2.8.0" ] || exit 1; done'

[precondition:old_image_baseline_ready:preconditionUnits[1] 'old_image_baseline_ready':verify] $ /bin/sh -c 'imgs=$(kubectl -n ray get pods -l "app.kubernetes.io/component in (head,worker)" --field-selector=status.phase=Running -o jsonpath="{.items[*].spec.containers[0].image}"); [ -n "$imgs" ] || exit 1; for i in $imgs; do [ "$i" = "rayproject/ray:2.8.0" ] || exit 1; done'

[precondition:old_image_baseline_ready:preconditionUnits[1] 'old_image_baseline_ready':verify] $ /bin/sh -c 'imgs=$(kubectl -n ray get pods -l "app.kubernetes.io/component in (head,worker)" --field-selector=status.phase=Running -o jsonpath="{.items[*].spec.containers[0].image}"); [ -n "$imgs" ] || exit 1; for i in $imgs; do [ "$i" = "rayproject/ray:2.8.0" ] || exit 1; done'

[precondition:old_image_baseline_ready:preconditionUnits[1] 'old_image_baseline_ready':verify] $ /bin/sh -c 'imgs=$(kubectl -n ray get pods -l "app.kubernetes.io/component in (head,worker)" --field-selector=status.phase=Running -o jsonpath="{.items[*].spec.containers[0].image}"); [ -n "$imgs" ] || exit 1; for i in $imgs; do [ "$i" = "rayproject/ray:2.8.0" ] || exit 1; done'

[precondition:old_image_baseline_ready:preconditionUnits[1] 'old_image_baseline_ready':verify] $ /bin/sh -c 'imgs=$(kubectl -n ray get pods -l "app.kubernetes.io/component in (head,worker)" --field-selector=status.phase=Running -o jsonpath="{.items[*].spec.containers[0].image}"); [ -n "$imgs" ] || exit 1; for i in $imgs; do [ "$i" = "rayproject/ray:2.8.0" ] || exit 1; done'

[precondition:old_image_baseline_ready:preconditionUnits[1] 'old_image_baseline_ready':verify] $ /bin/sh -c 'imgs=$(kubectl -n ray get pods -l "app.kubernetes.io/component in (head,worker)" --field-selector=status.phase=Running -o jsonpath="{.items[*].spec.containers[0].image}"); [ -n "$imgs" ] || exit 1; for i in $imgs; do [ "$i" = "rayproject/ray:2.8.0" ] || exit 1; done'

