[judge] run mongodb-config-probe-customization-adversary-20260710_013301-3b88
[judge] scoring 3 stage(s); 3 passed the oracle -- grading each against the rubric
[judge]   grading stage_01 against the rubric...
[judge]     - validity: 95%
[judge]     - path_sensibility: 90%
[judge]     - tool_reasonability: 100%
[judge]     - simplicity: 95%
[judge]   rubric stage_01 -> 0.948
[judge]   grading stage_02 against the rubric...
[judge]     - validity: 90%
[judge]     - path_sensibility: 75%
[judge]     - tool_reasonability: 95%
[judge]     - simplicity: 95%
[judge]   rubric stage_02 -> 0.882
[judge]   grading stage_03 against the rubric...
[judge]     - validity: 95%
[judge]     - path_sensibility: 85%
[judge]     - tool_reasonability: 95%
[judge]     - simplicity: 95%
[judge]   rubric stage_03 -> 0.925
[judge] 3/3 stages passed -> base score 91.8 (rubric-scored)
[judge] regression sweep clean -> 91.8
