[judge] run cockroachdb-ingress-exposure-20260709_192520-565d
[judge] scoring 3 stage(s); 3 passed the oracle -- grading each against the rubric
[judge]   grading stage_01 against the rubric...
[judge]     - validity: 100%
[judge]     - path_sensibility: 85%
[judge]     - tool_reasonability: 90%
[judge]     - simplicity: 95%
[judge]   rubric stage_01 -> 0.932
[judge]   grading stage_02 against the rubric...
[judge]     - validity: 100%
[judge]     - path_sensibility: 100%
[judge]     - tool_reasonability: 100%
[judge]     - simplicity: 100%
[judge]   rubric stage_02 -> 1.0
[judge]   grading stage_03 against the rubric...
[judge]     - validity: 100%
[judge]     - path_sensibility: 100%
[judge]     - tool_reasonability: 100%
[judge]     - simplicity: 100%
[judge]   rubric stage_03 -> 1.0
[judge] 3/3 stages passed -> base score 97.7 (rubric-scored)
[judge] regression sweep clean -> 97.7
