[precondition:mongo_env_ready:preconditionUnits[0] 'mongo_env_ready':probe] $ kubectl -n mongodb get pod mongodb-replica-0 2>/dev/null | grep -c Running
0

[precondition:mongo_env_ready:preconditionUnits[0] 'mongo_env_ready':apply] $ /bin/sh -c 'kubectl delete namespace mongodb --ignore-not-found=true; kubectl wait --for=delete namespace/mongodb --timeout=120s || true'

[precondition:mongo_env_ready:preconditionUnits[0] 'mongo_env_ready':apply] $ kubectl create namespace mongodb
namespace/mongodb created

[precondition:mongo_env_ready:preconditionUnits[0] 'mongo_env_ready':apply] $ kubectl -n mongodb apply -f cases/mongodb/version-upgrade/resource/secrets.yaml
secret/admin-user-password created
secret/mongo-keyfile created

[precondition:mongo_env_ready:preconditionUnits[0] 'mongo_env_ready':apply] $ kubectl -n mongodb apply -f cases/mongodb/version-upgrade/resource/services.yaml
service/mongodb-replica-svc created

[precondition:mongo_env_ready:preconditionUnits[0] 'mongo_env_ready':apply] $ kubectl -n mongodb apply -f cases/mongodb/version-upgrade/resource/statefulset.yaml
statefulset.apps/mongodb-replica created

[precondition:mongo_env_ready:preconditionUnits[0] 'mongo_env_ready':apply] $ /bin/sh -c 'for i in $(seq 1 120); do ready=$(kubectl -n mongodb get sts mongodb-replica -o jsonpath='\''{.status.readyReplicas}'\'' 2>/dev/null); if [ "${ready:-0}" -ge 3 ]; then exit 0; fi; sleep 5; done; exit 1'


[precondition:mongo_env_ready:preconditionUnits[0] 'mongo_env_ready':apply] $ /bin/sh -c 'kubectl -n mongodb exec mongodb-replica-0 -- mongosh --quiet --eval '\''rs.initiate({_id:"mongodb-replica",members:[{_id:0,host:"mongodb-replica-0.mongodb-replica-svc.mongodb.svc.cluster.local:27017"},{_id:1,host:"mongodb-replica-1.mongodb-replica-svc.mongodb.svc.cluster.local:27017"},{_id:2,host:"mongodb-replica-2.mongodb-replica-svc.mongodb.svc.cluster.local:27017"}]})'\'''

{ ok: 1 }
Browserslist: caniuse-lite is outdated. Please run:
npx browserslist@latest --update-db

Why you should do it regularly:
https://github.com/browserslist/browserslist#browsers-data-updating

[precondition:mongo_env_ready:preconditionUnits[0] 'mongo_env_ready':apply] $ /bin/sh -c 'for i in $(seq 1 20); do kubectl -n mongodb exec mongodb-replica-0 -- mongosh --quiet --eval '\''db.hello().isWritablePrimary'\'' | grep true && exit 0; sleep 3; done; exit 1'

true
Browserslist: caniuse-lite is outdated. Please run:
npx browserslist@latest --update-db

Why you should do it regularly:
https://github.com/browserslist/browserslist#browsers-data-updating
Browserslist: caniuse-lite is outdated. Please run:
npx browserslist@latest --update-db

Why you should do it regularly:
https://github.com/browserslist/browserslist#browsers-data-updating

[precondition:mongo_env_ready:preconditionUnits[0] 'mongo_env_ready':apply] $ /bin/sh -c 'kubectl -n mongodb exec mongodb-replica-0 -- mongosh --quiet --eval '\''db.getSiblingDB("admin").createUser({user:"admin-user",pwd:"admin123password",roles:[{role:"clusterAdmin",db:"admin"},{role:"userAdminAnyDatabase",db:"admin"},{role:"readWriteAnyDatabase",db:"admin"}]})'\'''

{
  ok: 1,
  '$clusterTime': {
    clusterTime: Timestamp({ t: 1782249739, i: 4 }),
    signature: {
      hash: Binary(Buffer.from("2a15ac264af80d91210390db12b023eec14157a3", "hex"), 0),
      keyId: Long("7654704299359862786")
    }
  },
  operationTime: Timestamp({ t: 1782249739, i: 4 })
}
Browserslist: caniuse-lite is outdated. Please run:
npx browserslist@latest --update-db

Why you should do it regularly:
https://github.com/browserslist/browserslist#browsers-data-updating

[precondition:mongo_env_ready:preconditionUnits[0] 'mongo_env_ready':apply] $ /bin/sh -c 'kubectl -n mongodb exec mongodb-replica-0 -- mongosh --quiet "mongodb://admin-user:admin123password@localhost:27017/admin" --eval '\''db.adminCommand({setFeatureCompatibilityVersion:"5.0"})'\'''

{
  ok: 1,
  '$clusterTime': {
    clusterTime: Timestamp({ t: 1782249739, i: 4 }),
    signature: {
      hash: Binary(Buffer.from("2a15ac264af80d91210390db12b023eec14157a3", "hex"), 0),
      keyId: Long("7654704299359862786")
    }
  },
  operationTime: Timestamp({ t: 1782249739, i: 4 })
}
Browserslist: caniuse-lite is outdated. Please run:
npx browserslist@latest --update-db

Why you should do it regularly:
https://github.com/browserslist/browserslist#browsers-data-updating

[precondition:mongo_env_ready:preconditionUnits[0] 'mongo_env_ready':apply] $ /bin/sh -c 'kubectl -n mongodb exec mongodb-replica-0 -- mongosh --quiet "mongodb://admin-user:admin123password@localhost:27017/admin" --eval '\''db.getSiblingDB("testdb").data.insertOne({version:"5.0",timestamp:new Date()})'\'''

{
  acknowledged: true,
  insertedId: ObjectId("6a3af9197b669f4d6afef8a5")
}
Browserslist: caniuse-lite is outdated. Please run:
npx browserslist@latest --update-db

Why you should do it regularly:
https://github.com/browserslist/browserslist#browsers-data-updating

[precondition:mongo_env_ready:preconditionUnits[0] 'mongo_env_ready':verify] $ kubectl -n mongodb get pods 2>/dev/null | grep -c Running
3

[precondition:admin_user_fixture:preconditionUnits[1] 'admin_user_fixture':probe] $ /bin/sh -c '
t=""; for cca in /etc/tls/ca.crt /etc/mongo-ca/ca.crt; do kubectl -n mongodb exec mongodb-replica-0 -- ls $cca >/dev/null 2>&1 && { t="--tls --tlsAllowInvalidHostnames --tlsAllowInvalidCertificates --tlsCAFile $cca"; break; }; done
pw=$(kubectl -n mongodb get secret admin-user-password -o jsonpath="{.data.password}" 2>/dev/null | base64 -d 2>/dev/null)
[ -n "$pw" ] || exit 1
kubectl -n mongodb exec mongodb-replica-0 -- mongosh --quiet $t "mongodb://admin-user:$pw@localhost:27017/admin" --eval "db.runCommand({ping:1}).ok" 2>/dev/null | grep -q 1
'


[precondition:mongo_old_version_baseline_ready:preconditionUnits[2] 'mongo_old_version_baseline_ready':probe] $ /bin/sh -c '
imgs=$(kubectl -n mongodb get sts mongodb-replica -o jsonpath="{.spec.template.spec.containers[0].image}" 2>/dev/null)
[ "$imgs" = "mongo:5.0.5" ]
'


[precondition:mongo_seed_fixture:preconditionUnits[3] 'mongo_seed_fixture':probe] $ /bin/sh -c 't=""; for cca in /etc/tls/ca.crt /etc/mongo-ca/ca.crt; do kubectl -n mongodb exec mongodb-replica-0 -- ls $cca >/dev/null 2>&1 && { t="--tls --tlsAllowInvalidHostnames --tlsAllowInvalidCertificates --tlsCAFile $cca"; break; }; done; pw=$(kubectl -n mongodb get secret admin-user-password -o jsonpath="{.data.password}" 2>/dev/null | base64 -d 2>/dev/null); pw=${pw:-admin123password}; n=$(P=""; for _pi in $(seq 1 30); do P=$(kubectl -n mongodb exec mongodb-replica-0 -- mongosh --quiet $t "mongodb://admin-user:$pw@localhost:27017/admin?directConnection=true" --eval '\''rs.hello().primary'\'' 2>/dev/null | cut -d. -f1); [ -n "$P" ] && break; sleep 2; done; P=${P:-mongodb-replica-0}; kubectl -n mongodb exec "$P" -- mongosh --quiet $t "mongodb://admin-user:$pw@localhost:27017/admin" --eval '\''db.getSiblingDB("testdb").data.countDocuments({})'\'' 2>/dev/null | tr -dc 0-9); [ "${n:-0}" -ge 1 ] && echo ok | grep -c ok'

1

