[precondition:mongo_env_ready:preconditionUnits[0] 'mongo_env_ready':probe] $ kubectl -n mongodb get pod mongodb-replica-0 2>/dev/null | grep -c Running
1

[precondition:admin_user_fixture:preconditionUnits[1] 'admin_user_fixture':probe] $ /bin/sh -c '
t=""; for cca in /etc/tls/ca.crt /etc/mongo-ca/ca.crt; do kubectl -n mongodb exec mongodb-replica-0 -- ls $cca >/dev/null 2>&1 && { t="--tls --tlsAllowInvalidHostnames --tlsAllowInvalidCertificates --tlsCAFile $cca"; break; }; done
pw=$(kubectl -n mongodb get secret admin-user-password -o jsonpath="{.data.password}" 2>/dev/null | base64 -d 2>/dev/null)
[ -n "$pw" ] || exit 1
kubectl -n mongodb exec mongodb-replica-0 -- mongosh --quiet $t "mongodb://admin-user:$pw@localhost:27017/admin" --eval "db.runCommand({ping:1}).ok" 2>/dev/null | grep -q 1
'


[precondition:mongo_seed_fixture:preconditionUnits[2] 'mongo_seed_fixture':probe] $ /bin/sh -c 't=""; for cca in /etc/tls/ca.crt /etc/mongo-ca/ca.crt; do kubectl -n mongodb exec mongodb-replica-0 -- ls $cca >/dev/null 2>&1 && { t="--tls --tlsAllowInvalidHostnames --tlsAllowInvalidCertificates --tlsCAFile $cca"; break; }; done; pw=$(kubectl -n mongodb get secret admin-user-password -o jsonpath="{.data.password}" 2>/dev/null | base64 -d 2>/dev/null); pw=${pw:-admin123password}; n=$(P=""; for _pi in $(seq 1 30); do P=$(kubectl -n mongodb exec mongodb-replica-0 -- mongosh --quiet $t "mongodb://admin-user:$pw@localhost:27017/admin?directConnection=true" --eval '\''rs.hello().primary'\'' 2>/dev/null | cut -d. -f1); [ -n "$P" ] && break; sleep 2; done; P=${P:-mongodb-replica-0}; kubectl -n mongodb exec "$P" -- mongosh --quiet $t "mongodb://admin-user:$pw@localhost:27017/admin" --eval '\''db.getSiblingDB("appdb").testdata.countDocuments({})'\'' 2>/dev/null | tr -dc 0-9); [ "${n:-0}" -ge 3 ] && echo ok | grep -c ok'


[precondition:mongo_seed_fixture:preconditionUnits[2] 'mongo_seed_fixture':apply] $ /bin/sh -c 'pw=$(kubectl -n mongodb get secret admin-user-password -o jsonpath="{.data.password}" 2>/dev/null | base64 -d 2>/dev/null); pw=${pw:-admin123password}; P=""; for _pi in $(seq 1 30); do P=$(kubectl -n mongodb exec mongodb-replica-0 -- mongosh --quiet "mongodb://admin-user:$pw@localhost:27017/admin?directConnection=true" --eval '\''rs.hello().primary'\'' 2>/dev/null | cut -d. -f1); [ -n "$P" ] && break; sleep 2; done; P=${P:-mongodb-replica-0}; kubectl -n mongodb exec "$P" -- mongosh --quiet "mongodb://admin-user:$pw@localhost:27017/admin" --eval '\''var c=db.getSiblingDB("appdb").testdata; var need=3-c.countDocuments({}); var docs=[]; for(var i=0;i<need;i++){docs.push({seed:"fixture",ts:new Date()});} if(docs.length>0){c.insertMany(docs,{writeConcern:{w:1}});}'\'''

{
  acknowledged: true,
  insertedIds: {
    '0': ObjectId("6a33f6d344b2430f6b06b7f9"),
    '1': ObjectId("6a33f6d344b2430f6b06b7fa"),
    '2': ObjectId("6a33f6d344b2430f6b06b7fb")
  }
}

[precondition:mongo_seed_fixture:preconditionUnits[2] 'mongo_seed_fixture':verify] $ /bin/sh -c 't=""; for cca in /etc/tls/ca.crt /etc/mongo-ca/ca.crt; do kubectl -n mongodb exec mongodb-replica-0 -- ls $cca >/dev/null 2>&1 && { t="--tls --tlsAllowInvalidHostnames --tlsAllowInvalidCertificates --tlsCAFile $cca"; break; }; done; pw=$(kubectl -n mongodb get secret admin-user-password -o jsonpath="{.data.password}" 2>/dev/null | base64 -d 2>/dev/null); pw=${pw:-admin123password}; n=$(P=""; for _pi in $(seq 1 30); do P=$(kubectl -n mongodb exec mongodb-replica-0 -- mongosh --quiet $t "mongodb://admin-user:$pw@localhost:27017/admin?directConnection=true" --eval '\''rs.hello().primary'\'' 2>/dev/null | cut -d. -f1); [ -n "$P" ] && break; sleep 2; done; P=${P:-mongodb-replica-0}; kubectl -n mongodb exec "$P" -- mongosh --quiet $t "mongodb://admin-user:$pw@localhost:27017/admin" --eval '\''db.getSiblingDB("appdb").testdata.countDocuments({})'\'' 2>/dev/null | tr -dc 0-9); [ "${n:-0}" -ge 3 ]'


[precondition:reporting_user_fixture:preconditionUnits[3] 'reporting_user_fixture':probe] $ /bin/sh -c 't=""; for cca in /etc/tls/ca.crt /etc/mongo-ca/ca.crt; do kubectl -n mongodb exec mongodb-replica-0 -- ls $cca >/dev/null 2>&1 && { t="--tls --tlsAllowInvalidHostnames --tlsAllowInvalidCertificates --tlsCAFile $cca"; break; }; done; kubectl -n mongodb get secret reporting-user-password >/dev/null 2>&1 || exit 1; pw=$(kubectl -n mongodb get secret admin-user-password -o jsonpath="{.data.password}" 2>/dev/null | base64 -d 2>/dev/null); pw=${pw:-admin123password}; P=""; for _pi in $(seq 1 30); do P=$(kubectl -n mongodb exec mongodb-replica-0 -- mongosh --quiet $t "mongodb://admin-user:$pw@localhost:27017/admin?directConnection=true" --eval '\''rs.hello().primary'\'' 2>/dev/null | cut -d. -f1); [ -n "$P" ] && break; sleep 2; done; P=${P:-mongodb-replica-0}; kubectl -n mongodb exec "$P" -- mongosh --quiet $t "mongodb://admin-user:$pw@localhost:27017/admin" --eval '\''db.getSiblingDB("admin").getUser("reporting-user")?quit(0):quit(1)'\'' >/dev/null 2>&1'


[precondition:app_rotation_secrets_fixture:preconditionUnits[4] 'app_rotation_secrets_fixture':probe] $ kubectl -n mongodb get secret app-user-password-old
Error from server (NotFound): secrets "app-user-password-old" not found

[precondition:app_rotation_secrets_fixture:preconditionUnits[4] 'app_rotation_secrets_fixture':apply] $ /bin/sh -c 'op=$(kubectl -n mongodb get secret app-user-password -o jsonpath="{.data.password}" 2>/dev/null | base64 -d 2>/dev/null); op=${op:-appuser123password}; kubectl -n mongodb create secret generic app-user-password-old --from-literal=password="$op" --dry-run=client -o yaml | kubectl apply -f -'
secret/app-user-password-old created

[precondition:app_rotation_secrets_fixture:preconditionUnits[4] 'app_rotation_secrets_fixture':apply] $ /bin/sh -c 'kubectl -n mongodb get secret app-user-password-next >/dev/null 2>&1 || kubectl -n mongodb create secret generic app-user-password-next --from-literal=password=newAppUserPassword456 --dry-run=client -o yaml | kubectl apply -f -'
secret/app-user-password-next created

[precondition:app_rotation_secrets_fixture:preconditionUnits[4] 'app_rotation_secrets_fixture':verify] $ /bin/sh -c 'kubectl -n mongodb get secret app-user-password-old >/dev/null 2>&1; true'

