[precondition:rabbitmq_secrets_ready:preconditionUnits[0] 'rabbitmq_secrets_ready':probe] $ /bin/sh -c 'set -e; kubectl -n ${BENCH_NAMESPACE} get secret rabbitmq-erlang-cookie >/dev/null; kubectl -n ${BENCH_NAMESPACE} get secret rabbitmq-admin >/dev/null'

[precondition:rbac_ready:preconditionUnits[1] 'rbac_ready':probe] $ kubectl -n ${BENCH_NAMESPACE} get sa rabbitmq
NAME       SECRETS   AGE
rabbitmq   0         3m8s

[precondition:config_ready:preconditionUnits[2] 'config_ready':probe] $ kubectl -n ${BENCH_NAMESPACE} get configmap rabbitmq-config
NAME              DATA   AGE
rabbitmq-config   2      3m7s

[precondition:services_ready:preconditionUnits[3] 'services_ready':probe] $ /bin/sh -c 'set -e; kubectl -n ${BENCH_NAMESPACE} get svc rabbitmq >/dev/null; kubectl -n ${BENCH_NAMESPACE} get svc rabbitmq-headless >/dev/null'

[precondition:rabbitmq_statefulset_present:preconditionUnits[4] 'rabbitmq_statefulset_present':probe] $ kubectl -n ${BENCH_NAMESPACE} get sts rabbitmq
NAME       READY   AGE
rabbitmq   3/3     3m3s

[precondition:rabbitmq_cluster_ready:preconditionUnits[5] 'rabbitmq_cluster_ready':probe] $ /bin/sh -c 'set -e; [ "$(kubectl -n ${BENCH_NAMESPACE} get sts rabbitmq -o jsonpath="{.status.readyReplicas}")" = "3" ]'

[precondition:setup_job_completed:preconditionUnits[6] 'setup_job_completed':probe] $ python3 cases/rabbitmq/manual_skip_upgrade/setup_precondition_check.py --namespace ${BENCH_NAMESPACE} --cluster-prefix rabbitmq --bootstrap-only
setup-precondition-check: ok

[precondition:curl_test_ready:preconditionUnits[7] 'curl_test_ready':probe] $ kubectl -n ${BENCH_NAMESPACE} wait --for=condition=ready pod -l app=curl-test --timeout=3s
pod/curl-test condition met

[precondition:skip_upgrade_baseline_ready:preconditionUnits[8] 'skip_upgrade_baseline_ready':probe] $ python3 cases/rabbitmq/manual_skip_upgrade/setup_precondition_check.py --namespace ${BENCH_NAMESPACE} --min-ready 3 --cluster-prefix rabbitmq --from-version 3.9
setup-precondition-check: failed
 - expected baseline image prefix 'rabbitmq:3.9' before upgrade, got rabbitmq:3.12-management

[precondition:skip_upgrade_baseline_ready:preconditionUnits[8] 'skip_upgrade_baseline_ready':probe] $ python3 cases/rabbitmq/manual_skip_upgrade/setup_precondition_check.py --namespace ${BENCH_NAMESPACE} --min-ready 3 --cluster-prefix rabbitmq --from-version 3.9
setup-precondition-check: failed
 - expected baseline image prefix 'rabbitmq:3.9' before upgrade, got rabbitmq:3.12-management

[precondition:skip_upgrade_baseline_ready:preconditionUnits[8] 'skip_upgrade_baseline_ready':probe] $ python3 cases/rabbitmq/manual_skip_upgrade/setup_precondition_check.py --namespace ${BENCH_NAMESPACE} --min-ready 3 --cluster-prefix rabbitmq --from-version 3.9
setup-precondition-check: failed
 - expected baseline image prefix 'rabbitmq:3.9' before upgrade, got rabbitmq:3.12-management

[precondition:skip_upgrade_baseline_ready:preconditionUnits[8] 'skip_upgrade_baseline_ready':probe] $ python3 cases/rabbitmq/manual_skip_upgrade/setup_precondition_check.py --namespace ${BENCH_NAMESPACE} --min-ready 3 --cluster-prefix rabbitmq --from-version 3.9
setup-precondition-check: failed
 - expected baseline image prefix 'rabbitmq:3.9' before upgrade, got rabbitmq:3.12-management

[precondition:skip_upgrade_baseline_ready:preconditionUnits[8] 'skip_upgrade_baseline_ready':probe] $ python3 cases/rabbitmq/manual_skip_upgrade/setup_precondition_check.py --namespace ${BENCH_NAMESPACE} --min-ready 3 --cluster-prefix rabbitmq --from-version 3.9
setup-precondition-check: failed
 - expected baseline image prefix 'rabbitmq:3.9' before upgrade, got rabbitmq:3.12-management

[precondition:skip_upgrade_baseline_ready:preconditionUnits[8] 'skip_upgrade_baseline_ready':probe] $ python3 cases/rabbitmq/manual_skip_upgrade/setup_precondition_check.py --namespace ${BENCH_NAMESPACE} --min-ready 3 --cluster-prefix rabbitmq --from-version 3.9
setup-precondition-check: failed
 - expected baseline image prefix 'rabbitmq:3.9' before upgrade, got rabbitmq:3.12-management

[precondition:skip_upgrade_baseline_ready:preconditionUnits[8] 'skip_upgrade_baseline_ready':probe] $ python3 cases/rabbitmq/manual_skip_upgrade/setup_precondition_check.py --namespace ${BENCH_NAMESPACE} --min-ready 3 --cluster-prefix rabbitmq --from-version 3.9
setup-precondition-check: failed
 - expected baseline image prefix 'rabbitmq:3.9' before upgrade, got rabbitmq:3.12-management

[precondition:skip_upgrade_baseline_ready:preconditionUnits[8] 'skip_upgrade_baseline_ready':probe] $ python3 cases/rabbitmq/manual_skip_upgrade/setup_precondition_check.py --namespace ${BENCH_NAMESPACE} --min-ready 3 --cluster-prefix rabbitmq --from-version 3.9
setup-precondition-check: failed
 - expected baseline image prefix 'rabbitmq:3.9' before upgrade, got rabbitmq:3.12-management

[precondition:skip_upgrade_baseline_ready:preconditionUnits[8] 'skip_upgrade_baseline_ready':probe] $ python3 cases/rabbitmq/manual_skip_upgrade/setup_precondition_check.py --namespace ${BENCH_NAMESPACE} --min-ready 3 --cluster-prefix rabbitmq --from-version 3.9
setup-precondition-check: failed
 - expected baseline image prefix 'rabbitmq:3.9' before upgrade, got rabbitmq:3.12-management

[precondition:skip_upgrade_baseline_ready:preconditionUnits[8] 'skip_upgrade_baseline_ready':probe] $ python3 cases/rabbitmq/manual_skip_upgrade/setup_precondition_check.py --namespace ${BENCH_NAMESPACE} --min-ready 3 --cluster-prefix rabbitmq --from-version 3.9
setup-precondition-check: failed
 - expected baseline image prefix 'rabbitmq:3.9' before upgrade, got rabbitmq:3.12-management

[precondition:skip_upgrade_baseline_ready:preconditionUnits[8] 'skip_upgrade_baseline_ready':probe] $ python3 cases/rabbitmq/manual_skip_upgrade/setup_precondition_check.py --namespace ${BENCH_NAMESPACE} --min-ready 3 --cluster-prefix rabbitmq --from-version 3.9
setup-precondition-check: failed
 - expected baseline image prefix 'rabbitmq:3.9' before upgrade, got rabbitmq:3.12-management

[precondition:skip_upgrade_baseline_ready:preconditionUnits[8] 'skip_upgrade_baseline_ready':probe] $ python3 cases/rabbitmq/manual_skip_upgrade/setup_precondition_check.py --namespace ${BENCH_NAMESPACE} --min-ready 3 --cluster-prefix rabbitmq --from-version 3.9
setup-precondition-check: failed
 - expected baseline image prefix 'rabbitmq:3.9' before upgrade, got rabbitmq:3.12-management

[precondition:skip_upgrade_baseline_ready:preconditionUnits[8] 'skip_upgrade_baseline_ready':probe] $ python3 cases/rabbitmq/manual_skip_upgrade/setup_precondition_check.py --namespace ${BENCH_NAMESPACE} --min-ready 3 --cluster-prefix rabbitmq --from-version 3.9
setup-precondition-check: failed
 - expected baseline image prefix 'rabbitmq:3.9' before upgrade, got rabbitmq:3.12-management

[precondition:skip_upgrade_baseline_ready:preconditionUnits[8] 'skip_upgrade_baseline_ready':probe] $ python3 cases/rabbitmq/manual_skip_upgrade/setup_precondition_check.py --namespace ${BENCH_NAMESPACE} --min-ready 3 --cluster-prefix rabbitmq --from-version 3.9
setup-precondition-check: failed
 - expected baseline image prefix 'rabbitmq:3.9' before upgrade, got rabbitmq:3.12-management

[precondition:skip_upgrade_baseline_ready:preconditionUnits[8] 'skip_upgrade_baseline_ready':probe] $ python3 cases/rabbitmq/manual_skip_upgrade/setup_precondition_check.py --namespace ${BENCH_NAMESPACE} --min-ready 3 --cluster-prefix rabbitmq --from-version 3.9
setup-precondition-check: failed
 - expected baseline image prefix 'rabbitmq:3.9' before upgrade, got rabbitmq:3.12-management

[precondition:skip_upgrade_baseline_ready:preconditionUnits[8] 'skip_upgrade_baseline_ready':probe] $ python3 cases/rabbitmq/manual_skip_upgrade/setup_precondition_check.py --namespace ${BENCH_NAMESPACE} --min-ready 3 --cluster-prefix rabbitmq --from-version 3.9
setup-precondition-check: failed
 - expected baseline image prefix 'rabbitmq:3.9' before upgrade, got rabbitmq:3.12-management

[precondition:skip_upgrade_baseline_ready:preconditionUnits[8] 'skip_upgrade_baseline_ready':probe] $ python3 cases/rabbitmq/manual_skip_upgrade/setup_precondition_check.py --namespace ${BENCH_NAMESPACE} --min-ready 3 --cluster-prefix rabbitmq --from-version 3.9
setup-precondition-check: failed
 - expected baseline image prefix 'rabbitmq:3.9' before upgrade, got rabbitmq:3.12-management

[precondition:skip_upgrade_baseline_ready:preconditionUnits[8] 'skip_upgrade_baseline_ready':probe] $ python3 cases/rabbitmq/manual_skip_upgrade/setup_precondition_check.py --namespace ${BENCH_NAMESPACE} --min-ready 3 --cluster-prefix rabbitmq --from-version 3.9
setup-precondition-check: failed
 - expected baseline image prefix 'rabbitmq:3.9' before upgrade, got rabbitmq:3.12-management

[precondition:skip_upgrade_baseline_ready:preconditionUnits[8] 'skip_upgrade_baseline_ready':probe] $ python3 cases/rabbitmq/manual_skip_upgrade/setup_precondition_check.py --namespace ${BENCH_NAMESPACE} --min-ready 3 --cluster-prefix rabbitmq --from-version 3.9
setup-precondition-check: failed
 - expected baseline image prefix 'rabbitmq:3.9' before upgrade, got rabbitmq:3.12-management

[precondition:skip_upgrade_baseline_ready:preconditionUnits[8] 'skip_upgrade_baseline_ready':probe] $ python3 cases/rabbitmq/manual_skip_upgrade/setup_precondition_check.py --namespace ${BENCH_NAMESPACE} --min-ready 3 --cluster-prefix rabbitmq --from-version 3.9
setup-precondition-check: failed
 - expected baseline image prefix 'rabbitmq:3.9' before upgrade, got rabbitmq:3.12-management

[precondition:skip_upgrade_baseline_ready:preconditionUnits[8] 'skip_upgrade_baseline_ready':probe] $ python3 cases/rabbitmq/manual_skip_upgrade/setup_precondition_check.py --namespace ${BENCH_NAMESPACE} --min-ready 3 --cluster-prefix rabbitmq --from-version 3.9
setup-precondition-check: failed
 - expected baseline image prefix 'rabbitmq:3.9' before upgrade, got rabbitmq:3.12-management

[precondition:skip_upgrade_baseline_ready:preconditionUnits[8] 'skip_upgrade_baseline_ready':probe] $ python3 cases/rabbitmq/manual_skip_upgrade/setup_precondition_check.py --namespace ${BENCH_NAMESPACE} --min-ready 3 --cluster-prefix rabbitmq --from-version 3.9
setup-precondition-check: failed
 - expected baseline image prefix 'rabbitmq:3.9' before upgrade, got rabbitmq:3.12-management

[precondition:skip_upgrade_baseline_ready:preconditionUnits[8] 'skip_upgrade_baseline_ready':probe] $ python3 cases/rabbitmq/manual_skip_upgrade/setup_precondition_check.py --namespace ${BENCH_NAMESPACE} --min-ready 3 --cluster-prefix rabbitmq --from-version 3.9
setup-precondition-check: failed
 - expected baseline image prefix 'rabbitmq:3.9' before upgrade, got rabbitmq:3.12-management

[precondition:skip_upgrade_baseline_ready:preconditionUnits[8] 'skip_upgrade_baseline_ready':probe] $ python3 cases/rabbitmq/manual_skip_upgrade/setup_precondition_check.py --namespace ${BENCH_NAMESPACE} --min-ready 3 --cluster-prefix rabbitmq --from-version 3.9
setup-precondition-check: failed
 - expected baseline image prefix 'rabbitmq:3.9' before upgrade, got rabbitmq:3.12-management

