[precondition:es_env_ready:preconditionUnits[0] 'es_env_ready':probe] $ /bin/sh -c 'kubectl -n elasticsearch get sts es-cluster >/dev/null 2>&1 && kubectl -n elasticsearch get svc es-http >/dev/null 2>&1 && [ "$(kubectl -n elasticsearch get pods -l app=es-cluster --field-selector=status.phase=Running 2>/dev/null | grep -c Running)" -ge 1 ]'

[precondition:es_env_ready:preconditionUnits[0] 'es_env_ready':apply] $ /bin/sh -c 'kubectl delete namespace elasticsearch --ignore-not-found=true --wait=false; kubectl wait --for=delete namespace/elasticsearch --timeout=400s || true'
namespace "elasticsearch" deleted
namespace/elasticsearch condition met

[precondition:es_env_ready:preconditionUnits[0] 'es_env_ready':apply] $ kubectl create namespace elasticsearch
namespace/elasticsearch created

[precondition:es_env_ready:preconditionUnits[0] 'es_env_ready':apply] $ kubectl -n elasticsearch apply -f cases/elasticsearch/seed-hosts-repair/resource/
configmap/es-config created
pod/curl-test created
service/es-cluster created
service/es-http created
statefulset.apps/es-cluster created

[precondition:es_env_ready:preconditionUnits[0] 'es_env_ready':apply] $ kubectl -n elasticsearch wait --for=condition=ready pod -l app=es-cluster --timeout=600s
pod/es-cluster-0 condition met
pod/es-cluster-1 condition met
pod/es-cluster-2 condition met

[precondition:es_env_ready:preconditionUnits[0] 'es_env_ready':apply] $ kubectl -n elasticsearch wait --for=condition=ready pod/curl-test --timeout=300s
pod/curl-test condition met

[precondition:es_env_ready:preconditionUnits[0] 'es_env_ready':apply] $ /bin/sh -c 'for i in $(seq 1 30); do kubectl -n elasticsearch exec curl-test -- curl -s --max-time 5 "http://es-http.elasticsearch.svc:9200/_cluster/health?wait_for_status=yellow&timeout=5s" | grep -q "\"status\"" && exit 0; sleep 2; done; exit 1'
command terminated with exit code 28
command terminated with exit code 28
command terminated with exit code 28
command terminated with exit code 28

[precondition:es_env_ready:preconditionUnits[0] 'es_env_ready':apply] $ /bin/sh -c 'kubectl -n elasticsearch exec curl-test -- curl -s -XPUT "http://es-http.elasticsearch.svc:9200/app-data" -H "Content-Type: application/json" -d "{\"settings\":{\"number_of_shards\":1,\"number_of_replicas\":1}}"; kubectl -n elasticsearch exec curl-test -- curl -s -XPOST "http://es-http.elasticsearch.svc:9200/app-data/_doc" -H "Content-Type: application/json" -d "{\"msg\":\"seed\"}"'
{"error":{"root_cause":[{"type":"process_cluster_event_timeout_exception","reason":"failed to process cluster event (create-index [app-data], cause [api]) within 30s"}],"type":"process_cluster_event_timeout_exception","reason":"failed to process cluster event (create-index [app-data], cause [api]) within 30s"},"status":503}{"_index":"app-data","_type":"_doc","_id":"sqJx-J4BWAW72Z1__bXh","_version":1,"result":"created","_shards":{"total":2,"successful":1,"failed":0},"_seq_no":0,"_primary_term":1}
[precondition:es_env_ready:preconditionUnits[0] 'es_env_ready':apply] $ /bin/sh -c 'kubectl -n elasticsearch apply -f - <<EOF
apiVersion: v1
kind: ConfigMap
metadata:
  name: es-config
  namespace: elasticsearch
data:
  elasticsearch.yml: |
    cluster.name: es-cluster
    node.name: ${POD_NAME}
    node.roles: [ master, data, ingest ]
    network.host: 0.0.0.0
    discovery.seed_hosts:
      - es-cluster-0.es-cluster.default.svc.cluster.local
      - es-cluster-1.es-cluster.default.svc.cluster.local
      - es-cluster-2.es-cluster.default.svc.cluster.local
    cluster.initial_master_nodes:
      - es-cluster-0
      - es-cluster-1
      - es-cluster-2
    node.store.allow_mmap: false
    xpack.security.enabled: false
    xpack.security.http.ssl.enabled: false
    xpack.security.transport.ssl.enabled: false
EOF'
configmap/es-config configured

[precondition:es_env_ready:preconditionUnits[0] 'es_env_ready':apply] $ /bin/sh -c 'kubectl -n elasticsearch scale sts/es-cluster --replicas=2; kubectl -n elasticsearch wait --for=delete pod/es-cluster-2 --timeout=300s || true; kubectl -n elasticsearch delete pvc data-es-cluster-2; kubectl -n elasticsearch wait --for=delete pvc/data-es-cluster-2 --timeout=300s || true; kubectl -n elasticsearch scale sts/es-cluster --replicas=3'
statefulset.apps/es-cluster scaled
pod/es-cluster-2 condition met
persistentvolumeclaim "data-es-cluster-2" deleted
statefulset.apps/es-cluster scaled

[precondition:es_env_ready:preconditionUnits[0] 'es_env_ready':apply] $ /bin/sh -c 'for i in $(seq 1 30); do count=$(kubectl -n elasticsearch exec curl-test -- curl -s --max-time 5 "http://es-http.elasticsearch.svc:9200/_cat/nodes?h=name" | wc -l | tr -d " "); if [ "${count}" -eq 2 ]; then exit 0; fi; sleep 2; done; exit 1'

[precondition:es_env_ready:preconditionUnits[0] 'es_env_ready':verify] $ kubectl -n elasticsearch get pods 2>/dev/null | grep -c Running
3

[precondition:seed_hosts_index_fixture:preconditionUnits[1] 'seed_hosts_index_fixture':probe] $ /bin/sh -c 'pw=$(kubectl -n elasticsearch get secret elastic-password -o jsonpath="{.data.password}" 2>/dev/null | base64 -d 2>/dev/null); A=""; [ -n "$pw" ] && A="-u elastic:$pw"; kubectl -n elasticsearch exec curl-test -- curl -sk $A --max-time 5 "http://es-http.elasticsearch.svc:9200/app-data/_count" 2>/dev/null | grep -q "\"count\""'

