[precondition:es_env_ready:preconditionUnits[0] 'es_env_ready':probe] $ kubectl -n elasticsearch get pods 2>/dev/null | grep -c Running
0

[precondition:es_env_ready:preconditionUnits[0] 'es_env_ready':apply] $ /bin/sh -c 'kubectl delete namespace elasticsearch --ignore-not-found=true --wait=false; kubectl wait --for=delete namespace/elasticsearch --timeout=400s || true'
namespace "elasticsearch" deleted
namespace/elasticsearch condition met

[precondition:es_env_ready:preconditionUnits[0] 'es_env_ready':apply] $ kubectl create namespace elasticsearch
namespace/elasticsearch created

[precondition:es_env_ready:preconditionUnits[0] 'es_env_ready':apply] $ kubectl -n elasticsearch apply -f cases/elasticsearch/scale-up-new-nodeset/resource/
configmap/es-config created
pod/curl-test created
service/es-cluster created
service/es-http created
statefulset.apps/es-cluster created

[precondition:es_env_ready:preconditionUnits[0] 'es_env_ready':apply] $ kubectl -n elasticsearch wait --for=condition=ready pod -l app=es-cluster --timeout=600s
pod/es-cluster-0 condition met

[precondition:es_env_ready:preconditionUnits[0] 'es_env_ready':apply] $ kubectl -n elasticsearch wait --for=condition=ready pod/curl-test --timeout=300s
pod/curl-test condition met

[precondition:es_env_ready:preconditionUnits[0] 'es_env_ready':apply] $ /bin/sh -c 'for i in $(seq 1 30); do kubectl -n elasticsearch exec curl-test -- curl -s --max-time 5 "http://es-http.elasticsearch.svc:9200/_cluster/health?wait_for_status=yellow&timeout=10s" | grep -q "\"status\"" && exit 0; sleep 2; done; exit 1'
command terminated with exit code 28
command terminated with exit code 28
command terminated with exit code 28

[precondition:es_env_ready:preconditionUnits[0] 'es_env_ready':apply] $ /bin/sh -c 'kubectl -n elasticsearch exec curl-test -- curl -s -XPUT "http://es-http.elasticsearch.svc:9200/audit-index" -H "Content-Type: application/json" -d "{\"settings\":{\"number_of_shards\":3,\"number_of_replicas\":1}}"; kubectl -n elasticsearch exec curl-test -- curl -s -XPUT "http://es-http.elasticsearch.svc:9200/audit-index/_settings" -H "Content-Type: application/json" -d "{\"index.routing.allocation.require.tier\":\"hot\"}"'
{"acknowledged":true,"shards_acknowledged":true,"index":"audit-index"}{"acknowledged":true}
[precondition:es_env_ready:preconditionUnits[0] 'es_env_ready':verify] $ kubectl -n elasticsearch get pods 2>/dev/null | grep -c Running
4

