[precondition:es_env_ready:preconditionUnits[0] 'es_env_ready':probe] $ kubectl -n elasticsearch get pods 2>/dev/null | grep -c Running
0

[precondition:es_env_ready:preconditionUnits[0] 'es_env_ready':apply] $ /bin/sh -c 'kubectl delete namespace elasticsearch --ignore-not-found=true --wait=false; kubectl wait --for=delete namespace/elasticsearch --timeout=400s || true'

[precondition:es_env_ready:preconditionUnits[0] 'es_env_ready':apply] $ kubectl create namespace elasticsearch
namespace/elasticsearch created

[precondition:es_env_ready:preconditionUnits[0] 'es_env_ready':apply] $ kubectl -n elasticsearch apply -f cases/elasticsearch/snapshot-repo-setup/resource/
configmap/es-config created
pod/curl-test created
secret/es-secure-settings created
job.batch/minio-init created
secret/minio-root created
deployment.apps/minio created
service/es-cluster created
service/es-http created
service/minio created
statefulset.apps/es-cluster created

[precondition:es_env_ready:preconditionUnits[0] 'es_env_ready':apply] $ kubectl -n elasticsearch wait --for=condition=ready pod -l app=minio --timeout=300s
pod/minio-6866497fcb-67zg9 condition met

[precondition:es_env_ready:preconditionUnits[0] 'es_env_ready':apply] $ kubectl -n elasticsearch wait --for=condition=complete job/minio-init --timeout=300s
job.batch/minio-init condition met

[precondition:es_env_ready:preconditionUnits[0] 'es_env_ready':apply] $ kubectl -n elasticsearch wait --for=condition=ready pod -l app=es-cluster --timeout=600s
pod/es-cluster-0 condition met
pod/es-cluster-1 condition met
pod/es-cluster-2 condition met

[precondition:es_env_ready:preconditionUnits[0] 'es_env_ready':apply] $ kubectl -n elasticsearch wait --for=condition=ready pod/curl-test --timeout=300s
pod/curl-test condition met

[precondition:es_env_ready:preconditionUnits[0] 'es_env_ready':apply] $ /bin/sh -c '
for i in $(seq 1 30); do
  kubectl -n elasticsearch exec curl-test -- curl -s --max-time 5 "http://es-http.elasticsearch.svc:9200/_cluster/health?wait_for_status=yellow&timeout=10s" | grep -q status && exit 0
  sleep 2
done
exit 1
'

command terminated with exit code 28
command terminated with exit code 28
command terminated with exit code 28

[precondition:es_env_ready:preconditionUnits[0] 'es_env_ready':verify] $ kubectl -n elasticsearch get pods 2>/dev/null | grep -c Running
5

[precondition:s3_keystore_fixture:preconditionUnits[1] 's3_keystore_fixture':probe] $ /bin/sh -c 'p=$(kubectl -n elasticsearch get pods -l app=es-cluster -o jsonpath="{.items[0].metadata.name}" 2>/dev/null); [ -n "$p" ] || exit 1; kubectl -n elasticsearch exec "$p" -- /usr/share/elasticsearch/bin/elasticsearch-keystore list 2>/dev/null | grep -q s3.client.default.access_key'


[precondition:s3_keystore_fixture:preconditionUnits[1] 's3_keystore_fixture':apply] $ /bin/sh -c 'kubectl -n elasticsearch get pod -l app=minio 2>/dev/null | grep -q . || { kubectl -n elasticsearch apply -f cases/elasticsearch/snapshot-repo-setup/resource/minio-secret.yaml; kubectl -n elasticsearch apply -f cases/elasticsearch/snapshot-repo-setup/resource/minio.yaml; kubectl -n elasticsearch apply -f cases/elasticsearch/snapshot-repo-setup/resource/minio-init-job.yaml; }'

[precondition:s3_keystore_fixture:preconditionUnits[1] 's3_keystore_fixture':apply] $ /bin/sh -c 'kubectl -n elasticsearch wait --for=condition=ready pod -l app=minio --timeout=300s || true'
pod/minio-6866497fcb-67zg9 condition met

[precondition:s3_keystore_fixture:preconditionUnits[1] 's3_keystore_fixture':apply] $ /bin/sh -c 'kubectl -n elasticsearch wait --for=condition=complete job/minio-init --timeout=200s || true'
job.batch/minio-init condition met

[precondition:s3_keystore_fixture:preconditionUnits[1] 's3_keystore_fixture':apply] $ /bin/sh -c 'for p in $(kubectl -n elasticsearch get pods -l app=es-cluster -o jsonpath="{.items[*].metadata.name}"); do kubectl -n elasticsearch exec "$p" -- /bin/sh -c "printf %s minioadmin | /usr/share/elasticsearch/bin/elasticsearch-keystore add -f -x s3.client.default.access_key; printf %s minioadmin | /usr/share/elasticsearch/bin/elasticsearch-keystore add -f -x s3.client.default.secret_key" >/dev/null 2>&1 || true; done'


[precondition:s3_keystore_fixture:preconditionUnits[1] 's3_keystore_fixture':apply] $ /bin/sh -c 'pw=$(kubectl -n elasticsearch get secret elastic-password -o jsonpath="{.data.password}" 2>/dev/null | base64 -d 2>/dev/null); pw=${pw:-elasticpass}; kubectl -n elasticsearch exec curl-test -- curl -s -k -u elastic:$pw -X POST "http://es-http.elasticsearch.svc:9200/_nodes/reload_secure_settings" >/dev/null 2>&1 || true'


[precondition:s3_keystore_fixture:preconditionUnits[1] 's3_keystore_fixture':verify] $ /bin/sh -c 'true'

