[judge] run nginx-ingress-15-e2e-five-stage-adversary-20260709_232235-3b5a
[judge] scoring 5 stage(s); 5 passed the oracle -- grading each against the rubric
[judge]   grading stage_01 against the rubric...
[judge]     - validity: 90%
[judge]     - path_sensibility: 100%
[judge]     - tool_reasonability: 100%
[judge]     - simplicity: 100%
[judge]   rubric stage_01 -> 0.965
[judge]   grading stage_02 against the rubric...
[judge]     - validity: 60%
[judge]     - path_sensibility: 85%
[judge]     - tool_reasonability: 90%
[judge]     - simplicity: 95%
[judge]   rubric stage_02 -> 0.792
[judge]   grading stage_03 against the rubric...
[judge]     - validity: 100%
[judge]     - path_sensibility: 100%
[judge]     - tool_reasonability: 100%
[judge]     - simplicity: 100%
[judge]   rubric stage_03 -> 1.0
[judge]   grading stage_04 against the rubric...
[judge]     - validity: 90%
[judge]     - path_sensibility: 85%
[judge]     - tool_reasonability: 100%
[judge]     - simplicity: 100%
[judge]   rubric stage_04 -> 0.928
[judge]   grading stage_05 against the rubric...
[judge]     - validity: 100%
[judge]     - path_sensibility: 90%
[judge]     - tool_reasonability: 100%
[judge]     - simplicity: 100%
[judge]   rubric stage_05 -> 0.975
[judge] 5/5 stages passed -> base score 93.2 (rubric-scored)
[judge] regression sweep clean -> 93.2
