[precondition:spark_env_ready:preconditionUnits[0] 'spark_env_ready':probe] $ kubectl -n spark-streaming get pods 2>/dev/null | grep -c Running
0

[precondition:spark_env_ready:preconditionUnits[0] 'spark_env_ready':apply] $ kubectl delete namespace spark-streaming --ignore-not-found=true --wait=false

[precondition:spark_env_ready:preconditionUnits[0] 'spark_env_ready':apply] $ /bin/sh -c 'kubectl wait --for=delete namespace/spark-streaming --timeout=300s 2>/dev/null || true'

[precondition:spark_env_ready:preconditionUnits[0] 'spark_env_ready':apply] $ kubectl apply -f cases/spark/spark_streaming_autoscale/resource/namespace.yaml
namespace/spark-streaming created

[precondition:spark_env_ready:preconditionUnits[0] 'spark_env_ready':apply] $ kubectl apply -f cases/spark/spark_streaming_autoscale/resource/rbac.yaml
serviceaccount/spark created
role.rbac.authorization.k8s.io/spark-role created
rolebinding.rbac.authorization.k8s.io/spark-role-binding created

[precondition:spark_env_ready:preconditionUnits[0] 'spark_env_ready':apply] $ kubectl apply -f cases/spark/spark_streaming_autoscale/resource/spark-cluster.yaml
service/spark-master created
deployment.apps/spark-master created
deployment.apps/spark-worker created

[precondition:spark_env_ready:preconditionUnits[0] 'spark_env_ready':apply] $ kubectl apply -f cases/spark/spark_streaming_autoscale/resource/traffic-generator.yaml
deployment.apps/traffic-generator created
deployment.apps/metrics-server created

[precondition:spark_env_ready:preconditionUnits[0] 'spark_env_ready':verify] $ kubectl -n spark-streaming rollout status deployment/spark-master --timeout=180s
Waiting for deployment "spark-master" rollout to finish: 0 of 1 updated replicas are available...
deployment "spark-master" successfully rolled out

[precondition:spark_env_ready:preconditionUnits[0] 'spark_env_ready':verify] $ kubectl -n spark-streaming rollout status deployment/spark-worker --timeout=180s
Waiting for deployment "spark-worker" rollout to finish: 1 of 5 updated replicas are available...
Waiting for deployment "spark-worker" rollout to finish: 2 of 5 updated replicas are available...
Waiting for deployment "spark-worker" rollout to finish: 3 of 5 updated replicas are available...
Waiting for deployment "spark-worker" rollout to finish: 4 of 5 updated replicas are available...
deployment "spark-worker" successfully rolled out

[precondition:spark_env_ready:preconditionUnits[0] 'spark_env_ready':verify] $ kubectl -n spark-streaming get pods 2>/dev/null | grep -c Running
7

