[precondition:es_env_ready:preconditionUnits[0] 'es_env_ready':probe] $ kubectl -n elasticsearch get pods 2>/dev/null | grep -c Running
0

[precondition:es_env_ready:preconditionUnits[0] 'es_env_ready':apply] $ /bin/sh -c 'kubectl delete namespace elasticsearch --ignore-not-found=true --wait=false; kubectl wait --for=delete namespace/elasticsearch --timeout=400s || true'

[precondition:es_env_ready:preconditionUnits[0] 'es_env_ready':apply] $ kubectl create namespace ingress-nginx
namespace/ingress-nginx created

[precondition:es_env_ready:preconditionUnits[0] 'es_env_ready':apply] $ kubectl apply -f https://raw.githubusercontent.com/kubernetes/ingress-nginx/main/deploy/static/provider/kind/deploy.yaml
namespace/ingress-nginx configured
serviceaccount/ingress-nginx created
serviceaccount/ingress-nginx-admission created
role.rbac.authorization.k8s.io/ingress-nginx created
role.rbac.authorization.k8s.io/ingress-nginx-admission created
clusterrole.rbac.authorization.k8s.io/ingress-nginx configured
clusterrole.rbac.authorization.k8s.io/ingress-nginx-admission configured
rolebinding.rbac.authorization.k8s.io/ingress-nginx created
rolebinding.rbac.authorization.k8s.io/ingress-nginx-admission created
clusterrolebinding.rbac.authorization.k8s.io/ingress-nginx configured
clusterrolebinding.rbac.authorization.k8s.io/ingress-nginx-admission configured
configmap/ingress-nginx-controller created
service/ingress-nginx-controller created
service/ingress-nginx-controller-admission created
deployment.apps/ingress-nginx-controller created
job.batch/ingress-nginx-admission-create created
job.batch/ingress-nginx-admission-patch created
ingressclass.networking.k8s.io/nginx configured
validatingwebhookconfiguration.admissionregistration.k8s.io/ingress-nginx-admission configured
Warning: resource namespaces/ingress-nginx is missing the kubectl.kubernetes.io/last-applied-configuration annotation which is required by kubectl apply. kubectl apply should only be used on resources created declaratively by either kubectl create --save-config or kubectl apply. The missing annotation will be patched automatically.

[precondition:es_env_ready:preconditionUnits[0] 'es_env_ready':apply] $ kubectl -n ingress-nginx rollout status deploy/ingress-nginx-controller --timeout=120s
Waiting for deployment "ingress-nginx-controller" rollout to finish: 0 of 1 updated replicas are available...
deployment "ingress-nginx-controller" successfully rolled out

[precondition:es_env_ready:preconditionUnits[0] 'es_env_ready':apply] $ kubectl -n ingress-nginx patch deployment ingress-nginx-controller --type=json -p '[{"op":"add","path":"/spec/template/spec/containers/0/args/-","value":"--watch-ingress-without-class=false"}]'
deployment.apps/ingress-nginx-controller patched

[precondition:es_env_ready:preconditionUnits[0] 'es_env_ready':apply] $ kubectl -n ingress-nginx rollout status deploy/ingress-nginx-controller --timeout=120s
Waiting for deployment "ingress-nginx-controller" rollout to finish: 0 of 1 updated replicas are available...
deployment "ingress-nginx-controller" successfully rolled out

[precondition:es_env_ready:preconditionUnits[0] 'es_env_ready':apply] $ kubectl create namespace elasticsearch
namespace/elasticsearch created

[precondition:es_env_ready:preconditionUnits[0] 'es_env_ready':apply] $ kubectl -n elasticsearch apply -f cases/elasticsearch/secure-http-ingress/resource/
configmap/es-config created
pod/curl-test created
pod/openssl-toolbox created
service/es-cluster created
service/es-http created
statefulset.apps/es-cluster created

[precondition:es_env_ready:preconditionUnits[0] 'es_env_ready':apply] $ kubectl -n elasticsearch wait --for=condition=ready pod -l app=es-cluster --timeout=600s
pod/es-cluster-0 condition met
pod/es-cluster-1 condition met
pod/es-cluster-2 condition met

[precondition:es_env_ready:preconditionUnits[0] 'es_env_ready':apply] $ kubectl -n elasticsearch wait --for=condition=ready pod/curl-test --timeout=300s
pod/curl-test condition met

[precondition:es_env_ready:preconditionUnits[0] 'es_env_ready':apply] $ kubectl -n elasticsearch wait --for=condition=ready pod/openssl-toolbox --timeout=300s
pod/openssl-toolbox condition met

[precondition:es_env_ready:preconditionUnits[0] 'es_env_ready':apply] $ /bin/sh -c '
for i in $(seq 1 30); do
  kubectl -n elasticsearch exec curl-test -- curl -s --max-time 5 "http://es-http.elasticsearch.svc:9200/_cluster/health?wait_for_status=yellow&timeout=5s" | grep -q status && exit 0
  sleep 2
done
exit 1
'


[precondition:es_env_ready:preconditionUnits[0] 'es_env_ready':verify] $ kubectl -n elasticsearch get pods 2>/dev/null | grep -c Running
5

[precondition:es_ingress_infra:preconditionUnits[1] 'es_ingress_infra':probe] $ kubectl -n ingress-nginx get deploy ingress-nginx-controller
NAME                       READY   UP-TO-DATE   AVAILABLE   AGE
ingress-nginx-controller   1/1     1            1           90s

