[precondition:es_env_ready:preconditionUnits[0] 'es_env_ready':probe] $ kubectl -n elasticsearch get pods 2>/dev/null | grep -c Running
0

[precondition:es_env_ready:preconditionUnits[0] 'es_env_ready':apply] $ kubectl delete namespace elasticsearch --ignore-not-found=true --wait=false

[precondition:es_env_ready:preconditionUnits[0] 'es_env_ready':apply] $ kubectl create namespace elasticsearch
namespace/elasticsearch created

[precondition:es_env_ready:preconditionUnits[0] 'es_env_ready':apply] $ kubectl -n elasticsearch apply -f cases/elasticsearch/transform-job-recovery/resource/
configmap/es-config created
configmap/es-transform-config created
pod/curl-test created
service/es-cluster created
service/es-http created
service/es-transform created
statefulset.apps/es-cluster created
statefulset.apps/es-transform created

[precondition:es_env_ready:preconditionUnits[0] 'es_env_ready':apply] $ kubectl -n elasticsearch wait --for=condition=ready pod -l app=es-cluster --timeout=600s
pod/es-cluster-0 condition met
pod/es-cluster-1 condition met
pod/es-cluster-2 condition met

[precondition:es_env_ready:preconditionUnits[0] 'es_env_ready':apply] $ kubectl -n elasticsearch wait --for=condition=ready pod -l app=es-transform --timeout=300s
pod/es-transform-0 condition met

[precondition:es_env_ready:preconditionUnits[0] 'es_env_ready':apply] $ kubectl -n elasticsearch wait --for=condition=ready pod/curl-test --timeout=300s
pod/curl-test condition met

[precondition:es_env_ready:preconditionUnits[0] 'es_env_ready':apply] $ /bin/sh -c '
for i in $(seq 1 30); do
  kubectl -n elasticsearch exec curl-test -- curl -s --max-time 5 "http://es-http.elasticsearch.svc:9200/_cluster/health?wait_for_status=yellow&timeout=5s" | grep -q status && exit 0
  sleep 2
done
exit 1
'

command terminated with exit code 28
command terminated with exit code 28

[precondition:es_env_ready:preconditionUnits[0] 'es_env_ready':apply] $ /bin/sh -c '
kubectl -n elasticsearch exec curl-test -- /bin/sh -c '\''
cat <<EOF | curl -s -XPOST http://es-http.elasticsearch.svc:9200/_bulk -H "Content-Type: application/x-ndjson" --data-binary @-
{"index":{"_index":"app-events"}}
{"service":"api","@timestamp":"2026-01-01T00:00:00Z"}
{"index":{"_index":"app-events"}}
{"service":"web","@timestamp":"2026-01-01T00:00:01Z"}
{"index":{"_index":"app-events"}}
{"service":"api","@timestamp":"2026-01-01T00:00:02Z"}
EOF
'\''
'

{"took":18469,"errors":false,"items":[{"index":{"_index":"app-events","_type":"_doc","_id":"pvUg254BLIcv_iRsr-Dp","_version":1,"result":"created","_shards":{"total":2,"successful":1,"failed":0},"_seq_no":0,"_primary_term":1,"status":201}},{"index":{"_index":"app-events","_type":"_doc","_id":"p_Ug254BLIcv_iRsr-Dt","_version":1,"result":"created","_shards":{"total":2,"successful":1,"failed":0},"_seq_no":1,"_primary_term":1,"status":201}},{"index":{"_index":"app-events","_type":"_doc","_id":"qPUg254BLIcv_iRsr-Dt","_version":1,"result":"created","_shards":{"total":2,"successful":1,"failed":0},"_seq_no":2,"_primary_term":1,"status":201}}]}
[precondition:es_env_ready:preconditionUnits[0] 'es_env_ready':apply] $ /bin/sh -c '
kubectl -n elasticsearch exec curl-test -- curl -s -XPUT http://es-http.elasticsearch.svc:9200/_transform/events-by-service -H "Content-Type: application/json" -d "{\"source\":{\"index\":\"app-events\"},\"dest\":{\"index\":\"app-events-rollup\"},\"pivot\":{\"group_by\":{\"service\":{\"terms\":{\"field\":\"service.keyword\"}}},\"aggregations\":{\"event_count\":{\"value_count\":{\"field\":\"service.keyword\"}}}},\"sync\":{\"time\":{\"field\":\"@timestamp\",\"delay\":\"1s\"}}}"
'

{"error":{"root_cause":[{"type":"status_exception","reason":"Transform requires the transform node role for at least 1 node, found no transform nodes"}],"type":"status_exception","reason":"Transform requires the transform node role for at least 1 node, found no transform nodes"},"status":400}
[precondition:es_env_ready:preconditionUnits[0] 'es_env_ready':apply] $ kubectl -n elasticsearch exec curl-test -- curl -s -XPOST http://es-http.elasticsearch.svc:9200/_transform/events-by-service/_start
{"error":{"root_cause":[{"type":"resource_not_found_exception","reason":"Transform with id [events-by-service] could not be found"}],"type":"resource_not_found_exception","reason":"Transform with id [events-by-service] could not be found"},"status":404}
[precondition:es_env_ready:preconditionUnits[0] 'es_env_ready':apply] $ /bin/sh -c '
for i in $(seq 1 30); do
  checkpoint=$(kubectl -n elasticsearch exec curl-test -- curl -s --max-time 5 http://es-http.elasticsearch.svc:9200/_transform/events-by-service/_stats 2>/dev/null | python3 -c "import json,sys; data=json.load(sys.stdin); t=data.get(\"transforms\",[]); print(t[0].get(\"checkpointing\",{}).get(\"last\",{}).get(\"checkpoint\",0) if t else 0)" 2>/dev/null || echo 0)
  if [ "${checkpoint}" -ge 1 ]; then
    kubectl -n elasticsearch create configmap transform-checkpoint --from-literal=checkpoint_before="${checkpoint}" --dry-run=client -o yaml | kubectl apply -f -
    exit 0
  fi
  sleep 2
done
kubectl -n elasticsearch create configmap transform-checkpoint --from-literal=checkpoint_before="0" --dry-run=client -o yaml | kubectl apply -f -
exit 0
'

configmap/transform-checkpoint created

[precondition:es_env_ready:preconditionUnits[0] 'es_env_ready':apply] $ kubectl -n elasticsearch scale sts/es-transform --replicas=0
statefulset.apps/es-transform scaled

[precondition:es_env_ready:preconditionUnits[0] 'es_env_ready':apply] $ kubectl -n elasticsearch wait --for=delete pod -l app=es-transform --timeout=300s
pod/es-transform-0 condition met

[precondition:es_env_ready:preconditionUnits[0] 'es_env_ready':apply] $ /bin/sh -c '
kubectl -n elasticsearch exec curl-test -- /bin/sh -c '\''
cat <<EOF | curl -s -XPOST http://es-http.elasticsearch.svc:9200/_bulk -H "Content-Type: application/x-ndjson" --data-binary @-
{"index":{"_index":"app-events"}}
{"service":"api","@timestamp":"2026-01-02T00:00:00Z"}
{"index":{"_index":"app-events"}}
{"service":"web","@timestamp":"2026-01-02T00:00:01Z"}
EOF
'\''
'

{"took":91,"errors":false,"items":[{"index":{"_index":"app-events","_type":"_doc","_id":"cT4i254BinLGua9tE5Un","_version":1,"result":"created","_shards":{"total":2,"successful":2,"failed":0},"_seq_no":3,"_primary_term":1,"status":201}},{"index":{"_index":"app-events","_type":"_doc","_id":"cj4i254BinLGua9tE5Ur","_version":1,"result":"created","_shards":{"total":2,"successful":2,"failed":0},"_seq_no":4,"_primary_term":1,"status":201}}]}
[precondition:es_env_ready:preconditionUnits[0] 'es_env_ready':verify] $ kubectl -n elasticsearch get pods 2>/dev/null | grep -c Running
4

[precondition:transform_scenario_fixture:preconditionUnits[1] 'transform_scenario_fixture':probe] $ /bin/sh -c '
pw=$(kubectl -n elasticsearch get secret elastic-password -o jsonpath="{.data.password}" 2>/dev/null | base64 -d 2>/dev/null); A=""; [ -n "$pw" ] && A="-u elastic:$pw"
code=$(kubectl -n elasticsearch exec curl-test -- curl -sk $A -o /dev/null -w "%{http_code}" --max-time 5 "http://es-http.elasticsearch.svc:9200/_transform/events-by-service/_stats" 2>/dev/null)
[ "$code" = "200" ]
'


