[precondition:spark_env_ready:preconditionUnits[0] 'spark_env_ready':probe] $ kubectl -n spark-team-a get pods 2>/dev/null | grep -c Running
0

[precondition:spark_env_ready:preconditionUnits[0] 'spark_env_ready':apply] $ kubectl delete namespace spark-team-a --ignore-not-found=true

[precondition:spark_env_ready:preconditionUnits[0] 'spark_env_ready':apply] $ kubectl delete namespace spark-team-b --ignore-not-found=true

[precondition:spark_env_ready:preconditionUnits[0] 'spark_env_ready':apply] $ kubectl delete namespace spark-history --ignore-not-found=true

[precondition:spark_env_ready:preconditionUnits[0] 'spark_env_ready':apply] $ kubectl apply -f resources/spark/spark_multi_tenant/resource/namespaces.yaml
namespace/spark-team-a created
namespace/spark-team-b created
namespace/spark-history created

[precondition:spark_env_ready:preconditionUnits[0] 'spark_env_ready':apply] $ kubectl apply -f resources/spark/spark_multi_tenant/resource/resource-quotas.yaml
resourcequota/team-a-quota created
resourcequota/team-b-quota created

[precondition:spark_env_ready:preconditionUnits[0] 'spark_env_ready':apply] $ kubectl apply -f resources/spark/spark_multi_tenant/resource/rbac-team-a.yaml
serviceaccount/spark created
role.rbac.authorization.k8s.io/spark-role created
rolebinding.rbac.authorization.k8s.io/spark-role-binding created

[precondition:spark_env_ready:preconditionUnits[0] 'spark_env_ready':apply] $ kubectl apply -f resources/spark/spark_multi_tenant/resource/rbac-team-b.yaml
serviceaccount/spark created
role.rbac.authorization.k8s.io/spark-role created
rolebinding.rbac.authorization.k8s.io/spark-role-binding created

[precondition:spark_env_ready:preconditionUnits[0] 'spark_env_ready':apply] $ kubectl apply -f resources/spark/spark_multi_tenant/resource/limitrange-team-b.yaml
limitrange/team-b-limits created

[precondition:spark_env_ready:preconditionUnits[0] 'spark_env_ready':apply] $ kubectl apply -f resources/spark/spark_multi_tenant/resource/history-server.yaml
serviceaccount/spark created
persistentvolumeclaim/spark-history-pvc created
deployment.apps/spark-history-server created

[precondition:spark_env_ready:preconditionUnits[0] 'spark_env_ready':apply] $ kubectl apply -f resources/spark/spark_multi_tenant/resource/spark-cluster-team-a.yaml
service/spark-master created
deployment.apps/spark-master created
deployment.apps/spark-worker created

[precondition:spark_env_ready:preconditionUnits[0] 'spark_env_ready':apply] $ kubectl apply -f resources/spark/spark_multi_tenant/resource/spark-cluster-team-b.yaml
service/spark-master created
deployment.apps/spark-master created
deployment.apps/spark-worker created

[precondition:spark_env_ready:preconditionUnits[0] 'spark_env_ready':apply] $ kubectl apply -f resources/spark/spark_multi_tenant/resource/spark-pi-job-team-a.yaml
job.batch/spark-pi-team-a created

[precondition:spark_env_ready:preconditionUnits[0] 'spark_env_ready':apply] $ kubectl apply -f resources/spark/spark_multi_tenant/resource/spark-pi-job-team-b.yaml
job.batch/spark-pi-team-b created

[precondition:spark_env_ready:preconditionUnits[0] 'spark_env_ready':verify] $ kubectl -n spark-team-a get pods 2>/dev/null | grep -c Running
3

