[precondition:mongo_env_ready:preconditionUnits[0] 'mongo_env_ready':probe] $ /bin/sh -c 'kubectl -n mongodb get statefulset mongodb-replica >/dev/null 2>&1 || kubectl -n mongodb get pods 2>/dev/null | grep -q Running'

[precondition:admin_user_fixture:preconditionUnits[1] 'admin_user_fixture':probe] $ /bin/sh -c '
t=""; for cca in /etc/tls/ca.crt /etc/mongo-ca/ca.crt; do kubectl -n mongodb exec mongodb-replica-0 -- ls $cca >/dev/null 2>&1 && { t="--tls --tlsAllowInvalidHostnames --tlsAllowInvalidCertificates --tlsCAFile $cca"; break; }; done
pw=$(kubectl -n mongodb get secret admin-user-password -o jsonpath="{.data.password}" 2>/dev/null | base64 -d 2>/dev/null)
[ -n "$pw" ] || exit 1
kubectl -n mongodb exec mongodb-replica-0 -- mongosh --quiet $t "mongodb://admin-user:$pw@localhost:27017/admin" --eval "db.runCommand({ping:1}).ok" 2>/dev/null | grep -q 1
'


[precondition:mongo_seed_fixture:preconditionUnits[2] 'mongo_seed_fixture':probe] $ /bin/sh -c '
t=""; for cca in /etc/tls/ca.crt /etc/mongo-ca/ca.crt; do kubectl -n mongodb exec mongodb-replica-0 -- ls $cca >/dev/null 2>&1 && { t="--tls --tlsAllowInvalidHostnames --tlsAllowInvalidCertificates --tlsCAFile $cca"; break; }; done
pw=$(kubectl -n mongodb get secret admin-user-password -o jsonpath="{.data.password}" 2>/dev/null | base64 -d 2>/dev/null); pw=${pw:-admin123password}
P=""; for _pi in $(seq 1 30); do P=$(kubectl -n mongodb exec mongodb-replica-0 -- mongosh --quiet $t "mongodb://admin-user:$pw@localhost:27017/admin?directConnection=true" --eval "rs.hello().primary" 2>/dev/null | cut -d. -f1); [ -n "$P" ] && break; sleep 2; done; P=${P:-mongodb-replica-0}
n=$(kubectl -n mongodb exec "$P" -- mongosh --quiet $t "mongodb://admin-user:$pw@localhost:27017/admin" --eval "db.getSiblingDB(\"testdb\").data.countDocuments({})" 2>/dev/null | tr -dc 0-9)
[ "${n:-0}" -ge 1 ]
'


[precondition:mongo_seed_fixture:preconditionUnits[2] 'mongo_seed_fixture':apply] $ /bin/sh -c '
t=""; for cca in /etc/tls/ca.crt /etc/mongo-ca/ca.crt; do kubectl -n mongodb exec mongodb-replica-0 -- ls $cca >/dev/null 2>&1 && { t="--tls --tlsAllowInvalidHostnames --tlsAllowInvalidCertificates --tlsCAFile $cca"; break; }; done
pw=$(kubectl -n mongodb get secret admin-user-password -o jsonpath="{.data.password}" 2>/dev/null | base64 -d 2>/dev/null); pw=${pw:-admin123password}
P=""; for _pi in $(seq 1 30); do P=$(kubectl -n mongodb exec mongodb-replica-0 -- mongosh --quiet $t "mongodb://admin-user:$pw@localhost:27017/admin?directConnection=true" --eval "rs.hello().primary" 2>/dev/null | cut -d. -f1); [ -n "$P" ] && break; sleep 2; done; P=${P:-mongodb-replica-0}
kubectl -n mongodb exec "$P" -- mongosh --quiet $t "mongodb://admin-user:$pw@localhost:27017/admin" --eval "var c=db.getSiblingDB(\"testdb\").data; if(c.countDocuments({})<1){c.insertOne({config:\"initial\"});}" 2>/dev/null || true
'

{
  acknowledged: true,
  insertedId: ObjectId('6a48aed5e9e7274b5e9df8a3')
}

[precondition:mongo_seed_fixture:preconditionUnits[2] 'mongo_seed_fixture':verify] $ /bin/sh -c '
t=""; for cca in /etc/tls/ca.crt /etc/mongo-ca/ca.crt; do kubectl -n mongodb exec mongodb-replica-0 -- ls $cca >/dev/null 2>&1 && { t="--tls --tlsAllowInvalidHostnames --tlsAllowInvalidCertificates --tlsCAFile $cca"; break; }; done
pw=$(kubectl -n mongodb get secret admin-user-password -o jsonpath="{.data.password}" 2>/dev/null | base64 -d 2>/dev/null); pw=${pw:-admin123password}
P=""; for _pi in $(seq 1 30); do P=$(kubectl -n mongodb exec mongodb-replica-0 -- mongosh --quiet $t "mongodb://admin-user:$pw@localhost:27017/admin?directConnection=true" --eval "rs.hello().primary" 2>/dev/null | cut -d. -f1); [ -n "$P" ] && break; sleep 2; done; P=${P:-mongodb-replica-0}
n=$(kubectl -n mongodb exec "$P" -- mongosh --quiet $t "mongodb://admin-user:$pw@localhost:27017/admin" --eval "db.getSiblingDB(\"testdb\").data.countDocuments({})" 2>/dev/null | tr -dc 0-9)
[ "${n:-0}" -ge 1 ]
'


[precondition:mongo_config_prevalue_record:preconditionUnits[3] 'mongo_config_prevalue_record':probe] $ /bin/sh -c 'exit 1'

[precondition:mongo_config_prevalue_record:preconditionUnits[3] 'mongo_config_prevalue_record':apply] $ /bin/sh -c '
t=""; for cca in /etc/tls/ca.crt /etc/mongo-ca/ca.crt; do kubectl -n mongodb exec mongodb-replica-0 -- ls $cca >/dev/null 2>&1 && { t="--tls --tlsAllowInvalidHostnames --tlsAllowInvalidCertificates --tlsCAFile $cca"; break; }; done
pw=$(kubectl -n mongodb get secret admin-user-password -o jsonpath="{.data.password}" 2>/dev/null | base64 -d 2>/dev/null); pw=${pw:-admin123password}
v=""; s=""
for _pi in $(seq 1 30); do
  out=$(kubectl -n mongodb exec mongodb-replica-0 -- mongosh --quiet $t "mongodb://admin-user:$pw@localhost:27017/admin?directConnection=true" --eval "var o=db.adminCommand({getCmdLineOpts:1}).parsed||{}; var v=(o.systemLog&&o.systemLog.verbosity!=null)?o.systemLog.verbosity:db.adminCommand({getParameter:1,logLevel:1}).logLevel; var s=(o.operationProfiling&&o.operationProfiling.slowOpThresholdMs!=null)?o.operationProfiling.slowOpThresholdMs:db.getProfilingStatus().slowms; print(v+\"|\"+s)" 2>/dev/null)
  v=$(echo "$out" | cut -d"|" -f1 | tr -dc 0-9); s=$(echo "$out" | cut -d"|" -f2 | tr -dc 0-9)
  [ -n "$v" ] && [ -n "$s" ] && break
  sleep 2
done
[ -n "$v" ] && [ -n "$s" ] || exit 1
kubectl -n mongodb create configmap mongod-config-prevalue --from-literal=verbosity="$v" --from-literal=slowms="$s" --dry-run=client -o yaml | kubectl -n mongodb apply -f -
'

configmap/mongod-config-prevalue created

[precondition:mongo_config_prevalue_record:preconditionUnits[3] 'mongo_config_prevalue_record':verify] $ /bin/sh -c '
v=$(kubectl -n mongodb get configmap mongod-config-prevalue -o jsonpath="{.data.verbosity}" 2>/dev/null | tr -dc 0-9)
s=$(kubectl -n mongodb get configmap mongod-config-prevalue -o jsonpath="{.data.slowms}" 2>/dev/null | tr -dc 0-9)
[ -n "$v" ] && [ -n "$s" ]
'


