[precondition:crdb_env_ready:preconditionUnits[0] 'crdb_env_ready':probe] $ /bin/sh -c 'kubectl -n cockroachdb get statefulset crdb-cluster >/dev/null 2>&1 || kubectl -n cockroachdb get pods -l app.kubernetes.io/name=cockroachdb --no-headers 2>/dev/null | grep -q Running'

[precondition:crdb_env_ready:preconditionUnits[0] 'crdb_env_ready':apply] $ /bin/sh -c 'kubectl delete namespace cockroachdb --ignore-not-found=true --wait=false; kubectl wait --for=delete namespace/cockroachdb --timeout=400s || true'

[precondition:crdb_env_ready:preconditionUnits[0] 'crdb_env_ready':apply] $ kubectl create namespace cockroachdb
namespace/cockroachdb created

[precondition:crdb_env_ready:preconditionUnits[0] 'crdb_env_ready':apply] $ kubectl -n cockroachdb apply -f cases/cockroachdb/initialize/resource/rbac.yaml
serviceaccount/crdb-cluster-sa created
role.rbac.authorization.k8s.io/crdb-cluster-role created
rolebinding.rbac.authorization.k8s.io/crdb-cluster-rolebinding created

[precondition:crdb_env_ready:preconditionUnits[0] 'crdb_env_ready':apply] $ kubectl -n cockroachdb apply -f cases/cockroachdb/initialize/resource/services.yaml
service/crdb-cluster created
service/crdb-cluster-public created

[precondition:crdb_env_ready:preconditionUnits[0] 'crdb_env_ready':apply] $ /bin/sh -c 'envsubst '\''${BENCH_PARAM_CRDB_VERSION}'\'' < cases/cockroachdb/initialize/resource/statefulset.yaml | kubectl -n cockroachdb apply -f -'
statefulset.apps/crdb-cluster created

[precondition:crdb_env_ready:preconditionUnits[0] 'crdb_env_ready':apply] $ /bin/sh -c 'for i in $(seq 1 60); do kubectl -n cockroachdb get pod crdb-cluster-0 >/dev/null 2>&1 && exit 0; sleep 2; done; exit 1'

[precondition:crdb_env_ready:preconditionUnits[0] 'crdb_env_ready':apply] $ kubectl -n cockroachdb wait --for=condition=PodScheduled pod/crdb-cluster-0 --timeout=300s
pod/crdb-cluster-0 condition met

[precondition:crdb_env_ready:preconditionUnits[0] 'crdb_env_ready':apply] $ kubectl -n cockroachdb get pods
NAME             READY   STATUS              RESTARTS   AGE
crdb-cluster-0   0/1     ContainerCreating   0          42s
crdb-cluster-1   0/1     ContainerCreating   0          41s
crdb-cluster-2   0/1     ContainerCreating   0          41s

[precondition:crdb_env_ready:preconditionUnits[0] 'crdb_env_ready':verify] $ kubectl -n cockroachdb get pods -l app.kubernetes.io/name=cockroachdb --no-headers 2>/dev/null | grep -c ''
3

