[precondition:es_env_ready:preconditionUnits[0] 'es_env_ready':probe] $ kubectl -n elasticsearch get pods 2>/dev/null | grep -c Running
6

[precondition:es_ingress_infra:preconditionUnits[1] 'es_ingress_infra':probe] $ kubectl -n ingress-nginx get deploy ingress-nginx-controller
Error from server (NotFound): namespaces "ingress-nginx" not found

[precondition:es_ingress_infra:preconditionUnits[1] 'es_ingress_infra':apply] $ /bin/sh -c 'kubectl create namespace ingress-nginx --dry-run=client -o yaml | kubectl apply -f -'
namespace/ingress-nginx created

[precondition:es_ingress_infra:preconditionUnits[1] 'es_ingress_infra':apply] $ kubectl apply -f https://raw.githubusercontent.com/kubernetes/ingress-nginx/main/deploy/static/provider/kind/deploy.yaml
namespace/ingress-nginx configured
serviceaccount/ingress-nginx created
serviceaccount/ingress-nginx-admission created
role.rbac.authorization.k8s.io/ingress-nginx created
role.rbac.authorization.k8s.io/ingress-nginx-admission created
clusterrole.rbac.authorization.k8s.io/ingress-nginx unchanged
clusterrole.rbac.authorization.k8s.io/ingress-nginx-admission unchanged
rolebinding.rbac.authorization.k8s.io/ingress-nginx created
rolebinding.rbac.authorization.k8s.io/ingress-nginx-admission created
clusterrolebinding.rbac.authorization.k8s.io/ingress-nginx unchanged
clusterrolebinding.rbac.authorization.k8s.io/ingress-nginx-admission unchanged
configmap/ingress-nginx-controller created
service/ingress-nginx-controller created
service/ingress-nginx-controller-admission created
deployment.apps/ingress-nginx-controller created
job.batch/ingress-nginx-admission-create created
job.batch/ingress-nginx-admission-patch created
validatingwebhookconfiguration.admissionregistration.k8s.io/ingress-nginx-admission configured
The IngressClass "nginx" is invalid: spec.controller: Invalid value: "k8s.io/ingress-nginx": field is immutable

