[precondition:ray_env_ready:preconditionUnits[0] 'ray_env_ready':probe] $ kubectl -n ray get pods 2>/dev/null | grep -c Running
4

[precondition:dashboard_process_ready:preconditionUnits[1] 'dashboard_process_ready':probe] $ kubectl -n ray exec deploy/ray-head -- python -c 'import urllib.request; urllib.request.urlopen("http://localhost:8265/api/cluster_status", timeout=5)'
Traceback (most recent call last):
  File "/home/ray/anaconda3/lib/python3.8/urllib/request.py", line 1354, in do_open
    h.request(req.get_method(), req.selector, req.data, headers,
  File "/home/ray/anaconda3/lib/python3.8/http/client.py", line 1256, in request
    self._send_request(method, url, body, headers, encode_chunked)
  File "/home/ray/anaconda3/lib/python3.8/http/client.py", line 1302, in _send_request
    self.endheaders(body, encode_chunked=encode_chunked)
  File "/home/ray/anaconda3/lib/python3.8/http/client.py", line 1251, in endheaders
    self._send_output(message_body, encode_chunked=encode_chunked)
  File "/home/ray/anaconda3/lib/python3.8/http/client.py", line 1011, in _send_output
    self.send(msg)
  File "/home/ray/anaconda3/lib/python3.8/http/client.py", line 951, in send
    self.connect()
  File "/home/ray/anaconda3/lib/python3.8/http/client.py", line 922, in connect
    self.sock = self._create_connection(
  File "/home/ray/anaconda3/lib/python3.8/socket.py", line 808, in create_connection
    raise err
  File "/home/ray/anaconda3/lib/python3.8/socket.py", line 796, in create_connection
    sock.connect(sa)
ConnectionRefusedError: [Errno 111] Connection refused

During handling of the above exception, another exception occurred:

Traceback (most recent call last):
  File "<string>", line 1, in <module>
  File "/home/ray/anaconda3/lib/python3.8/urllib/request.py", line 222, in urlopen
    return opener.open(url, data, timeout)
  File "/home/ray/anaconda3/lib/python3.8/urllib/request.py", line 525, in open
    response = self._open(req, data)
  File "/home/ray/anaconda3/lib/python3.8/urllib/request.py", line 542, in _open
    result = self._call_chain(self.handle_open, protocol, protocol +
  File "/home/ray/anaconda3/lib/python3.8/urllib/request.py", line 502, in _call_chain
    result = func(*args)
  File "/home/ray/anaconda3/lib/python3.8/urllib/request.py", line 1383, in http_open
    return self.do_open(http.client.HTTPConnection, req)
  File "/home/ray/anaconda3/lib/python3.8/urllib/request.py", line 1357, in do_open
    raise URLError(err)
urllib.error.URLError: <urlopen error [Errno 111] Connection refused>
command terminated with exit code 1

[precondition:dashboard_process_ready:preconditionUnits[1] 'dashboard_process_ready':apply] $ kubectl -n ray patch deploy ray-head --type=json --patch-file cases/ray/dashboard_exposure/resource/enable-dashboard-patch.json || true
deployment.apps/ray-head patched

[precondition:dashboard_process_ready:preconditionUnits[1] 'dashboard_process_ready':apply] $ kubectl -n ray rollout status deploy/ray-head --timeout=240s || true
Waiting for deployment "ray-head" rollout to finish: 1 old replicas are pending termination...
Waiting for deployment "ray-head" rollout to finish: 1 old replicas are pending termination...
deployment "ray-head" successfully rolled out

[precondition:dashboard_process_ready:preconditionUnits[1] 'dashboard_process_ready':verify] $ /bin/sh -c 'true'

[precondition:curl_test_ready:preconditionUnits[2] 'curl_test_ready':probe] $ kubectl -n ray get pod curl-test 2>/dev/null | grep -c curl-test
0

[precondition:curl_test_ready:preconditionUnits[2] 'curl_test_ready':apply] $ /bin/sh -c 'kubectl -n ray get pod curl-test >/dev/null 2>&1 || kubectl -n ray apply -f cases/ray/dashboard_exposure/resource/curl-test.yaml'
pod/curl-test created

[precondition:curl_test_ready:preconditionUnits[2] 'curl_test_ready':apply] $ kubectl -n ray wait --for=condition=Ready pod/curl-test --timeout=600s
pod/curl-test condition met

[precondition:curl_test_ready:preconditionUnits[2] 'curl_test_ready':verify] $ kubectl -n ray get pod curl-test 2>/dev/null | grep -c curl-test
1

