[precondition:mongo_env_ready:preconditionUnits[0] 'mongo_env_ready':probe] $ kubectl -n mongodb get pod mongodb-replica-0 2>/dev/null | grep -c Running
1

[precondition:admin_user_fixture:preconditionUnits[1] 'admin_user_fixture':probe] $ /bin/sh -c '
t=""; for cca in /etc/tls/ca.crt /etc/mongo-ca/ca.crt; do kubectl -n mongodb exec mongodb-replica-0 -- ls $cca >/dev/null 2>&1 && { t="--tls --tlsAllowInvalidHostnames --tlsAllowInvalidCertificates --tlsCAFile $cca"; break; }; done
pw=$(kubectl -n mongodb get secret admin-user-password -o jsonpath="{.data.password}" 2>/dev/null | base64 -d 2>/dev/null)
[ -n "$pw" ] || exit 1
kubectl -n mongodb exec mongodb-replica-0 -- mongosh --quiet $t "mongodb://admin-user:$pw@localhost:27017/admin" --eval "db.runCommand({ping:1}).ok" 2>/dev/null | grep -q 1
'


[precondition:mongo_config_baseline_ready:preconditionUnits[2] 'mongo_config_baseline_ready':probe] $ /bin/sh -c '
t=""; for cca in /etc/tls/ca.crt /etc/mongo-ca/ca.crt; do kubectl -n mongodb exec mongodb-replica-0 -- ls $cca >/dev/null 2>&1 && { t="--tls --tlsAllowInvalidHostnames --tlsAllowInvalidCertificates --tlsCAFile $cca"; break; }; done
pw=$(kubectl -n mongodb get secret admin-user-password -o jsonpath="{.data.password}" 2>/dev/null | base64 -d 2>/dev/null); pw=${pw:-admin123password}
base_v=1; base_s=200
ok=1
for i in 0 1 2; do
  out=$(kubectl -n mongodb exec mongodb-replica-$i -- mongosh --quiet $t "mongodb://admin-user:$pw@localhost:27017/admin?directConnection=true" --eval "var o=db.adminCommand({getCmdLineOpts:1}).parsed||{}; var v=(o.systemLog||{}).verbosity; var s=(o.operationProfiling||{}).slowOpThresholdMs; if(s===undefined){s=db.getProfilingStatus().slowms;} print(v+\"|\"+s)" 2>/dev/null)
  v=$(echo "$out" | cut -d"|" -f1); s=$(echo "$out" | cut -d"|" -f2)
  if [ "$v" = "$base_v" ] && [ "$s" = "$base_s" ]; then :; else ok=0; fi
done
[ "$ok" = "1" ]
'


[precondition:mongo_config_baseline_ready:preconditionUnits[2] 'mongo_config_baseline_ready':apply] $ kubectl -n mongodb apply -f cases/mongodb/mongod-config-update/resource/configmap.yaml
configmap/mongod-config created

[precondition:mongo_config_baseline_ready:preconditionUnits[2] 'mongo_config_baseline_ready':apply] $ /bin/sh -c '
t=""; for cca in /etc/tls/ca.crt /etc/mongo-ca/ca.crt; do kubectl -n mongodb exec mongodb-replica-0 -- ls $cca >/dev/null 2>&1 && { t="--tls --tlsAllowInvalidHostnames --tlsAllowInvalidCertificates --tlsCAFile $cca"; break; }; done
pw=$(kubectl -n mongodb get secret admin-user-password -o jsonpath="{.data.password}" 2>/dev/null | base64 -d 2>/dev/null); pw=${pw:-admin123password}
for i in 0 1 2; do
  kubectl -n mongodb exec mongodb-replica-$i -- mongosh --quiet $t "mongodb://admin-user:$pw@localhost:27017/admin?directConnection=true" --eval "db.adminCommand({setParameter:1,logLevel:1}); db.setProfilingLevel(db.getProfilingStatus().was, {slowms: 200 })" 2>/dev/null || true
done
'


[precondition:mongo_config_baseline_ready:preconditionUnits[2] 'mongo_config_baseline_ready':verify] $ /bin/sh -c '
t=""; for cca in /etc/tls/ca.crt /etc/mongo-ca/ca.crt; do kubectl -n mongodb exec mongodb-replica-0 -- ls $cca >/dev/null 2>&1 && { t="--tls --tlsAllowInvalidHostnames --tlsAllowInvalidCertificates --tlsCAFile $cca"; break; }; done
pw=$(kubectl -n mongodb get secret admin-user-password -o jsonpath="{.data.password}" 2>/dev/null | base64 -d 2>/dev/null); pw=${pw:-admin123password}
kubectl -n mongodb exec mongodb-replica-0 -- mongosh --quiet $t "mongodb://admin-user:$pw@localhost:27017/admin?directConnection=true" --eval "quit(0)" >/dev/null 2>&1; true
'


