[precondition:es_env_ready:preconditionUnits[0] 'es_env_ready':probe] $ kubectl -n elasticsearch get pods 2>/dev/null | grep -c Running
0

[precondition:es_env_ready:preconditionUnits[0] 'es_env_ready':apply] $ /bin/sh -c 'kubectl delete namespace elasticsearch --ignore-not-found=true; kubectl wait --for=delete namespace/elasticsearch --timeout=120s || true'

[precondition:es_env_ready:preconditionUnits[0] 'es_env_ready':apply] $ kubectl create namespace elasticsearch
namespace/elasticsearch created

[precondition:es_env_ready:preconditionUnits[0] 'es_env_ready':apply] $ kubectl -n elasticsearch apply -f resources/elasticsearch/internal-http-service-drift/resource/
configmap/es-beta-config created
configmap/es-alpha-config created
pod/curl-test created
deployment.apps/log-reader created
job.batch/log-writer created
service/es-alpha created
service/es-beta created
service/search-http created
service/search-direct created
service/search-alt created
statefulset.apps/es-beta created
statefulset.apps/es-alpha created

[precondition:es_env_ready:preconditionUnits[0] 'es_env_ready':apply] $ kubectl -n elasticsearch wait --for=condition=ready pod -l app=es-alpha --timeout=600s
pod/es-alpha-0 condition met
pod/es-alpha-1 condition met
pod/es-alpha-2 condition met

[precondition:es_env_ready:preconditionUnits[0] 'es_env_ready':apply] $ kubectl -n elasticsearch wait --for=condition=ready pod -l app=es-beta --timeout=600s
pod/es-beta-0 condition met

[precondition:es_env_ready:preconditionUnits[0] 'es_env_ready':apply] $ kubectl -n elasticsearch wait --for=condition=complete job/log-writer --timeout=300s
job.batch/log-writer condition met

[precondition:es_env_ready:preconditionUnits[0] 'es_env_ready':apply] $ kubectl -n elasticsearch wait --for=condition=ready pod/curl-test --timeout=300s
pod/curl-test condition met

[precondition:es_env_ready:preconditionUnits[0] 'es_env_ready':verify] $ kubectl -n elasticsearch get pods 2>/dev/null | grep -c Running
5

