[precondition:rabbitmq_secrets_ready:preconditionUnits[0] 'rabbitmq_secrets_ready':probe] $ /bin/sh -c 'set -e; kubectl -n ${BENCH_NAMESPACE} get secret rabbitmq-erlang-cookie >/dev/null; kubectl -n ${BENCH_NAMESPACE} get secret rabbitmq-admin >/dev/null; kubectl -n ${BENCH_NAMESPACE} get secret rabbitmq-app >/dev/null; kubectl -n ${BENCH_NAMESPACE} get secret rabbitmq-ops >/dev/null'
Error from server (NotFound): secrets "rabbitmq-erlang-cookie" not found

[precondition:rabbitmq_secrets_ready:preconditionUnits[0] 'rabbitmq_secrets_ready':apply] $ /bin/sh -c 'kubectl -n ${BENCH_NAMESPACE} create secret generic rabbitmq-erlang-cookie --from-literal=cookie=supersecretcookie --dry-run=client -o yaml | kubectl apply -f -'
secret/rabbitmq-erlang-cookie created

[precondition:rabbitmq_secrets_ready:preconditionUnits[0] 'rabbitmq_secrets_ready':apply] $ /bin/sh -c 'kubectl -n ${BENCH_NAMESPACE} create secret generic rabbitmq-admin --from-literal=username=admin --from-literal=password=adminpass --dry-run=client -o yaml | kubectl apply -f -'
secret/rabbitmq-admin created

[precondition:rabbitmq_secrets_ready:preconditionUnits[0] 'rabbitmq_secrets_ready':apply] $ /bin/sh -c 'kubectl -n ${BENCH_NAMESPACE} create secret generic rabbitmq-app --from-literal=username=app-user --from-literal=password=apppass --dry-run=client -o yaml | kubectl apply -f -'
secret/rabbitmq-app created

[precondition:rabbitmq_secrets_ready:preconditionUnits[0] 'rabbitmq_secrets_ready':apply] $ /bin/sh -c 'kubectl -n ${BENCH_NAMESPACE} create secret generic rabbitmq-ops --from-literal=username=ops-user --from-literal=password=opspass --dry-run=client -o yaml | kubectl apply -f -'
secret/rabbitmq-ops created

[precondition:rabbitmq_secrets_ready:preconditionUnits[0] 'rabbitmq_secrets_ready':verify] $ /bin/sh -c 'set -e; kubectl -n ${BENCH_NAMESPACE} get secret rabbitmq-erlang-cookie >/dev/null; kubectl -n ${BENCH_NAMESPACE} get secret rabbitmq-admin >/dev/null; kubectl -n ${BENCH_NAMESPACE} get secret rabbitmq-app >/dev/null; kubectl -n ${BENCH_NAMESPACE} get secret rabbitmq-ops >/dev/null'

[precondition:rbac_ready:preconditionUnits[1] 'rbac_ready':probe] $ kubectl -n ${BENCH_NAMESPACE} get sa rabbitmq
Error from server (NotFound): serviceaccounts "rabbitmq" not found

[precondition:rbac_ready:preconditionUnits[1] 'rbac_ready':apply] $ envsubst '$BENCH_NAMESPACE $BENCH_NS_SOURCE $BENCH_NS_TARGET $BENCH_PARAM_CLUSTER_PREFIX $BENCH_PARAM_BLUE_CLUSTER_PREFIX $BENCH_PARAM_GREEN_CLUSTER_PREFIX $BENCH_PARAM_FROM_VERSION' < cases/rabbitmq/manual_user_permission/resource/rbac.yaml | kubectl -n ${BENCH_NAMESPACE} apply -f -
serviceaccount/rabbitmq created
role.rbac.authorization.k8s.io/rabbitmq-peer-discovery created
rolebinding.rbac.authorization.k8s.io/rabbitmq-peer-discovery created

[precondition:rbac_ready:preconditionUnits[1] 'rbac_ready':verify] $ kubectl -n ${BENCH_NAMESPACE} get sa rabbitmq
NAME       SECRETS   AGE
rabbitmq   0         1s

[precondition:config_ready:preconditionUnits[2] 'config_ready':probe] $ kubectl -n ${BENCH_NAMESPACE} get configmap rabbitmq-config
Error from server (NotFound): configmaps "rabbitmq-config" not found

[precondition:config_ready:preconditionUnits[2] 'config_ready':apply] $ envsubst '$BENCH_NAMESPACE $BENCH_NS_SOURCE $BENCH_NS_TARGET $BENCH_PARAM_CLUSTER_PREFIX $BENCH_PARAM_BLUE_CLUSTER_PREFIX $BENCH_PARAM_GREEN_CLUSTER_PREFIX $BENCH_PARAM_FROM_VERSION' < cases/rabbitmq/manual_user_permission/resource/configmap.yaml | kubectl -n ${BENCH_NAMESPACE} apply -f -
configmap/rabbitmq-config created

[precondition:config_ready:preconditionUnits[2] 'config_ready':verify] $ kubectl -n ${BENCH_NAMESPACE} get configmap rabbitmq-config
NAME              DATA   AGE
rabbitmq-config   2      2s

[precondition:services_ready:preconditionUnits[3] 'services_ready':probe] $ /bin/sh -c 'set -e; kubectl -n ${BENCH_NAMESPACE} get svc rabbitmq >/dev/null; kubectl -n ${BENCH_NAMESPACE} get svc rabbitmq-headless >/dev/null'
Error from server (NotFound): services "rabbitmq" not found

[precondition:services_ready:preconditionUnits[3] 'services_ready':apply] $ envsubst '$BENCH_NAMESPACE $BENCH_NS_SOURCE $BENCH_NS_TARGET $BENCH_PARAM_CLUSTER_PREFIX $BENCH_PARAM_BLUE_CLUSTER_PREFIX $BENCH_PARAM_GREEN_CLUSTER_PREFIX $BENCH_PARAM_FROM_VERSION' < cases/rabbitmq/manual_user_permission/resource/services.yaml | kubectl -n ${BENCH_NAMESPACE} apply -f -
service/rabbitmq-headless created
service/rabbitmq created

[precondition:services_ready:preconditionUnits[3] 'services_ready':verify] $ /bin/sh -c 'set -e; kubectl -n ${BENCH_NAMESPACE} get svc rabbitmq >/dev/null; kubectl -n ${BENCH_NAMESPACE} get svc rabbitmq-headless >/dev/null'

[precondition:rabbitmq_statefulset_present:preconditionUnits[4] 'rabbitmq_statefulset_present':probe] $ kubectl -n ${BENCH_NAMESPACE} get sts rabbitmq
Error from server (NotFound): statefulsets.apps "rabbitmq" not found

[precondition:rabbitmq_statefulset_present:preconditionUnits[4] 'rabbitmq_statefulset_present':apply] $ kubectl -n ${BENCH_NAMESPACE} delete statefulset rabbitmq --cascade=orphan --ignore-not-found=true

[precondition:rabbitmq_statefulset_present:preconditionUnits[4] 'rabbitmq_statefulset_present':apply] $ envsubst '$BENCH_NAMESPACE $BENCH_NS_SOURCE $BENCH_NS_TARGET $BENCH_PARAM_CLUSTER_PREFIX $BENCH_PARAM_BLUE_CLUSTER_PREFIX $BENCH_PARAM_GREEN_CLUSTER_PREFIX $BENCH_PARAM_FROM_VERSION' < cases/rabbitmq/manual_user_permission/resource/statefulset.yaml | kubectl -n ${BENCH_NAMESPACE} apply -f -
statefulset.apps/rabbitmq created

[precondition:rabbitmq_statefulset_present:preconditionUnits[4] 'rabbitmq_statefulset_present':verify] $ kubectl -n ${BENCH_NAMESPACE} get sts rabbitmq
NAME       READY   AGE
rabbitmq   0/3     1s

[precondition:rabbitmq_cluster_ready:preconditionUnits[5] 'rabbitmq_cluster_ready':probe] $ /bin/sh -c 'set -e; [ "$(kubectl -n ${BENCH_NAMESPACE} get sts rabbitmq -o jsonpath="{.status.readyReplicas}")" = "3" ]'

[precondition:rabbitmq_cluster_ready:preconditionUnits[5] 'rabbitmq_cluster_ready':apply] $ kubectl -n ${BENCH_NAMESPACE} rollout status statefulset/rabbitmq --timeout=600s
Waiting for 3 pods to be ready...
Waiting for 2 pods to be ready...
Waiting for 2 pods to be ready...
Waiting for 1 pods to be ready...
Waiting for 1 pods to be ready...
partitioned roll out complete: 3 new pods have been updated...

[precondition:rabbitmq_cluster_ready:preconditionUnits[5] 'rabbitmq_cluster_ready':verify] $ /bin/sh -c 'set -e; [ "$(kubectl -n ${BENCH_NAMESPACE} get sts rabbitmq -o jsonpath="{.status.readyReplicas}")" = "3" ]'

[precondition:setup_job_completed:preconditionUnits[6] 'setup_job_completed':probe] $ python3 cases/rabbitmq/manual_user_permission/setup_precondition_check.py --namespace ${BENCH_NAMESPACE} --bootstrap-only
setup-precondition-check: failed
 - missing vhost /app
 - missing vhost /ops
 - missing user app-user
 - missing user ops-user
 - app-queue missing from /app
 - ops-queue missing from /ops
 - failed to inspect /app permissions: Command '['kubectl', '-n', 'karma-rabbitmq-manual-user-permission-3c3f6369', 'exec', 'rabbitmq-0', '--', 'rabbitmqctl', '-q', 'list_permissions', '-p', '/app']' returned non-zero exit status 65.
 - failed to inspect /app permissions for ops-user: Command '['kubectl', '-n', 'karma-rabbitmq-manual-user-permission-3c3f6369', 'exec', 'rabbitmq-0', '--', 'rabbitmqctl', '-q', 'list_permissions', '-p', '/app']' returned non-zero exit status 65.

[precondition:setup_job_completed:preconditionUnits[6] 'setup_job_completed':apply] $ kubectl -n ${BENCH_NAMESPACE} delete job rabbitmq-setup --ignore-not-found=true

[precondition:setup_job_completed:preconditionUnits[6] 'setup_job_completed':apply] $ envsubst '$BENCH_NAMESPACE $BENCH_NS_SOURCE $BENCH_NS_TARGET $BENCH_PARAM_CLUSTER_PREFIX $BENCH_PARAM_BLUE_CLUSTER_PREFIX $BENCH_PARAM_GREEN_CLUSTER_PREFIX $BENCH_PARAM_FROM_VERSION' < cases/rabbitmq/manual_user_permission/resource/setup-job.yaml | kubectl -n ${BENCH_NAMESPACE} apply -f -
job.batch/rabbitmq-setup created

[precondition:setup_job_completed:preconditionUnits[6] 'setup_job_completed':apply] $ kubectl -n ${BENCH_NAMESPACE} wait --for=condition=complete job/rabbitmq-setup --timeout=300s
job.batch/rabbitmq-setup condition met

[precondition:setup_job_completed:preconditionUnits[6] 'setup_job_completed':verify] $ python3 cases/rabbitmq/manual_user_permission/setup_precondition_check.py --namespace ${BENCH_NAMESPACE} --bootstrap-only
setup-precondition-check: ok

[precondition:app_client_deployed:preconditionUnits[7] 'app_client_deployed':probe] $ kubectl -n ${BENCH_NAMESPACE} get deploy app-client
Error from server (NotFound): deployments.apps "app-client" not found

[precondition:app_client_deployed:preconditionUnits[7] 'app_client_deployed':apply] $ envsubst '$BENCH_NAMESPACE $BENCH_NS_SOURCE $BENCH_NS_TARGET $BENCH_PARAM_CLUSTER_PREFIX $BENCH_PARAM_BLUE_CLUSTER_PREFIX $BENCH_PARAM_GREEN_CLUSTER_PREFIX $BENCH_PARAM_FROM_VERSION' < cases/rabbitmq/manual_user_permission/resource/app-client.yaml | kubectl -n ${BENCH_NAMESPACE} apply -f -
deployment.apps/app-client created

[precondition:app_client_deployed:preconditionUnits[7] 'app_client_deployed':verify] $ kubectl -n ${BENCH_NAMESPACE} get deploy app-client
NAME         READY   UP-TO-DATE   AVAILABLE   AGE
app-client   0/1     0            0           4s

[precondition:ops_client_deployed:preconditionUnits[8] 'ops_client_deployed':probe] $ kubectl -n ${BENCH_NAMESPACE} get deploy ops-client
Error from server (NotFound): deployments.apps "ops-client" not found

[precondition:ops_client_deployed:preconditionUnits[8] 'ops_client_deployed':apply] $ envsubst '$BENCH_NAMESPACE $BENCH_NS_SOURCE $BENCH_NS_TARGET $BENCH_PARAM_CLUSTER_PREFIX $BENCH_PARAM_BLUE_CLUSTER_PREFIX $BENCH_PARAM_GREEN_CLUSTER_PREFIX $BENCH_PARAM_FROM_VERSION' < cases/rabbitmq/manual_user_permission/resource/ops-client.yaml | kubectl -n ${BENCH_NAMESPACE} apply -f -
deployment.apps/ops-client created

[precondition:ops_client_deployed:preconditionUnits[8] 'ops_client_deployed':verify] $ kubectl -n ${BENCH_NAMESPACE} get deploy ops-client
NAME         READY   UP-TO-DATE   AVAILABLE   AGE
ops-client   0/1     0            0           3s

[precondition:curl_test_ready:preconditionUnits[9] 'curl_test_ready':probe] $ kubectl -n ${BENCH_NAMESPACE} wait --for=condition=ready pod -l app=curl-test --timeout=3s
error: no matching resources found

[precondition:curl_test_ready:preconditionUnits[9] 'curl_test_ready':apply] $ envsubst '$BENCH_NAMESPACE $BENCH_NS_SOURCE $BENCH_NS_TARGET $BENCH_PARAM_CLUSTER_PREFIX $BENCH_PARAM_BLUE_CLUSTER_PREFIX $BENCH_PARAM_GREEN_CLUSTER_PREFIX $BENCH_PARAM_FROM_VERSION' < cases/rabbitmq/manual_user_permission/resource/curl-test.yaml | kubectl -n ${BENCH_NAMESPACE} apply -f -
pod/curl-test created

[precondition:curl_test_ready:preconditionUnits[9] 'curl_test_ready':apply] $ kubectl -n ${BENCH_NAMESPACE} wait --for=condition=ready pod -l app=curl-test --timeout=300s
pod/curl-test condition met

[precondition:curl_test_ready:preconditionUnits[9] 'curl_test_ready':verify] $ kubectl -n ${BENCH_NAMESPACE} wait --for=condition=ready pod -l app=curl-test --timeout=3s
pod/curl-test condition met

[precondition:user_permission_baseline_ready:preconditionUnits[10] 'user_permission_baseline_ready':probe] $ python3 cases/rabbitmq/manual_user_permission/setup_precondition_check.py --namespace ${BENCH_NAMESPACE} --min-ready 3
setup-precondition-check: ok

