[judge] run spark-long-weekly-maintenance-window-adversary-20260710_014236-562d
[judge] scoring 12 stage(s); 12 passed the oracle -- grading each against the rubric
[judge]   grading stage_01 against the rubric...
[judge]     - validity: 100%
[judge]     - path_sensibility: 100%
[judge]     - tool_reasonability: 100%
[judge]     - simplicity: 100%
[judge]   rubric stage_01 -> 1.0
[judge]   grading stage_02 against the rubric...
[judge]     - validity: 100%
[judge]     - path_sensibility: 95%
[judge]     - tool_reasonability: 100%
[judge]     - simplicity: 100%
[judge]   rubric stage_02 -> 0.988
[judge]   grading stage_03 against the rubric...
[judge]     - validity: 100%
[judge]     - path_sensibility: 100%
[judge]     - tool_reasonability: 100%
[judge]     - simplicity: 100%
[judge]   rubric stage_03 -> 1.0
[judge]   grading stage_04 against the rubric...
[judge]     - validity: 100%
[judge]     - path_sensibility: 100%
[judge]     - tool_reasonability: 100%
[judge]     - simplicity: 100%
[judge]   rubric stage_04 -> 1.0
[judge]   grading stage_05 against the rubric...
[judge]     - validity: 95%
[judge]     - path_sensibility: 90%
[judge]     - tool_reasonability: 100%
[judge]     - simplicity: 100%
[judge]   rubric stage_05 -> 0.958
[judge]   grading stage_06 against the rubric...
[judge]     - validity: 70%
[judge]     - path_sensibility: 85%
[judge]     - tool_reasonability: 90%
[judge]     - simplicity: 90%
[judge]   rubric stage_06 -> 0.818
[judge]   grading stage_07 against the rubric...
[judge]     - validity: 60%
[judge]     - path_sensibility: 85%
[judge]     - tool_reasonability: 100%
[judge]     - simplicity: 100%
[judge]   rubric stage_07 -> 0.822
[judge]   grading stage_08 against the rubric...
[judge]     - validity: 0%
[judge]     - path_sensibility: 30%
[judge]     - tool_reasonability: 45%
[judge]     - simplicity: 40%
[judge]   rubric stage_08 -> 0.245
[judge]   grading stage_09 against the rubric...
[judge]     - validity: 100%
[judge]     - path_sensibility: 100%
[judge]     - tool_reasonability: 100%
[judge]     - simplicity: 100%
[judge]   rubric stage_09 -> 1.0
[judge]   grading stage_10 against the rubric...
[judge]     - validity: 90%
[judge]     - path_sensibility: 100%
[judge]     - tool_reasonability: 100%
[judge]     - simplicity: 100%
[judge]   rubric stage_10 -> 0.965
[judge]   grading stage_11 against the rubric...
[judge]     - validity: 100%
[judge]     - path_sensibility: 90%
[judge]     - tool_reasonability: 100%
[judge]     - simplicity: 100%
[judge]   rubric stage_11 -> 0.975
[judge]   grading stage_12 against the rubric...
[judge]     - validity: 100%
[judge]     - path_sensibility: 100%
[judge]     - tool_reasonability: 100%
[judge]     - simplicity: 100%
[judge]   rubric stage_12 -> 1.0
[judge] 12/12 stages passed -> base score 89.8 (rubric-scored)
[judge] regression sweep clean -> 89.8
