$ kubectl -n ${BENCH_NAMESPACE} exec rabbitmq-0 -- rabbitmqctl cluster_status
Cluster status of node rabbit@rabbitmq-0.rabbitmq-headless.karma-rabbitmq-cert-rotation-deep-swe-c2832ae8-cluster-a.svc.cluster.local ...
Basics

Cluster name: rabbit@rabbitmq-0.rabbitmq-headless.karma-rabbitmq-cert-rotation-deep-swe-c2832ae8-cluster-a.svc.cluster.local
Total CPU cores available cluster-wide: 120

Disk Nodes

rabbit@rabbitmq-0.rabbitmq-headless.karma-rabbitmq-cert-rotation-deep-swe-c2832ae8-cluster-a.svc.cluster.local
rabbit@rabbitmq-1.rabbitmq-headless.karma-rabbitmq-cert-rotation-deep-swe-c2832ae8-cluster-a.svc.cluster.local
rabbit@rabbitmq-2.rabbitmq-headless.karma-rabbitmq-cert-rotation-deep-swe-c2832ae8-cluster-a.svc.cluster.local

Running Nodes

rabbit@rabbitmq-0.rabbitmq-headless.karma-rabbitmq-cert-rotation-deep-swe-c2832ae8-cluster-a.svc.cluster.local
rabbit@rabbitmq-1.rabbitmq-headless.karma-rabbitmq-cert-rotation-deep-swe-c2832ae8-cluster-a.svc.cluster.local
rabbit@rabbitmq-2.rabbitmq-headless.karma-rabbitmq-cert-rotation-deep-swe-c2832ae8-cluster-a.svc.cluster.local

Versions

rabbit@rabbitmq-0.rabbitmq-headless.karma-rabbitmq-cert-rotation-deep-swe-c2832ae8-cluster-a.svc.cluster.local: RabbitMQ 3.12.14 on Erlang 25.3.2.15
rabbit@rabbitmq-1.rabbitmq-headless.karma-rabbitmq-cert-rotation-deep-swe-c2832ae8-cluster-a.svc.cluster.local: RabbitMQ 3.12.14 on Erlang 25.3.2.15
rabbit@rabbitmq-2.rabbitmq-headless.karma-rabbitmq-cert-rotation-deep-swe-c2832ae8-cluster-a.svc.cluster.local: RabbitMQ 3.12.14 on Erlang 25.3.2.15

CPU Cores

Node: rabbit@rabbitmq-0.rabbitmq-headless.karma-rabbitmq-cert-rotation-deep-swe-c2832ae8-cluster-a.svc.cluster.local, available CPU cores: 40
Node: rabbit@rabbitmq-1.rabbitmq-headless.karma-rabbitmq-cert-rotation-deep-swe-c2832ae8-cluster-a.svc.cluster.local, available CPU cores: 40
Node: rabbit@rabbitmq-2.rabbitmq-headless.karma-rabbitmq-cert-rotation-deep-swe-c2832ae8-cluster-a.svc.cluster.local, available CPU cores: 40

Maintenance status

Node: rabbit@rabbitmq-0.rabbitmq-headless.karma-rabbitmq-cert-rotation-deep-swe-c2832ae8-cluster-a.svc.cluster.local, status: not under maintenance
Node: rabbit@rabbitmq-1.rabbitmq-headless.karma-rabbitmq-cert-rotation-deep-swe-c2832ae8-cluster-a.svc.cluster.local, status: not under maintenance
Node: rabbit@rabbitmq-2.rabbitmq-headless.karma-rabbitmq-cert-rotation-deep-swe-c2832ae8-cluster-a.svc.cluster.local, status: not under maintenance

Alarms

(none)

Network Partitions

(none)

Listeners

Node: rabbit@rabbitmq-0.rabbitmq-headless.karma-rabbitmq-cert-rotation-deep-swe-c2832ae8-cluster-a.svc.cluster.local, interface: [::], port: 15672, protocol: http, purpose: HTTP API
Node: rabbit@rabbitmq-0.rabbitmq-headless.karma-rabbitmq-cert-rotation-deep-swe-c2832ae8-cluster-a.svc.cluster.local, interface: [::], port: 25672, protocol: clustering, purpose: inter-node and CLI tool communication
Node: rabbit@rabbitmq-0.rabbitmq-headless.karma-rabbitmq-cert-rotation-deep-swe-c2832ae8-cluster-a.svc.cluster.local, interface: [::], port: 5672, protocol: amqp, purpose: AMQP 0-9-1 and AMQP 1.0
Node: rabbit@rabbitmq-0.rabbitmq-headless.karma-rabbitmq-cert-rotation-deep-swe-c2832ae8-cluster-a.svc.cluster.local, interface: [::], port: 15692, protocol: http/prometheus, purpose: Prometheus exporter API over HTTP
Node: rabbit@rabbitmq-1.rabbitmq-headless.karma-rabbitmq-cert-rotation-deep-swe-c2832ae8-cluster-a.svc.cluster.local, interface: [::], port: 15672, protocol: http, purpose: HTTP API
Node: rabbit@rabbitmq-1.rabbitmq-headless.karma-rabbitmq-cert-rotation-deep-swe-c2832ae8-cluster-a.svc.cluster.local, interface: [::], port: 25672, protocol: clustering, purpose: inter-node and CLI tool communication
Node: rabbit@rabbitmq-1.rabbitmq-headless.karma-rabbitmq-cert-rotation-deep-swe-c2832ae8-cluster-a.svc.cluster.local, interface: [::], port: 5672, protocol: amqp, purpose: AMQP 0-9-1 and AMQP 1.0
Node: rabbit@rabbitmq-1.rabbitmq-headless.karma-rabbitmq-cert-rotation-deep-swe-c2832ae8-cluster-a.svc.cluster.local, interface: [::], port: 15692, protocol: http/prometheus, purpose: Prometheus exporter API over HTTP
Node: rabbit@rabbitmq-2.rabbitmq-headless.karma-rabbitmq-cert-rotation-deep-swe-c2832ae8-cluster-a.svc.cluster.local, interface: [::], port: 15672, protocol: http, purpose: HTTP API
Node: rabbit@rabbitmq-2.rabbitmq-headless.karma-rabbitmq-cert-rotation-deep-swe-c2832ae8-cluster-a.svc.cluster.local, interface: [::], port: 25672, protocol: clustering, purpose: inter-node and CLI tool communication
Node: rabbit@rabbitmq-2.rabbitmq-headless.karma-rabbitmq-cert-rotation-deep-swe-c2832ae8-cluster-a.svc.cluster.local, interface: [::], port: 5672, protocol: amqp, purpose: AMQP 0-9-1 and AMQP 1.0
Node: rabbit@rabbitmq-2.rabbitmq-headless.karma-rabbitmq-cert-rotation-deep-swe-c2832ae8-cluster-a.svc.cluster.local, interface: [::], port: 15692, protocol: http/prometheus, purpose: Prometheus exporter API over HTTP

Feature flags

Flag: classic_mirrored_queue_version, state: enabled
Flag: classic_queue_type_delivery_support, state: enabled
Flag: direct_exchange_routing_v2, state: enabled
Flag: drop_unroutable_metric, state: enabled
Flag: empty_basic_get_metric, state: enabled
Flag: feature_flags_v2, state: enabled
Flag: implicit_default_bindings, state: enabled
Flag: listener_records_in_ets, state: enabled
Flag: maintenance_mode_status, state: enabled
Flag: quorum_queue, state: enabled
Flag: restart_streams, state: enabled
Flag: stream_queue, state: enabled
Flag: stream_sac_coordinator_unblock_group, state: enabled
Flag: stream_single_active_consumer, state: enabled
Flag: tracking_records_in_ets, state: enabled
Flag: user_limits, state: enabled
Flag: virtual_host_metadata, state: enabled

$ kubectl -n ${BENCH_NAMESPACE} exec rabbitmq-0 -- rabbitmqctl clear_policy -p /app ha-all
Clearing policy "ha-all" on vhost "/app" ...

$ /bin/sh -c "! kubectl -n ${BENCH_NAMESPACE} exec rabbitmq-0 -- rabbitmqctl list_policies -p /app | grep -qw ha-all"

