[judge] run nginx-ingress-03-canary-ratelimit-tls-adversary-20260710_001641-988e
[judge] scoring 3 stage(s); 3 passed the oracle -- grading each against the rubric
[judge]   grading stage_01 against the rubric...
[judge]     - validity: 100%
[judge]     - path_sensibility: 100%
[judge]     - tool_reasonability: 100%
[judge]     - simplicity: 100%
[judge]   rubric stage_01 -> 1.0
[judge]   grading stage_02 against the rubric...
[judge]     - validity: 50%
[judge]     - path_sensibility: 65%
[judge]     - tool_reasonability: 100%
[judge]     - simplicity: 100%
[judge]   rubric stage_02 -> 0.738
[judge]   grading stage_03 against the rubric...
[judge]     - validity: 90%
[judge]     - path_sensibility: 100%
[judge]     - tool_reasonability: 100%
[judge]     - simplicity: 100%
[judge]   rubric stage_03 -> 0.965
[judge] 3/3 stages passed -> base score 90.1 (rubric-scored)
[judge] regression sweep clean -> 90.1
