[precondition:es_env_ready:preconditionUnits[0] 'es_env_ready':probe] $ kubectl -n elasticsearch get pods 2>/dev/null | grep -c Running
0

[precondition:es_env_ready:preconditionUnits[0] 'es_env_ready':apply] $ kubectl delete namespace elasticsearch --ignore-not-found=true --wait=false

[precondition:es_env_ready:preconditionUnits[0] 'es_env_ready':apply] $ kubectl create namespace elasticsearch
namespace/elasticsearch created

[precondition:es_env_ready:preconditionUnits[0] 'es_env_ready':apply] $ kubectl -n elasticsearch apply -f cases/elasticsearch/master-downscale-voting-exclusions/resource/
configmap/es-config created
pod/curl-test created
service/es-cluster created
service/es-http created
statefulset.apps/es-cluster created

[precondition:es_env_ready:preconditionUnits[0] 'es_env_ready':apply] $ kubectl -n elasticsearch wait --for=condition=ready pod -l app=es-cluster --timeout=600s
pod/es-cluster-0 condition met
pod/es-cluster-1 condition met
pod/es-cluster-2 condition met

[precondition:es_env_ready:preconditionUnits[0] 'es_env_ready':apply] $ kubectl -n elasticsearch wait --for=condition=ready pod/curl-test --timeout=300s
pod/curl-test condition met

[precondition:es_env_ready:preconditionUnits[0] 'es_env_ready':apply] $ /bin/sh -c 'for i in $(seq 1 30); do kubectl -n elasticsearch exec curl-test -- curl -s --max-time 5 "http://es-http.elasticsearch.svc:9200/_cluster/health?wait_for_status=yellow&timeout=5s" | grep -q "\"status\"" && exit 0; sleep 2; done; exit 1'

[precondition:es_env_ready:preconditionUnits[0] 'es_env_ready':apply] $ /bin/sh -c 'kubectl -n elasticsearch exec curl-test -- curl -s -XPUT "http://es-http.elasticsearch.svc:9200/_cluster/settings" -H "Content-Type: application/json" -d "{\"persistent\":{\"cluster.auto_shrink_voting_configuration\":false}}"'
{"acknowledged":true,"persistent":{"cluster":{"auto_shrink_voting_configuration":"false"}},"transient":{}}
[precondition:es_env_ready:preconditionUnits[0] 'es_env_ready':apply] $ kubectl -n elasticsearch scale sts/es-cluster --replicas=1
statefulset.apps/es-cluster scaled

[precondition:es_env_ready:preconditionUnits[0] 'es_env_ready':verify] $ kubectl -n elasticsearch get pods 2>/dev/null | grep -c Running
2

