[precondition:mongo_env_ready:preconditionUnits[0] 'mongo_env_ready':probe] $ kubectl -n mongodb get pod mongodb-replica-0 2>/dev/null | grep -c Running
1

[precondition:admin_user_fixture:preconditionUnits[1] 'admin_user_fixture':probe] $ /bin/sh -c '
t=""; for cca in /etc/tls/ca.crt /etc/mongo-ca/ca.crt; do kubectl -n mongodb exec mongodb-replica-0 -- ls $cca >/dev/null 2>&1 && { t="--tls --tlsAllowInvalidHostnames --tlsAllowInvalidCertificates --tlsCAFile $cca"; break; }; done
pw=$(kubectl -n mongodb get secret admin-user-password -o jsonpath="{.data.password}" 2>/dev/null | base64 -d 2>/dev/null)
[ -n "$pw" ] || exit 1
kubectl -n mongodb exec mongodb-replica-0 -- mongosh --quiet $t "mongodb://admin-user:$pw@localhost:27017/admin" --eval "db.runCommand({ping:1}).ok" 2>/dev/null | grep -q 1
'


[precondition:admin_user_fixture:preconditionUnits[1] 'admin_user_fixture':apply] $ /bin/sh -c 'kubectl -n mongodb get secret admin-user-password >/dev/null 2>&1 || kubectl -n mongodb create secret generic admin-user-password --from-literal=password=admin123password'
secret/admin-user-password created

[precondition:admin_user_fixture:preconditionUnits[1] 'admin_user_fixture':apply] $ /bin/sh -c '
t=""; for cca in /etc/tls/ca.crt /etc/mongo-ca/ca.crt; do kubectl -n mongodb exec mongodb-replica-0 -- ls $cca >/dev/null 2>&1 && { t="--tls --tlsAllowInvalidHostnames --tlsAllowInvalidCertificates --tlsCAFile $cca"; break; }; done
kubectl -n mongodb exec mongodb-replica-0 -- mongosh --quiet $t --eval "db.getSiblingDB(\"admin\").createUser({user:\"admin-user\",pwd:\"admin123password\",roles:[{role:\"clusterAdmin\",db:\"admin\"},{role:\"userAdminAnyDatabase\",db:\"admin\"},{role:\"readWriteAnyDatabase\",db:\"admin\"}]})" 2>/dev/null || true
'

{
  ok: 1,
  '$clusterTime': {
    clusterTime: Timestamp({ t: 1782226510, i: 2 }),
    signature: {
      hash: Binary(Buffer.from("0000000000000000000000000000000000000000", "hex"), 0),
      keyId: Long("0")
    }
  },
  operationTime: Timestamp({ t: 1782226510, i: 2 })
}

[precondition:admin_user_fixture:preconditionUnits[1] 'admin_user_fixture':verify] $ /bin/sh -c 'kubectl -n mongodb get secret admin-user-password >/dev/null 2>&1 && echo ok'
ok

[precondition:mongo_seed_fixture:preconditionUnits[2] 'mongo_seed_fixture':probe] $ /bin/sh -c 't=""; for cca in /etc/tls/ca.crt /etc/mongo-ca/ca.crt; do kubectl -n mongodb exec mongodb-replica-0 -- ls $cca >/dev/null 2>&1 && { t="--tls --tlsAllowInvalidHostnames --tlsAllowInvalidCertificates --tlsCAFile $cca"; break; }; done; pw=$(kubectl -n mongodb get secret admin-user-password -o jsonpath="{.data.password}" 2>/dev/null | base64 -d 2>/dev/null); pw=${pw:-admin123password}; n=$(P=""; for _pi in $(seq 1 30); do P=$(kubectl -n mongodb exec mongodb-replica-0 -- mongosh --quiet $t "mongodb://admin-user:$pw@localhost:27017/admin?directConnection=true" --eval '\''rs.hello().primary'\'' 2>/dev/null | cut -d. -f1); [ -n "$P" ] && break; sleep 2; done; P=${P:-mongodb-replica-0}; kubectl -n mongodb exec "$P" -- mongosh --quiet $t "mongodb://admin-user:$pw@localhost:27017/admin" --eval '\''db.getSiblingDB("testdb").data.countDocuments({})'\'' 2>/dev/null | tr -dc 0-9); [ "${n:-0}" -ge 3 ] && echo ok | grep -c ok'


[precondition:mongo_seed_fixture:preconditionUnits[2] 'mongo_seed_fixture':apply] $ kubectl -n mongodb apply -f cases/mongodb/replica-scaling/resource/secrets.yaml
secret/admin-user-password configured
secret/mongo-keyfile created
Warning: resource secrets/admin-user-password is missing the kubectl.kubernetes.io/last-applied-configuration annotation which is required by kubectl apply. kubectl apply should only be used on resources created declaratively by either kubectl create --save-config or kubectl apply. The missing annotation will be patched automatically.

[precondition:mongo_seed_fixture:preconditionUnits[2] 'mongo_seed_fixture':apply] $ /bin/sh -c 'kubectl -n mongodb exec mongodb-replica-0 -- mongosh --quiet --eval '\''db.getSiblingDB("admin").createUser({user:"admin-user",pwd:"admin123password",roles:[{role:"clusterAdmin",db:"admin"},{role:"userAdminAnyDatabase",db:"admin"},{role:"readWriteAnyDatabase",db:"admin"}]})'\'' || true'

MongoServerError: User "admin-user@admin" already exists
command terminated with exit code 1

[precondition:mongo_seed_fixture:preconditionUnits[2] 'mongo_seed_fixture':apply] $ /bin/sh -c 'pw=$(kubectl -n mongodb get secret admin-user-password -o jsonpath="{.data.password}" 2>/dev/null | base64 -d 2>/dev/null); pw=${pw:-admin123password}; P=""; for _pi in $(seq 1 30); do P=$(kubectl -n mongodb exec mongodb-replica-0 -- mongosh --quiet "mongodb://admin-user:$pw@localhost:27017/admin?directConnection=true" --eval '\''rs.hello().primary'\'' 2>/dev/null | cut -d. -f1); [ -n "$P" ] && break; sleep 2; done; P=${P:-mongodb-replica-0}; kubectl -n mongodb exec "$P" -- mongosh --quiet "mongodb://admin-user:$pw@localhost:27017/admin" --eval '\''var c=db.getSiblingDB("testdb").data; var need=3-c.countDocuments({}); var docs=[]; for(var i=0;i<need;i++){docs.push({seed:"fixture",ts:new Date()});} if(docs.length>0){c.insertMany(docs,{writeConcern:{w:1}});}'\'''

{
  acknowledged: true,
  insertedIds: {
    '0': ObjectId("6a3a9e5cc18d450f6e9b3311"),
    '1': ObjectId("6a3a9e5cc18d450f6e9b3312"),
    '2': ObjectId("6a3a9e5cc18d450f6e9b3313")
  }
}

[precondition:mongo_seed_fixture:preconditionUnits[2] 'mongo_seed_fixture':verify] $ /bin/sh -c 't=""; for cca in /etc/tls/ca.crt /etc/mongo-ca/ca.crt; do kubectl -n mongodb exec mongodb-replica-0 -- ls $cca >/dev/null 2>&1 && { t="--tls --tlsAllowInvalidHostnames --tlsAllowInvalidCertificates --tlsCAFile $cca"; break; }; done; pw=$(kubectl -n mongodb get secret admin-user-password -o jsonpath="{.data.password}" 2>/dev/null | base64 -d 2>/dev/null); pw=${pw:-admin123password}; n=$(P=""; for _pi in $(seq 1 30); do P=$(kubectl -n mongodb exec mongodb-replica-0 -- mongosh --quiet $t "mongodb://admin-user:$pw@localhost:27017/admin?directConnection=true" --eval '\''rs.hello().primary'\'' 2>/dev/null | cut -d. -f1); [ -n "$P" ] && break; sleep 2; done; P=${P:-mongodb-replica-0}; kubectl -n mongodb exec "$P" -- mongosh --quiet $t "mongodb://admin-user:$pw@localhost:27017/admin" --eval '\''db.getSiblingDB("testdb").data.countDocuments({})'\'' 2>/dev/null | tr -dc 0-9); [ "${n:-0}" -ge 3 ]'


