[judge] run spark-skew-tuning-adversary-20260710_000117-e832
[judge] scoring 5 stage(s); 5 passed the oracle -- grading each against the rubric
[judge]   grading stage_01 against the rubric...
[judge]     - validity: 60%
[judge]     - path_sensibility: 80%
[judge]     - tool_reasonability: 90%
[judge]     - simplicity: 90%
[judge]   rubric stage_01 -> 0.77
[judge]   grading stage_02 against the rubric...
[judge]     - validity: 85%
[judge]     - path_sensibility: 100%
[judge]     - tool_reasonability: 100%
[judge]     - simplicity: 100%
[judge]   rubric stage_02 -> 0.948
[judge]   grading stage_03 against the rubric...
[judge]     - validity: 100%
[judge]     - path_sensibility: 100%
[judge]     - tool_reasonability: 100%
[judge]     - simplicity: 100%
[judge]   rubric stage_03 -> 1.0
[judge]   grading stage_04 against the rubric...
[judge]     - validity: 95%
[judge]     - path_sensibility: 100%
[judge]     - tool_reasonability: 100%
[judge]     - simplicity: 100%
[judge]   rubric stage_04 -> 0.982
[judge]   grading stage_05 against the rubric...
[judge]     - validity: 95%
[judge]     - path_sensibility: 100%
[judge]     - tool_reasonability: 100%
[judge]     - simplicity: 100%
[judge]   rubric stage_05 -> 0.982
[judge] 5/5 stages passed -> base score 93.6 (rubric-scored)
[judge] regression sweep clean -> 93.6
