[precondition:es_env_ready:preconditionUnits[0] 'es_env_ready':probe] $ kubectl -n elasticsearch get pods 2>/dev/null | grep -c Running
0

[precondition:es_env_ready:preconditionUnits[0] 'es_env_ready':apply] $ /bin/sh -c 'kubectl delete namespace elasticsearch --ignore-not-found=true; kubectl wait --for=delete namespace/elasticsearch --timeout=120s || true'

[precondition:es_env_ready:preconditionUnits[0] 'es_env_ready':apply] $ kubectl create namespace elasticsearch
namespace/elasticsearch created

[precondition:es_env_ready:preconditionUnits[0] 'es_env_ready':apply] $ kubectl -n elasticsearch apply -f resources/elasticsearch/scale-up-new-nodeset/resource/
configmap/es-config created
pod/curl-test created
service/es-cluster created
service/es-http created
statefulset.apps/es-cluster created

[precondition:es_env_ready:preconditionUnits[0] 'es_env_ready':apply] $ kubectl -n elasticsearch wait --for=condition=ready pod -l app=es-cluster --timeout=600s
pod/es-cluster-0 condition met
pod/es-cluster-1 condition met
pod/es-cluster-2 condition met

[precondition:es_env_ready:preconditionUnits[0] 'es_env_ready':apply] $ kubectl -n elasticsearch wait --for=condition=ready pod/curl-test --timeout=300s
pod/curl-test condition met

[precondition:es_env_ready:preconditionUnits[0] 'es_env_ready':apply] $ /bin/sh -c 'for i in $(seq 1 30); do kubectl -n elasticsearch exec curl-test -- curl -s --max-time 5 "http://es-http.elasticsearch.svc:9200/_cluster/health?wait_for_status=yellow&timeout=10s" | grep -q "\"status\"" && exit 0; sleep 2; done; exit 1'

[precondition:es_env_ready:preconditionUnits[0] 'es_env_ready':apply] $ /bin/sh -c 'kubectl -n elasticsearch exec curl-test -- curl -s -XPUT "http://es-http.elasticsearch.svc:9200/app-data" -H "Content-Type: application/json" -d "{\"settings\":{\"number_of_shards\":3,\"number_of_replicas\":1}}"; kubectl -n elasticsearch exec curl-test -- curl -s -XPOST "http://es-http.elasticsearch.svc:9200/app-data/_doc/1" -H "Content-Type: application/json" -d "{\"msg\":\"alpha\"}"; kubectl -n elasticsearch exec curl-test -- curl -s -XPOST "http://es-http.elasticsearch.svc:9200/app-data/_doc/2" -H "Content-Type: application/json" -d "{\"msg\":\"beta\"}"; kubectl -n elasticsearch exec curl-test -- curl -s -XPOST "http://es-http.elasticsearch.svc:9200/app-data/_doc/3" -H "Content-Type: application/json" -d "{\"msg\":\"gamma\"}"; kubectl -n elasticsearch exec curl-test -- curl -s -XPUT "http://es-http.elasticsearch.svc:9200/app-data/_settings" -H "Content-Type: application/json" -d "{\"index.routing.allocation.require.tier\":\"hot\"}"'
{"acknowledged":true,"shards_acknowledged":true,"index":"app-data"}{"_index":"app-data","_id":"1","_version":1,"result":"created","_shards":{"total":2,"successful":2,"failed":0},"_seq_no":0,"_primary_term":1}{"_index":"app-data","_id":"2","_version":1,"result":"created","_shards":{"total":2,"successful":2,"failed":0},"_seq_no":0,"_primary_term":1}{"_index":"app-data","_id":"3","_version":1,"result":"created","_shards":{"total":2,"successful":2,"failed":0},"_seq_no":1,"_primary_term":1}{"acknowledged":true}
[precondition:es_env_ready:preconditionUnits[0] 'es_env_ready':verify] $ kubectl -n elasticsearch get pods 2>/dev/null | grep -c Running
4

