[precondition:failover_secrets_ready:preconditionUnits[0] 'failover_secrets_ready':probe] $ /bin/sh -c 'set -e; kubectl -n ${BENCH_NAMESPACE} get secret rabbitmq-cookie-perpod >/dev/null; kubectl -n ${BENCH_NAMESPACE} get secret rabbitmq-admin >/dev/null'
Error from server (NotFound): secrets "rabbitmq-cookie-perpod" not found

[precondition:failover_secrets_ready:preconditionUnits[0] 'failover_secrets_ready':apply] $ /bin/sh -c 'kubectl -n ${BENCH_NAMESPACE} create secret generic rabbitmq-cookie-perpod --from-literal=rabbitmq-0=supersecretcookie --from-literal=rabbitmq-1=supersecretcookie --from-literal=rabbitmq-2=driftedcookie --dry-run=client -o yaml | kubectl apply -f -'
secret/rabbitmq-cookie-perpod created

[precondition:failover_secrets_ready:preconditionUnits[0] 'failover_secrets_ready':apply] $ /bin/sh -c 'kubectl -n ${BENCH_NAMESPACE} create secret generic rabbitmq-admin --from-literal=username=admin --from-literal=password=adminpass --dry-run=client -o yaml | kubectl apply -f -'
secret/rabbitmq-admin created

[precondition:failover_secrets_ready:preconditionUnits[0] 'failover_secrets_ready':verify] $ /bin/sh -c 'set -e; kubectl -n ${BENCH_NAMESPACE} get secret rabbitmq-cookie-perpod >/dev/null; kubectl -n ${BENCH_NAMESPACE} get secret rabbitmq-admin >/dev/null'

[precondition:rbac_ready:preconditionUnits[1] 'rbac_ready':probe] $ kubectl -n ${BENCH_NAMESPACE} get sa rabbitmq
Error from server (NotFound): serviceaccounts "rabbitmq" not found

[precondition:rbac_ready:preconditionUnits[1] 'rbac_ready':apply] $ envsubst '$BENCH_NAMESPACE $BENCH_NS_SOURCE $BENCH_NS_TARGET $BENCH_PARAM_CLUSTER_PREFIX $BENCH_PARAM_BLUE_CLUSTER_PREFIX $BENCH_PARAM_GREEN_CLUSTER_PREFIX $BENCH_PARAM_FROM_VERSION' < resources/rabbitmq/failover/resource/rbac.yaml | kubectl -n ${BENCH_NAMESPACE} apply -f -
serviceaccount/rabbitmq created
role.rbac.authorization.k8s.io/rabbitmq-peer-discovery created
rolebinding.rbac.authorization.k8s.io/rabbitmq-peer-discovery created

[precondition:rbac_ready:preconditionUnits[1] 'rbac_ready':verify] $ kubectl -n ${BENCH_NAMESPACE} get sa rabbitmq
NAME       AGE
rabbitmq   1s

[precondition:config_ready:preconditionUnits[2] 'config_ready':probe] $ kubectl -n ${BENCH_NAMESPACE} get configmap rabbitmq-config
Error from server (NotFound): configmaps "rabbitmq-config" not found

[precondition:config_ready:preconditionUnits[2] 'config_ready':apply] $ envsubst '$BENCH_NAMESPACE $BENCH_NS_SOURCE $BENCH_NS_TARGET $BENCH_PARAM_CLUSTER_PREFIX $BENCH_PARAM_BLUE_CLUSTER_PREFIX $BENCH_PARAM_GREEN_CLUSTER_PREFIX $BENCH_PARAM_FROM_VERSION' < resources/rabbitmq/failover/resource/configmap.yaml | kubectl -n ${BENCH_NAMESPACE} apply -f -
configmap/rabbitmq-config created

[precondition:config_ready:preconditionUnits[2] 'config_ready':verify] $ kubectl -n ${BENCH_NAMESPACE} get configmap rabbitmq-config
NAME              DATA   AGE
rabbitmq-config   2      1s

[precondition:services_ready:preconditionUnits[3] 'services_ready':probe] $ /bin/sh -c 'set -e; kubectl -n ${BENCH_NAMESPACE} get svc rabbitmq >/dev/null; kubectl -n ${BENCH_NAMESPACE} get svc rabbitmq-headless >/dev/null'
Error from server (NotFound): services "rabbitmq" not found

[precondition:services_ready:preconditionUnits[3] 'services_ready':apply] $ envsubst '$BENCH_NAMESPACE $BENCH_NS_SOURCE $BENCH_NS_TARGET $BENCH_PARAM_CLUSTER_PREFIX $BENCH_PARAM_BLUE_CLUSTER_PREFIX $BENCH_PARAM_GREEN_CLUSTER_PREFIX $BENCH_PARAM_FROM_VERSION' < resources/rabbitmq/failover/resource/services.yaml | kubectl -n ${BENCH_NAMESPACE} apply -f -
service/rabbitmq-headless created
service/rabbitmq created

[precondition:services_ready:preconditionUnits[3] 'services_ready':verify] $ /bin/sh -c 'set -e; kubectl -n ${BENCH_NAMESPACE} get svc rabbitmq >/dev/null; kubectl -n ${BENCH_NAMESPACE} get svc rabbitmq-headless >/dev/null'

[precondition:rabbitmq_statefulset_present:preconditionUnits[4] 'rabbitmq_statefulset_present':probe] $ kubectl -n ${BENCH_NAMESPACE} get sts rabbitmq
Error from server (NotFound): statefulsets.apps "rabbitmq" not found

[precondition:rabbitmq_statefulset_present:preconditionUnits[4] 'rabbitmq_statefulset_present':apply] $ envsubst '$BENCH_NAMESPACE $BENCH_NS_SOURCE $BENCH_NS_TARGET $BENCH_PARAM_CLUSTER_PREFIX $BENCH_PARAM_BLUE_CLUSTER_PREFIX $BENCH_PARAM_GREEN_CLUSTER_PREFIX $BENCH_PARAM_FROM_VERSION' < resources/rabbitmq/failover/resource/statefulset.yaml | kubectl -n ${BENCH_NAMESPACE} apply -f -
statefulset.apps/rabbitmq created

[precondition:rabbitmq_statefulset_present:preconditionUnits[4] 'rabbitmq_statefulset_present':verify] $ kubectl -n ${BENCH_NAMESPACE} get sts rabbitmq
NAME       READY   AGE
rabbitmq   0/3     1s

[precondition:rabbitmq_cluster_ready:preconditionUnits[5] 'rabbitmq_cluster_ready':probe] $ /bin/sh -c 'set -e; [ "$(kubectl -n ${BENCH_NAMESPACE} get sts rabbitmq -o jsonpath="{.status.readyReplicas}")" = "3" ]'

[precondition:rabbitmq_cluster_ready:preconditionUnits[5] 'rabbitmq_cluster_ready':apply] $ kubectl -n ${BENCH_NAMESPACE} rollout status statefulset/rabbitmq --timeout=600s
Waiting for 3 pods to be ready...
Waiting for 2 pods to be ready...
Waiting for 2 pods to be ready...
Waiting for 1 pods to be ready...
Waiting for 1 pods to be ready...
partitioned roll out complete: 3 new pods have been updated...

[precondition:rabbitmq_cluster_ready:preconditionUnits[5] 'rabbitmq_cluster_ready':verify] $ /bin/sh -c 'set -e; [ "$(kubectl -n ${BENCH_NAMESPACE} get sts rabbitmq -o jsonpath="{.status.readyReplicas}")" = "3" ]'

[precondition:curl_test_ready:preconditionUnits[6] 'curl_test_ready':probe] $ kubectl -n ${BENCH_NAMESPACE} wait --for=condition=ready pod -l app=curl-test --timeout=3s
error: no matching resources found

[precondition:curl_test_ready:preconditionUnits[6] 'curl_test_ready':apply] $ envsubst '$BENCH_NAMESPACE $BENCH_NS_SOURCE $BENCH_NS_TARGET $BENCH_PARAM_CLUSTER_PREFIX $BENCH_PARAM_BLUE_CLUSTER_PREFIX $BENCH_PARAM_GREEN_CLUSTER_PREFIX $BENCH_PARAM_FROM_VERSION' < resources/rabbitmq/failover/resource/curl-test.yaml | kubectl -n ${BENCH_NAMESPACE} apply -f -
pod/curl-test created

[precondition:curl_test_ready:preconditionUnits[6] 'curl_test_ready':apply] $ kubectl -n ${BENCH_NAMESPACE} wait --for=condition=ready pod -l app=curl-test --timeout=300s
pod/curl-test condition met

[precondition:curl_test_ready:preconditionUnits[6] 'curl_test_ready':verify] $ kubectl -n ${BENCH_NAMESPACE} wait --for=condition=ready pod -l app=curl-test --timeout=3s
pod/curl-test condition met

[precondition:failover_baseline_ready:preconditionUnits[7] 'failover_baseline_ready':probe] $ python3 resources/rabbitmq/failover/setup_precondition_check.py --namespace ${BENCH_NAMESPACE} --min-ready 3
setup-precondition-check: ok

