[judge] run ray-dashboard-observability-20260710_013217-d083
[judge] scoring 4 stage(s); 4 passed the oracle -- grading each against the rubric
[judge]   grading stage_01 against the rubric...
[judge]     - validity: 35%
[judge]     - path_sensibility: 50%
[judge]     - tool_reasonability: 50%
[judge]     - simplicity: 45%
[judge]   rubric stage_01 -> 0.438
[judge]   grading stage_02 against the rubric...
[judge]     - validity: 90%
[judge]     - path_sensibility: 85%
[judge]     - tool_reasonability: 100%
[judge]     - simplicity: 100%
[judge]   rubric stage_02 -> 0.928
[judge]   grading stage_03 against the rubric...
[judge]     - validity: 100%
[judge]     - path_sensibility: 90%
[judge]     - tool_reasonability: 100%
[judge]     - simplicity: 90%
[judge]   rubric stage_03 -> 0.955
[judge]   grading stage_04 against the rubric...
[judge]     - validity: 100%
[judge]     - path_sensibility: 100%
[judge]     - tool_reasonability: 100%
[judge]     - simplicity: 100%
[judge]   rubric stage_04 -> 1.0
[judge] 4/4 stages passed -> base score 83.0 (rubric-scored)
[judge] regression sweep clean -> 83.0
