[precondition:mongo_env_ready:preconditionUnits[0] 'mongo_env_ready':probe] $ /bin/sh -c 'kubectl -n mongodb get statefulset mongo-rs >/dev/null 2>&1 || kubectl -n mongodb get pods 2>/dev/null | grep -q Running'

[precondition:prometheus_stack_fixture:preconditionUnits[1] 'prometheus_stack_fixture':probe] $ kubectl -n monitoring get pod -l app=prometheus 2>/dev/null | grep -c Running
0

[precondition:prometheus_stack_fixture:preconditionUnits[1] 'prometheus_stack_fixture':apply] $ /bin/sh -c 'kubectl create namespace monitoring --dry-run=client -o yaml | kubectl apply -f -'
namespace/monitoring created

[precondition:prometheus_stack_fixture:preconditionUnits[1] 'prometheus_stack_fixture':apply] $ /bin/sh -c 'kubectl -n monitoring apply -f cases/mongodb/monitoring-integration/resource/prometheus-rbac.yaml || true'
serviceaccount/prometheus created
clusterrole.rbac.authorization.k8s.io/prometheus configured
clusterrolebinding.rbac.authorization.k8s.io/prometheus unchanged

[precondition:prometheus_stack_fixture:preconditionUnits[1] 'prometheus_stack_fixture':apply] $ kubectl -n monitoring apply -f cases/mongodb/monitoring-integration/resource/prometheus-config.yaml
configmap/prometheus-config created

[precondition:prometheus_stack_fixture:preconditionUnits[1] 'prometheus_stack_fixture':apply] $ kubectl -n monitoring apply -f cases/mongodb/monitoring-integration/resource/prometheus-deployment.yaml
deployment.apps/prometheus created

[precondition:prometheus_stack_fixture:preconditionUnits[1] 'prometheus_stack_fixture':apply] $ kubectl -n monitoring apply -f cases/mongodb/monitoring-integration/resource/prometheus-service.yaml
service/prometheus created

[precondition:prometheus_stack_fixture:preconditionUnits[1] 'prometheus_stack_fixture':apply] $ /bin/sh -c 'kubectl -n mongodb get pod curl-test >/dev/null 2>&1 || kubectl -n mongodb apply -f cases/mongodb/monitoring-integration/resource/curl-test.yaml'
pod/curl-test created

[precondition:prometheus_stack_fixture:preconditionUnits[1] 'prometheus_stack_fixture':apply] $ kubectl -n monitoring wait --for=condition=ready pod -l app=prometheus --timeout=300s
pod/prometheus-564864467d-wtzcw condition met

[precondition:prometheus_stack_fixture:preconditionUnits[1] 'prometheus_stack_fixture':verify] $ /bin/sh -c 'kubectl -n monitoring get pod -l app=prometheus >/dev/null 2>&1; true'

[precondition:prometheus_selfscrape_replant:preconditionUnits[2] 'prometheus_selfscrape_replant':probe] $ /bin/sh -c '! kubectl -n monitoring get configmap prometheus-config -o jsonpath="{.data.prometheus\.yml}" 2>/dev/null | grep -qi mongodb'


