[judge] run ray-recovery-upgrade-dashboard-20260710_000125-d26d
[judge] scoring 5 stage(s); 5 passed the oracle -- grading each against the rubric
[judge]   grading stage_01 against the rubric...
[judge]     - validity: 25%
[judge]     - path_sensibility: 50%
[judge]     - tool_reasonability: 45%
[judge]     - simplicity: 45%
[judge]   rubric stage_01 -> 0.392
[judge]   grading stage_02 against the rubric...
[judge]     - validity: 100%
[judge]     - path_sensibility: 100%
[judge]     - tool_reasonability: 100%
[judge]     - simplicity: 100%
[judge]   rubric stage_02 -> 1.0
[judge]   grading stage_03 against the rubric...
[judge]     - validity: 100%
[judge]     - path_sensibility: 100%
[judge]     - tool_reasonability: 100%
[judge]     - simplicity: 100%
[judge]   rubric stage_03 -> 1.0
[judge]   grading stage_04 against the rubric...
[judge]     - validity: 90%
[judge]     - path_sensibility: 85%
[judge]     - tool_reasonability: 100%
[judge]     - simplicity: 100%
[judge]   rubric stage_04 -> 0.928
[judge]   grading stage_05 against the rubric...
[judge]     - validity: 50%
[judge]     - path_sensibility: 45%
[judge]     - tool_reasonability: 50%
[judge]     - simplicity: 40%
[judge]   rubric stage_05 -> 0.468
[judge] 5/5 stages passed -> base score 75.8 (rubric-scored)
[judge] regression sweep clean -> 75.8
