[precondition:nginx_env_ready:preconditionUnits[0] 'nginx_env_ready':probe] $ kubectl -n demo wait --for=condition=ready pod/curl-test --timeout=5s
Error from server (NotFound): pods "curl-test" not found

[precondition:nginx_env_ready:preconditionUnits[0] 'nginx_env_ready':apply] $ /bin/sh -c 'kubectl delete namespace ingress-nginx --ignore-not-found=true; kubectl delete namespace demo --ignore-not-found=true; kubectl wait --for=delete namespace/ingress-nginx --timeout=120s || true; kubectl wait --for=delete namespace/demo --timeout=120s || true'
namespace "demo" deleted

[precondition:nginx_env_ready:preconditionUnits[0] 'nginx_env_ready':apply] $ kubectl create namespace ingress-nginx
namespace/ingress-nginx created

[precondition:nginx_env_ready:preconditionUnits[0] 'nginx_env_ready':apply] $ kubectl apply -f cases/nginx-ingress/renew_tls_secret/resource/deploy.yaml
namespace/ingress-nginx configured
serviceaccount/ingress-nginx created
serviceaccount/ingress-nginx-admission created
role.rbac.authorization.k8s.io/ingress-nginx created
role.rbac.authorization.k8s.io/ingress-nginx-admission created
clusterrole.rbac.authorization.k8s.io/ingress-nginx unchanged
clusterrole.rbac.authorization.k8s.io/ingress-nginx-admission unchanged
rolebinding.rbac.authorization.k8s.io/ingress-nginx created
rolebinding.rbac.authorization.k8s.io/ingress-nginx-admission created
clusterrolebinding.rbac.authorization.k8s.io/ingress-nginx unchanged
clusterrolebinding.rbac.authorization.k8s.io/ingress-nginx-admission unchanged
configmap/ingress-nginx-controller created
service/ingress-nginx-controller created
service/ingress-nginx-controller-admission created
deployment.apps/ingress-nginx-controller created
job.batch/ingress-nginx-admission-create created
job.batch/ingress-nginx-admission-patch created
ingressclass.networking.k8s.io/nginx unchanged
validatingwebhookconfiguration.admissionregistration.k8s.io/ingress-nginx-admission configured
Warning: resource namespaces/ingress-nginx is missing the kubectl.kubernetes.io/last-applied-configuration annotation which is required by kubectl apply. kubectl apply should only be used on resources created declaratively by either kubectl create --save-config or kubectl apply. The missing annotation will be patched automatically.

[precondition:nginx_env_ready:preconditionUnits[0] 'nginx_env_ready':apply] $ kubectl wait --namespace ingress-nginx --for=condition=ready pod --selector=app.kubernetes.io/component=controller --timeout=90s
pod/ingress-nginx-controller-fb86f8bc8-q6fnk condition met

[precondition:nginx_env_ready:preconditionUnits[0] 'nginx_env_ready':apply] $ bash -c 'while [ -z "$(kubectl get svc ingress-nginx-controller -n ingress-nginx -o jsonpath={.status.loadBalancer.ingress[0].ip} 2>/dev/null)" ] && [ -z "$(kubectl get svc ingress-nginx-controller -n ingress-nginx -o jsonpath="{.spec.ports[?(@.port==443)].nodePort}" 2>/dev/null)" ]; do echo "Waiting for ingress-nginx LoadBalancer..."; sleep 5; done; NODEPORT=$(kubectl get svc ingress-nginx-controller -n ingress-nginx -o jsonpath="{.spec.ports[?(@.port==443)].nodePort}"); NODE_IP=$(kubectl get nodes -o jsonpath="{.items[0].status.addresses[?(@.type==InternalIP)].address}"); echo "INGRESS_NODE_IP=$NODE_IP" > /tmp/ingress_env; echo "INGRESS_HTTPS_PORT=$NODEPORT" >> /tmp/ingress_env; echo "export INGRESS_NODE_IP=$NODE_IP" >> /tmp/ingress_env; echo "export INGRESS_HTTPS_PORT=$NODEPORT" >> /tmp/ingress_env'
error: error executing jsonpath "{.items[0].status.addresses[?(@.type==InternalIP)].address}": Error executing template: unrecognized identifier InternalIP. Printing more information for debugging the template:
	template was:
		{.items[0].status.addresses[?(@.type==InternalIP)].address}
	object given to jsonpath engine was:
		map[string]interface {}{"apiVersion":"v1", "items":[]interface {}{map[string]interface {}{"apiVersion":"v1", "kind":"Node", "metadata":map[string]interface {}{"annotations":map[string]interface {}{"node.alpha.kubernetes.io/ttl":"0", "volumes.kubernetes.io/controller-managed-attach-detach":"true"}, "creationTimestamp":"2026-03-25T06:36:08Z", "labels":map[string]interface {}{"beta.kubernetes.io/arch":"arm64", "beta.kubernetes.io/os":"linux", "kubernetes.io/arch":"arm64", "kubernetes.io/hostname":"benchmark-demo-control-plane", "kubernetes.io/os":"linux", "node-role.kubernetes.io/control-plane":""}, "managedFields":[]interface {}{map[string]interface {}{"apiVersion":"v1", "fieldsType":"FieldsV1", "fieldsV1":map[string]interface {}{"f:metadata":map[string]interface {}{"f:annotations":map[string]interface {}{".":map[string]interface {}{}, "f:volumes.kubernetes.io/controller-managed-attach-detach":map[string]interface {}{}}, "f:labels":map[string]interface {}{".":map[string]interface {}{}, "f:beta.kubernetes.io/arch":map[string]interface {}{}, "f:beta.kubernetes.io/os":map[string]interface {}{}, "f:kubernetes.io/arch":map[string]interface {}{}, "f:kubernetes.io/hostname":map[string]interface {}{}, "f:kubernetes.io/os":map[string]interface {}{}}}, "f:spec":map[string]interface {}{"f:providerID":map[string]interface {}{}}}, "manager":"kubelet", "operation":"Update", "time":"2026-03-25T06:36:08Z"}, map[string]interface {}{"apiVersion":"v1", "fieldsType":"FieldsV1", "fieldsV1":map[string]interface {}{"f:metadata":map[string]interface {}{"f:labels":map[string]interface {}{"f:node-role.kubernetes.io/control-plane":map[string]interface {}{}}}}, "manager":"kubeadm", "operation":"Update", "time":"2026-03-25T06:36:10Z"}, map[string]interface {}{"apiVersion":"v1", "fieldsType":"FieldsV1", "fieldsV1":map[string]interface {}{"f:metadata":map[string]interface {}{"f:annotations":map[string]interface {}{"f:node.alpha.kubernetes.io/ttl":map[string]interface {}{}}}, "f:spec":map[string]interface {}{"f:podCIDR":map[string]interface {}{}, "f:podCIDRs":map[string]interface {}{".":map[string]interface {}{}, "v:\"10.244.0.0/24\"":map[string]interface {}{}}}}, "manager":"kube-controller-manager", "operation":"Update", "time":"2026-03-25T06:36:18Z"}, map[string]interface {}{"apiVersion":"v1", "fieldsType":"FieldsV1", "fieldsV1":map[string]interface {}{"f:status":map[string]interface {}{"f:addresses":map[string]interface {}{"k:{\"type\":\"InternalIP\"}":map[string]interface {}{"f:address":map[string]interface {}{}}}, "f:allocatable":map[string]interface {}{"f:memory":map[string]interface {}{}}, "f:capacity":map[string]interface {}{"f:memory":map[string]interface {}{}}, "f:conditions":map[string]interface {}{"k:{\"type\":\"DiskPressure\"}":map[string]interface {}{"f:lastHeartbeatTime":map[string]interface {}{}}, "k:{\"type\":\"MemoryPressure\"}":map[string]interface {}{"f:lastHeartbeatTime":map[string]interface {}{}}, "k:{\"type\":\"PIDPressure\"}":map[string]interface {}{"f:lastHeartbeatTime":map[string]interface {}{}}, "k:{\"type\":\"Ready\"}":map[string]interface {}{"f:lastHeartbeatTime":map[string]interface {}{}, "f:lastTransitionTime":map[string]interface {}{}, "f:message":map[string]interface {}{}, "f:reason":map[string]interface {}{}, "f:status":map[string]interface {}{}}}, "f:images":map[string]interface {}{}, "f:nodeInfo":map[string]interface {}{"f:bootID":map[string]interface {}{}, "f:machineID":map[string]interface {}{}, "f:systemUUID":map[string]interface {}{}}}}, "manager":"kubelet", "operation":"Update", "subresource":"status", "time":"2026-06-15T01:14:15Z"}}, "name":"benchmark-demo-control-plane", "resourceVersion":"995348", "uid":"5caee090-9c5d-4a26-8728-14b844b8a25f"}, "spec":map[string]interface {}{"podCIDR":"10.244.0.0/24", "podCIDRs":[]interface {}{"10.244.0.0/24"}, "providerID":"kind://docker/benchmark-demo/benchmark-demo-control-plane"}, "status":map[string]interface {}{"addresses":[]interface {}{map[string]interface {}{"address":"172.18.0.4", "type":"InternalIP"}, map[string]interface {}{"address":"benchmark-demo-control-plane", "type":"Hostname"}}, "allocatable":map[string]interface {}{"cpu":"10", "ephemeral-storage":"954976684Ki", "hugepages-1Gi":"0", "hugepages-2Mi":"0", "hugepages-32Mi":"0", "hugepages-64Ki":"0", "memory":"13266036Ki", "pods":"110"}, "capacity":map[string]interface {}{"cpu":"10", "ephemeral-storage":"954976684Ki", "hugepages-1Gi":"0", "hugepages-2Mi":"0", "hugepages-32Mi":"0", "hugepages-64Ki":"0", "memory":"13266036Ki", "pods":"110"}, "conditions":[]interface {}{map[string]interface {}{"lastHeartbeatTime":"2026-06-15T01:14:15Z", "lastTransitionTime":"2026-03-25T06:36:08Z", "message":"kubelet has sufficient memory available", "reason":"KubeletHasSufficientMemory", "status":"False", "type":"MemoryPressure"}, map[string]interface {}{"lastHeartbeatTime":"2026-06-15T01:14:15Z", "lastTransitionTime":"2026-03-25T06:36:08Z", "message":"kubelet has no disk pressure", "reason":"KubeletHasNoDiskPressure", "status":"False", "type":"DiskPressure"}, map[string]interface {}{"lastHeartbeatTime":"2026-06-15T01:14:15Z", "lastTransitionTime":"2026-03-25T06:36:08Z", "message":"kubelet has sufficient PID available", "reason":"KubeletHasSufficientPID", "status":"False", "type":"PIDPressure"}, map[string]interface {}{"lastHeartbeatTime":"2026-06-15T01:14:15Z", "lastTransitionTime":"2026-06-09T16:53:01Z", "message":"kubelet is posting ready status", "reason":"KubeletReady", "status":"True", "type":"Ready"}}, "daemonEndpoints":map[string]interface {}{"kubeletEndpoint":map[string]interface {}{"Port":10250}}, "features":map[string]interface {}{"supplementalGroupsPolicy":true}, "images":[]interface {}{map[string]interface {}{"names":[]interface {}{"docker.io/apache/spark@sha256:d0f5d63bfbbffdbec08debb4911554ba671a2fa7398374db8db314d80328f576", "docker.io/apache/spark:3.5.3"}, "sizeBytes":526496466}, map[string]interface {}{"names":[]interface {}{"docker.elastic.co/elasticsearch/elasticsearch@sha256:cf3edd6518b0159d50c0f932f6cacd63930db01e1fb740499eca477543d42b34", "docker.elastic.co/elasticsearch/elasticsearch:8.11.1"}, "sizeBytes":484246219}, map[string]interface {}{"names":[]interface {}{"docker.elastic.co/elasticsearch/elasticsearch@sha256:59b37f77bd8b015d5b60f75bebb22d06028f7f15036f9d3559d2b7c16ece74db", "docker.elastic.co/elasticsearch/elasticsearch:7.17.9"}, "sizeBytes":378474999}, map[string]interface {}{"names":[]interface {}{"docker.io/library/mongo@sha256:928347070dc089a596f869a22a4204c0feace3eb03470a6a2de6814f11fb7309", "docker.io/library/mongo:6.0.5"}, "sizeBytes":230244349}, map[string]interface {}{"names":[]interface {}{"docker.io/cockroachdb/cockroach@sha256:cc4e3ee67104d6f6434c81b555d69d4eb319f8aa0c5495931ffbe9273adfc4b5", "docker.io/cockroachdb/cockroach:v24.1.0"}, "sizeBytes":164838468}, map[string]interface {}{"names":[]interface {}{"docker.io/cockroachdb/cockroach@sha256:d4cae01f1db1b4056c75ada36cb6c3e4994fc84e38cf28930c4a9c8b191c9085", "docker.io/cockroachdb/cockroach:v23.2.0"}, "sizeBytes":159383802}, map[string]interface {}{"names":[]interface {}{"registry.k8s.io/ingress-nginx/controller@sha256:f95a79b85fb93ac3de752c71a5c27d5ceae10a18b61904dec224c1c6a4581e47"}, "sizeBytes":108456706}, map[string]interface {}{"names":[]interface {}{"registry.k8s.io/kube-apiserver-arm64:v1.35.0", "registry.k8s.io/kube-apiserver:v1.35.0"}, "sizeBytes":85010172}, map[string]interface {}{"names":[]interface {}{"registry.k8s.io/kube-proxy-arm64:v1.35.0", "registry.k8s.io/kube-proxy:v1.35.0"}, "sizeBytes":74104521}, map[string]interface {}{"names":[]interface {}{"registry.k8s.io/kube-controller-manager-arm64:v1.35.0", "registry.k8s.io/kube-controller-manager:v1.35.0"}, "sizeBytes":72164958}, map[string]interface {}{"names":[]interface {}{"docker.io/bitnami/kubectl@sha256:323998cf83a2332f6761706df910870a3fa24dd8d4b999db977aa322de553399", "docker.io/bitnami/kubectl:latest"}, "sizeBytes":71421320}, map[string]interface {}{"names":[]interface {}{"registry.k8s.io/kube-scheduler-arm64:v1.35.0", "registry.k8s.io/kube-scheduler:v1.35.0"}, "sizeBytes":49817186}, map[string]interface {}{"names":[]interface {}{"docker.io/minio/minio@sha256:4c4a4876193f030c81f57aabb22bcb9a73462010eb61fcab66908e03e5484af8", "docker.io/minio/minio:RELEASE.2024-01-16T16-07-38Z"}, "sizeBytes":49637032}, map[string]interface {}{"names":[]interface {}{"docker.io/kindest/kindnetd:v20251212-v0.29.0-alpha-105-g20ccfc88"}, "sizeBytes":38502448}, map[string]interface {}{"names":[]interface {}{"docker.io/kindest/local-path-provisioner:v20251212-v0.29.0-alpha-105-g20ccfc88"}, "sizeBytes":22025314}, map[string]interface {}{"names":[]interface {}{"registry.k8s.io/etcd:3.6.6-0"}, "sizeBytes":21749640}, map[string]interface {}{"names":[]interface {}{"registry.k8s.io/coredns/coredns:v1.13.1"}, "sizeBytes":21168808}, map[string]interface {}{"names":[]interface {}{"registry.k8s.io/ingress-nginx/kube-webhook-certgen@sha256:03a00eb0e255e8a25fa49926c24cde0f7e12e8d072c445cdf5136ec78b546285"}, "sizeBytes":17254654}, map[string]interface {}{"names":[]interface {}{"docker.io/curlimages/curl@sha256:08e466006f0860e54fc299378de998935333e0e130a15f6f98482e9f8dab3058", "docker.io/curlimages/curl:8.5.0"}, "sizeBytes":9555436}, map[string]interface {}{"names":[]interface {}{"docker.io/alpine/openssl@sha256:923270611179f81b420bfb5bb5c18bf07fd59d84ed4163ac04cb371faa6d150f", "docker.io/alpine/openssl:latest"}, "sizeBytes":7324216}, map[string]interface {}{"names":[]interface {}{"docker.io/kindest/local-path-helper:v20251211-v0.29.0-alpha-100-g82a92c5d"}, "sizeBytes":2954518}, map[string]interface {}{"names":[]interface {}{"docker.io/library/busybox@sha256:fd8d9aa63ba2f0982b5304e1ee8d3b90a210bc1ffb5314d980eb6962f1a9715d", "docker.io/library/busybox:latest"}, "sizeBytes":1925780}, map[string]interface {}{"names":[]interface {}{"docker.io/library/busybox@sha256:73aaf090f3d85aa34ee199857f03fa3a95c8ede2ffd4cc2cdb5b94e566b11662", "docker.io/library/busybox:1.36"}, "sizeBytes":1906887}, map[string]interface {}{"names":[]interface {}{"registry.k8s.io/pause:3.10"}, "sizeBytes":267933}}, "nodeInfo":map[string]interface {}{"architecture":"arm64", "bootID":"cd92caff-ba9c-4f07-9e04-80c88ffc662d", "containerRuntimeVersion":"containerd://2.2.0", "kernelVersion":"6.10.14-linuxkit", "kubeProxyVersion":"", "kubeletVersion":"v1.35.0", "machineID":"e5b0c9ff3f7e46cdafbbbe069424e7f3", "operatingSystem":"linux", "osImage":"Debian GNU/Linux 12 (bookworm)", "swap":map[string]interface {}{"capacity":1073737728}, "systemUUID":"e5b0c9ff3f7e46cdafbbbe069424e7f3"}, "runtimeHandlers":[]interface {}{map[string]interface {}{"features":map[string]interface {}{"recursiveReadOnlyMounts":true, "userNamespaces":true}, "name":""}, map[string]interface {}{"features":map[string]interface {}{"recursiveReadOnlyMounts":true, "userNamespaces":true}, "name":"runc"}, map[string]interface {}{"features":map[string]interface {}{"recursiveReadOnlyMounts":true, "userNamespaces":true}, "name":"test-handler"}}}}}, "kind":"List", "metadata":map[string]interface {}{"resourceVersion":""}}



[precondition:nginx_env_ready:preconditionUnits[0] 'nginx_env_ready':apply] $ kubectl create namespace demo
namespace/demo created

[precondition:nginx_env_ready:preconditionUnits[0] 'nginx_env_ready':apply] $ kubectl -n demo apply -f cases/nginx-ingress/renew_tls_secret/resource/openssl-toolbox.yaml
pod/openssl-toolbox created

[precondition:nginx_env_ready:preconditionUnits[0] 'nginx_env_ready':apply] $ kubectl -n demo wait --for=condition=Ready pod/openssl-toolbox --timeout=60s
pod/openssl-toolbox condition met

[precondition:nginx_env_ready:preconditionUnits[0] 'nginx_env_ready':apply] $ kubectl -n demo cp cases/nginx-ingress/renew_tls_secret/resource/leaf.cnf openssl-toolbox:/tmp/leaf.cnf

[precondition:nginx_env_ready:preconditionUnits[0] 'nginx_env_ready':apply] $ kubectl -n demo cp cases/nginx-ingress/renew_tls_secret/resource/ca-ext.conf openssl-toolbox:/tmp/ca-ext.conf

[precondition:nginx_env_ready:preconditionUnits[0] 'nginx_env_ready':apply] $ kubectl -n demo apply -f cases/nginx-ingress/renew_tls_secret/resource/echo-server.yaml
deployment.apps/echo-server created
service/echo-server created

[precondition:nginx_env_ready:preconditionUnits[0] 'nginx_env_ready':apply] $ openssl genrsa -out /tmp/test-ca.key 2048

[precondition:nginx_env_ready:preconditionUnits[0] 'nginx_env_ready':apply] $ openssl req -new -key /tmp/test-ca.key -subj /CN=Test\ CA -out /tmp/test-ca.csr

[precondition:nginx_env_ready:preconditionUnits[0] 'nginx_env_ready':apply] $ openssl x509 -req -in /tmp/test-ca.csr -signkey /tmp/test-ca.key -set_serial 01 -extfile cases/nginx-ingress/renew_tls_secret/resource/ca-ext.conf -not_before 20190101000000Z -not_after 20360101000000Z -out /tmp/test-ca.crt
Certificate request self-signature ok
subject=CN=Test CA

[precondition:nginx_env_ready:preconditionUnits[0] 'nginx_env_ready':apply] $ openssl genrsa -out /tmp/expired-tls.key 2048

[precondition:nginx_env_ready:preconditionUnits[0] 'nginx_env_ready':apply] $ openssl req -new -key /tmp/expired-tls.key -out /tmp/expired-tls.csr -config cases/nginx-ingress/renew_tls_secret/resource/leaf.cnf

[precondition:nginx_env_ready:preconditionUnits[0] 'nginx_env_ready':apply] $ openssl x509 -req -in /tmp/expired-tls.csr -CA /tmp/test-ca.crt -CAkey /tmp/test-ca.key -CAcreateserial -not_before 20200101000000Z -not_after 20200102000000Z -out /tmp/expired-tls.crt -extfile cases/nginx-ingress/renew_tls_secret/resource/leaf.cnf -extensions req_ext
Certificate request self-signature ok
subject=CN=demo.example.com

[precondition:nginx_env_ready:preconditionUnits[0] 'nginx_env_ready':apply] $ kubectl -n demo create secret tls expired-tls-secret --cert=/tmp/expired-tls.crt --key=/tmp/expired-tls.key
secret/expired-tls-secret created

[precondition:nginx_env_ready:preconditionUnits[0] 'nginx_env_ready':apply] $ kubectl -n demo create configmap test-ca --from-file=ca.crt=/tmp/test-ca.crt
configmap/test-ca created

[precondition:nginx_env_ready:preconditionUnits[0] 'nginx_env_ready':apply] $ kubectl -n demo apply -f cases/nginx-ingress/renew_tls_secret/resource/demo-ingress-expired.yaml
ingress.networking.k8s.io/demo-ingress created

[precondition:nginx_env_ready:preconditionUnits[0] 'nginx_env_ready':apply] $ kubectl -n demo apply -f cases/nginx-ingress/renew_tls_secret/resource/curl-test.yaml
pod/curl-test created

[precondition:nginx_env_ready:preconditionUnits[0] 'nginx_env_ready':apply] $ kubectl -n demo wait --for=condition=Ready pod/curl-test --timeout=60s
pod/curl-test condition met

[precondition:nginx_env_ready:preconditionUnits[0] 'nginx_env_ready':verify] $ kubectl -n demo wait --for=condition=ready pod/curl-test --timeout=5s
pod/curl-test condition met

[precondition:tls_fixture_ready:preconditionUnits[1] 'tls_fixture_ready':probe] $ kubectl -n demo get secret expired-tls-secret
NAME                 TYPE                DATA   AGE
expired-tls-secret   kubernetes.io/tls   2      16s

