[precondition:nginx_env_ready:preconditionUnits[0] 'nginx_env_ready':probe] $ /bin/sh -c '[ "$(kubectl get ns demo -o jsonpath={.status.phase} 2>/dev/null)" = Active ]'

[precondition:nginx_env_ready:preconditionUnits[0] 'nginx_env_ready':probe] $ kubectl -n demo wait --for=condition=ready pod/curl-test --timeout=5s
pod/curl-test condition met

[precondition:otel_scenario_fixture:preconditionUnits[1] 'otel_scenario_fixture':probe] $ kubectl -n otel get deploy otel-collector
Error from server (NotFound): namespaces "otel" not found

[precondition:otel_scenario_fixture:preconditionUnits[1] 'otel_scenario_fixture':apply] $ /bin/sh -c 'kubectl create namespace demo --dry-run=client -o yaml | kubectl apply -f -'
namespace/demo configured
Warning: resource namespaces/demo is missing the kubectl.kubernetes.io/last-applied-configuration annotation which is required by kubectl apply. kubectl apply should only be used on resources created declaratively by either kubectl create --save-config or kubectl apply. The missing annotation will be patched automatically.

[precondition:otel_scenario_fixture:preconditionUnits[1] 'otel_scenario_fixture':apply] $ kubectl -n demo apply -f cases/nginx-ingress/otel_log_format/resource/otel-echo.yaml
deployment.apps/otel-echo created
service/otel-echo created

[precondition:otel_scenario_fixture:preconditionUnits[1] 'otel_scenario_fixture':apply] $ /bin/sh -c 'kubectl -n demo rollout status deploy/otel-echo --timeout=60s || true'
Waiting for deployment "otel-echo" rollout to finish: 0 of 1 updated replicas are available...
deployment "otel-echo" successfully rolled out

[precondition:otel_scenario_fixture:preconditionUnits[1] 'otel_scenario_fixture':apply] $ kubectl -n demo apply -f cases/nginx-ingress/otel_log_format/resource/otel-ingress.yaml
ingress.networking.k8s.io/otel-echo created

[precondition:otel_scenario_fixture:preconditionUnits[1] 'otel_scenario_fixture':apply] $ /bin/sh -c 'kubectl -n demo get pod curl-test >/dev/null 2>&1 || kubectl -n demo apply -f cases/nginx-ingress/otel_log_format/resource/curl-test.yaml'

[precondition:otel_scenario_fixture:preconditionUnits[1] 'otel_scenario_fixture':apply] $ /bin/sh -c 'kubectl -n demo wait --for=condition=Ready pod/curl-test --timeout=120s || true'
pod/curl-test condition met

[precondition:otel_scenario_fixture:preconditionUnits[1] 'otel_scenario_fixture':apply] $ /bin/sh -c 'kubectl create namespace otel --dry-run=client -o yaml | kubectl apply -f -'
namespace/otel created

[precondition:otel_scenario_fixture:preconditionUnits[1] 'otel_scenario_fixture':apply] $ kubectl -n otel apply -f cases/nginx-ingress/otel_log_format/resource/otel-collector.yaml
configmap/otel-collector-config created
deployment.apps/otel-collector created
service/otel-collector created

[precondition:otel_scenario_fixture:preconditionUnits[1] 'otel_scenario_fixture':apply] $ /bin/sh -c 'kubectl -n otel rollout status deploy/otel-collector --timeout=60s || true'
Waiting for deployment "otel-collector" rollout to finish: 0 out of 1 new replicas have been updated...
Waiting for deployment "otel-collector" rollout to finish: 0 of 1 updated replicas are available...
error: timed out waiting for the condition

[precondition:otel_scenario_fixture:preconditionUnits[1] 'otel_scenario_fixture':verify] $ /bin/sh -c 'kubectl -n otel get deploy otel-collector >/dev/null 2>&1; true'

