[precondition:nginx_env_ready:preconditionUnits[0] 'nginx_env_ready':probe] $ /bin/sh -c '[ "$(kubectl get ns demo -o jsonpath={.status.phase} 2>/dev/null)" = Active ]'

[precondition:nginx_env_ready:preconditionUnits[0] 'nginx_env_ready':apply] $ /bin/sh -c 'kubectl delete namespace ingress-nginx --ignore-not-found=true; kubectl delete namespace demo --ignore-not-found=true; kubectl wait --for=delete namespace/ingress-nginx --timeout=120s || true; kubectl wait --for=delete namespace/demo --timeout=120s || true'

[precondition:nginx_env_ready:preconditionUnits[0] 'nginx_env_ready':apply] $ kubectl create namespace ingress-nginx
namespace/ingress-nginx created

[precondition:nginx_env_ready:preconditionUnits[0] 'nginx_env_ready':apply] $ /bin/sh -c 'kubectl apply -f cases/nginx-ingress/renew_tls_secret/resource/deploy.yaml || true'
namespace/ingress-nginx configured
serviceaccount/ingress-nginx created
serviceaccount/ingress-nginx-admission created
role.rbac.authorization.k8s.io/ingress-nginx created
role.rbac.authorization.k8s.io/ingress-nginx-admission created
clusterrole.rbac.authorization.k8s.io/ingress-nginx unchanged
clusterrole.rbac.authorization.k8s.io/ingress-nginx-admission unchanged
rolebinding.rbac.authorization.k8s.io/ingress-nginx created
rolebinding.rbac.authorization.k8s.io/ingress-nginx-admission created
clusterrolebinding.rbac.authorization.k8s.io/ingress-nginx unchanged
clusterrolebinding.rbac.authorization.k8s.io/ingress-nginx-admission unchanged
configmap/ingress-nginx-controller created
service/ingress-nginx-controller created
service/ingress-nginx-controller-admission created
deployment.apps/ingress-nginx-controller created
job.batch/ingress-nginx-admission-create created
job.batch/ingress-nginx-admission-patch created
ingressclass.networking.k8s.io/nginx unchanged
validatingwebhookconfiguration.admissionregistration.k8s.io/ingress-nginx-admission configured
Warning: resource namespaces/ingress-nginx is missing the kubectl.kubernetes.io/last-applied-configuration annotation which is required by kubectl apply. kubectl apply should only be used on resources created declaratively by either kubectl create --save-config or kubectl apply. The missing annotation will be patched automatically.

[precondition:nginx_env_ready:preconditionUnits[0] 'nginx_env_ready':apply] $ kubectl wait --namespace ingress-nginx --for=condition=ready pod --selector=app.kubernetes.io/component=controller --timeout=90s
pod/ingress-nginx-controller-6775c6fd56-vnl6q condition met

[precondition:nginx_env_ready:preconditionUnits[0] 'nginx_env_ready':apply] $ bash -c 'while [ -z "$(kubectl get svc ingress-nginx-controller -n ingress-nginx -o jsonpath={.status.loadBalancer.ingress[0].ip} 2>/dev/null)" ] && [ -z "$(kubectl get svc ingress-nginx-controller -n ingress-nginx -o jsonpath="{.spec.ports[?(@.port==443)].nodePort}" 2>/dev/null)" ]; do echo "Waiting for ingress-nginx LoadBalancer..."; sleep 5; done; NODEPORT=$(kubectl get svc ingress-nginx-controller -n ingress-nginx -o jsonpath="{.spec.ports[?(@.port==443)].nodePort}"); NODE_IP=$(kubectl get nodes -o jsonpath="{.items[0].status.addresses[?(@.type==InternalIP)].address}"); echo "INGRESS_NODE_IP=$NODE_IP" > /tmp/ingress_env; echo "INGRESS_HTTPS_PORT=$NODEPORT" >> /tmp/ingress_env; echo "export INGRESS_NODE_IP=$NODE_IP" >> /tmp/ingress_env; echo "export INGRESS_HTTPS_PORT=$NODEPORT" >> /tmp/ingress_env'
error: error executing jsonpath "{.items[0].status.addresses[?(@.type==InternalIP)].address}": Error executing template: unrecognized identifier InternalIP. Printing more information for debugging the template:
	template was:
		{.items[0].status.addresses[?(@.type==InternalIP)].address}
	object given to jsonpath engine was:
		map[string]interface {}{"apiVersion":"v1", "items":[]interface {}{map[string]interface {}{"apiVersion":"v1", "kind":"Node", "metadata":map[string]interface {}{"annotations":map[string]interface {}{"kubeadm.alpha.kubernetes.io/cri-socket":"unix:///run/containerd/containerd.sock", "node.alpha.kubernetes.io/ttl":"0", "volumes.kubernetes.io/controller-managed-attach-detach":"true"}, "creationTimestamp":"2026-06-23T21:49:01Z", "labels":map[string]interface {}{"beta.kubernetes.io/arch":"amd64", "beta.kubernetes.io/os":"linux", "kubernetes.io/arch":"amd64", "kubernetes.io/hostname":"karma-6-control-plane", "kubernetes.io/os":"linux", "node-role.kubernetes.io/control-plane":""}, "managedFields":[]interface {}{map[string]interface {}{"apiVersion":"v1", "fieldsType":"FieldsV1", "fieldsV1":map[string]interface {}{"f:metadata":map[string]interface {}{"f:annotations":map[string]interface {}{".":map[string]interface {}{}, "f:volumes.kubernetes.io/controller-managed-attach-detach":map[string]interface {}{}}, "f:labels":map[string]interface {}{".":map[string]interface {}{}, "f:beta.kubernetes.io/arch":map[string]interface {}{}, "f:beta.kubernetes.io/os":map[string]interface {}{}, "f:kubernetes.io/arch":map[string]interface {}{}, "f:kubernetes.io/hostname":map[string]interface {}{}, "f:kubernetes.io/os":map[string]interface {}{}}}, "f:spec":map[string]interface {}{"f:providerID":map[string]interface {}{}}}, "manager":"kubelet", "operation":"Update", "time":"2026-06-23T21:49:01Z"}, map[string]interface {}{"apiVersion":"v1", "fieldsType":"FieldsV1", "fieldsV1":map[string]interface {}{"f:metadata":map[string]interface {}{"f:annotations":map[string]interface {}{"f:kubeadm.alpha.kubernetes.io/cri-socket":map[string]interface {}{}}, "f:labels":map[string]interface {}{"f:node-role.kubernetes.io/control-plane":map[string]interface {}{}}}}, "manager":"kubeadm", "operation":"Update", "time":"2026-06-23T21:49:20Z"}, map[string]interface {}{"apiVersion":"v1", "fieldsType":"FieldsV1", "fieldsV1":map[string]interface {}{"f:metadata":map[string]interface {}{"f:annotations":map[string]interface {}{"f:node.alpha.kubernetes.io/ttl":map[string]interface {}{}}}, "f:spec":map[string]interface {}{"f:podCIDR":map[string]interface {}{}, "f:podCIDRs":map[string]interface {}{".":map[string]interface {}{}, "v:\"10.244.0.0/24\"":map[string]interface {}{}}}}, "manager":"kube-controller-manager", "operation":"Update", "time":"2026-06-23T21:49:37Z"}, map[string]interface {}{"apiVersion":"v1", "fieldsType":"FieldsV1", "fieldsV1":map[string]interface {}{"f:status":map[string]interface {}{"f:conditions":map[string]interface {}{"k:{\"type\":\"DiskPressure\"}":map[string]interface {}{"f:lastHeartbeatTime":map[string]interface {}{}}, "k:{\"type\":\"MemoryPressure\"}":map[string]interface {}{"f:lastHeartbeatTime":map[string]interface {}{}}, "k:{\"type\":\"PIDPressure\"}":map[string]interface {}{"f:lastHeartbeatTime":map[string]interface {}{}}, "k:{\"type\":\"Ready\"}":map[string]interface {}{"f:lastHeartbeatTime":map[string]interface {}{}, "f:lastTransitionTime":map[string]interface {}{}, "f:message":map[string]interface {}{}, "f:reason":map[string]interface {}{}, "f:status":map[string]interface {}{}}}, "f:images":map[string]interface {}{}}}, "manager":"kubelet", "operation":"Update", "subresource":"status", "time":"2026-06-26T05:52:16Z"}}, "name":"karma-6-control-plane", "resourceVersion":"265185", "uid":"5c0b67b2-441b-4d02-a2cc-aacae6b7cf9f"}, "spec":map[string]interface {}{"podCIDR":"10.244.0.0/24", "podCIDRs":[]interface {}{"10.244.0.0/24"}, "providerID":"kind://docker/karma-6/karma-6-control-plane"}, "status":map[string]interface {}{"addresses":[]interface {}{map[string]interface {}{"address":"172.18.0.12", "type":"InternalIP"}, map[string]interface {}{"address":"karma-6-control-plane", "type":"Hostname"}}, "allocatable":map[string]interface {}{"cpu":"40", "ephemeral-storage":"1152589060Ki", "hugepages-1Gi":"0", "hugepages-2Mi":"0", "memory":"164908288Ki", "pods":"110"}, "capacity":map[string]interface {}{"cpu":"40", "ephemeral-storage":"1152589060Ki", "hugepages-1Gi":"0", "hugepages-2Mi":"0", "memory":"164908288Ki", "pods":"110"}, "conditions":[]interface {}{map[string]interface {}{"lastHeartbeatTime":"2026-06-26T05:52:16Z", "lastTransitionTime":"2026-06-23T21:49:01Z", "message":"kubelet has sufficient memory available", "reason":"KubeletHasSufficientMemory", "status":"False", "type":"MemoryPressure"}, map[string]interface {}{"lastHeartbeatTime":"2026-06-26T05:52:16Z", "lastTransitionTime":"2026-06-23T21:49:01Z", "message":"kubelet has no disk pressure", "reason":"KubeletHasNoDiskPressure", "status":"False", "type":"DiskPressure"}, map[string]interface {}{"lastHeartbeatTime":"2026-06-26T05:52:16Z", "lastTransitionTime":"2026-06-23T21:49:01Z", "message":"kubelet has sufficient PID available", "reason":"KubeletHasSufficientPID", "status":"False", "type":"PIDPressure"}, map[string]interface {}{"lastHeartbeatTime":"2026-06-26T05:52:16Z", "lastTransitionTime":"2026-06-23T21:49:57Z", "message":"kubelet is posting ready status", "reason":"KubeletReady", "status":"True", "type":"Ready"}}, "daemonEndpoints":map[string]interface {}{"kubeletEndpoint":map[string]interface {}{"Port":10250}}, "images":[]interface {}{map[string]interface {}{"names":[]interface {}{"docker.io/rayproject/ray@sha256:e64546fb5c3233bb0f33608e186e285c52cdd7440cae1af18f7fcde1c04e49f2", "docker.io/rayproject/ray:2.9.0"}, "sizeBytes":746515609}, map[string]interface {}{"names":[]interface {}{"docker.elastic.co/elasticsearch/elasticsearch@sha256:cf3edd6518b0159d50c0f932f6cacd63930db01e1fb740499eca477543d42b34", "docker.elastic.co/elasticsearch/elasticsearch:8.11.1"}, "sizeBytes":740315137}, map[string]interface {}{"names":[]interface {}{"docker.elastic.co/elasticsearch/elasticsearch@sha256:4cd9ce4ccb04618617114da1df8240473bbd004329c1bc0252cebeec089b629e", "docker.elastic.co/elasticsearch/elasticsearch:8.11.0"}, "sizeBytes":740219273}, map[string]interface {}{"names":[]interface {}{"docker.io/rayproject/ray@sha256:3efed779f9222f0a98d561d33f689f1c8d111979444ebd7abd7bbf30c1147c83", "docker.io/rayproject/ray:2.8.0"}, "sizeBytes":676079329}, map[string]interface {}{"names":[]interface {}{"docker.io/apache/spark@sha256:d0f5d63bfbbffdbec08debb4911554ba671a2fa7398374db8db314d80328f576", "docker.io/apache/spark:3.5.3"}, "sizeBytes":536993653}, map[string]interface {}{"names":[]interface {}{"docker.elastic.co/elasticsearch/elasticsearch@sha256:59b37f77bd8b015d5b60f75bebb22d06028f7f15036f9d3559d2b7c16ece74db", "docker.elastic.co/elasticsearch/elasticsearch:7.17.9"}, "sizeBytes":382857798}, map[string]interface {}{"names":[]interface {}{"docker.io/library/mongo@sha256:928347070dc089a596f869a22a4204c0feace3eb03470a6a2de6814f11fb7309", "docker.io/library/mongo:6.0.5"}, "sizeBytes":236683982}, map[string]interface {}{"names":[]interface {}{"docker.io/cockroachdb/cockroach@sha256:cc4e3ee67104d6f6434c81b555d69d4eb319f8aa0c5495931ffbe9273adfc4b5", "docker.io/cockroachdb/cockroach:v24.1.0"}, "sizeBytes":174909161}, map[string]interface {}{"names":[]interface {}{"docker.io/cockroachdb/cockroach@sha256:d4cae01f1db1b4056c75ada36cb6c3e4994fc84e38cf28930c4a9c8b191c9085", "docker.io/cockroachdb/cockroach:v23.2.0"}, "sizeBytes":169009622}, map[string]interface {}{"names":[]interface {}{"docker.io/cockroachdb/cockroach@sha256:60ccb54902286f6c1e71edeb3a8f28ecba6bcc14eb9998ed48061e0a94346919", "docker.io/cockroachdb/cockroach:v24.1.1"}, "sizeBytes":168026978}, map[string]interface {}{"names":[]interface {}{"docker.io/library/rabbitmq@sha256:446975a5b4ec872dd4c15c90e3c7211cf104c30047866a9a1babe1aead4e59dc", "docker.io/library/rabbitmq:4.1-management"}, "sizeBytes":119617850}, map[string]interface {}{"names":[]interface {}{"registry.k8s.io/ingress-nginx/controller@sha256:594ceea76b01c592858f803f9ff4d2cb40542cae2060410b2c95f75907d659e1"}, "sizeBytes":115975561}, map[string]interface {}{"names":[]interface {}{"docker.io/library/rabbitmq@sha256:e582c0bc7766f3342496d8485efb5a1df782b5ce3886ad017e2eaae442311f69", "docker.io/library/rabbitmq:3.13-management"}, "sizeBytes":114479602}, map[string]interface {}{"names":[]interface {}{"registry.k8s.io/ingress-nginx/controller@sha256:f95a79b85fb93ac3de752c71a5c27d5ceae10a18b61904dec224c1c6a4581e47"}, "sizeBytes":113374367}, map[string]interface {}{"names":[]interface {}{"docker.io/library/rabbitmq@sha256:c601bbed8c3138c74d13439d1db867c106ec76029c3c9e458c11e18c3de25b2e", "docker.io/library/rabbitmq:3.12-management"}, "sizeBytes":112537534}, map[string]interface {}{"names":[]interface {}{"docker.io/library/rabbitmq@sha256:c3f70098e01df3b350c268a1bb7ffcff1158b94643c2063f54c879babf4bbe01", "docker.io/library/rabbitmq:3.11-management"}, "sizeBytes":112367510}, map[string]interface {}{"names":[]interface {}{"docker.io/library/rabbitmq@sha256:73530b6b10270074cbdc8b287f6aa0e653f893183f1a749bf07a98d5644fe77c", "docker.io/library/rabbitmq:3.10-management"}, "sizeBytes":111762656}, map[string]interface {}{"names":[]interface {}{"docker.io/library/rabbitmq@sha256:8a279e9396a89676195b2d122ccb0deb45989afcac7e5b8476338c93ea6d1a46", "docker.io/library/rabbitmq:3.9-management"}, "sizeBytes":111646615}, map[string]interface {}{"names":[]interface {}{"quay.io/prometheus/prometheus@sha256:075b1ba2c4ebb04bc3a6ab86c06ec8d8099f8fda1c96ef6d104d9bb1def1d8bc", "quay.io/prometheus/prometheus:v2.53.0"}, "sizeBytes":106759946}, map[string]interface {}{"names":[]interface {}{"docker.io/library/import-2024-05-13@sha256:d147453847b7c5b8c33045e54d6e0301edea08b5ae152e84b9b5cab377e20321", "registry.k8s.io/kube-apiserver-amd64:v1.30.0", "registry.k8s.io/kube-apiserver:v1.30.0"}, "sizeBytes":89436130}, map[string]interface {}{"names":[]interface {}{"docker.io/library/import-2024-05-13@sha256:98e54aaf0614547ead5c0bd7df946f6eb58f0abf0386240df20565d9dd2a2e8d", "registry.k8s.io/kube-proxy-amd64:v1.30.0", "registry.k8s.io/kube-proxy:v1.30.0"}, "sizeBytes":85930170}, map[string]interface {}{"names":[]interface {}{"docker.io/library/import-2024-05-13@sha256:9615dec64d132ce44d42c15d071da7477499ab2aa9a44ff073b8d85944949023", "registry.k8s.io/kube-controller-manager-amd64:v1.30.0", "registry.k8s.io/kube-controller-manager:v1.30.0"}, "sizeBytes":83459912}, map[string]interface {}{"names":[]interface {}{"docker.io/bitnami/kubectl@sha256:b9f4412e53f09d76b0991cdd29c0feff4c1d1e112b307e0ab155e5b050a9f4ec", "docker.io/bitnami/kubectl:latest"}, "sizeBytes":78168784}, map[string]interface {}{"names":[]interface {}{"docker.io/library/import-2024-05-13@sha256:06e68f241fc2e56756800474858d7b359f7cf4da31eddae316a342059c20c274", "registry.k8s.io/kube-scheduler-amd64:v1.30.0", "registry.k8s.io/kube-scheduler:v1.30.0"}, "sizeBytes":63021384}, map[string]interface {}{"names":[]interface {}{"registry.k8s.io/etcd:3.5.12-0"}, "sizeBytes":57236178}, map[string]interface {}{"names":[]interface {}{"docker.io/kindest/kindnetd:v20240202-8f1494ea"}, "sizeBytes":27755257}, map[string]interface {}{"names":[]interface {}{"registry.k8s.io/ingress-nginx/kube-webhook-certgen@sha256:01038e7de14b78d702d2849c3aad72fd25903c4765af63cf16aa3398f5d5f2dd"}, "sizeBytes":26543532}, map[string]interface {}{"names":[]interface {}{"docker.io/library/python@sha256:cf0253107a1e77e63c814a05428308965a47eb44a2d62fc828564c4a8c839fab", "docker.io/library/python:3.11-alpine"}, "sizeBytes":20311149}, map[string]interface {}{"names":[]interface {}{"docker.io/kindest/local-path-provisioner:v20240202-8f1494ea"}, "sizeBytes":19365409}, map[string]interface {}{"names":[]interface {}{"registry.k8s.io/ingress-nginx/kube-webhook-certgen@sha256:03a00eb0e255e8a25fa49926c24cde0f7e12e8d072c445cdf5136ec78b546285"}, "sizeBytes":18878642}, map[string]interface {}{"names":[]interface {}{"registry.k8s.io/coredns/coredns:v1.11.1"}, "sizeBytes":18182961}, map[string]interface {}{"names":[]interface {}{"quay.io/prometheus-operator/prometheus-operator@sha256:ed13e3f05d0926342e78db63a17b7fd3d608e5e00e6d93f33594d037e89394f6", "quay.io/prometheus-operator/prometheus-operator:v0.75.2"}, "sizeBytes":17698361}, map[string]interface {}{"names":[]interface {}{"quay.io/prometheus-operator/prometheus-config-reloader@sha256:a35f3524603260d799e34200a7499cad80a5463cf9a6628a20b960f9655cf043", "quay.io/prometheus-operator/prometheus-config-reloader:v0.75.2"}, "sizeBytes":14036162}, map[string]interface {}{"names":[]interface {}{"docker.io/curlimages/curl@sha256:08e466006f0860e54fc299378de998935333e0e130a15f6f98482e9f8dab3058", "docker.io/curlimages/curl:8.5.0"}, "sizeBytes":9681294}, map[string]interface {}{"names":[]interface {}{"docker.io/curlimages/curl@sha256:c3b8bee303c6c6beed656cfc921218c529d65aa61114eb9e27c62047a1271b9b", "docker.io/curlimages/curl:8.6.0"}, "sizeBytes":7535333}, map[string]interface {}{"names":[]interface {}{"docker.io/alpine/openssl@sha256:63b044fac594e2940b36d341804554b38f8f702641fea00a62a557689bff3795", "docker.io/alpine/openssl:3.1.4"}, "sizeBytes":5800863}, map[string]interface {}{"names":[]interface {}{"docker.io/kindest/local-path-helper:v20230510-486859a6"}, "sizeBytes":3052318}, map[string]interface {}{"names":[]interface {}{"docker.io/library/busybox@sha256:fd8d9aa63ba2f0982b5304e1ee8d3b90a210bc1ffb5314d980eb6962f1a9715d", "docker.io/library/busybox:latest"}, "sizeBytes":2236931}, map[string]interface {}{"names":[]interface {}{"docker.io/library/busybox@sha256:73aaf090f3d85aa34ee199857f03fa3a95c8ede2ffd4cc2cdb5b94e566b11662", "docker.io/library/busybox:1.36"}, "sizeBytes":2217006}, map[string]interface {}{"names":[]interface {}{"registry.k8s.io/pause:3.7"}, "sizeBytes":311278}}, "nodeInfo":map[string]interface {}{"architecture":"amd64", "bootID":"f79bb4a3-043b-4f2b-9028-039a73361cb6", "containerRuntimeVersion":"containerd://1.7.15", "kernelVersion":"6.8.0-117-generic", "kubeProxyVersion":"v1.30.0", "kubeletVersion":"v1.30.0", "machineID":"8c92223fddf54a6a9776e3318596acf1", "operatingSystem":"linux", "osImage":"Debian GNU/Linux 12 (bookworm)", "systemUUID":"6de73bd6-6bd7-46ae-a3f8-bb8c35f10de4"}}}}, "kind":"List", "metadata":map[string]interface {}{"resourceVersion":""}}



[precondition:nginx_env_ready:preconditionUnits[0] 'nginx_env_ready':apply] $ kubectl create namespace demo
namespace/demo created

[precondition:nginx_env_ready:preconditionUnits[0] 'nginx_env_ready':apply] $ /bin/sh -c 'kubectl -n demo get pod openssl-toolbox >/dev/null 2>&1 || kubectl -n demo apply -f cases/nginx-ingress/renew_tls_secret/resource/openssl-toolbox.yaml'
pod/openssl-toolbox created

[precondition:nginx_env_ready:preconditionUnits[0] 'nginx_env_ready':apply] $ kubectl -n demo wait --for=condition=Ready pod/openssl-toolbox --timeout=180s
pod/openssl-toolbox condition met

[precondition:nginx_env_ready:preconditionUnits[0] 'nginx_env_ready':apply] $ kubectl -n demo cp cases/nginx-ingress/renew_tls_secret/resource/leaf.cnf openssl-toolbox:/tmp/leaf.cnf

[precondition:nginx_env_ready:preconditionUnits[0] 'nginx_env_ready':apply] $ kubectl -n demo cp cases/nginx-ingress/renew_tls_secret/resource/ca-ext.conf openssl-toolbox:/tmp/ca-ext.conf

[precondition:nginx_env_ready:preconditionUnits[0] 'nginx_env_ready':apply] $ kubectl -n demo apply -f cases/nginx-ingress/renew_tls_secret/resource/echo-server.yaml
deployment.apps/echo-server created
service/echo-server created

[precondition:nginx_env_ready:preconditionUnits[0] 'nginx_env_ready':apply] $ openssl genrsa -out /tmp/test-ca.key 2048

[precondition:nginx_env_ready:preconditionUnits[0] 'nginx_env_ready':apply] $ openssl req -new -key /tmp/test-ca.key -subj /CN=Test\ CA -out /tmp/test-ca.csr

[precondition:nginx_env_ready:preconditionUnits[0] 'nginx_env_ready':apply] $ openssl x509 -req -in /tmp/test-ca.csr -signkey /tmp/test-ca.key -set_serial 01 -extfile cases/nginx-ingress/renew_tls_secret/resource/ca-ext.conf -days 9000 -out /tmp/test-ca.crt
Certificate request self-signature ok
subject=CN = Test CA

[precondition:nginx_env_ready:preconditionUnits[0] 'nginx_env_ready':apply] $ openssl genrsa -out /tmp/expired-tls.key 2048

[precondition:nginx_env_ready:preconditionUnits[0] 'nginx_env_ready':apply] $ openssl req -new -key /tmp/expired-tls.key -out /tmp/expired-tls.csr -config cases/nginx-ingress/renew_tls_secret/resource/leaf.cnf

[precondition:nginx_env_ready:preconditionUnits[0] 'nginx_env_ready':apply] $ /bin/sh -c 'D=$(mktemp -d); mkdir -p "$D/newcerts"; : > "$D/index.txt"; echo 1000 > "$D/serial"; printf "[ca]\ndefault_ca=CA_default\n[CA_default]\ndir=%s\ndatabase=%s/index.txt\nnew_certs_dir=%s/newcerts\nserial=%s/serial\ncertificate=/tmp/test-ca.crt\nprivate_key=/tmp/test-ca.key\ndefault_md=sha256\npolicy=pol\n[pol]\ncommonName=supplied\n" "$D" "$D" "$D" "$D" > "$D/ca.cnf"; openssl ca -batch -config "$D/ca.cnf" -startdate 20200101000000Z -enddate 20200102000000Z -extfile cases/nginx-ingress/renew_tls_secret/resource/leaf.cnf -extensions req_ext -in /tmp/expired-tls.csr -out /tmp/expired-tls.crt; rm -rf "$D"'
Using configuration from /tmp/tmp.L4Ml7drjZ0/ca.cnf
Check that the request matches the signature
Signature ok
The Subject's Distinguished Name is as follows
commonName            :ASN.1 12:'demo.example.com'
Certificate is to be certified until Jan  2 00:00:00 2020 GMT (-2367 days)

Write out database with 1 new entries
Database updated

[precondition:nginx_env_ready:preconditionUnits[0] 'nginx_env_ready':apply] $ kubectl -n demo create secret tls expired-tls-secret --cert=/tmp/expired-tls.crt --key=/tmp/expired-tls.key
secret/expired-tls-secret created

[precondition:nginx_env_ready:preconditionUnits[0] 'nginx_env_ready':apply] $ kubectl -n demo create configmap test-ca --from-file=ca.crt=/tmp/test-ca.crt
configmap/test-ca created

[precondition:nginx_env_ready:preconditionUnits[0] 'nginx_env_ready':apply] $ kubectl -n demo apply -f cases/nginx-ingress/renew_tls_secret/resource/demo-ingress-expired.yaml
ingress.networking.k8s.io/demo-ingress created

[precondition:nginx_env_ready:preconditionUnits[0] 'nginx_env_ready':apply] $ /bin/sh -c 'kubectl -n demo get pod curl-test >/dev/null 2>&1 || kubectl -n demo apply -f cases/nginx-ingress/renew_tls_secret/resource/curl-test.yaml'
pod/curl-test created

[precondition:nginx_env_ready:preconditionUnits[0] 'nginx_env_ready':apply] $ kubectl -n demo wait --for=condition=Ready pod/curl-test --timeout=180s
pod/curl-test condition met

[precondition:nginx_env_ready:preconditionUnits[0] 'nginx_env_ready':verify] $ kubectl -n demo wait --for=condition=ready pod/curl-test --timeout=5s
pod/curl-test condition met

[precondition:tls_fixture_ready:preconditionUnits[1] 'tls_fixture_ready':probe] $ kubectl -n demo get secret expired-tls-secret
NAME                 TYPE                DATA   AGE
expired-tls-secret   kubernetes.io/tls   2      19s

