[precondition:nginx_env_ready:preconditionUnits[0] 'nginx_env_ready':probe] $ kubectl -n demo wait --for=condition=ready pod/curl-test --timeout=5s
Error from server (NotFound): namespaces "demo" not found

[precondition:nginx_env_ready:preconditionUnits[0] 'nginx_env_ready':apply] $ /bin/sh -c 'kubectl delete namespace ingress-nginx --ignore-not-found=true; kubectl delete namespace demo --ignore-not-found=true; kubectl wait --for=delete namespace/ingress-nginx --timeout=120s || true; kubectl wait --for=delete namespace/demo --timeout=120s || true'

[precondition:nginx_env_ready:preconditionUnits[0] 'nginx_env_ready':apply] $ kubectl create namespace ingress-nginx
namespace/ingress-nginx created

[precondition:nginx_env_ready:preconditionUnits[0] 'nginx_env_ready':apply] $ kubectl apply -f resources/nginx-ingress/create_ingress/resource/deploy.yaml
namespace/ingress-nginx configured
serviceaccount/ingress-nginx created
serviceaccount/ingress-nginx-admission created
role.rbac.authorization.k8s.io/ingress-nginx created
role.rbac.authorization.k8s.io/ingress-nginx-admission created
clusterrole.rbac.authorization.k8s.io/ingress-nginx unchanged
clusterrole.rbac.authorization.k8s.io/ingress-nginx-admission unchanged
rolebinding.rbac.authorization.k8s.io/ingress-nginx created
rolebinding.rbac.authorization.k8s.io/ingress-nginx-admission created
clusterrolebinding.rbac.authorization.k8s.io/ingress-nginx unchanged
clusterrolebinding.rbac.authorization.k8s.io/ingress-nginx-admission unchanged
configmap/ingress-nginx-controller created
service/ingress-nginx-controller created
service/ingress-nginx-controller-admission created
deployment.apps/ingress-nginx-controller created
job.batch/ingress-nginx-admission-create created
job.batch/ingress-nginx-admission-patch created
ingressclass.networking.k8s.io/nginx unchanged
validatingwebhookconfiguration.admissionregistration.k8s.io/ingress-nginx-admission configured
Warning: resource namespaces/ingress-nginx is missing the kubectl.kubernetes.io/last-applied-configuration annotation which is required by kubectl apply. kubectl apply should only be used on resources created declaratively by either kubectl create --save-config or kubectl apply. The missing annotation will be patched automatically.

[precondition:nginx_env_ready:preconditionUnits[0] 'nginx_env_ready':apply] $ kubectl -n ingress-nginx rollout status deploy/ingress-nginx-controller --timeout=120s
deployment "ingress-nginx-controller" successfully rolled out

[precondition:nginx_env_ready:preconditionUnits[0] 'nginx_env_ready':apply] $ kubectl -n ingress-nginx patch deployment ingress-nginx-controller --type=json -p '[{"op":"add","path":"/spec/template/spec/containers/0/args/-","value":"--watch-ingress-without-class=false"}]'
deployment.apps/ingress-nginx-controller patched

[precondition:nginx_env_ready:preconditionUnits[0] 'nginx_env_ready':apply] $ kubectl -n ingress-nginx rollout status deploy/ingress-nginx-controller --timeout=120s
Waiting for deployment "ingress-nginx-controller" rollout to finish: 0 of 1 updated replicas are available...
deployment "ingress-nginx-controller" successfully rolled out

[precondition:nginx_env_ready:preconditionUnits[0] 'nginx_env_ready':apply] $ kubectl create namespace demo
namespace/demo created

[precondition:nginx_env_ready:preconditionUnits[0] 'nginx_env_ready':apply] $ kubectl -n demo apply -f resources/nginx-ingress/create_ingress/resource/demo-app.yaml
deployment.apps/demo-app created

[precondition:nginx_env_ready:preconditionUnits[0] 'nginx_env_ready':apply] $ kubectl -n demo rollout status deploy/demo-app --timeout=60s
deployment "demo-app" successfully rolled out

[precondition:nginx_env_ready:preconditionUnits[0] 'nginx_env_ready':apply] $ kubectl -n demo apply -f resources/nginx-ingress/create_ingress/resource/curl-test.yaml
pod/curl-test created

[precondition:nginx_env_ready:preconditionUnits[0] 'nginx_env_ready':apply] $ kubectl -n demo wait --for=condition=Ready pod/curl-test --timeout=60s
pod/curl-test condition met

[precondition:nginx_env_ready:preconditionUnits[0] 'nginx_env_ready':verify] $ kubectl -n demo wait --for=condition=ready pod/curl-test --timeout=5s
pod/curl-test condition met

