[precondition:nginx_env_ready:preconditionUnits[0] 'nginx_env_ready':probe] $ kubectl -n demo wait --for=condition=ready pod/curl-test --timeout=5s
pod/curl-test condition met

[precondition:canary_scenario_fixture:preconditionUnits[1] 'canary_scenario_fixture':probe] $ kubectl -n demo get deploy stable-echo
Error from server (NotFound): deployments.apps "stable-echo" not found

[precondition:canary_scenario_fixture:preconditionUnits[1] 'canary_scenario_fixture':apply] $ kubectl -n demo apply -f cases/nginx-ingress/ingress_canary/resource/stable-echo.yaml
deployment.apps/stable-echo created
service/stable-echo created

[precondition:canary_scenario_fixture:preconditionUnits[1] 'canary_scenario_fixture':apply] $ kubectl -n demo apply -f cases/nginx-ingress/ingress_canary/resource/canary-echo.yaml
deployment.apps/canary-echo created
service/canary-echo created

[precondition:canary_scenario_fixture:preconditionUnits[1] 'canary_scenario_fixture':apply] $ /bin/sh -c 'kubectl -n demo rollout status deploy/stable-echo --timeout=60s || true'
Waiting for deployment "stable-echo" rollout to finish: 0 of 1 updated replicas are available...
deployment "stable-echo" successfully rolled out

[precondition:canary_scenario_fixture:preconditionUnits[1] 'canary_scenario_fixture':apply] $ /bin/sh -c 'kubectl -n demo rollout status deploy/canary-echo --timeout=60s || true'
Waiting for deployment "canary-echo" rollout to finish: 0 of 1 updated replicas are available...
deployment "canary-echo" successfully rolled out

[precondition:canary_scenario_fixture:preconditionUnits[1] 'canary_scenario_fixture':apply] $ kubectl -n demo apply -f cases/nginx-ingress/ingress_canary/resource/ingress-stable.yaml
ingress.networking.k8s.io/canary-stable created

[precondition:canary_scenario_fixture:preconditionUnits[1] 'canary_scenario_fixture':apply] $ kubectl -n demo apply -f cases/nginx-ingress/ingress_canary/resource/ingress-canary.yaml
ingress.networking.k8s.io/canary-canary created

[precondition:canary_scenario_fixture:preconditionUnits[1] 'canary_scenario_fixture':apply] $ /bin/sh -c 'kubectl -n demo get pod curl-test >/dev/null 2>&1 || kubectl -n demo apply -f cases/nginx-ingress/ingress_canary/resource/curl-test.yaml'

[precondition:canary_scenario_fixture:preconditionUnits[1] 'canary_scenario_fixture':apply] $ /bin/sh -c 'kubectl -n demo wait --for=condition=Ready pod/curl-test --timeout=120s || true'
pod/curl-test condition met

[precondition:canary_scenario_fixture:preconditionUnits[1] 'canary_scenario_fixture':verify] $ /bin/sh -c 'kubectl -n demo get deploy stable-echo >/dev/null 2>&1; true'

