[precondition:rabbitmq_secrets_ready:preconditionUnits[0] 'rabbitmq_secrets_ready':probe] $ /bin/sh -c 'set -e; kubectl -n ${BENCH_NAMESPACE} get secret rabbitmq-erlang-cookie >/dev/null; kubectl -n ${BENCH_NAMESPACE} get secret rabbitmq-admin >/dev/null'
Error from server (NotFound): secrets "rabbitmq-erlang-cookie" not found

[precondition:rabbitmq_secrets_ready:preconditionUnits[0] 'rabbitmq_secrets_ready':apply] $ /bin/sh -c 'kubectl -n ${BENCH_NAMESPACE} create secret generic rabbitmq-erlang-cookie --from-literal=cookie=supersecretcookie --dry-run=client -o yaml | kubectl apply -f -'
secret/rabbitmq-erlang-cookie created

[precondition:rabbitmq_secrets_ready:preconditionUnits[0] 'rabbitmq_secrets_ready':apply] $ /bin/sh -c 'kubectl -n ${BENCH_NAMESPACE} create secret generic rabbitmq-admin --from-literal=username=admin --from-literal=password=adminpass --dry-run=client -o yaml | kubectl apply -f -'
secret/rabbitmq-admin created

[precondition:rabbitmq_secrets_ready:preconditionUnits[0] 'rabbitmq_secrets_ready':verify] $ /bin/sh -c 'set -e; kubectl -n ${BENCH_NAMESPACE} get secret rabbitmq-erlang-cookie >/dev/null; kubectl -n ${BENCH_NAMESPACE} get secret rabbitmq-admin >/dev/null'

[precondition:rbac_ready:preconditionUnits[1] 'rbac_ready':probe] $ kubectl -n ${BENCH_NAMESPACE} get sa rabbitmq
Error from server (NotFound): serviceaccounts "rabbitmq" not found

[precondition:rbac_ready:preconditionUnits[1] 'rbac_ready':apply] $ envsubst '$BENCH_NAMESPACE $BENCH_NS_SOURCE $BENCH_NS_TARGET $BENCH_PARAM_CLUSTER_PREFIX $BENCH_PARAM_BLUE_CLUSTER_PREFIX $BENCH_PARAM_GREEN_CLUSTER_PREFIX $BENCH_PARAM_FROM_VERSION' < cases/rabbitmq/manual_backup_restore/resource/rbac.yaml | kubectl -n ${BENCH_NAMESPACE} apply -f -
serviceaccount/rabbitmq created
role.rbac.authorization.k8s.io/rabbitmq-peer-discovery created
rolebinding.rbac.authorization.k8s.io/rabbitmq-peer-discovery created

[precondition:rbac_ready:preconditionUnits[1] 'rbac_ready':verify] $ kubectl -n ${BENCH_NAMESPACE} get sa rabbitmq
NAME       SECRETS   AGE
rabbitmq   0         1s

[precondition:config_ready:preconditionUnits[2] 'config_ready':probe] $ kubectl -n ${BENCH_NAMESPACE} get configmap rabbitmq-config
Error from server (NotFound): configmaps "rabbitmq-config" not found

[precondition:config_ready:preconditionUnits[2] 'config_ready':apply] $ envsubst '$BENCH_NAMESPACE $BENCH_NS_SOURCE $BENCH_NS_TARGET $BENCH_PARAM_CLUSTER_PREFIX $BENCH_PARAM_BLUE_CLUSTER_PREFIX $BENCH_PARAM_GREEN_CLUSTER_PREFIX $BENCH_PARAM_FROM_VERSION' < cases/rabbitmq/manual_backup_restore/resource/configmap.yaml | kubectl -n ${BENCH_NAMESPACE} apply -f -
configmap/rabbitmq-config created

[precondition:config_ready:preconditionUnits[2] 'config_ready':verify] $ kubectl -n ${BENCH_NAMESPACE} get configmap rabbitmq-config
NAME              DATA   AGE
rabbitmq-config   2      1s

[precondition:services_ready:preconditionUnits[3] 'services_ready':probe] $ /bin/sh -c 'set -e; kubectl -n ${BENCH_NAMESPACE} get svc rabbitmq >/dev/null; kubectl -n ${BENCH_NAMESPACE} get svc rabbitmq-headless >/dev/null'
Error from server (NotFound): services "rabbitmq" not found

[precondition:services_ready:preconditionUnits[3] 'services_ready':apply] $ envsubst '$BENCH_NAMESPACE $BENCH_NS_SOURCE $BENCH_NS_TARGET $BENCH_PARAM_CLUSTER_PREFIX $BENCH_PARAM_BLUE_CLUSTER_PREFIX $BENCH_PARAM_GREEN_CLUSTER_PREFIX $BENCH_PARAM_FROM_VERSION' < cases/rabbitmq/manual_backup_restore/resource/services.yaml | kubectl -n ${BENCH_NAMESPACE} apply -f -
service/rabbitmq-headless created
service/rabbitmq created

[precondition:services_ready:preconditionUnits[3] 'services_ready':verify] $ /bin/sh -c 'set -e; kubectl -n ${BENCH_NAMESPACE} get svc rabbitmq >/dev/null; kubectl -n ${BENCH_NAMESPACE} get svc rabbitmq-headless >/dev/null'

[precondition:backup_pvc_ready:preconditionUnits[4] 'backup_pvc_ready':probe] $ kubectl -n ${BENCH_NAMESPACE} get pvc rabbitmq-backup
Error from server (NotFound): persistentvolumeclaims "rabbitmq-backup" not found

[precondition:backup_pvc_ready:preconditionUnits[4] 'backup_pvc_ready':apply] $ envsubst '$BENCH_NAMESPACE $BENCH_NS_SOURCE $BENCH_NS_TARGET $BENCH_PARAM_CLUSTER_PREFIX $BENCH_PARAM_BLUE_CLUSTER_PREFIX $BENCH_PARAM_GREEN_CLUSTER_PREFIX $BENCH_PARAM_FROM_VERSION' < cases/rabbitmq/manual_backup_restore/resource/backup-pvc.yaml | kubectl -n ${BENCH_NAMESPACE} apply -f -
persistentvolumeclaim/rabbitmq-backup created

[precondition:backup_pvc_ready:preconditionUnits[4] 'backup_pvc_ready':verify] $ kubectl -n ${BENCH_NAMESPACE} get pvc rabbitmq-backup
NAME              STATUS    VOLUME   CAPACITY   ACCESS MODES   STORAGECLASS   VOLUMEATTRIBUTESCLASS   AGE
rabbitmq-backup   Pending                                      standard       <unset>                 1s

[precondition:seed_material_ready:preconditionUnits[5] 'seed_material_ready':probe] $ python3 cases/rabbitmq/manual_backup_restore/setup_precondition_check.py --namespace ${BENCH_NAMESPACE} --mode seed-material
setup-precondition-check: failed
 - failed to read rabbitmq statefulset: Command '['kubectl', '-n', 'karma-rabbitmq-manual-backup-restore-3fbc14c9', 'get', 'sts', 'rabbitmq', '-o', 'json']' returned non-zero exit status 1.
 - failed to inspect seeded queue state: Command '['kubectl', '-n', 'karma-rabbitmq-manual-backup-restore-3fbc14c9', 'exec', 'rabbitmq-0', '--', 'rabbitmqctl', '-q', 'list_queues', '-p', '/app', 'name', 'messages']' returned non-zero exit status 1.

[precondition:seed_material_ready:preconditionUnits[5] 'seed_material_ready':apply] $ kubectl -n ${BENCH_NAMESPACE} delete job rabbitmq-seed --ignore-not-found=true

[precondition:seed_material_ready:preconditionUnits[5] 'seed_material_ready':apply] $ /bin/sh -c 'kubectl -n ${BENCH_NAMESPACE} wait --for=delete pod -l job-name=rabbitmq-seed --timeout=120s || true'

[precondition:seed_material_ready:preconditionUnits[5] 'seed_material_ready':apply] $ kubectl -n ${BENCH_NAMESPACE} delete statefulset rabbitmq --cascade=orphan --ignore-not-found=true

[precondition:seed_material_ready:preconditionUnits[5] 'seed_material_ready':apply] $ envsubst '$BENCH_NAMESPACE $BENCH_NS_SOURCE $BENCH_NS_TARGET $BENCH_PARAM_CLUSTER_PREFIX $BENCH_PARAM_BLUE_CLUSTER_PREFIX $BENCH_PARAM_GREEN_CLUSTER_PREFIX $BENCH_PARAM_FROM_VERSION' < cases/rabbitmq/manual_backup_restore/resource/statefulset.yaml | kubectl -n ${BENCH_NAMESPACE} apply -f -
statefulset.apps/rabbitmq created

[precondition:seed_material_ready:preconditionUnits[5] 'seed_material_ready':apply] $ kubectl -n ${BENCH_NAMESPACE} rollout status statefulset/rabbitmq --timeout=600s
Waiting for 3 pods to be ready...
Waiting for 2 pods to be ready...
Waiting for 2 pods to be ready...
Waiting for 1 pods to be ready...
Waiting for 1 pods to be ready...
partitioned roll out complete: 3 new pods have been updated...

[precondition:seed_material_ready:preconditionUnits[5] 'seed_material_ready':apply] $ envsubst '$BENCH_NAMESPACE $BENCH_NS_SOURCE $BENCH_NS_TARGET $BENCH_PARAM_CLUSTER_PREFIX $BENCH_PARAM_BLUE_CLUSTER_PREFIX $BENCH_PARAM_GREEN_CLUSTER_PREFIX $BENCH_PARAM_FROM_VERSION' < cases/rabbitmq/manual_backup_restore/resource/seed-job.yaml | kubectl -n ${BENCH_NAMESPACE} apply -f -
job.batch/rabbitmq-seed created

[precondition:seed_material_ready:preconditionUnits[5] 'seed_material_ready':apply] $ kubectl -n ${BENCH_NAMESPACE} wait --for=condition=complete job/rabbitmq-seed --timeout=900s
job.batch/rabbitmq-seed condition met

[precondition:seed_material_ready:preconditionUnits[5] 'seed_material_ready':verify] $ python3 cases/rabbitmq/manual_backup_restore/setup_precondition_check.py --namespace ${BENCH_NAMESPACE} --mode seed-material
setup-precondition-check: ok

[precondition:backup_snapshot_ready:preconditionUnits[6] 'backup_snapshot_ready':probe] $ python3 cases/rabbitmq/manual_backup_restore/setup_precondition_check.py --namespace ${BENCH_NAMESPACE} --mode backup-snapshot
setup-precondition-check: failed
 - rabbitmq statefulset replicas expected 0, got 3
 - PVC rabbitmq-backup is not Bound (phase=Pending)
 - backup archive missing or unreadable: Command '['kubectl', '-n', 'karma-rabbitmq-manual-backup-restore-3fbc14c9', 'wait', 'pod/rabbitmq-backup-probe', '--for=jsonpath={.status.phase}=Succeeded', '--timeout=60s']' returned non-zero exit status 1.

[precondition:backup_snapshot_ready:preconditionUnits[6] 'backup_snapshot_ready':apply] $ kubectl -n ${BENCH_NAMESPACE} delete job rabbitmq-backup --ignore-not-found=true

[precondition:backup_snapshot_ready:preconditionUnits[6] 'backup_snapshot_ready':apply] $ /bin/sh -c 'kubectl -n ${BENCH_NAMESPACE} wait --for=delete pod -l job-name=rabbitmq-backup --timeout=120s || true'

[precondition:backup_snapshot_ready:preconditionUnits[6] 'backup_snapshot_ready':apply] $ kubectl -n ${BENCH_NAMESPACE} scale statefulset/rabbitmq --replicas=0
statefulset.apps/rabbitmq scaled

[precondition:backup_snapshot_ready:preconditionUnits[6] 'backup_snapshot_ready':apply] $ kubectl -n ${BENCH_NAMESPACE} wait --for=delete pod/rabbitmq-0 pod/rabbitmq-1 pod/rabbitmq-2 --timeout=600s
pod/rabbitmq-0 condition met

[precondition:backup_snapshot_ready:preconditionUnits[6] 'backup_snapshot_ready':apply] $ envsubst '$BENCH_NAMESPACE $BENCH_NS_SOURCE $BENCH_NS_TARGET $BENCH_PARAM_CLUSTER_PREFIX $BENCH_PARAM_BLUE_CLUSTER_PREFIX $BENCH_PARAM_GREEN_CLUSTER_PREFIX $BENCH_PARAM_FROM_VERSION' < cases/rabbitmq/manual_backup_restore/resource/job-backup.yaml | kubectl -n ${BENCH_NAMESPACE} apply -f -
job.batch/rabbitmq-backup created

[precondition:backup_snapshot_ready:preconditionUnits[6] 'backup_snapshot_ready':apply] $ kubectl -n ${BENCH_NAMESPACE} wait --for=condition=complete job/rabbitmq-backup --timeout=900s
job.batch/rabbitmq-backup condition met

[precondition:backup_snapshot_ready:preconditionUnits[6] 'backup_snapshot_ready':apply] $ kubectl -n ${BENCH_NAMESPACE} delete job rabbitmq-backup --ignore-not-found=true
job.batch "rabbitmq-backup" deleted from karma-rabbitmq-manual-backup-restore-3fbc14c9 namespace

[precondition:backup_snapshot_ready:preconditionUnits[6] 'backup_snapshot_ready':verify] $ python3 cases/rabbitmq/manual_backup_restore/setup_precondition_check.py --namespace ${BENCH_NAMESPACE} --mode backup-snapshot
setup-precondition-check: ok

[precondition:restore_pvc_ready:preconditionUnits[7] 'restore_pvc_ready':probe] $ python3 cases/rabbitmq/manual_backup_restore/setup_precondition_check.py --namespace ${BENCH_NAMESPACE} --mode restore-pvc
setup-precondition-check: ok

[precondition:curl_test_ready:preconditionUnits[8] 'curl_test_ready':probe] $ kubectl -n ${BENCH_NAMESPACE} wait --for=condition=ready pod -l app=curl-test --timeout=3s
error: no matching resources found

[precondition:curl_test_ready:preconditionUnits[8] 'curl_test_ready':apply] $ envsubst '$BENCH_NAMESPACE $BENCH_NS_SOURCE $BENCH_NS_TARGET $BENCH_PARAM_CLUSTER_PREFIX $BENCH_PARAM_BLUE_CLUSTER_PREFIX $BENCH_PARAM_GREEN_CLUSTER_PREFIX $BENCH_PARAM_FROM_VERSION' < cases/rabbitmq/manual_backup_restore/resource/curl-test.yaml | kubectl -n ${BENCH_NAMESPACE} apply -f -
pod/curl-test created

[precondition:curl_test_ready:preconditionUnits[8] 'curl_test_ready':apply] $ kubectl -n ${BENCH_NAMESPACE} wait --for=condition=ready pod -l app=curl-test --timeout=300s
pod/curl-test condition met

[precondition:curl_test_ready:preconditionUnits[8] 'curl_test_ready':verify] $ kubectl -n ${BENCH_NAMESPACE} wait --for=condition=ready pod -l app=curl-test --timeout=3s
pod/curl-test condition met

