[judge] run cockroachdb-health-recovery-adversary-20260709_185543-f490
[judge] scoring 3 stage(s); 3 passed the oracle -- grading each against the rubric
[judge]   grading stage_01 against the rubric...
[judge]     - validity: 90%
[judge]     - path_sensibility: 55%
[judge]     - tool_reasonability: 50%
[judge]     - simplicity: 85%
[judge]   rubric stage_01 -> 0.722
[judge]   grading stage_02 against the rubric...
[judge]     - validity: 100%
[judge]     - path_sensibility: 50%
[judge]     - tool_reasonability: 100%
[judge]     - simplicity: 100%
[judge]   rubric stage_02 -> 0.875
[judge]   grading stage_03 against the rubric...
[judge]     - validity: 100%
[judge]     - path_sensibility: 100%
[judge]     - tool_reasonability: 100%
[judge]     - simplicity: 100%
[judge]   rubric stage_03 -> 1.0
[judge] 3/3 stages passed -> base score 86.6 (rubric-scored)
[judge] regression sweep clean -> 86.6
