[precondition:es_env_ready:preconditionUnits[0] 'es_env_ready':probe] $ kubectl -n elasticsearch get pods 2>/dev/null | grep -c Running
0

[precondition:es_env_ready:preconditionUnits[0] 'es_env_ready':apply] $ /bin/sh -c 'kubectl delete namespace elasticsearch --ignore-not-found=true --wait=false; kubectl wait --for=delete namespace/elasticsearch --timeout=400s || true'

[precondition:es_env_ready:preconditionUnits[0] 'es_env_ready':apply] $ kubectl create namespace elasticsearch
namespace/elasticsearch created

[precondition:es_env_ready:preconditionUnits[0] 'es_env_ready':apply] $ kubectl -n elasticsearch apply -f cases/elasticsearch/transport-additional-ca-trust/resource/
configmap/es-config created
pod/curl-test created
pod/openssl-toolbox created
service/es-cluster created
service/es-http created
statefulset.apps/es-cluster created

[precondition:es_env_ready:preconditionUnits[0] 'es_env_ready':apply] $ kubectl -n elasticsearch wait --for=condition=ready pod/openssl-toolbox --timeout=300s
pod/openssl-toolbox condition met

[precondition:es_env_ready:preconditionUnits[0] 'es_env_ready':apply] $ /bin/sh -c '
set -e
TMP_DIR=$(mktemp -d)
kubectl -n elasticsearch exec openssl-toolbox -- /bin/sh -c '\''
set -e
mkdir -p /tmp/certs
cat > /tmp/certs/openssl.cnf <<EOF
distinguished_name=req_distinguished_name
req_extensions=v3_req
prompt=no
[req_distinguished_name]
CN=es-node
[v3_req]
keyUsage=critical,digitalSignature,keyEncipherment
extendedKeyUsage=serverAuth,clientAuth
subjectAltName=@alt_names
[alt_names]
DNS.1=es-cluster
DNS.2=es-cluster.elasticsearch
DNS.3=es-cluster.elasticsearch.svc
DNS.4=es-cluster.elasticsearch.svc.cluster.local
DNS.5=es-cluster-0.es-cluster.elasticsearch.svc.cluster.local
DNS.6=es-cluster-1.es-cluster.elasticsearch.svc.cluster.local
DNS.7=es-cluster-2.es-cluster.elasticsearch.svc.cluster.local
EOF
openssl genrsa -out /tmp/certs/ca1.key 2048
openssl req -x509 -new -nodes -key /tmp/certs/ca1.key -sha256 -days 3650 -subj "/CN=es-ca-1" -out /tmp/certs/ca1.crt
openssl genrsa -out /tmp/certs/ca2.key 2048
openssl req -x509 -new -nodes -key /tmp/certs/ca2.key -sha256 -days 3650 -subj "/CN=es-ca-2" -out /tmp/certs/ca2.crt
openssl genrsa -out /tmp/certs/server1.key 2048
openssl req -new -key /tmp/certs/server1.key -out /tmp/certs/server1.csr -config /tmp/certs/openssl.cnf
openssl x509 -req -in /tmp/certs/server1.csr -CA /tmp/certs/ca1.crt -CAkey /tmp/certs/ca1.key -CAcreateserial -out /tmp/certs/server1.crt -days 365 -extensions v3_req -extfile /tmp/certs/openssl.cnf
openssl genrsa -out /tmp/certs/server2.key 2048
openssl req -new -key /tmp/certs/server2.key -out /tmp/certs/server2.csr -config /tmp/certs/openssl.cnf
openssl x509 -req -in /tmp/certs/server2.csr -CA /tmp/certs/ca2.crt -CAkey /tmp/certs/ca2.key -CAcreateserial -out /tmp/certs/server2.crt -days 365 -extensions v3_req -extfile /tmp/certs/openssl.cnf
'\''
kubectl -n elasticsearch cp openssl-toolbox:/tmp/certs "${TMP_DIR}/certs"
kubectl -n elasticsearch create secret generic es-transport-ca1 --from-file=ca.crt="${TMP_DIR}/certs/ca1.crt" --from-file=node.crt="${TMP_DIR}/certs/server1.crt" --from-file=node.key="${TMP_DIR}/certs/server1.key" --dry-run=client -o yaml | kubectl apply -f -
kubectl -n elasticsearch create secret generic es-transport-ca2 --from-file=ca.crt="${TMP_DIR}/certs/ca2.crt" --from-file=node.crt="${TMP_DIR}/certs/server2.crt" --from-file=node.key="${TMP_DIR}/certs/server2.key" --dry-run=client -o yaml | kubectl apply -f -
cat "${TMP_DIR}/certs/ca1.crt" "${TMP_DIR}/certs/ca2.crt" > "${TMP_DIR}/certs/transport-bundle.crt"
kubectl -n elasticsearch create configmap es-transport-ca-bundle --from-file=ca.crt="${TMP_DIR}/certs/transport-bundle.crt" --dry-run=client -o yaml | kubectl apply -f -
'

tar: removing leading '/' from member names
secret/es-transport-ca1 created
secret/es-transport-ca2 created
configmap/es-transport-ca-bundle created
Certificate request self-signature ok
subject=CN=es-node
Certificate request self-signature ok
subject=CN=es-node

[precondition:es_env_ready:preconditionUnits[0] 'es_env_ready':apply] $ kubectl -n elasticsearch wait --for=condition=ready pod -l app=es-cluster --timeout=600s
pod/es-cluster-0 condition met
pod/es-cluster-1 condition met
pod/es-cluster-2 condition met

[precondition:es_env_ready:preconditionUnits[0] 'es_env_ready':apply] $ kubectl -n elasticsearch wait --for=condition=ready pod/curl-test --timeout=300s
pod/curl-test condition met

[precondition:es_env_ready:preconditionUnits[0] 'es_env_ready':verify] $ kubectl -n elasticsearch get pods 2>/dev/null | grep -c Running
5

[precondition:transport_ca_bundle_fixture:preconditionUnits[1] 'transport_ca_bundle_fixture':probe] $ kubectl -n elasticsearch get configmap es-transport-ca-bundle
NAME                     DATA   AGE
es-transport-ca-bundle   1      106s

