[precondition:mongo_env_ready:preconditionUnits[0] 'mongo_env_ready':probe] $ kubectl -n mongodb get pod mongodb-replica-0 2>/dev/null | grep -c Running
0

[precondition:mongo_env_ready:preconditionUnits[0] 'mongo_env_ready':apply] $ /bin/sh -c '
kubectl delete namespace mongodb --ignore-not-found=true; kubectl wait --for=delete namespace/mongodb --timeout=120s || true
'


[precondition:mongo_env_ready:preconditionUnits[0] 'mongo_env_ready':apply] $ kubectl create namespace mongodb
namespace/mongodb created

[precondition:mongo_env_ready:preconditionUnits[0] 'mongo_env_ready':apply] $ kubectl -n mongodb apply -f cases/mongodb/initialize/resource/services.yaml
service/mongodb-replica-svc created

[precondition:mongo_env_ready:preconditionUnits[0] 'mongo_env_ready':apply] $ kubectl -n mongodb apply -f cases/mongodb/initialize/resource/statefulset.yaml
statefulset.apps/mongodb-replica created

[precondition:mongo_env_ready:preconditionUnits[0] 'mongo_env_ready':apply] $ for i in $(seq 1 120); do
  ready=$(kubectl -n mongodb get sts mongodb-replica -o jsonpath='{.status.readyReplicas}' 2>/dev/null)
  if [ "${ready:-0}" -ge 3 ]; then
    exit 0
  fi
  sleep 5
done
exit 1


[precondition:mongo_env_ready:preconditionUnits[0] 'mongo_env_ready':apply] $ kubectl -n mongodb exec mongodb-replica-0 -- mongosh --quiet --eval '
rs.initiate({_id:"mongodb-replica",members:[
  {_id:0,host:"mongodb-replica-0.mongodb-replica-svc.mongodb.svc.cluster.local:27017"},
  {_id:1,host:"mongodb-replica-1.mongodb-replica-svc.mongodb.svc.cluster.local:27017"},
  {_id:2,host:"mongodb-replica-2.mongodb-replica-svc.mongodb.svc.cluster.local:27017"}
]})'

{ ok: 1 }

[precondition:mongo_env_ready:preconditionUnits[0] 'mongo_env_ready':apply] $ for i in $(seq 1 20); do
  kubectl -n mongodb exec mongodb-replica-0 -- mongosh --quiet --eval 'db.hello().isWritablePrimary' | grep true && exit 0
  sleep 3
done
exit 1

true

[precondition:mongo_env_ready:preconditionUnits[0] 'mongo_env_ready':apply] $ kubectl -n mongodb exec mongodb-replica-0 -- mongosh --quiet --eval '
cfg = rs.conf();
cfg.members[1].host = "mongodb-replica-1.mongo-wrong.svc.cluster.local:27017";
cfg.version += 1;
rs.reconfig(cfg);
'

{
  ok: 1,
  '$clusterTime': {
    clusterTime: Timestamp({ t: 1781522392, i: 1 }),
    signature: {
      hash: Binary(Buffer.from("0000000000000000000000000000000000000000", "hex"), 0),
      keyId: Long("0")
    }
  },
  operationTime: Timestamp({ t: 1781522392, i: 1 })
}

[precondition:mongo_env_ready:preconditionUnits[0] 'mongo_env_ready':apply] $ kubectl -n mongodb exec mongodb-replica-0 -- mongosh --quiet --eval 'db.getSiblingDB("app").test.insertMany([{x:1},{x:2},{x:3}], {writeConcern:{w:1}});'
{
  acknowledged: true,
  insertedIds: {
    '0': ObjectId("6a2fdfe13f3fc01ce80a2a83"),
    '1': ObjectId("6a2fdfe13f3fc01ce80a2a84"),
    '2': ObjectId("6a2fdfe13f3fc01ce80a2a85")
  }
}

[precondition:mongo_env_ready:preconditionUnits[0] 'mongo_env_ready':verify] $ kubectl -n mongodb get pods 2>/dev/null | grep -c Running
3

