[precondition:mongo_env_ready:preconditionUnits[0] 'mongo_env_ready':probe] $ kubectl -n mongodb get pods 2>/dev/null | grep -c Running
0

[precondition:mongo_env_ready:preconditionUnits[0] 'mongo_env_ready':apply] $ /bin/sh -c 'kubectl delete namespace mongodb --ignore-not-found=true; kubectl wait --for=delete namespace/mongodb --timeout=120s || true'

[precondition:mongo_env_ready:preconditionUnits[0] 'mongo_env_ready':apply] $ kubectl create namespace mongodb
namespace/mongodb created

[precondition:mongo_env_ready:preconditionUnits[0] 'mongo_env_ready':apply] $ kubectl -n mongodb apply -f resources/mongodb/readiness-probe-tuning/resource/secrets.yaml
secret/admin-user-password created
secret/health-user-password created
secret/mongo-keyfile created

[precondition:mongo_env_ready:preconditionUnits[0] 'mongo_env_ready':apply] $ kubectl -n mongodb apply -f resources/mongodb/readiness-probe-tuning/resource/probe-script.yaml
configmap/health-check-script created

[precondition:mongo_env_ready:preconditionUnits[0] 'mongo_env_ready':apply] $ kubectl -n mongodb apply -f resources/mongodb/readiness-probe-tuning/resource/services.yaml
service/mongodb-replica-svc created

[precondition:mongo_env_ready:preconditionUnits[0] 'mongo_env_ready':apply] $ kubectl -n mongodb apply -f resources/mongodb/readiness-probe-tuning/resource/statefulset.yaml
statefulset.apps/mongodb-replica created

[precondition:mongo_env_ready:preconditionUnits[0] 'mongo_env_ready':apply] $ /bin/sh -c 'for i in $(seq 1 120); do phase=$(kubectl -n mongodb get pod mongodb-replica-0 -o jsonpath='\''{.status.phase}'\'' 2>/dev/null); if [ "${phase}" = "Running" ]; then exit 0; fi; sleep 5; done; exit 1'


[precondition:mongo_env_ready:preconditionUnits[0] 'mongo_env_ready':apply] $ /bin/sh -c 'for i in $(seq 1 120); do phase=$(kubectl -n mongodb get pod mongodb-replica-2 -o jsonpath='\''{.status.phase}'\'' 2>/dev/null); if [ "${phase}" = "Running" ]; then exit 0; fi; sleep 5; done; exit 1'


[precondition:mongo_env_ready:preconditionUnits[0] 'mongo_env_ready':apply] $ /bin/sh -c 'kubectl -n mongodb exec mongodb-replica-0 -- mongosh --quiet --eval '\''rs.initiate({_id:"mongodb-replica",members:[{_id:0,host:"mongodb-replica-0.mongodb-replica-svc.mongodb.svc.cluster.local:27017"},{_id:1,host:"mongodb-replica-1.mongodb-replica-svc.mongodb.svc.cluster.local:27017"},{_id:2,host:"mongodb-replica-2.mongodb-replica-svc.mongodb.svc.cluster.local:27017"}]})'\'''

{ ok: 1 }

[precondition:mongo_env_ready:preconditionUnits[0] 'mongo_env_ready':apply] $ /bin/sh -c 'for i in $(seq 1 20); do kubectl -n mongodb exec mongodb-replica-0 -- mongosh --quiet --eval '\''db.hello().isWritablePrimary'\'' | grep true && exit 0; sleep 3; done; exit 1'

true

[precondition:mongo_env_ready:preconditionUnits[0] 'mongo_env_ready':apply] $ /bin/sh -c 'kubectl -n mongodb exec mongodb-replica-0 -- mongosh --quiet --eval '\''db.getSiblingDB("admin").createUser({user:"admin-user",pwd:"admin123password",roles:[{role:"clusterAdmin",db:"admin"},{role:"userAdminAnyDatabase",db:"admin"},{role:"readWriteAnyDatabase",db:"admin"}]})'\'''

{
  ok: 1,
  '$clusterTime': {
    clusterTime: Timestamp({ t: 1781309537, i: 4 }),
    signature: {
      hash: Binary(Buffer.from("5b54e108c7e1af944e761c5d789ab6c54b37a1b2", "hex"), 0),
      keyId: Long("7650666188288032774")
    }
  },
  operationTime: Timestamp({ t: 1781309537, i: 4 })
}

[precondition:mongo_env_ready:preconditionUnits[0] 'mongo_env_ready':apply] $ /bin/sh -c 'kubectl -n mongodb exec mongodb-replica-0 -- mongosh --quiet "mongodb://admin-user:admin123password@localhost:27017/admin" --eval '\''db.getSiblingDB("admin").createUser({user:"health-user",pwd:"healthpass123",roles:[{role:"clusterMonitor",db:"admin"}]})'\'''

{
  ok: 1,
  '$clusterTime': {
    clusterTime: Timestamp({ t: 1781309541, i: 1 }),
    signature: {
      hash: Binary(Buffer.from("1184c80fe42c32b864389b76361898b4e4f95900", "hex"), 0),
      keyId: Long("7650666188288032774")
    }
  },
  operationTime: Timestamp({ t: 1781309541, i: 1 })
}

[precondition:mongo_env_ready:preconditionUnits[0] 'mongo_env_ready':apply] $ kubectl -n mongodb wait --for=condition=ready pod -l app=mongodb-replica --timeout=300s
pod/mongodb-replica-0 condition met
pod/mongodb-replica-1 condition met
pod/mongodb-replica-2 condition met

[precondition:mongo_env_ready:preconditionUnits[0] 'mongo_env_ready':apply] $ /bin/sh -c 'kubectl -n mongodb patch sts mongodb-replica --type=json -p='\''[{"op":"replace","path":"/spec/template/spec/containers/0/readinessProbe/initialDelaySeconds","value":5},{"op":"replace","path":"/spec/template/spec/containers/0/readinessProbe/timeoutSeconds","value":1},{"op":"replace","path":"/spec/template/spec/containers/0/readinessProbe/failureThreshold","value":2},{"op":"replace","path":"/spec/template/spec/containers/0/livenessProbe/initialDelaySeconds","value":15},{"op":"replace","path":"/spec/template/spec/containers/0/livenessProbe/timeoutSeconds","value":1},{"op":"replace","path":"/spec/template/spec/containers/0/livenessProbe/failureThreshold","value":2}]'\'''

statefulset.apps/mongodb-replica patched

[precondition:mongo_env_ready:preconditionUnits[0] 'mongo_env_ready':apply] $ kubectl -n mongodb delete pod -l app=mongodb-replica
pod "mongodb-replica-0" deleted
pod "mongodb-replica-1" deleted
pod "mongodb-replica-2" deleted

[precondition:mongo_env_ready:preconditionUnits[0] 'mongo_env_ready':verify] $ kubectl -n mongodb get pods 2>/dev/null | grep -c Running
3

