[precondition:es_env_ready:preconditionUnits[0] 'es_env_ready':probe] $ kubectl -n elasticsearch get pods 2>/dev/null | grep -c Running
5

[precondition:es_next_password_secret_fixture:preconditionUnits[1] 'es_next_password_secret_fixture':probe] $ kubectl -n elasticsearch get secret elastic-password-next >/dev/null 2>&1 && echo present

[precondition:es_next_password_secret_fixture:preconditionUnits[1] 'es_next_password_secret_fixture':apply] $ /bin/sh -c 'kubectl -n elasticsearch create secret generic elastic-password-next --from-literal=password=elasticpass-elastic-password-next --dry-run=client -o yaml | kubectl apply -f -'
secret/elastic-password-next created

[precondition:es_next_password_secret_fixture:preconditionUnits[1] 'es_next_password_secret_fixture':verify] $ kubectl -n elasticsearch get secret elastic-password-next >/dev/null 2>&1 && echo present
present

[precondition:es_prev_password_configmap_fixture:preconditionUnits[2] 'es_prev_password_configmap_fixture':probe] $ kubectl -n elasticsearch get configmap elastic-password-prev >/dev/null 2>&1 && echo present

[precondition:es_prev_password_configmap_fixture:preconditionUnits[2] 'es_prev_password_configmap_fixture':apply] $ /bin/sh -c '
CUR=$(kubectl -n elasticsearch get secret elastic-password -o jsonpath="{.data.password}" 2>/dev/null | base64 -d 2>/dev/null)
[ -n "$CUR" ] || CUR=elasticpass-old
kubectl -n elasticsearch create configmap elastic-password-prev --from-literal=password="$CUR" --dry-run=client -o yaml | kubectl apply -f -
'

configmap/elastic-password-prev created

[precondition:es_prev_password_configmap_fixture:preconditionUnits[2] 'es_prev_password_configmap_fixture':verify] $ kubectl -n elasticsearch get configmap elastic-password-prev >/dev/null 2>&1 && echo present
present

[precondition:es_auth_checker_deployment_fixture:preconditionUnits[3] 'es_auth_checker_deployment_fixture':probe] $ kubectl -n elasticsearch get deployment auth-checker >/dev/null 2>&1 && echo present

[precondition:es_auth_checker_deployment_fixture:preconditionUnits[3] 'es_auth_checker_deployment_fixture':apply] $ kubectl -n elasticsearch apply -f cases/elasticsearch/rotate-elastic-password/resource/auth-checker.yaml
deployment.apps/auth-checker created

[precondition:es_auth_checker_deployment_fixture:preconditionUnits[3] 'es_auth_checker_deployment_fixture':verify] $ kubectl -n elasticsearch get deployment auth-checker >/dev/null 2>&1 && echo present
present

