[precondition:crdb_env_ready:preconditionUnits[0] 'crdb_env_ready':probe] $ /bin/sh -c 'kubectl -n cockroachdb get statefulset crdb-cluster >/dev/null 2>&1 || kubectl -n cockroachdb get pods 2>/dev/null | grep -q Running'

[precondition:crdb_env_ready:preconditionUnits[0] 'crdb_env_ready':apply] $ /bin/sh -c 'kubectl delete namespace cockroachdb --ignore-not-found=true --wait=false; kubectl wait --for=delete namespace/cockroachdb --timeout=400s || true'

[precondition:crdb_env_ready:preconditionUnits[0] 'crdb_env_ready':apply] $ kubectl create namespace cockroachdb
namespace/cockroachdb created

[precondition:crdb_env_ready:preconditionUnits[0] 'crdb_env_ready':apply] $ kubectl -n cockroachdb apply -f cases/cockroachdb/partitioned-update/resource/
serviceaccount/crdb-cluster-sa created
role.rbac.authorization.k8s.io/crdb-cluster-role created
rolebinding.rbac.authorization.k8s.io/crdb-cluster-rolebinding created
service/crdb-cluster created
service/crdb-cluster-public created
statefulset.apps/crdb-cluster created

[precondition:crdb_env_ready:preconditionUnits[0] 'crdb_env_ready':apply] $ /bin/sh -c 'for i in $(seq 1 30); do count=$(kubectl -n cockroachdb get pod -l app.kubernetes.io/name=cockroachdb --no-headers 2>/dev/null | wc -l | tr -d " "); if [ "${count}" -ge 1 ]; then exit 0; fi; sleep 2; done; exit 1'

[precondition:crdb_env_ready:preconditionUnits[0] 'crdb_env_ready':apply] $ kubectl -n cockroachdb wait --for=jsonpath={.status.phase}=Running pod -l app.kubernetes.io/name=cockroachdb --timeout=300s
pod/crdb-cluster-0 condition met
pod/crdb-cluster-1 condition met
pod/crdb-cluster-2 condition met

[precondition:crdb_env_ready:preconditionUnits[0] 'crdb_env_ready':apply] $ /bin/sh -c 'for i in $(seq 1 30); do kubectl -n cockroachdb exec crdb-cluster-0 -- ./cockroach init --insecure --host=crdb-cluster-0.crdb-cluster.cockroachdb.svc.cluster.local && exit 0; sleep 3; done; exit 1'
Cluster successfully initialized
E260623 12:21:07.698554 70 2@rpc/peer.go:598  [rnode=?,raddr=crdb-cluster-0.crdb-cluster.cockroachdb.svc.cluster.local:26257,class=system,rpc] 1  failed connection attempt (last connected 0s ago): grpc: connection error: desc = "transport: error while dialing: dial tcp 10.244.0.243:26257: connect: connection refused" [code 14/Unavailable]
warning: node not ready to perform cluster initialization: initial connection heartbeat failed: grpc: connection error: desc = "transport: error while dialing: dial tcp 10.244.0.243:26257: connect: connection refused" [code 14/Unavailable] (retrying)
E260623 12:21:08.656812 74 2@rpc/peer.go:598  [rnode=?,raddr=crdb-cluster-0.crdb-cluster.cockroachdb.svc.cluster.local:26257,class=system,rpc] 2  failed connection attempt (last connected 0s ago): grpc: connection error: desc = "transport: error while dialing: dial tcp 10.244.0.243:26257: connect: connection refused" [code 14/Unavailable]
warning: node not ready to perform cluster initialization: initial connection heartbeat failed: grpc: connection error: desc = "transport: error while dialing: dial tcp 10.244.0.243:26257: connect: connection refused" [code 14/Unavailable] (retrying)
E260623 12:21:09.637405 78 2@rpc/peer.go:598  [rnode=?,raddr=crdb-cluster-0.crdb-cluster.cockroachdb.svc.cluster.local:26257,class=system,rpc] 3  failed connection attempt (last connected 0s ago): grpc: connection error: desc = "transport: error while dialing: dial tcp 10.244.0.243:26257: connect: connection refused" [code 14/Unavailable]
warning: node not ready to perform cluster initialization: initial connection heartbeat failed: grpc: connection error: desc = "transport: error while dialing: dial tcp 10.244.0.243:26257: connect: connection refused" [code 14/Unavailable] (retrying)
E260623 12:21:10.568815 114 2@rpc/peer.go:598  [rnode=?,raddr=crdb-cluster-0.crdb-cluster.cockroachdb.svc.cluster.local:26257,class=system,rpc] 4  failed connection attempt (last connected 0s ago): grpc: connection error: desc = "transport: error while dialing: dial tcp 10.244.0.243:26257: connect: connection refused" [code 14/Unavailable]
warning: node not ready to perform cluster initialization: initial connection heartbeat failed: grpc: connection error: desc = "transport: error while dialing: dial tcp 10.244.0.243:26257: connect: connection refused" [code 14/Unavailable] (retrying)

[precondition:crdb_env_ready:preconditionUnits[0] 'crdb_env_ready':apply] $ kubectl -n cockroachdb wait --for=condition=ready pod -l app.kubernetes.io/name=cockroachdb --timeout=600s
pod/crdb-cluster-0 condition met
pod/crdb-cluster-1 condition met
pod/crdb-cluster-2 condition met

[precondition:crdb_env_ready:preconditionUnits[0] 'crdb_env_ready':verify] $ /bin/sh -c 'flag=--insecure; kubectl -n cockroachdb exec crdb-cluster-0 -- ls /cockroach/cockroach-certs/ca.crt >/dev/null 2>&1 && flag=--certs-dir=/cockroach/cockroach-certs; kubectl -n cockroachdb exec crdb-cluster-0 -- ./cockroach sql $flag -e "SELECT 1;" 2>/dev/null'
?column?
1

