[precondition:nginx_env_ready:preconditionUnits[0] 'nginx_env_ready':probe] $ /bin/sh -c '[ "$(kubectl get ns demo -o jsonpath={.status.phase} 2>/dev/null)" = Active ]'

[precondition:nginx_env_ready:preconditionUnits[0] 'nginx_env_ready':probe] $ kubectl -n demo wait --for=condition=ready pod/curl-test --timeout=5s
pod/curl-test condition met

[precondition:tls_fixture_ready:preconditionUnits[1] 'tls_fixture_ready':probe] $ kubectl -n demo get secret expired-tls-secret
Error from server (NotFound): secrets "expired-tls-secret" not found

[precondition:tls_fixture_ready:preconditionUnits[1] 'tls_fixture_ready':apply] $ bash -c 'while [ -z "$(kubectl get svc ingress-nginx-controller -n ingress-nginx -o jsonpath={.status.loadBalancer.ingress[0].ip} 2>/dev/null)" ] && [ -z "$(kubectl get svc ingress-nginx-controller -n ingress-nginx -o jsonpath="{.spec.ports[?(@.port==443)].nodePort}" 2>/dev/null)" ]; do echo "Waiting for ingress-nginx LoadBalancer..."; sleep 5; done; NODEPORT=$(kubectl get svc ingress-nginx-controller -n ingress-nginx -o jsonpath="{.spec.ports[?(@.port==443)].nodePort}"); NODE_IP=$(kubectl get nodes -o jsonpath="{.items[0].status.addresses[?(@.type==InternalIP)].address}"); K=$(basename "${KUBECONFIG:-default}"); ENVF="/tmp/ingress_env.$K"; echo "INGRESS_NODE_IP=$NODE_IP" > "$ENVF"; echo "INGRESS_HTTPS_PORT=$NODEPORT" >> "$ENVF"; echo "export INGRESS_NODE_IP=$NODE_IP" >> "$ENVF"; echo "export INGRESS_HTTPS_PORT=$NODEPORT" >> "$ENVF"'
error: error executing jsonpath "{.items[0].status.addresses[?(@.type==InternalIP)].address}": Error executing template: unrecognized identifier InternalIP. Printing more information for debugging the template:
	template was:
		{.items[0].status.addresses[?(@.type==InternalIP)].address}
	object given to jsonpath engine was:
		map[string]interface {}{"apiVersion":"v1", "items":[]interface {}{map[string]interface {}{"apiVersion":"v1", "kind":"Node", "metadata":map[string]interface {}{"annotations":map[string]interface {}{"kubeadm.alpha.kubernetes.io/cri-socket":"unix:///run/containerd/containerd.sock", "node.alpha.kubernetes.io/ttl":"0", "volumes.kubernetes.io/controller-managed-attach-detach":"true"}, "creationTimestamp":"2026-07-09T23:14:09Z", "labels":map[string]interface {}{"beta.kubernetes.io/arch":"amd64", "beta.kubernetes.io/os":"linux", "kubernetes.io/arch":"amd64", "kubernetes.io/hostname":"karma-12-control-plane", "kubernetes.io/os":"linux", "node-role.kubernetes.io/control-plane":""}, "managedFields":[]interface {}{map[string]interface {}{"apiVersion":"v1", "fieldsType":"FieldsV1", "fieldsV1":map[string]interface {}{"f:metadata":map[string]interface {}{"f:annotations":map[string]interface {}{".":map[string]interface {}{}, "f:volumes.kubernetes.io/controller-managed-attach-detach":map[string]interface {}{}}, "f:labels":map[string]interface {}{".":map[string]interface {}{}, "f:beta.kubernetes.io/arch":map[string]interface {}{}, "f:beta.kubernetes.io/os":map[string]interface {}{}, "f:kubernetes.io/arch":map[string]interface {}{}, "f:kubernetes.io/hostname":map[string]interface {}{}, "f:kubernetes.io/os":map[string]interface {}{}}}, "f:spec":map[string]interface {}{"f:providerID":map[string]interface {}{}}}, "manager":"kubelet", "operation":"Update", "time":"2026-07-09T23:14:09Z"}, map[string]interface {}{"apiVersion":"v1", "fieldsType":"FieldsV1", "fieldsV1":map[string]interface {}{"f:metadata":map[string]interface {}{"f:annotations":map[string]interface {}{"f:kubeadm.alpha.kubernetes.io/cri-socket":map[string]interface {}{}}, "f:labels":map[string]interface {}{"f:node-role.kubernetes.io/control-plane":map[string]interface {}{}}}}, "manager":"kubeadm", "operation":"Update", "time":"2026-07-09T23:14:12Z"}, map[string]interface {}{"apiVersion":"v1", "fieldsType":"FieldsV1", "fieldsV1":map[string]interface {}{"f:metadata":map[string]interface {}{"f:annotations":map[string]interface {}{"f:node.alpha.kubernetes.io/ttl":map[string]interface {}{}}}, "f:spec":map[string]interface {}{"f:podCIDR":map[string]interface {}{}, "f:podCIDRs":map[string]interface {}{".":map[string]interface {}{}, "v:\"10.244.0.0/24\"":map[string]interface {}{}}}}, "manager":"kube-controller-manager", "operation":"Update", "time":"2026-07-09T23:14:30Z"}, map[string]interface {}{"apiVersion":"v1", "fieldsType":"FieldsV1", "fieldsV1":map[string]interface {}{"f:status":map[string]interface {}{"f:conditions":map[string]interface {}{"k:{\"type\":\"DiskPressure\"}":map[string]interface {}{"f:lastHeartbeatTime":map[string]interface {}{}}, "k:{\"type\":\"MemoryPressure\"}":map[string]interface {}{"f:lastHeartbeatTime":map[string]interface {}{}}, "k:{\"type\":\"PIDPressure\"}":map[string]interface {}{"f:lastHeartbeatTime":map[string]interface {}{}}, "k:{\"type\":\"Ready\"}":map[string]interface {}{"f:lastHeartbeatTime":map[string]interface {}{}, "f:lastTransitionTime":map[string]interface {}{}, "f:message":map[string]interface {}{}, "f:reason":map[string]interface {}{}, "f:status":map[string]interface {}{}}}, "f:images":map[string]interface {}{}}}, "manager":"kubelet", "operation":"Update", "subresource":"status", "time":"2026-07-09T23:26:18Z"}}, "name":"karma-12-control-plane", "resourceVersion":"1493", "uid":"1430cabe-3047-40ff-97c1-b2c7bfad4965"}, "spec":map[string]interface {}{"podCIDR":"10.244.0.0/24", "podCIDRs":[]interface {}{"10.244.0.0/24"}, "providerID":"kind://docker/karma-12/karma-12-control-plane"}, "status":map[string]interface {}{"addresses":[]interface {}{map[string]interface {}{"address":"172.18.0.13", "type":"InternalIP"}, map[string]interface {}{"address":"karma-12-control-plane", "type":"Hostname"}}, "allocatable":map[string]interface {}{"cpu":"40", "ephemeral-storage":"1152589060Ki", "hugepages-1Gi":"0", "hugepages-2Mi":"0", "memory":"164908300Ki", "pods":"110"}, "capacity":map[string]interface {}{"cpu":"40", "ephemeral-storage":"1152589060Ki", "hugepages-1Gi":"0", "hugepages-2Mi":"0", "memory":"164908300Ki", "pods":"110"}, "conditions":[]interface {}{map[string]interface {}{"lastHeartbeatTime":"2026-07-09T23:26:18Z", "lastTransitionTime":"2026-07-09T23:14:09Z", "message":"kubelet has sufficient memory available", "reason":"KubeletHasSufficientMemory", "status":"False", "type":"MemoryPressure"}, map[string]interface {}{"lastHeartbeatTime":"2026-07-09T23:26:18Z", "lastTransitionTime":"2026-07-09T23:14:09Z", "message":"kubelet has no disk pressure", "reason":"KubeletHasNoDiskPressure", "status":"False", "type":"DiskPressure"}, map[string]interface {}{"lastHeartbeatTime":"2026-07-09T23:26:18Z", "lastTransitionTime":"2026-07-09T23:14:09Z", "message":"kubelet has sufficient PID available", "reason":"KubeletHasSufficientPID", "status":"False", "type":"PIDPressure"}, map[string]interface {}{"lastHeartbeatTime":"2026-07-09T23:26:18Z", "lastTransitionTime":"2026-07-09T23:14:44Z", "message":"kubelet is posting ready status", "reason":"KubeletReady", "status":"True", "type":"Ready"}}, "daemonEndpoints":map[string]interface {}{"kubeletEndpoint":map[string]interface {}{"Port":10250}}, "images":[]interface {}{map[string]interface {}{"names":[]interface {}{"registry.k8s.io/ingress-nginx/controller@sha256:f95a79b85fb93ac3de752c71a5c27d5ceae10a18b61904dec224c1c6a4581e47"}, "sizeBytes":113374367}, map[string]interface {}{"names":[]interface {}{"docker.io/library/import-2024-05-13@sha256:d147453847b7c5b8c33045e54d6e0301edea08b5ae152e84b9b5cab377e20321", "registry.k8s.io/kube-apiserver-amd64:v1.30.0", "registry.k8s.io/kube-apiserver:v1.30.0"}, "sizeBytes":89436130}, map[string]interface {}{"names":[]interface {}{"docker.io/library/import-2024-05-13@sha256:98e54aaf0614547ead5c0bd7df946f6eb58f0abf0386240df20565d9dd2a2e8d", "registry.k8s.io/kube-proxy-amd64:v1.30.0", "registry.k8s.io/kube-proxy:v1.30.0"}, "sizeBytes":85930170}, map[string]interface {}{"names":[]interface {}{"docker.io/library/import-2024-05-13@sha256:9615dec64d132ce44d42c15d071da7477499ab2aa9a44ff073b8d85944949023", "registry.k8s.io/kube-controller-manager-amd64:v1.30.0", "registry.k8s.io/kube-controller-manager:v1.30.0"}, "sizeBytes":83459912}, map[string]interface {}{"names":[]interface {}{"docker.io/library/import-2024-05-13@sha256:06e68f241fc2e56756800474858d7b359f7cf4da31eddae316a342059c20c274", "registry.k8s.io/kube-scheduler-amd64:v1.30.0", "registry.k8s.io/kube-scheduler:v1.30.0"}, "sizeBytes":63021384}, map[string]interface {}{"names":[]interface {}{"registry.k8s.io/etcd:3.5.12-0"}, "sizeBytes":57236178}, map[string]interface {}{"names":[]interface {}{"docker.io/kindest/kindnetd:v20240202-8f1494ea"}, "sizeBytes":27755257}, map[string]interface {}{"names":[]interface {}{"docker.io/kindest/local-path-provisioner:v20240202-8f1494ea"}, "sizeBytes":19365409}, map[string]interface {}{"names":[]interface {}{"registry.k8s.io/ingress-nginx/kube-webhook-certgen@sha256:03a00eb0e255e8a25fa49926c24cde0f7e12e8d072c445cdf5136ec78b546285"}, "sizeBytes":18878642}, map[string]interface {}{"names":[]interface {}{"registry.k8s.io/coredns/coredns:v1.11.1"}, "sizeBytes":18182961}, map[string]interface {}{"names":[]interface {}{"docker.io/curlimages/curl@sha256:08e466006f0860e54fc299378de998935333e0e130a15f6f98482e9f8dab3058", "docker.io/curlimages/curl:8.5.0"}, "sizeBytes":9681294}, map[string]interface {}{"names":[]interface {}{"docker.io/kindest/local-path-helper:v20230510-486859a6"}, "sizeBytes":3052318}, map[string]interface {}{"names":[]interface {}{"docker.io/library/busybox@sha256:73aaf090f3d85aa34ee199857f03fa3a95c8ede2ffd4cc2cdb5b94e566b11662", "docker.io/library/busybox:1.36"}, "sizeBytes":2217006}, map[string]interface {}{"names":[]interface {}{"registry.k8s.io/pause:3.7"}, "sizeBytes":311278}}, "nodeInfo":map[string]interface {}{"architecture":"amd64", "bootID":"f8c806ca-8a67-4550-8b8e-f1b340b8472b", "containerRuntimeVersion":"containerd://1.7.15", "kernelVersion":"6.8.0-117-generic", "kubeProxyVersion":"v1.30.0", "kubeletVersion":"v1.30.0", "machineID":"fd012244cc5645be903f33d092a84301", "operatingSystem":"linux", "osImage":"Debian GNU/Linux 12 (bookworm)", "systemUUID":"b42fc32a-47bf-4eb7-9d32-4a1bf065a23c"}}}}, "kind":"List", "metadata":map[string]interface {}{"resourceVersion":""}}



[precondition:tls_fixture_ready:preconditionUnits[1] 'tls_fixture_ready':apply] $ /bin/sh -c 'kubectl -n demo get pod openssl-toolbox >/dev/null 2>&1 || kubectl -n demo apply -f cases/nginx-ingress/renew_tls_secret/resource/openssl-toolbox.yaml'
pod/openssl-toolbox created

[precondition:tls_fixture_ready:preconditionUnits[1] 'tls_fixture_ready':apply] $ kubectl -n demo wait --for=condition=Ready pod/openssl-toolbox --timeout=180s
pod/openssl-toolbox condition met

[precondition:tls_fixture_ready:preconditionUnits[1] 'tls_fixture_ready':apply] $ kubectl -n demo cp cases/nginx-ingress/renew_tls_secret/resource/leaf.cnf openssl-toolbox:/tmp/leaf.cnf

[precondition:tls_fixture_ready:preconditionUnits[1] 'tls_fixture_ready':apply] $ kubectl -n demo cp cases/nginx-ingress/renew_tls_secret/resource/ca-ext.conf openssl-toolbox:/tmp/ca-ext.conf

[precondition:tls_fixture_ready:preconditionUnits[1] 'tls_fixture_ready':apply] $ kubectl -n demo apply -f cases/nginx-ingress/renew_tls_secret/resource/echo-server.yaml
deployment.apps/echo-server created
service/echo-server created

[precondition:tls_fixture_ready:preconditionUnits[1] 'tls_fixture_ready':apply] $ /bin/sh -c 'K=$(basename "${KUBECONFIG:-default}"); openssl genrsa -out "/tmp/test-ca.$K.key" 2048'

[precondition:tls_fixture_ready:preconditionUnits[1] 'tls_fixture_ready':apply] $ /bin/sh -c 'K=$(basename "${KUBECONFIG:-default}"); openssl req -new -key "/tmp/test-ca.$K.key" -subj "/CN=Test CA" -out "/tmp/test-ca.$K.csr"'

[precondition:tls_fixture_ready:preconditionUnits[1] 'tls_fixture_ready':apply] $ /bin/sh -c 'K=$(basename "${KUBECONFIG:-default}"); openssl x509 -req -in "/tmp/test-ca.$K.csr" -signkey "/tmp/test-ca.$K.key" -set_serial 01 -extfile cases/nginx-ingress/renew_tls_secret/resource/ca-ext.conf -days 9000 -out "/tmp/test-ca.$K.crt"'
Certificate request self-signature ok
subject=CN = Test CA

[precondition:tls_fixture_ready:preconditionUnits[1] 'tls_fixture_ready':apply] $ /bin/sh -c 'K=$(basename "${KUBECONFIG:-default}"); openssl genrsa -out "/tmp/expired-tls.$K.key" 2048'

[precondition:tls_fixture_ready:preconditionUnits[1] 'tls_fixture_ready':apply] $ /bin/sh -c 'K=$(basename "${KUBECONFIG:-default}"); openssl req -new -key "/tmp/expired-tls.$K.key" -out "/tmp/expired-tls.$K.csr" -config cases/nginx-ingress/renew_tls_secret/resource/leaf.cnf'

[precondition:tls_fixture_ready:preconditionUnits[1] 'tls_fixture_ready':apply] $ /bin/sh -c 'K=$(basename "${KUBECONFIG:-default}"); D=$(mktemp -d); mkdir -p "$D/newcerts"; : > "$D/index.txt"; echo 1000 > "$D/serial"; printf "[ca]\ndefault_ca=CA_default\n[CA_default]\ndir=%s\ndatabase=%s/index.txt\nnew_certs_dir=%s/newcerts\nserial=%s/serial\ncertificate=%s\nprivate_key=%s\ndefault_md=sha256\npolicy=pol\n[pol]\ncommonName=supplied\n" "$D" "$D" "$D" "$D" "/tmp/test-ca.$K.crt" "/tmp/test-ca.$K.key" > "$D/ca.cnf"; openssl ca -batch -config "$D/ca.cnf" -startdate 20200101000000Z -enddate 20200102000000Z -extfile cases/nginx-ingress/renew_tls_secret/resource/leaf.cnf -extensions req_ext -in "/tmp/expired-tls.$K.csr" -out "/tmp/expired-tls.$K.crt"; rm -rf "$D"'
Using configuration from /tmp/tmp.RB3dT9bhpH/ca.cnf
Check that the request matches the signature
Signature ok
The Subject's Distinguished Name is as follows
commonName            :ASN.1 12:'demo.example.com'
Certificate is to be certified until Jan  2 00:00:00 2020 GMT (-2380 days)

Write out database with 1 new entries
Database updated

[precondition:tls_fixture_ready:preconditionUnits[1] 'tls_fixture_ready':apply] $ /bin/sh -c 'K=$(basename "${KUBECONFIG:-default}"); kubectl -n demo create secret tls expired-tls-secret --cert="/tmp/expired-tls.$K.crt" --key="/tmp/expired-tls.$K.key"'
secret/expired-tls-secret created

[precondition:tls_fixture_ready:preconditionUnits[1] 'tls_fixture_ready':apply] $ /bin/sh -c 'K=$(basename "${KUBECONFIG:-default}"); kubectl -n demo get configmap test-ca >/dev/null 2>&1 || kubectl -n demo create configmap test-ca --from-file=ca.crt="/tmp/test-ca.$K.crt"'
configmap/test-ca created

[precondition:tls_fixture_ready:preconditionUnits[1] 'tls_fixture_ready':apply] $ kubectl -n demo apply -f cases/nginx-ingress/renew_tls_secret/resource/demo-ingress-expired.yaml
ingress.networking.k8s.io/demo-ingress created

[precondition:tls_fixture_ready:preconditionUnits[1] 'tls_fixture_ready':apply] $ kubectl -n demo delete pod curl-test --ignore-not-found=true --wait=true
pod "curl-test" deleted

[precondition:tls_fixture_ready:preconditionUnits[1] 'tls_fixture_ready':apply] $ /bin/sh -c 'kubectl -n demo get pod curl-test >/dev/null 2>&1 || kubectl -n demo apply -f cases/nginx-ingress/renew_tls_secret/resource/curl-test.yaml'
pod/curl-test created

[precondition:tls_fixture_ready:preconditionUnits[1] 'tls_fixture_ready':apply] $ kubectl -n demo wait --for=condition=Ready pod/curl-test --timeout=180s
pod/curl-test condition met

[precondition:tls_fixture_ready:preconditionUnits[1] 'tls_fixture_ready':verify] $ kubectl -n demo get secret expired-tls-secret
NAME                 TYPE                DATA   AGE
expired-tls-secret   kubernetes.io/tls   2      62s

