[judge] run spark-skew-tuning-20260710_000119-30fc
[judge] scoring 5 stage(s); 5 passed the oracle -- grading each against the rubric
[judge]   grading stage_01 against the rubric...
[judge]     - validity: 55%
[judge]     - path_sensibility: 65%
[judge]     - tool_reasonability: 90%
[judge]     - simplicity: 80%
[judge]   rubric stage_01 -> 0.695
[judge]   grading stage_02 against the rubric...
[judge]     - validity: 80%
[judge]     - path_sensibility: 100%
[judge]     - tool_reasonability: 100%
[judge]     - simplicity: 100%
[judge]   rubric stage_02 -> 0.93
[judge]   grading stage_03 against the rubric...
[judge]     - validity: 0%
[judge]     - path_sensibility: 30%
[judge]     - tool_reasonability: 60%
[judge]     - simplicity: 40%
[judge]   rubric stage_03 -> 0.275
[judge]   grading stage_04 against the rubric...
[judge]     - validity: 100%
[judge]     - path_sensibility: 100%
[judge]     - tool_reasonability: 100%
[judge]     - simplicity: 100%
[judge]   rubric stage_04 -> 1.0
[judge]   grading stage_05 against the rubric...
[judge]     - validity: 85%
[judge]     - path_sensibility: 100%
[judge]     - tool_reasonability: 100%
[judge]     - simplicity: 100%
[judge]   rubric stage_05 -> 0.948
[judge] 5/5 stages passed -> base score 77.0 (rubric-scored)
[judge] regression sweep clean -> 77.0
