[judge] run ray-deploy-dashboard-adversary-20260709_231925-2eff
[judge] scoring 3 stage(s); 3 passed the oracle -- grading each against the rubric
[judge]   grading stage_01 against the rubric...
[judge]     - validity: 100%
[judge]     - path_sensibility: 85%
[judge]     - tool_reasonability: 100%
[judge]     - simplicity: 100%
[judge]   rubric stage_01 -> 0.962
[judge]   grading stage_02 against the rubric...
[judge]     - validity: 100%
[judge]     - path_sensibility: 75%
[judge]     - tool_reasonability: 100%
[judge]     - simplicity: 100%
[judge]   rubric stage_02 -> 0.938
[judge]   grading stage_03 against the rubric...
[judge]     - validity: 100%
[judge]     - path_sensibility: 95%
[judge]     - tool_reasonability: 100%
[judge]     - simplicity: 90%
[judge]   rubric stage_03 -> 0.968
[judge] 3/3 stages passed -> base score 95.6 (rubric-scored)
[judge] regression sweep clean -> 95.6
