[precondition:crdb_env_ready:preconditionUnits[0] 'crdb_env_ready':probe] $ kubectl -n cockroachdb get pods 2>/dev/null | grep -c Running
0

[precondition:crdb_env_ready:preconditionUnits[0] 'crdb_env_ready':apply] $ /bin/sh -c 'kubectl delete namespace cockroachdb --ignore-not-found=true --wait=false; kubectl wait --for=delete namespace/cockroachdb --timeout=400s || true'

[precondition:crdb_env_ready:preconditionUnits[0] 'crdb_env_ready':apply] $ kubectl create namespace cockroachdb
namespace/cockroachdb created

[precondition:crdb_env_ready:preconditionUnits[0] 'crdb_env_ready':apply] $ kubectl -n cockroachdb apply -f cases/cockroachdb/decommission/resource/rbac.yaml
serviceaccount/crdb-cluster-sa created
role.rbac.authorization.k8s.io/crdb-cluster-role created
rolebinding.rbac.authorization.k8s.io/crdb-cluster-rolebinding created

[precondition:crdb_env_ready:preconditionUnits[0] 'crdb_env_ready':apply] $ kubectl -n cockroachdb apply -f cases/cockroachdb/decommission/resource/services.yaml
service/crdb-cluster created
service/crdb-cluster-public created

[precondition:crdb_env_ready:preconditionUnits[0] 'crdb_env_ready':apply] $ kubectl -n cockroachdb apply -f cases/cockroachdb/decommission/resource/statefulset.yaml
statefulset.apps/crdb-cluster created

[precondition:crdb_env_ready:preconditionUnits[0] 'crdb_env_ready':apply] $ /bin/sh -c 'for i in $(seq 1 30); do count=$(kubectl -n cockroachdb get pod -l app.kubernetes.io/name=cockroachdb --no-headers 2>/dev/null | wc -l | tr -d " "); if [ "${count}" -ge 1 ]; then exit 0; fi; sleep 2; done; exit 1'

[precondition:crdb_env_ready:preconditionUnits[0] 'crdb_env_ready':apply] $ kubectl -n cockroachdb wait --for=jsonpath={.status.phase}=Running pod -l app.kubernetes.io/name=cockroachdb --timeout=300s
pod/crdb-cluster-0 condition met
pod/crdb-cluster-1 condition met
pod/crdb-cluster-2 condition met

[precondition:crdb_env_ready:preconditionUnits[0] 'crdb_env_ready':apply] $ /bin/sh -c 'for i in $(seq 1 30); do kubectl -n cockroachdb exec crdb-cluster-0 -- ./cockroach init --insecure --host=crdb-cluster-0.crdb-cluster.cockroachdb.svc.cluster.local && exit 0; sleep 3; done; exit 1'
Cluster successfully initialized

[precondition:crdb_env_ready:preconditionUnits[0] 'crdb_env_ready':apply] $ kubectl -n cockroachdb rollout status statefulset/crdb-cluster --timeout=600s
Waiting for 5 pods to be ready...
Waiting for 4 pods to be ready...
Waiting for 3 pods to be ready...
Waiting for 2 pods to be ready...
Waiting for 1 pods to be ready...
partitioned roll out complete: 5 new pods have been updated...

[precondition:crdb_env_ready:preconditionUnits[0] 'crdb_env_ready':apply] $ python3 cases/cockroachdb/decommission/scripts/seed_data.py
[2026-06-18T13:16:27Z] Initializing cluster (if needed)
[2026-06-18T13:16:28Z] Seeding bench.decom_data
[2026-06-18T13:16:43Z] Resolving node addresses
[2026-06-18T13:16:44Z] Target node IDs: {'crdb-cluster-4': 2, 'crdb-cluster-3': 3}
[2026-06-18T13:16:44Z] Resolving store IDs
[2026-06-18T13:16:46Z] Target store IDs: [3, 2]
[2026-06-18T13:16:46Z] Fetching range info for bench.decom_data
[2026-06-18T13:16:49Z] Range 69 replicas: [1] voters: [1]
[2026-06-18T13:16:49Z] Missing required voters, relocating to targets
[2026-06-18T13:16:49Z] Relocating range 69: 1 -> 2
[2026-06-18T13:17:10Z] Updated replicas: [2] voters: [2]
No voter available to relocate

[precondition:crdb_decom_seed:preconditionUnits[1] 'crdb_decom_seed':probe] $ /bin/sh -c 'flag=--insecure; kubectl -n cockroachdb exec crdb-cluster-0 -- ls /cockroach/cockroach-certs/ca.crt >/dev/null 2>&1 && flag=--certs-dir=/cockroach/cockroach-certs; kubectl -n cockroachdb exec crdb-cluster-0 -- ./cockroach sql $flag -e "SELECT count(*) FROM bench.decom_data;" 2>/dev/null'
count
3

