[judge] run spark-runtime-then-multitenant-adversary-20260710_000133-6b7b
[judge] scoring 6 stage(s); 6 passed the oracle -- grading each against the rubric
[judge]   grading stage_01 against the rubric...
[judge]     - validity: 100%
[judge]     - path_sensibility: 90%
[judge]     - tool_reasonability: 100%
[judge]     - simplicity: 100%
[judge]   rubric stage_01 -> 0.975
[judge]   grading stage_02 against the rubric...
[judge]     - validity: 100%
[judge]     - path_sensibility: 100%
[judge]     - tool_reasonability: 100%
[judge]     - simplicity: 100%
[judge]   rubric stage_02 -> 1.0
[judge]   grading stage_03 against the rubric...
[judge]     - validity: 95%
[judge]     - path_sensibility: 100%
[judge]     - tool_reasonability: 100%
[judge]     - simplicity: 100%
[judge]   rubric stage_03 -> 0.982
[judge]   grading stage_04 against the rubric...
[judge]     - validity: 100%
[judge]     - path_sensibility: 100%
[judge]     - tool_reasonability: 100%
[judge]     - simplicity: 100%
[judge]   rubric stage_04 -> 1.0
[judge]   grading stage_05 against the rubric...
[judge]     - validity: 100%
[judge]     - path_sensibility: 100%
[judge]     - tool_reasonability: 100%
[judge]     - simplicity: 100%
[judge]   rubric stage_05 -> 1.0
[judge]   grading stage_06 against the rubric...
[judge]     - validity: 100%
[judge]     - path_sensibility: 100%
[judge]     - tool_reasonability: 100%
[judge]     - simplicity: 100%
[judge]   rubric stage_06 -> 1.0
[judge] 6/6 stages passed -> base score 99.3 (rubric-scored)
[judge] regression sweep clean -> 99.3
