[judge] run ray-dashboard-observability-adversary-20260710_013218-1cc2
[judge] scoring 4 stage(s); 4 passed the oracle -- grading each against the rubric
[judge]   grading stage_01 against the rubric...
[judge]     - validity: 50%
[judge]     - path_sensibility: 60%
[judge]     - tool_reasonability: 80%
[judge]     - simplicity: 65%
[judge]   rubric stage_01 -> 0.615
[judge]   grading stage_02 against the rubric...
[judge]     - validity: 85%
[judge]     - path_sensibility: 100%
[judge]     - tool_reasonability: 100%
[judge]     - simplicity: 100%
[judge]   rubric stage_02 -> 0.948
[judge]   grading stage_03 against the rubric...
[judge]     - validity: 80%
[judge]     - path_sensibility: 60%
[judge]     - tool_reasonability: 65%
[judge]     - simplicity: 50%
[judge]   rubric stage_03 -> 0.66
[judge]   grading stage_04 against the rubric...
[judge]     - validity: 100%
[judge]     - path_sensibility: 100%
[judge]     - tool_reasonability: 100%
[judge]     - simplicity: 100%
[judge]   rubric stage_04 -> 1.0
[judge] 4/4 stages passed -> base score 80.6 (rubric-scored)
[judge] regression sweep clean -> 80.6
