[precondition:crdb_env_ready:preconditionUnits[0] 'crdb_env_ready':probe] $ /bin/sh -c 'kubectl -n cockroachdb get statefulset crdb-cluster >/dev/null 2>&1 || kubectl -n cockroachdb get pods 2>/dev/null | grep -q Running'

[precondition:establish_cert_baseline:preconditionUnits[1] 'establish_cert_baseline':probe] $ /bin/sh -c '
cm=$(kubectl -n cockroachdb get configmap crdb-old-cert -o jsonpath="{.data.fingerprint}" 2>/dev/null)
[ -n "$cm" ] || exit 1
live=$(kubectl -n cockroachdb get secret crdb-cluster-certs -o jsonpath="{.data.node\.crt}" 2>/dev/null | base64 -d 2>/dev/null | openssl x509 -noout -fingerprint -sha256 2>/dev/null | sed "s/.*=//")
[ -n "$live" ] && [ "$cm" = "$live" ]
'


[precondition:establish_cert_baseline:preconditionUnits[1] 'establish_cert_baseline':apply] $ /bin/sh -c 'kubectl -n cockroachdb get pod openssl-toolbox >/dev/null 2>&1 || kubectl -n cockroachdb apply -f cases/cockroachdb/certificate-rotation/resource/openssl-toolbox.yaml'
pod/openssl-toolbox created

[precondition:establish_cert_baseline:preconditionUnits[1] 'establish_cert_baseline':apply] $ kubectl -n cockroachdb wait --for=condition=ready pod/openssl-toolbox --timeout=120s
pod/openssl-toolbox condition met

[precondition:establish_cert_baseline:preconditionUnits[1] 'establish_cert_baseline':apply] $ kubectl -n cockroachdb exec -i openssl-toolbox -- sh -s < cases/cockroachdb/certificate-rotation/resource/gen-old-certs.sh
Certificate request self-signature ok
subject=CN = node
Certificate request self-signature ok
subject=CN = root

[precondition:establish_cert_baseline:preconditionUnits[1] 'establish_cert_baseline':apply] $ /bin/sh -c 'rm -rf /tmp/crdb-old-certs; kubectl -n cockroachdb cp openssl-toolbox:/tmp/certs /tmp/crdb-old-certs'
tar: removing leading '/' from member names

[precondition:establish_cert_baseline:preconditionUnits[1] 'establish_cert_baseline':apply] $ /bin/sh -c 'kubectl -n cockroachdb create secret generic crdb-cluster-certs --from-file=ca.crt=/tmp/crdb-old-certs/ca.crt --from-file=node.crt=/tmp/crdb-old-certs/node.crt --from-file=node.key=/tmp/crdb-old-certs/node.key --from-file=client.root.crt=/tmp/crdb-old-certs/client.root.crt --from-file=client.root.key=/tmp/crdb-old-certs/client.root.key --dry-run=client -o yaml | kubectl apply -f -'
secret/crdb-cluster-certs created

[precondition:establish_cert_baseline:preconditionUnits[1] 'establish_cert_baseline':apply] $ /bin/sh -c 'kubectl -n cockroachdb scale statefulset/crdb-cluster --replicas=0 || true'
statefulset.apps/crdb-cluster scaled

[precondition:establish_cert_baseline:preconditionUnits[1] 'establish_cert_baseline':apply] $ /bin/sh -c 'kubectl -n cockroachdb wait --for=delete pod -l app.kubernetes.io/name=cockroachdb --timeout=150s || true'
pod/crdb-cluster-0 condition met
pod/crdb-cluster-1 condition met
pod/crdb-cluster-2 condition met

[precondition:establish_cert_baseline:preconditionUnits[1] 'establish_cert_baseline':apply] $ /bin/sh -c 'kubectl -n cockroachdb scale statefulset/crdb-cluster --replicas=3 || true'
statefulset.apps/crdb-cluster scaled

[precondition:establish_cert_baseline:preconditionUnits[1] 'establish_cert_baseline':apply] $ /bin/sh -c 'kubectl -n cockroachdb rollout status statefulset/crdb-cluster --timeout=420s || true'
Waiting for 3 pods to be ready...
Waiting for 2 pods to be ready...
Waiting for 1 pods to be ready...
statefulset rolling update complete 3 pods at revision crdb-cluster-7dd9c9485...

[precondition:establish_cert_baseline:preconditionUnits[1] 'establish_cert_baseline':apply] $ /bin/sh -c 'for i in $(seq 1 45); do kubectl -n cockroachdb exec crdb-cluster-0 -- ./cockroach sql --certs-dir=/cockroach/cockroach-certs --host=crdb-cluster-0.crdb-cluster.cockroachdb.svc.cluster.local -e "SELECT 1;" && exit 0; sleep 4; done; exit 1'
?column?
1

[precondition:establish_cert_baseline:preconditionUnits[1] 'establish_cert_baseline':apply] $ /bin/sh -c 'fingerprint=$(openssl x509 -noout -fingerprint -sha256 -in /tmp/crdb-old-certs/node.crt | sed "s/.*=//"); ca_fingerprint=$(openssl x509 -noout -fingerprint -sha256 -in /tmp/crdb-old-certs/ca.crt | sed "s/.*=//"); not_after=$(openssl x509 -noout -enddate -in /tmp/crdb-old-certs/node.crt | sed "s/notAfter=//"); kubectl -n cockroachdb create configmap crdb-old-cert --from-literal=fingerprint="$fingerprint" --from-literal=ca_fingerprint="$ca_fingerprint" --from-literal=not_after="$not_after" --dry-run=client -o yaml | kubectl apply -f -'
configmap/crdb-old-cert created

[precondition:establish_cert_baseline:preconditionUnits[1] 'establish_cert_baseline':verify] $ kubectl -n cockroachdb get configmap crdb-old-cert -o jsonpath='{.data.not_after}'
Jul  5 08:12:40 2026 GMT
