[precondition:mongo_env_ready:preconditionUnits[0] 'mongo_env_ready':probe] $ /bin/sh -c 'kubectl -n mongodb get statefulset mongodb-replica >/dev/null 2>&1 || kubectl -n mongodb get pods 2>/dev/null | grep -q Running'

[precondition:mongo_env_ready:preconditionUnits[0] 'mongo_env_ready':apply] $ /bin/sh -c 'kubectl delete namespace mongodb --ignore-not-found=true; kubectl wait --for=delete namespace/mongodb --timeout=120s || true'

[precondition:mongo_env_ready:preconditionUnits[0] 'mongo_env_ready':apply] $ kubectl create namespace mongodb
namespace/mongodb created

[precondition:mongo_env_ready:preconditionUnits[0] 'mongo_env_ready':apply] $ kubectl -n mongodb apply -f cases/mongodb/statefulset-customization/resource/secrets.yaml
secret/admin-user-password created
secret/mongo-keyfile created

[precondition:mongo_env_ready:preconditionUnits[0] 'mongo_env_ready':apply] $ kubectl -n mongodb apply -f cases/mongodb/statefulset-customization/resource/guard-script.yaml
configmap/pod-guard-script created

[precondition:mongo_env_ready:preconditionUnits[0] 'mongo_env_ready':apply] $ kubectl -n mongodb apply -f cases/mongodb/statefulset-customization/resource/services.yaml
service/mongodb-replica-svc created

[precondition:mongo_env_ready:preconditionUnits[0] 'mongo_env_ready':apply] $ kubectl -n mongodb apply -f cases/mongodb/statefulset-customization/resource/statefulset.yaml
statefulset.apps/mongodb-replica created

[precondition:mongo_env_ready:preconditionUnits[0] 'mongo_env_ready':apply] $ kubectl -n mongodb wait --for=condition=ready pod -l app=mongodb-replica --timeout=300s
pod/mongodb-replica-0 condition met
pod/mongodb-replica-1 condition met
pod/mongodb-replica-2 condition met

[precondition:mongo_env_ready:preconditionUnits[0] 'mongo_env_ready':apply] $ /bin/sh -c 'for i in $(seq 1 30); do kubectl -n mongodb exec mongodb-replica-0 -- mongosh --quiet --eval '\''db.runCommand({ping:1}).ok'\'' 2>/dev/null | grep -q 1 && exit 0; sleep 3; done; exit 1'


[precondition:mongo_env_ready:preconditionUnits[0] 'mongo_env_ready':apply] $ /bin/sh -c 'kubectl -n mongodb exec mongodb-replica-0 -- mongosh --quiet --eval '\''rs.initiate({_id:"mongodb-replica",members:[{_id:0,host:"mongodb-replica-0.mongodb-replica-svc.mongodb.svc.cluster.local:27017"},{_id:1,host:"mongodb-replica-1.mongodb-replica-svc.mongodb.svc.cluster.local:27017"},{_id:2,host:"mongodb-replica-2.mongodb-replica-svc.mongodb.svc.cluster.local:27017"}]})'\'''

{ ok: 1 }
Defaulted container "mongod" out of: mongod, pod-guard (init)

[precondition:mongo_env_ready:preconditionUnits[0] 'mongo_env_ready':apply] $ /bin/sh -c 'for i in $(seq 1 20); do kubectl -n mongodb exec mongodb-replica-0 -- mongosh --quiet --eval '\''db.hello().isWritablePrimary'\'' | grep true && exit 0; sleep 3; done; exit 1'

true
Defaulted container "mongod" out of: mongod, pod-guard (init)
Defaulted container "mongod" out of: mongod, pod-guard (init)
Defaulted container "mongod" out of: mongod, pod-guard (init)

[precondition:mongo_env_ready:preconditionUnits[0] 'mongo_env_ready':apply] $ /bin/sh -c 'kubectl -n mongodb exec mongodb-replica-0 -- mongosh --quiet --eval '\''db.getSiblingDB("admin").createUser({user:"admin-user",pwd:"admin123password",roles:[{role:"clusterAdmin",db:"admin"},{role:"userAdminAnyDatabase",db:"admin"},{role:"readWriteAnyDatabase",db:"admin"}]})'\'''

{
  ok: 1,
  '$clusterTime': {
    clusterTime: Timestamp({ t: 1783082932, i: 1 }),
    signature: {
      hash: Binary(Buffer.from("26d80a682167a88f09488f44933b9a16a92eaad7", "hex"), 0),
      keyId: Long("7658282840341086212")
    }
  },
  operationTime: Timestamp({ t: 1783082932, i: 1 })
}
Defaulted container "mongod" out of: mongod, pod-guard (init)

[precondition:mongo_env_ready:preconditionUnits[0] 'mongo_env_ready':apply] $ /bin/sh -c 'kubectl -n mongodb patch sts mongodb-replica --type=json -p='\''[{"op":"replace","path":"/spec/template/metadata/labels/monitoring","value":"disabled"},{"op":"replace","path":"/spec/template/spec/containers/0/resources/requests/memory","value":"128Mi"},{"op":"replace","path":"/spec/template/spec/containers/0/resources/limits/memory","value":"256Mi"}]'\'''

statefulset.apps/mongodb-replica patched

[precondition:mongo_env_ready:preconditionUnits[0] 'mongo_env_ready':apply] $ kubectl -n mongodb delete pod -l app=mongodb-replica
pod "mongodb-replica-0" deleted
pod "mongodb-replica-1" deleted
pod "mongodb-replica-2" deleted

[precondition:mongo_env_ready:preconditionUnits[0] 'mongo_env_ready':verify] $ kubectl -n mongodb get statefulset mongodb-replica -o name
statefulset.apps/mongodb-replica

[precondition:admin_user_fixture:preconditionUnits[1] 'admin_user_fixture':probe] $ /bin/sh -c '
t=""; for cca in /etc/tls/ca.crt /etc/mongo-ca/ca.crt; do kubectl -n mongodb exec mongodb-replica-0 -- ls $cca >/dev/null 2>&1 && { t="--tls --tlsAllowInvalidHostnames --tlsAllowInvalidCertificates --tlsCAFile $cca"; break; }; done
pw=$(kubectl -n mongodb get secret admin-user-password -o jsonpath="{.data.password}" 2>/dev/null | base64 -d 2>/dev/null)
[ -n "$pw" ] || exit 1
kubectl -n mongodb exec mongodb-replica-0 -- mongosh --quiet $t "mongodb://admin-user:$pw@localhost:27017/admin" --eval "db.runCommand({ping:1}).ok" 2>/dev/null | grep -q 1
'


[precondition:admin_user_fixture:preconditionUnits[1] 'admin_user_fixture':apply] $ /bin/sh -c 'kubectl -n mongodb get secret admin-user-password >/dev/null 2>&1 || kubectl -n mongodb create secret generic admin-user-password --from-literal=password=admin123password'

[precondition:admin_user_fixture:preconditionUnits[1] 'admin_user_fixture':apply] $ /bin/sh -c '
t=""; for cca in /etc/tls/ca.crt /etc/mongo-ca/ca.crt; do kubectl -n mongodb exec mongodb-replica-0 -- ls $cca >/dev/null 2>&1 && { t="--tls --tlsAllowInvalidHostnames --tlsAllowInvalidCertificates --tlsCAFile $cca"; break; }; done
kubectl -n mongodb exec mongodb-replica-0 -- mongosh --quiet $t --eval "db.getSiblingDB(\"admin\").createUser({user:\"admin-user\",pwd:\"admin123password\",roles:[{role:\"root\",db:\"admin\"}]})" 2>/dev/null || true
'


[precondition:admin_user_fixture:preconditionUnits[1] 'admin_user_fixture':verify] $ /bin/sh -c 'kubectl -n mongodb get secret admin-user-password >/dev/null 2>&1 && echo ok'
ok

[precondition:statefulset_customization_drift_ready:preconditionUnits[2] 'statefulset_customization_drift_ready':probe] $ /bin/sh -c '
lbl=$(kubectl -n mongodb get sts mongodb-replica -o jsonpath="{.spec.template.metadata.labels.monitoring}" 2>/dev/null)
mem=$(kubectl -n mongodb get sts mongodb-replica -o jsonpath="{.spec.template.spec.containers[0].resources.requests.memory}" 2>/dev/null)
[ "$lbl" != "enabled" ] || [ "$mem" = "128Mi" ]
'


