[judge] run nginx-ingress-03-canary-ratelimit-tls-20260710_000231-c843
[judge] scoring 3 stage(s); 3 passed the oracle -- grading each against the rubric
[judge]   grading stage_01 against the rubric...
[judge]     - validity: 100%
[judge]     - path_sensibility: 100%
[judge]     - tool_reasonability: 100%
[judge]     - simplicity: 100%
[judge]   rubric stage_01 -> 1.0
[judge]   grading stage_02 against the rubric...
[judge]     - validity: 70%
[judge]     - path_sensibility: 70%
[judge]     - tool_reasonability: 95%
[judge]     - simplicity: 90%
[judge]   rubric stage_02 -> 0.79
[judge]   grading stage_03 against the rubric...
[judge]     - validity: 85%
[judge]     - path_sensibility: 85%
[judge]     - tool_reasonability: 90%
[judge]     - simplicity: 85%
[judge]   rubric stage_03 -> 0.86
[judge] 3/3 stages passed -> base score 88.3 (rubric-scored)
[judge] regression sweep clean -> 88.3
