[precondition:rabbitmq_secrets_ready:preconditionUnits[0] 'rabbitmq_secrets_ready':probe] $ /bin/sh -c 'set -e; kubectl -n ${BENCH_NAMESPACE} get secret rabbitmq-erlang-cookie >/dev/null; kubectl -n ${BENCH_NAMESPACE} get secret rabbitmq-admin >/dev/null'

[precondition:rbac_ready:preconditionUnits[1] 'rbac_ready':probe] $ kubectl -n ${BENCH_NAMESPACE} get sa rabbitmq
NAME       SECRETS   AGE
rabbitmq   0         24m

[precondition:infra_ready:preconditionUnits[2] 'infra_ready':probe] $ /bin/sh -c 'set -e; kubectl -n ${BENCH_NAMESPACE} get svc rabbitmq >/dev/null; kubectl -n ${BENCH_NAMESPACE} get svc prometheus >/dev/null'
Error from server (NotFound): services "prometheus" not found

[precondition:infra_ready:preconditionUnits[2] 'infra_ready':apply] $ envsubst '$BENCH_NAMESPACE $BENCH_NS_SOURCE $BENCH_NS_TARGET $BENCH_PARAM_CLUSTER_PREFIX $BENCH_PARAM_BLUE_CLUSTER_PREFIX $BENCH_PARAM_GREEN_CLUSTER_PREFIX $BENCH_PARAM_FROM_VERSION' < cases/rabbitmq/manual_monitoring/resource/configmap.yaml | kubectl -n ${BENCH_NAMESPACE} apply -f -
configmap/rabbitmq-config configured

[precondition:infra_ready:preconditionUnits[2] 'infra_ready':apply] $ envsubst '$BENCH_NAMESPACE $BENCH_NS_SOURCE $BENCH_NS_TARGET $BENCH_PARAM_CLUSTER_PREFIX $BENCH_PARAM_BLUE_CLUSTER_PREFIX $BENCH_PARAM_GREEN_CLUSTER_PREFIX $BENCH_PARAM_FROM_VERSION' < cases/rabbitmq/manual_monitoring/resource/services.yaml | kubectl -n ${BENCH_NAMESPACE} apply -f -
service/rabbitmq-headless configured
service/rabbitmq configured
service/prometheus created

[precondition:infra_ready:preconditionUnits[2] 'infra_ready':apply] $ envsubst '$BENCH_NAMESPACE $BENCH_NS_SOURCE $BENCH_NS_TARGET $BENCH_PARAM_CLUSTER_PREFIX $BENCH_PARAM_BLUE_CLUSTER_PREFIX $BENCH_PARAM_GREEN_CLUSTER_PREFIX $BENCH_PARAM_FROM_VERSION' < cases/rabbitmq/manual_monitoring/resource/prometheus.yaml | kubectl -n ${BENCH_NAMESPACE} apply -f -
configmap/prometheus-config created
deployment.apps/prometheus created

[precondition:infra_ready:preconditionUnits[2] 'infra_ready':verify] $ /bin/sh -c 'set -e; kubectl -n ${BENCH_NAMESPACE} get svc rabbitmq >/dev/null; kubectl -n ${BENCH_NAMESPACE} get svc prometheus >/dev/null'

[precondition:rabbitmq_cluster_ready:preconditionUnits[3] 'rabbitmq_cluster_ready':probe] $ /bin/sh -c 'set -e; [ "$(kubectl -n ${BENCH_NAMESPACE} get sts rabbitmq -o jsonpath="{.status.readyReplicas}")" = "3" ]'

[precondition:curl_test_ready:preconditionUnits[4] 'curl_test_ready':probe] $ kubectl -n ${BENCH_NAMESPACE} wait --for=condition=ready pod -l app=curl-test --timeout=3s
pod/curl-test condition met

[precondition:monitoring_baseline_ready:preconditionUnits[5] 'monitoring_baseline_ready':probe] $ python3 cases/rabbitmq/manual_monitoring/setup_precondition_check.py --namespace ${BENCH_NAMESPACE} --min-ready 3
setup-precondition-check: failed
 - prometheus-745f57c5fd-zdt7c: phase=Pending, ready=False
 - prometheus: ready=0, expected=1
 - failed to query Prometheus targets: Command '['kubectl', '-n', 'karma-rabbitmq-maximal-lifecycle-roll-0f5d4e03-cluster-a', 'exec', 'curl-test', '--', 'curl', '-s', '--max-time', '5', 'http://prometheus.karma-rabbitmq-maximal-lifecycle-roll-0f5d4e03-cluster-a.svc.cluster.local:8000/api/v1/targets']' returned non-zero exit status 7.

[precondition:monitoring_baseline_ready:preconditionUnits[5] 'monitoring_baseline_ready':probe] $ python3 cases/rabbitmq/manual_monitoring/setup_precondition_check.py --namespace ${BENCH_NAMESPACE} --min-ready 3
setup-precondition-check: failed
 - prometheus-745f57c5fd-zdt7c: waiting=ContainerCreating
 - prometheus: ready=0, expected=1
 - failed to query Prometheus targets: Command '['kubectl', '-n', 'karma-rabbitmq-maximal-lifecycle-roll-0f5d4e03-cluster-a', 'exec', 'curl-test', '--', 'curl', '-s', '--max-time', '5', 'http://prometheus.karma-rabbitmq-maximal-lifecycle-roll-0f5d4e03-cluster-a.svc.cluster.local:8000/api/v1/targets']' returned non-zero exit status 7.

[precondition:monitoring_baseline_ready:preconditionUnits[5] 'monitoring_baseline_ready':probe] $ python3 cases/rabbitmq/manual_monitoring/setup_precondition_check.py --namespace ${BENCH_NAMESPACE} --min-ready 3
setup-precondition-check: failed
 - prometheus-745f57c5fd-zdt7c: waiting=ContainerCreating
 - prometheus: ready=0, expected=1
 - failed to query Prometheus targets: Command '['kubectl', '-n', 'karma-rabbitmq-maximal-lifecycle-roll-0f5d4e03-cluster-a', 'exec', 'curl-test', '--', 'curl', '-s', '--max-time', '5', 'http://prometheus.karma-rabbitmq-maximal-lifecycle-roll-0f5d4e03-cluster-a.svc.cluster.local:8000/api/v1/targets']' returned non-zero exit status 7.

[precondition:monitoring_baseline_ready:preconditionUnits[5] 'monitoring_baseline_ready':probe] $ python3 cases/rabbitmq/manual_monitoring/setup_precondition_check.py --namespace ${BENCH_NAMESPACE} --min-ready 3
setup-precondition-check: failed
 - prometheus-745f57c5fd-zdt7c: waiting=ContainerCreating
 - prometheus: ready=0, expected=1
 - failed to query Prometheus targets: Command '['kubectl', '-n', 'karma-rabbitmq-maximal-lifecycle-roll-0f5d4e03-cluster-a', 'exec', 'curl-test', '--', 'curl', '-s', '--max-time', '5', 'http://prometheus.karma-rabbitmq-maximal-lifecycle-roll-0f5d4e03-cluster-a.svc.cluster.local:8000/api/v1/targets']' returned non-zero exit status 7.

[precondition:monitoring_baseline_ready:preconditionUnits[5] 'monitoring_baseline_ready':probe] $ python3 cases/rabbitmq/manual_monitoring/setup_precondition_check.py --namespace ${BENCH_NAMESPACE} --min-ready 3
setup-precondition-check: failed
 - prometheus-745f57c5fd-zdt7c: waiting=ContainerCreating
 - prometheus: ready=0, expected=1
 - failed to query Prometheus targets: Command '['kubectl', '-n', 'karma-rabbitmq-maximal-lifecycle-roll-0f5d4e03-cluster-a', 'exec', 'curl-test', '--', 'curl', '-s', '--max-time', '5', 'http://prometheus.karma-rabbitmq-maximal-lifecycle-roll-0f5d4e03-cluster-a.svc.cluster.local:8000/api/v1/targets']' returned non-zero exit status 7.

[precondition:monitoring_baseline_ready:preconditionUnits[5] 'monitoring_baseline_ready':probe] $ python3 cases/rabbitmq/manual_monitoring/setup_precondition_check.py --namespace ${BENCH_NAMESPACE} --min-ready 3
setup-precondition-check: failed
 - prometheus-745f57c5fd-zdt7c: waiting=ContainerCreating
 - prometheus: ready=0, expected=1
 - failed to query Prometheus targets: Command '['kubectl', '-n', 'karma-rabbitmq-maximal-lifecycle-roll-0f5d4e03-cluster-a', 'exec', 'curl-test', '--', 'curl', '-s', '--max-time', '5', 'http://prometheus.karma-rabbitmq-maximal-lifecycle-roll-0f5d4e03-cluster-a.svc.cluster.local:8000/api/v1/targets']' returned non-zero exit status 7.

[precondition:monitoring_baseline_ready:preconditionUnits[5] 'monitoring_baseline_ready':probe] $ python3 cases/rabbitmq/manual_monitoring/setup_precondition_check.py --namespace ${BENCH_NAMESPACE} --min-ready 3
setup-precondition-check: failed
 - prometheus-745f57c5fd-zdt7c: waiting=ContainerCreating
 - prometheus: ready=0, expected=1
 - failed to query Prometheus targets: Command '['kubectl', '-n', 'karma-rabbitmq-maximal-lifecycle-roll-0f5d4e03-cluster-a', 'exec', 'curl-test', '--', 'curl', '-s', '--max-time', '5', 'http://prometheus.karma-rabbitmq-maximal-lifecycle-roll-0f5d4e03-cluster-a.svc.cluster.local:8000/api/v1/targets']' returned non-zero exit status 7.

[precondition:monitoring_baseline_ready:preconditionUnits[5] 'monitoring_baseline_ready':probe] $ python3 cases/rabbitmq/manual_monitoring/setup_precondition_check.py --namespace ${BENCH_NAMESPACE} --min-ready 3
setup-precondition-check: failed
 - prometheus-745f57c5fd-zdt7c: waiting=ContainerCreating
 - prometheus: ready=0, expected=1
 - failed to query Prometheus targets: Command '['kubectl', '-n', 'karma-rabbitmq-maximal-lifecycle-roll-0f5d4e03-cluster-a', 'exec', 'curl-test', '--', 'curl', '-s', '--max-time', '5', 'http://prometheus.karma-rabbitmq-maximal-lifecycle-roll-0f5d4e03-cluster-a.svc.cluster.local:8000/api/v1/targets']' returned non-zero exit status 7.

[precondition:monitoring_baseline_ready:preconditionUnits[5] 'monitoring_baseline_ready':probe] $ python3 cases/rabbitmq/manual_monitoring/setup_precondition_check.py --namespace ${BENCH_NAMESPACE} --min-ready 3
setup-precondition-check: failed
 - prometheus-745f57c5fd-zdt7c: waiting=ContainerCreating
 - prometheus: ready=0, expected=1
 - failed to query Prometheus targets: Command '['kubectl', '-n', 'karma-rabbitmq-maximal-lifecycle-roll-0f5d4e03-cluster-a', 'exec', 'curl-test', '--', 'curl', '-s', '--max-time', '5', 'http://prometheus.karma-rabbitmq-maximal-lifecycle-roll-0f5d4e03-cluster-a.svc.cluster.local:8000/api/v1/targets']' returned non-zero exit status 7.

[precondition:monitoring_baseline_ready:preconditionUnits[5] 'monitoring_baseline_ready':probe] $ python3 cases/rabbitmq/manual_monitoring/setup_precondition_check.py --namespace ${BENCH_NAMESPACE} --min-ready 3
setup-precondition-check: failed
 - prometheus-745f57c5fd-zdt7c: waiting=ContainerCreating
 - prometheus: ready=0, expected=1
 - failed to query Prometheus targets: Command '['kubectl', '-n', 'karma-rabbitmq-maximal-lifecycle-roll-0f5d4e03-cluster-a', 'exec', 'curl-test', '--', 'curl', '-s', '--max-time', '5', 'http://prometheus.karma-rabbitmq-maximal-lifecycle-roll-0f5d4e03-cluster-a.svc.cluster.local:8000/api/v1/targets']' returned non-zero exit status 7.

[precondition:monitoring_baseline_ready:preconditionUnits[5] 'monitoring_baseline_ready':probe] $ python3 cases/rabbitmq/manual_monitoring/setup_precondition_check.py --namespace ${BENCH_NAMESPACE} --min-ready 3
setup-precondition-check: failed
 - prometheus-745f57c5fd-zdt7c: waiting=ContainerCreating
 - prometheus: ready=0, expected=1
 - failed to query Prometheus targets: Command '['kubectl', '-n', 'karma-rabbitmq-maximal-lifecycle-roll-0f5d4e03-cluster-a', 'exec', 'curl-test', '--', 'curl', '-s', '--max-time', '5', 'http://prometheus.karma-rabbitmq-maximal-lifecycle-roll-0f5d4e03-cluster-a.svc.cluster.local:8000/api/v1/targets']' returned non-zero exit status 7.

[precondition:monitoring_baseline_ready:preconditionUnits[5] 'monitoring_baseline_ready':probe] $ python3 cases/rabbitmq/manual_monitoring/setup_precondition_check.py --namespace ${BENCH_NAMESPACE} --min-ready 3
setup-precondition-check: failed
 - prometheus-745f57c5fd-zdt7c: waiting=ContainerCreating
 - prometheus: ready=0, expected=1
 - failed to query Prometheus targets: Command '['kubectl', '-n', 'karma-rabbitmq-maximal-lifecycle-roll-0f5d4e03-cluster-a', 'exec', 'curl-test', '--', 'curl', '-s', '--max-time', '5', 'http://prometheus.karma-rabbitmq-maximal-lifecycle-roll-0f5d4e03-cluster-a.svc.cluster.local:8000/api/v1/targets']' returned non-zero exit status 7.

[precondition:monitoring_baseline_ready:preconditionUnits[5] 'monitoring_baseline_ready':probe] $ python3 cases/rabbitmq/manual_monitoring/setup_precondition_check.py --namespace ${BENCH_NAMESPACE} --min-ready 3
setup-precondition-check: failed
 - prometheus-745f57c5fd-zdt7c: waiting=ContainerCreating
 - prometheus: ready=0, expected=1
 - failed to query Prometheus targets: Command '['kubectl', '-n', 'karma-rabbitmq-maximal-lifecycle-roll-0f5d4e03-cluster-a', 'exec', 'curl-test', '--', 'curl', '-s', '--max-time', '5', 'http://prometheus.karma-rabbitmq-maximal-lifecycle-roll-0f5d4e03-cluster-a.svc.cluster.local:8000/api/v1/targets']' returned non-zero exit status 7.

[precondition:monitoring_baseline_ready:preconditionUnits[5] 'monitoring_baseline_ready':probe] $ python3 cases/rabbitmq/manual_monitoring/setup_precondition_check.py --namespace ${BENCH_NAMESPACE} --min-ready 3
setup-precondition-check: failed
 - prometheus-745f57c5fd-zdt7c: waiting=ContainerCreating
 - prometheus: ready=0, expected=1
 - failed to query Prometheus targets: Command '['kubectl', '-n', 'karma-rabbitmq-maximal-lifecycle-roll-0f5d4e03-cluster-a', 'exec', 'curl-test', '--', 'curl', '-s', '--max-time', '5', 'http://prometheus.karma-rabbitmq-maximal-lifecycle-roll-0f5d4e03-cluster-a.svc.cluster.local:8000/api/v1/targets']' returned non-zero exit status 7.

[precondition:monitoring_baseline_ready:preconditionUnits[5] 'monitoring_baseline_ready':probe] $ python3 cases/rabbitmq/manual_monitoring/setup_precondition_check.py --namespace ${BENCH_NAMESPACE} --min-ready 3
setup-precondition-check: failed
 - prometheus-745f57c5fd-zdt7c: waiting=ContainerCreating
 - prometheus: ready=0, expected=1
 - failed to query Prometheus targets: Command '['kubectl', '-n', 'karma-rabbitmq-maximal-lifecycle-roll-0f5d4e03-cluster-a', 'exec', 'curl-test', '--', 'curl', '-s', '--max-time', '5', 'http://prometheus.karma-rabbitmq-maximal-lifecycle-roll-0f5d4e03-cluster-a.svc.cluster.local:8000/api/v1/targets']' returned non-zero exit status 7.

[precondition:monitoring_baseline_ready:preconditionUnits[5] 'monitoring_baseline_ready':probe] $ python3 cases/rabbitmq/manual_monitoring/setup_precondition_check.py --namespace ${BENCH_NAMESPACE} --min-ready 3
setup-precondition-check: failed
 - prometheus-745f57c5fd-zdt7c: waiting=ContainerCreating
 - prometheus: ready=0, expected=1
 - failed to query Prometheus targets: Command '['kubectl', '-n', 'karma-rabbitmq-maximal-lifecycle-roll-0f5d4e03-cluster-a', 'exec', 'curl-test', '--', 'curl', '-s', '--max-time', '5', 'http://prometheus.karma-rabbitmq-maximal-lifecycle-roll-0f5d4e03-cluster-a.svc.cluster.local:8000/api/v1/targets']' returned non-zero exit status 7.

[precondition:monitoring_baseline_ready:preconditionUnits[5] 'monitoring_baseline_ready':probe] $ python3 cases/rabbitmq/manual_monitoring/setup_precondition_check.py --namespace ${BENCH_NAMESPACE} --min-ready 3
setup-precondition-check: failed
 - prometheus-745f57c5fd-zdt7c: waiting=ContainerCreating
 - prometheus: ready=0, expected=1
 - failed to query Prometheus targets: Command '['kubectl', '-n', 'karma-rabbitmq-maximal-lifecycle-roll-0f5d4e03-cluster-a', 'exec', 'curl-test', '--', 'curl', '-s', '--max-time', '5', 'http://prometheus.karma-rabbitmq-maximal-lifecycle-roll-0f5d4e03-cluster-a.svc.cluster.local:8000/api/v1/targets']' returned non-zero exit status 7.

[precondition:monitoring_baseline_ready:preconditionUnits[5] 'monitoring_baseline_ready':probe] $ python3 cases/rabbitmq/manual_monitoring/setup_precondition_check.py --namespace ${BENCH_NAMESPACE} --min-ready 3
setup-precondition-check: failed
 - prometheus-745f57c5fd-zdt7c: waiting=ContainerCreating
 - prometheus: ready=0, expected=1
 - failed to query Prometheus targets: Command '['kubectl', '-n', 'karma-rabbitmq-maximal-lifecycle-roll-0f5d4e03-cluster-a', 'exec', 'curl-test', '--', 'curl', '-s', '--max-time', '5', 'http://prometheus.karma-rabbitmq-maximal-lifecycle-roll-0f5d4e03-cluster-a.svc.cluster.local:8000/api/v1/targets']' returned non-zero exit status 7.

[precondition:monitoring_baseline_ready:preconditionUnits[5] 'monitoring_baseline_ready':probe] $ python3 cases/rabbitmq/manual_monitoring/setup_precondition_check.py --namespace ${BENCH_NAMESPACE} --min-ready 3
setup-precondition-check: failed
 - prometheus-745f57c5fd-zdt7c: waiting=ContainerCreating
 - prometheus: ready=0, expected=1
 - failed to query Prometheus targets: Command '['kubectl', '-n', 'karma-rabbitmq-maximal-lifecycle-roll-0f5d4e03-cluster-a', 'exec', 'curl-test', '--', 'curl', '-s', '--max-time', '5', 'http://prometheus.karma-rabbitmq-maximal-lifecycle-roll-0f5d4e03-cluster-a.svc.cluster.local:8000/api/v1/targets']' returned non-zero exit status 7.

[precondition:monitoring_baseline_ready:preconditionUnits[5] 'monitoring_baseline_ready':probe] $ python3 cases/rabbitmq/manual_monitoring/setup_precondition_check.py --namespace ${BENCH_NAMESPACE} --min-ready 3
setup-precondition-check: ok

