[precondition:spark_env_ready:preconditionUnits[0] 'spark_env_ready':probe] $ kubectl -n spark-pi get pods 2>/dev/null | grep -c Running
0

[precondition:spark_env_ready:preconditionUnits[0] 'spark_env_ready':apply] $ kubectl delete namespace spark-pi --ignore-not-found=true --wait=false

[precondition:spark_env_ready:preconditionUnits[0] 'spark_env_ready':apply] $ /bin/sh -c 'kubectl wait --for=delete namespace/spark-pi --timeout=300s 2>/dev/null || true'

[precondition:spark_env_ready:preconditionUnits[0] 'spark_env_ready':apply] $ kubectl apply -f cases/spark/deploy_spark_pi/resource/namespace.yaml
namespace/spark-pi created

[precondition:spark_env_ready:preconditionUnits[0] 'spark_env_ready':apply] $ kubectl apply -f cases/spark/deploy_spark_pi/resource/spark-rbac.yaml
serviceaccount/spark-pi created
role.rbac.authorization.k8s.io/spark-pi-role created
rolebinding.rbac.authorization.k8s.io/spark-pi-role-binding created

[precondition:spark_env_ready:preconditionUnits[0] 'spark_env_ready':apply] $ kubectl apply -f cases/spark/deploy_spark_pi/resource/spark-cluster.yaml
service/spark-master created
deployment.apps/spark-master created
deployment.apps/spark-worker created

[precondition:spark_env_ready:preconditionUnits[0] 'spark_env_ready':verify] $ kubectl -n spark-pi get pods 2>/dev/null | grep -c Running
0

[precondition:spark_env_ready:preconditionUnits[0] 'spark_env_ready':verify] $ kubectl -n spark-pi get pods 2>/dev/null | grep -c Running
0

[precondition:spark_env_ready:preconditionUnits[0] 'spark_env_ready':verify] $ kubectl -n spark-pi get pods 2>/dev/null | grep -c Running
0

[precondition:spark_env_ready:preconditionUnits[0] 'spark_env_ready':verify] $ kubectl -n spark-pi get pods 2>/dev/null | grep -c Running
0

[precondition:spark_env_ready:preconditionUnits[0] 'spark_env_ready':verify] $ kubectl -n spark-pi get pods 2>/dev/null | grep -c Running
0

[precondition:spark_env_ready:preconditionUnits[0] 'spark_env_ready':verify] $ kubectl -n spark-pi get pods 2>/dev/null | grep -c Running
0

[precondition:spark_env_ready:preconditionUnits[0] 'spark_env_ready':verify] $ kubectl -n spark-pi get pods 2>/dev/null | grep -c Running
0

[precondition:spark_env_ready:preconditionUnits[0] 'spark_env_ready':verify] $ kubectl -n spark-pi get pods 2>/dev/null | grep -c Running
0

[precondition:spark_env_ready:preconditionUnits[0] 'spark_env_ready':verify] $ kubectl -n spark-pi get pods 2>/dev/null | grep -c Running
0

[precondition:spark_env_ready:preconditionUnits[0] 'spark_env_ready':verify] $ kubectl -n spark-pi get pods 2>/dev/null | grep -c Running
0

[precondition:spark_env_ready:preconditionUnits[0] 'spark_env_ready':verify] $ kubectl -n spark-pi get pods 2>/dev/null | grep -c Running
0

[precondition:spark_env_ready:preconditionUnits[0] 'spark_env_ready':verify] $ kubectl -n spark-pi get pods 2>/dev/null | grep -c Running
0

[precondition:spark_env_ready:preconditionUnits[0] 'spark_env_ready':verify] $ kubectl -n spark-pi get pods 2>/dev/null | grep -c Running
0

[precondition:spark_env_ready:preconditionUnits[0] 'spark_env_ready':verify] $ kubectl -n spark-pi get pods 2>/dev/null | grep -c Running
1

[precondition:spark_pi_job:preconditionUnits[1] 'spark_pi_job':probe] $ /bin/sh -c 'kubectl -n spark-pi get job spark-pi -o jsonpath="{.spec.template.spec.containers[0].image}" 2>/dev/null | grep -qF "${BENCH_PARAM_SPARK_IMAGE:-apache/spark:3.5.3}"'

[precondition:spark_pi_job:preconditionUnits[1] 'spark_pi_job':apply] $ /bin/sh -c 'kubectl -n spark-pi delete job spark-pi --ignore-not-found=true --wait=true 2>/dev/null; kubectl -n spark-pi wait --for=delete job/spark-pi --timeout=60s 2>/dev/null || true'

[precondition:spark_pi_job:preconditionUnits[1] 'spark_pi_job':apply] $ /bin/sh -c 'export BENCH_PARAM_SPARK_IMAGE=${BENCH_PARAM_SPARK_IMAGE:-apache/spark:3.5.3}; export BENCH_PARAM_SPARK_VERSION=${BENCH_PARAM_SPARK_IMAGE##*:}; envsubst '\''${BENCH_PARAM_SPARK_IMAGE} ${BENCH_PARAM_SPARK_VERSION}'\'' < cases/spark/deploy_spark_pi/resource/spark-pi-job.yaml | kubectl apply -f -'
job.batch/spark-pi created

[precondition:spark_pi_job:preconditionUnits[1] 'spark_pi_job':verify] $ kubectl -n spark-pi get job spark-pi
NAME       STATUS    COMPLETIONS   DURATION   AGE
spark-pi   Running   0/1           5s         5s

