[precondition:mongo_env_ready:preconditionUnits[0] 'mongo_env_ready':probe] $ kubectl -n mongodb get pods 2>/dev/null | grep -c Running
0

[precondition:mongo_env_ready:preconditionUnits[0] 'mongo_env_ready':apply] $ /bin/sh -c 'kubectl delete namespace mongodb --ignore-not-found=true; kubectl wait --for=delete namespace/mongodb --timeout=120s || true'

[precondition:mongo_env_ready:preconditionUnits[0] 'mongo_env_ready':apply] $ kubectl create namespace mongodb
namespace/mongodb created

[precondition:mongo_env_ready:preconditionUnits[0] 'mongo_env_ready':apply] $ kubectl -n mongodb apply -f resources/mongodb/statefulset-customization/resource/secrets.yaml
secret/admin-user-password created
secret/mongo-keyfile created

[precondition:mongo_env_ready:preconditionUnits[0] 'mongo_env_ready':apply] $ kubectl -n mongodb apply -f resources/mongodb/statefulset-customization/resource/guard-script.yaml
configmap/pod-guard-script created

[precondition:mongo_env_ready:preconditionUnits[0] 'mongo_env_ready':apply] $ kubectl -n mongodb apply -f resources/mongodb/statefulset-customization/resource/services.yaml
service/mongodb-replica-svc created

[precondition:mongo_env_ready:preconditionUnits[0] 'mongo_env_ready':apply] $ kubectl -n mongodb apply -f resources/mongodb/statefulset-customization/resource/statefulset.yaml
statefulset.apps/mongodb-replica created

[precondition:mongo_env_ready:preconditionUnits[0] 'mongo_env_ready':apply] $ kubectl -n mongodb wait --for=condition=ready pod -l app=mongodb-replica --timeout=300s
pod/mongodb-replica-0 condition met
pod/mongodb-replica-1 condition met
pod/mongodb-replica-2 condition met

[precondition:mongo_env_ready:preconditionUnits[0] 'mongo_env_ready':apply] $ /bin/sh -c 'kubectl -n mongodb exec mongodb-replica-0 -- mongosh --quiet --eval '\''rs.initiate({_id:"mongodb-replica",members:[{_id:0,host:"mongodb-replica-0.mongodb-replica-svc.mongodb.svc.cluster.local:27017"},{_id:1,host:"mongodb-replica-1.mongodb-replica-svc.mongodb.svc.cluster.local:27017"},{_id:2,host:"mongodb-replica-2.mongodb-replica-svc.mongodb.svc.cluster.local:27017"}]})'\'''

{ ok: 1 }
Defaulted container "mongod" out of: mongod, pod-guard (init)

[precondition:mongo_env_ready:preconditionUnits[0] 'mongo_env_ready':apply] $ /bin/sh -c 'for i in $(seq 1 20); do kubectl -n mongodb exec mongodb-replica-0 -- mongosh --quiet --eval '\''db.hello().isWritablePrimary'\'' | grep true && exit 0; sleep 3; done; exit 1'

true
Defaulted container "mongod" out of: mongod, pod-guard (init)
Defaulted container "mongod" out of: mongod, pod-guard (init)
Defaulted container "mongod" out of: mongod, pod-guard (init)

[precondition:mongo_env_ready:preconditionUnits[0] 'mongo_env_ready':apply] $ /bin/sh -c 'kubectl -n mongodb exec mongodb-replica-0 -- mongosh --quiet --eval '\''db.getSiblingDB("admin").createUser({user:"admin-user",pwd:"admin123password",roles:[{role:"clusterAdmin",db:"admin"},{role:"userAdminAnyDatabase",db:"admin"},{role:"readWriteAnyDatabase",db:"admin"}]})'\'''

{
  ok: 1,
  '$clusterTime': {
    clusterTime: Timestamp({ t: 1781211702, i: 4 }),
    signature: {
      hash: Binary(Buffer.from("d87544ed9b64fd68621b91eec9d409140c8b08aa", "hex"), 0),
      keyId: Long("7650245977277726725")
    }
  },
  operationTime: Timestamp({ t: 1781211702, i: 4 })
}
Defaulted container "mongod" out of: mongod, pod-guard (init)

[precondition:mongo_env_ready:preconditionUnits[0] 'mongo_env_ready':apply] $ /bin/sh -c 'kubectl -n mongodb patch sts mongodb-replica --type=json -p='\''[{"op":"replace","path":"/spec/template/metadata/labels/monitoring","value":"disabled"},{"op":"replace","path":"/spec/template/spec/containers/0/resources/requests/memory","value":"128Mi"},{"op":"replace","path":"/spec/template/spec/containers/0/resources/limits/memory","value":"256Mi"}]'\'''

statefulset.apps/mongodb-replica patched

[precondition:mongo_env_ready:preconditionUnits[0] 'mongo_env_ready':apply] $ kubectl -n mongodb delete pod -l app=mongodb-replica
pod "mongodb-replica-0" deleted
pod "mongodb-replica-1" deleted
pod "mongodb-replica-2" deleted

[precondition:mongo_env_ready:preconditionUnits[0] 'mongo_env_ready':verify] $ kubectl -n mongodb get statefulset mongodb-replica -o name
statefulset.apps/mongodb-replica

