[precondition:mongo_env_ready:preconditionUnits[0] 'mongo_env_ready':probe] $ kubectl -n mongodb get pods 2>/dev/null | grep -c Running
0

[precondition:mongo_env_ready:preconditionUnits[0] 'mongo_env_ready':apply] $ /bin/sh -c 'kubectl delete namespace mongodb --ignore-not-found=true; kubectl wait --for=delete namespace/mongodb --timeout=120s || true'

[precondition:mongo_env_ready:preconditionUnits[0] 'mongo_env_ready':apply] $ kubectl create namespace mongodb
namespace/mongodb created

[precondition:mongo_env_ready:preconditionUnits[0] 'mongo_env_ready':apply] $ kubectl -n mongodb apply -f resources/mongodb/user-management/resource/secrets.yaml
secret/admin-user-password created
secret/app-user-password created
secret/readonly-user-password created
secret/mongo-keyfile created

[precondition:mongo_env_ready:preconditionUnits[0] 'mongo_env_ready':apply] $ kubectl -n mongodb apply -f resources/mongodb/user-management/resource/services.yaml
service/mongodb-replica-svc created

[precondition:mongo_env_ready:preconditionUnits[0] 'mongo_env_ready':apply] $ kubectl -n mongodb apply -f resources/mongodb/user-management/resource/statefulset.yaml
statefulset.apps/mongodb-replica created

[precondition:mongo_env_ready:preconditionUnits[0] 'mongo_env_ready':apply] $ /bin/sh -c 'for i in $(seq 1 120); do ready=$(kubectl -n mongodb get sts mongodb-replica -o jsonpath='\''{.status.readyReplicas}'\'' 2>/dev/null); if [ "${ready:-0}" -ge 3 ]; then exit 0; fi; sleep 5; done; exit 1'


[precondition:mongo_env_ready:preconditionUnits[0] 'mongo_env_ready':apply] $ /bin/sh -c 'kubectl -n mongodb exec mongodb-replica-0 -- mongosh --quiet --eval '\''rs.initiate({_id:"mongodb-replica",members:[{_id:0,host:"mongodb-replica-0.mongodb-replica-svc.mongodb.svc.cluster.local:27017"},{_id:1,host:"mongodb-replica-1.mongodb-replica-svc.mongodb.svc.cluster.local:27017"},{_id:2,host:"mongodb-replica-2.mongodb-replica-svc.mongodb.svc.cluster.local:27017"}]})'\'''

{ ok: 1 }

[precondition:mongo_env_ready:preconditionUnits[0] 'mongo_env_ready':apply] $ /bin/sh -c 'for i in $(seq 1 20); do kubectl -n mongodb exec mongodb-replica-0 -- mongosh --quiet --eval '\''db.hello().isWritablePrimary'\'' | grep true && exit 0; sleep 3; done; exit 1'

true

[precondition:mongo_env_ready:preconditionUnits[0] 'mongo_env_ready':apply] $ /bin/sh -c 'kubectl -n mongodb exec mongodb-replica-0 -- mongosh --quiet --eval '\''db.getSiblingDB("admin").createUser({user:"admin-user",pwd:"admin123password",roles:[{role:"clusterAdmin",db:"admin"},{role:"userAdminAnyDatabase",db:"admin"},{role:"readWriteAnyDatabase",db:"admin"}]})'\'''

{
  ok: 1,
  '$clusterTime': {
    clusterTime: Timestamp({ t: 1781265773, i: 4 }),
    signature: {
      hash: Binary(Buffer.from("21b7abb49a96068cfa0d6a912a96b8175da270b1", "hex"), 0),
      keyId: Long("7650478214749356038")
    }
  },
  operationTime: Timestamp({ t: 1781265773, i: 4 })
}

[precondition:mongo_env_ready:preconditionUnits[0] 'mongo_env_ready':apply] $ /bin/sh -c 'kubectl -n mongodb exec mongodb-replica-0 -- mongosh --quiet "mongodb://admin-user:admin123password@localhost:27017/admin" --eval '\''db.getSiblingDB("admin").createUser({user:"app-user",pwd:"app123password",roles:[{role:"read",db:"appdb"}]})'\'''

{
  ok: 1,
  '$clusterTime': {
    clusterTime: Timestamp({ t: 1781265776, i: 1 }),
    signature: {
      hash: Binary(Buffer.from("0cc58e0890e8de7445fdf13f887eca36fe4ab8ce", "hex"), 0),
      keyId: Long("7650478214749356038")
    }
  },
  operationTime: Timestamp({ t: 1781265776, i: 1 })
}

[precondition:mongo_env_ready:preconditionUnits[0] 'mongo_env_ready':apply] $ /bin/sh -c 'kubectl -n mongodb exec mongodb-replica-0 -- mongosh --quiet "mongodb://admin-user:admin123password@localhost:27017/admin" --eval '\''db.getSiblingDB("admin").createUser({user:"readonly-user",pwd:"readonly123password",roles:[{role:"read",db:"appdb"}]})'\'''

{
  ok: 1,
  '$clusterTime': {
    clusterTime: Timestamp({ t: 1781265779, i: 1 }),
    signature: {
      hash: Binary(Buffer.from("b601b596baa5b8641aee97114af75f3e36388b60", "hex"), 0),
      keyId: Long("7650478214749356038")
    }
  },
  operationTime: Timestamp({ t: 1781265779, i: 1 })
}

[precondition:mongo_env_ready:preconditionUnits[0] 'mongo_env_ready':apply] $ /bin/sh -c 'kubectl -n mongodb exec mongodb-replica-0 -- mongosh --quiet "mongodb://admin-user:admin123password@localhost:27017/admin" --eval '\''db.getSiblingDB("appdb").reports.insertMany([{x:1},{x:2},{x:3}],{writeConcern:{w:1}})'\'''

{
  acknowledged: true,
  insertedIds: {
    '0': ObjectId("6a2bf576bd2acb468e20315d"),
    '1': ObjectId("6a2bf576bd2acb468e20315e"),
    '2': ObjectId("6a2bf576bd2acb468e20315f")
  }
}

[precondition:mongo_env_ready:preconditionUnits[0] 'mongo_env_ready':verify] $ kubectl -n mongodb get pods 2>/dev/null | grep -c Running
3

