[precondition:crdb_env_ready:preconditionUnits[0] 'crdb_env_ready':probe] $ kubectl -n cockroachdb get pods 2>/dev/null | grep -c Running
0

[precondition:crdb_env_ready:preconditionUnits[0] 'crdb_env_ready':apply] $ /bin/sh -c 'kubectl delete namespace cockroachdb --ignore-not-found=true; kubectl wait --for=delete namespace/cockroachdb --timeout=120s || true; kubectl delete namespace monitoring --ignore-not-found=true; kubectl wait --for=delete namespace/monitoring --timeout=120s || true'

[precondition:crdb_env_ready:preconditionUnits[0] 'crdb_env_ready':apply] $ kubectl create namespace monitoring
namespace/monitoring created

[precondition:crdb_env_ready:preconditionUnits[0] 'crdb_env_ready':apply] $ kubectl apply -f cases/cockroachdb/monitoring-integration/resource/monitoring-crds.yaml
customresourcedefinition.apiextensions.k8s.io/servicemonitors.monitoring.coreos.com created
customresourcedefinition.apiextensions.k8s.io/podmonitors.monitoring.coreos.com created
customresourcedefinition.apiextensions.k8s.io/prometheuses.monitoring.coreos.com created
customresourcedefinition.apiextensions.k8s.io/prometheusrules.monitoring.coreos.com created
customresourcedefinition.apiextensions.k8s.io/probes.monitoring.coreos.com created

[precondition:crdb_env_ready:preconditionUnits[0] 'crdb_env_ready':apply] $ kubectl create namespace cockroachdb
namespace/cockroachdb created

[precondition:crdb_env_ready:preconditionUnits[0] 'crdb_env_ready':apply] $ kubectl -n monitoring apply -f cases/cockroachdb/monitoring-integration/resource/prometheus-operator.yaml
serviceaccount/prometheus-operator created
clusterrole.rbac.authorization.k8s.io/prometheus-operator created
clusterrolebinding.rbac.authorization.k8s.io/prometheus-operator created
deployment.apps/prometheus-operator created

[precondition:crdb_env_ready:preconditionUnits[0] 'crdb_env_ready':apply] $ kubectl -n monitoring apply -f cases/cockroachdb/monitoring-integration/resource/prometheus-rbac.yaml
serviceaccount/prometheus created
clusterrole.rbac.authorization.k8s.io/prometheus created
clusterrolebinding.rbac.authorization.k8s.io/prometheus created

[precondition:crdb_env_ready:preconditionUnits[0] 'crdb_env_ready':apply] $ kubectl -n monitoring apply -f cases/cockroachdb/monitoring-integration/resource/prometheus.yaml
prometheus.monitoring.coreos.com/crdb created
service/prometheus created

[precondition:crdb_env_ready:preconditionUnits[0] 'crdb_env_ready':apply] $ kubectl -n monitoring wait --for=condition=ready pod -l app=prometheus-operator --timeout=300s
pod/prometheus-operator-77cdc687d-jnh58 condition met

[precondition:crdb_env_ready:preconditionUnits[0] 'crdb_env_ready':apply] $ /bin/sh -c 'for i in $(seq 1 60); do count=$(kubectl -n monitoring get pod -l prometheus=crdb --no-headers 2>/dev/null | wc -l | tr -d " "); if [ "${count}" -ge 1 ]; then kubectl -n monitoring wait --for=condition=ready pod -l prometheus=crdb --timeout=300s && exit 0; fi; sleep 2; done; exit 1'
pod/prometheus-crdb-0 condition met

[precondition:crdb_env_ready:preconditionUnits[0] 'crdb_env_ready':apply] $ kubectl -n cockroachdb apply -f cases/cockroachdb/monitoring-integration/resource/rbac.yaml
serviceaccount/crdb-cluster-sa created
role.rbac.authorization.k8s.io/crdb-cluster-role created
rolebinding.rbac.authorization.k8s.io/crdb-cluster-rolebinding created

[precondition:crdb_env_ready:preconditionUnits[0] 'crdb_env_ready':apply] $ kubectl -n cockroachdb apply -f cases/cockroachdb/monitoring-integration/resource/services.yaml
service/crdb-cluster created
service/crdb-cluster-public created

[precondition:crdb_env_ready:preconditionUnits[0] 'crdb_env_ready':apply] $ kubectl -n cockroachdb apply -f cases/cockroachdb/monitoring-integration/resource/statefulset.yaml
statefulset.apps/crdb-cluster created

[precondition:crdb_env_ready:preconditionUnits[0] 'crdb_env_ready':apply] $ kubectl -n cockroachdb wait --for=jsonpath={.status.phase}=Running pod -l app.kubernetes.io/name=cockroachdb --timeout=300s
pod/crdb-cluster-0 condition met
pod/crdb-cluster-1 condition met
pod/crdb-cluster-2 condition met

[precondition:crdb_env_ready:preconditionUnits[0] 'crdb_env_ready':apply] $ /bin/sh -c 'for i in $(seq 1 30); do kubectl -n cockroachdb exec crdb-cluster-0 -- ./cockroach init --insecure --host=crdb-cluster-0.crdb-cluster.cockroachdb.svc.cluster.local && exit 0; sleep 3; done; exit 1'
Cluster successfully initialized

[precondition:crdb_env_ready:preconditionUnits[0] 'crdb_env_ready':apply] $ kubectl -n cockroachdb wait --for=condition=ready pod -l app.kubernetes.io/name=cockroachdb --timeout=300s
pod/crdb-cluster-0 condition met
pod/crdb-cluster-1 condition met
pod/crdb-cluster-2 condition met

[precondition:crdb_env_ready:preconditionUnits[0] 'crdb_env_ready':apply] $ kubectl -n cockroachdb apply -f cases/cockroachdb/monitoring-integration/resource/curl-test.yaml
pod/curl-test created

[precondition:crdb_env_ready:preconditionUnits[0] 'crdb_env_ready':apply] $ kubectl -n cockroachdb wait --for=condition=ready pod/curl-test --timeout=120s
pod/curl-test condition met

[precondition:crdb_env_ready:preconditionUnits[0] 'crdb_env_ready':verify] $ kubectl -n cockroachdb exec crdb-cluster-0 -- ./cockroach sql --insecure -e 'SELECT 1;' 2>/dev/null
?column?
1

[precondition:crdb_monitoring_stack:preconditionUnits[1] 'crdb_monitoring_stack':probe] $ kubectl -n cockroachdb get pod curl-test -o jsonpath='{.status.conditions[?(@.type=="Ready")].status}' 2>/dev/null | grep -q True

