[precondition:spark_env_ready:preconditionUnits[0] 'spark_env_ready':probe] $ kubectl -n spark-etl get pods 2>/dev/null | grep -c Running
0

[precondition:spark_env_ready:preconditionUnits[0] 'spark_env_ready':apply] $ kubectl delete namespace spark-etl --ignore-not-found=true

[precondition:spark_env_ready:preconditionUnits[0] 'spark_env_ready':apply] $ kubectl apply -f cases/spark/spark_etl_skew_oom/resource/namespace.yaml
namespace/spark-etl created

[precondition:spark_env_ready:preconditionUnits[0] 'spark_env_ready':apply] $ kubectl apply -f cases/spark/spark_etl_skew_oom/resource/rbac.yaml
serviceaccount/spark created
role.rbac.authorization.k8s.io/spark-role created
rolebinding.rbac.authorization.k8s.io/spark-role-binding created

[precondition:spark_env_ready:preconditionUnits[0] 'spark_env_ready':apply] $ kubectl apply -f cases/spark/spark_etl_skew_oom/resource/data-generator.yaml
deployment.apps/data-generator created

[precondition:spark_env_ready:preconditionUnits[0] 'spark_env_ready':apply] $ kubectl apply -f cases/spark/spark_etl_skew_oom/resource/etl-scripts-configmap.yaml
configmap/etl-scripts created

[precondition:spark_env_ready:preconditionUnits[0] 'spark_env_ready':apply] $ kubectl apply -f cases/spark/spark_etl_skew_oom/resource/spark-cluster.yaml
service/spark-master created
deployment.apps/spark-master created
deployment.apps/spark-worker created

[precondition:spark_env_ready:preconditionUnits[0] 'spark_env_ready':apply] $ kubectl apply -f cases/spark/spark_etl_skew_oom/resource/diagnostic-tools.yaml
deployment.apps/diagnostic-server created

[precondition:spark_env_ready:preconditionUnits[0] 'spark_env_ready':apply] $ kubectl apply -f cases/spark/spark_etl_skew_oom/resource/etl-job.yaml
job.batch/etl-job created

[precondition:spark_env_ready:preconditionUnits[0] 'spark_env_ready':verify] $ kubectl -n spark-etl get pods 2>/dev/null | grep -c Running
1

